#
# There is insufficient memory for the Java Runtime Environment to continue.
# Native memory allocation (malloc) failed to allocate 32744 bytes for ChunkPool::allocate
# Possible reasons:
#   The system is out of physical RAM or swap space
#   The process is running with CompressedOops enabled, and the Java Heap may be blocking the growth of the native heap
# Possible solutions:
#   Reduce memory load on the system
#   Increase physical memory or swap space
#   Check if swap backing store is full
#   Decrease Java heap size (-Xmx/-Xms)
#   Decrease number of Java threads
#   Decrease Java thread stack sizes (-Xss)
#   Set larger code cache with -XX:ReservedCodeCacheSize=
#   JVM is running with Unscaled Compressed Oops mode in which the Java heap is
#     placed in the first 4GB address space. The Java Heap base address is the
#     maximum limit for the native heap growth. Please use -XX:HeapBaseMinAddress
#     to set the Java Heap base and to place the Java Heap above 4GB virtual address.
# This output file may be truncated or incomplete.
#
#  Out of Memory Error (./src/hotspot/share/memory/arena.cpp:81), pid=7224, tid=15536
#
# JRE version: OpenJDK Runtime Environment (11.0.12+7) (build 11.0.12+7-b1504.28-7817840)
# Java VM: OpenJDK 64-Bit Server VM (11.0.12+7-b1504.28-7817840, mixed mode, tiered, compressed oops, g1 gc, windows-amd64)
# No core dump will be written. Minidumps are not enabled by default on client versions of Windows
#

---------------  S U M M A R Y ------------

Command Line: --add-opens=java.base/java.util=ALL-UNNAMED --add-opens=java.base/java.lang=ALL-UNNAMED --add-opens=java.base/java.lang.invoke=ALL-UNNAMED --add-opens=java.base/java.util=ALL-UNNAMED --add-opens=java.prefs/java.util.prefs=ALL-UNNAMED --add-opens=java.prefs/java.util.prefs=ALL-UNNAMED --add-opens=java.base/java.nio.charset=ALL-UNNAMED --add-opens=java.base/java.net=ALL-UNNAMED --add-opens=java.base/java.util.concurrent.atomic=ALL-UNNAMED -Xmx2048m -Dfile.encoding=UTF-8 -Duser.country=GB -Duser.language=en -Duser.variant org.gradle.launcher.daemon.bootstrap.GradleDaemon 7.3.3

Host: Intel(R) Core(TM) i5-1035G1 CPU @ 1.00GHz, 8 cores, 7G,  Windows 10 , 64 bit Build 19041 (10.0.19041.1806)
Time: Sun Aug  7 03:18:59 2022 Egypt Standard Time elapsed time: 131.347386 seconds (0d 0h 2m 11s)

---------------  T H R E A D  ---------------

Current thread (0x000001a734750800):  JavaThread "C2 CompilerThread0" daemon [_thread_in_native, id=15536, stack(0x00000068d8600000,0x00000068d8700000)]


Current CompileTask:
C2: 131347 10364   !   4       org.gradle.internal.instantiation.generator.DependencyInjectingInstantiator::doCreate (64 bytes)

Stack: [0x00000068d8600000,0x00000068d8700000]
Native frames: (J=compiled Java code, j=interpreted, Vv=VM code, C=native code)
V  [jvm.dll+0x5fbcea]
V  [jvm.dll+0x731905]
V  [jvm.dll+0x732f1d]
V  [jvm.dll+0x7335d3]
V  [jvm.dll+0x247bf8]
V  [jvm.dll+0xc041b]
V  [jvm.dll+0xc06cc]
V  [jvm.dll+0x36064e]
V  [jvm.dll+0x4f5334]
V  [jvm.dll+0x328832]
V  [jvm.dll+0x327cfa]
V  [jvm.dll+0x200602]
V  [jvm.dll+0x1ff794]
V  [jvm.dll+0x18868c]
V  [jvm.dll+0x20e0d7]
V  [jvm.dll+0x20c901]
V  [jvm.dll+0x6f9b7f]
V  [jvm.dll+0x6f26a5]
V  [jvm.dll+0x5fabf6]
C  [ucrtbase.dll+0x21bb2]
C  [KERNEL32.DLL+0x17034]
C  [ntdll.dll+0x52651]


---------------  P R O C E S S  ---------------

Threads class SMR info:
_java_thread_list=0x000001a7399886a0, length=130, elements={
0x000001a71a29a800, 0x000001a734732000, 0x000001a73473b800, 0x000001a734747800,
0x000001a73474c800, 0x000001a73474f800, 0x000001a734750800, 0x000001a73475d000,
0x000001a734766800, 0x000001a7351fe800, 0x000001a736135000, 0x000001a7370a1800,
0x000001a735d80800, 0x000001a73549f000, 0x000001a735482800, 0x000001a7367db000,
0x000001a735d8e000, 0x000001a73602a800, 0x000001a73541d000, 0x000001a735421000,
0x000001a73541e800, 0x000001a73541f800, 0x000001a735423800, 0x000001a735420000,
0x000001a735422000, 0x000001a738d91800, 0x000001a738d90800, 0x000001a738d8f000,
0x000001a738d8b800, 0x000001a738d8d800, 0x000001a738d93000, 0x000001a738d8e000,
0x000001a738d92000, 0x000001a738d98800, 0x000001a738d99800, 0x000001a738d94000,
0x000001a738d94800, 0x000001a738d97000, 0x000001a738d98000, 0x000001a738d9a800,
0x000001a738d95800, 0x000001a738d96800, 0x000001a739ae5000, 0x000001a739ae4800,
0x000001a739ae2000, 0x000001a739ae6000, 0x000001a739ae3800, 0x000001a739ae2800,
0x000001a739ae0000, 0x000001a739ae1000, 0x000001a739aec800, 0x000001a739aeb000,
0x000001a739ae9000, 0x000001a739ae8800, 0x000001a739aeb800, 0x000001a739aea000,
0x000001a739ae6800, 0x000001a739aed800, 0x000001a739ae7800, 0x000001a739aee000,
0x000001a739aef000, 0x000001a73970f800, 0x000001a739710800, 0x000001a73970a800,
0x000001a73970e800, 0x000001a739711000, 0x000001a73970b800, 0x000001a739712000,
0x000001a73970c000, 0x000001a739712800, 0x000001a73970e000, 0x000001a73970d000,
0x000001a739713800, 0x000001a739717800, 0x000001a739718800, 0x000001a739714800,
0x000001a739719800, 0x000001a739715000, 0x000001a739716000, 0x000001a739717000,
0x000001a7396c5000, 0x000001a7396c4000, 0x000001a7396cb000, 0x000001a7396ca000,
0x000001a7396c8800, 0x000001a7396cb800, 0x000001a7396c6000, 0x000001a7396cc800,
0x000001a7396c6800, 0x000001a7396cd000, 0x000001a7396c7800, 0x000001a7396ce000,
0x000001a7396c9000, 0x000001a7396d1800, 0x000001a7396d0800, 0x000001a7396d2000,
0x000001a7396d3000, 0x000001a7396cf800, 0x000001a7396cf000, 0x000001a739553800,
0x000001a739552000, 0x000001a739550800, 0x000001a739553000, 0x000001a739551800,
0x000001a73954e000, 0x000001a739554800, 0x000001a73954f000, 0x000001a739555800,
0x000001a73954f800, 0x000001a739559800, 0x000001a739556000, 0x000001a73955b000,
0x000001a73955c000, 0x000001a73955a800, 0x000001a73955c800, 0x000001a739557000,
0x000001a739558000, 0x000001a739558800, 0x000001a737d29800, 0x000001a737d27000,
0x000001a737d2a800, 0x000001a737d24800, 0x000001a737d2b000, 0x000001a737d2c000,
0x000001a737d26800, 0x000001a737d28000, 0x000001a737d2d000, 0x000001a737d2d800,
0x000001a737d29000, 0x000001a737d31000
}

Java Threads: ( => current thread )
  0x000001a71a29a800 JavaThread "main" [_thread_blocked, id=6152, stack(0x00000068d7a00000,0x00000068d7b00000)]
  0x000001a734732000 JavaThread "Reference Handler" daemon [_thread_blocked, id=8184, stack(0x00000068d8100000,0x00000068d8200000)]
  0x000001a73473b800 JavaThread "Finalizer" daemon [_thread_blocked, id=15076, stack(0x00000068d8200000,0x00000068d8300000)]
  0x000001a734747800 JavaThread "Signal Dispatcher" daemon [_thread_blocked, id=11552, stack(0x00000068d8300000,0x00000068d8400000)]
  0x000001a73474c800 JavaThread "Attach Listener" daemon [_thread_blocked, id=12720, stack(0x00000068d8400000,0x00000068d8500000)]
  0x000001a73474f800 JavaThread "Service Thread" daemon [_thread_blocked, id=16252, stack(0x00000068d8500000,0x00000068d8600000)]
=>0x000001a734750800 JavaThread "C2 CompilerThread0" daemon [_thread_in_native, id=15536, stack(0x00000068d8600000,0x00000068d8700000)]
  0x000001a73475d000 JavaThread "C1 CompilerThread0" daemon [_thread_in_native, id=14604, stack(0x00000068d8700000,0x00000068d8800000)]
  0x000001a734766800 JavaThread "Sweeper thread" daemon [_thread_blocked, id=12052, stack(0x00000068d8800000,0x00000068d8900000)]
  0x000001a7351fe800 JavaThread "Common-Cleaner" daemon [_thread_blocked, id=12812, stack(0x00000068d8900000,0x00000068d8a00000)]
  0x000001a736135000 JavaThread "Daemon health stats" [_thread_blocked, id=12576, stack(0x00000068d8d00000,0x00000068d8e00000)]
  0x000001a7370a1800 JavaThread "Incoming local TCP Connector on port 50692" [_thread_in_native, id=14836, stack(0x00000068d8e00000,0x00000068d8f00000)]
  0x000001a735d80800 JavaThread "Daemon periodic checks" [_thread_blocked, id=3160, stack(0x00000068d8f00000,0x00000068d9000000)]
  0x000001a73549f000 JavaThread "Daemon" [_thread_blocked, id=7872, stack(0x00000068d9000000,0x00000068d9100000)]
  0x000001a735482800 JavaThread "Handler for socket connection from /127.0.0.1:50692 to /127.0.0.1:50693" [_thread_in_native, id=7448, stack(0x00000068d9100000,0x00000068d9200000)]
  0x000001a7367db000 JavaThread "Cancel handler" [_thread_blocked, id=15176, stack(0x00000068d9200000,0x00000068d9300000)]
  0x000001a735d8e000 JavaThread "Daemon worker" [_thread_blocked, id=16328, stack(0x00000068d9300000,0x00000068d9400000)]
  0x000001a73602a800 JavaThread "Asynchronous log dispatcher for DefaultDaemonConnection: socket connection from /127.0.0.1:50692 to /127.0.0.1:50693" [_thread_blocked, id=12524, stack(0x00000068d9400000,0x00000068d9500000)]
  0x000001a73541d000 JavaThread "Daemon client event forwarder" [_thread_blocked, id=13368, stack(0x00000068d9c00000,0x00000068d9d00000)]
  0x000001a735421000 JavaThread "Cache worker for journal cache (C:\Users\cc\.gradle\caches\journal-1)" [_thread_blocked, id=10844, stack(0x00000068d9d00000,0x00000068d9e00000)]
  0x000001a73541e800 JavaThread "File lock request listener" [_thread_in_native, id=14828, stack(0x00000068d9e00000,0x00000068d9f00000)]
  0x000001a73541f800 JavaThread "Cache worker for file hash cache (C:\Users\cc\.gradle\caches\7.3.3\fileHashes)" [_thread_blocked, id=15840, stack(0x00000068d9f00000,0x00000068da000000)]
  0x000001a735423800 JavaThread "Cache worker for file hash cache (C:\Users\cc\Projects\MyTrainApp\.gradle\7.3.3\fileHashes)" [_thread_blocked, id=11876, stack(0x00000068da100000,0x00000068da200000)]
  0x000001a735420000 JavaThread "Cache worker for checksums cache (C:\Users\cc\Projects\MyTrainApp\.gradle\7.3.3\checksums)" [_thread_blocked, id=13980, stack(0x00000068da400000,0x00000068da500000)]
  0x000001a735422000 JavaThread "Cache worker for cache directory md-supplier (C:\Users\cc\.gradle\caches\7.3.3\md-supplier)" [_thread_blocked, id=12164, stack(0x00000068da500000,0x00000068da600000)]
  0x000001a738d91800 JavaThread "Cache worker for cache directory md-rule (C:\Users\cc\.gradle\caches\7.3.3\md-rule)" [_thread_blocked, id=7280, stack(0x00000068da600000,0x00000068da700000)]
  0x000001a738d90800 JavaThread "Cache worker for execution history cache (C:\Users\cc\.gradle\caches\7.3.3\executionHistory)" [_thread_blocked, id=11868, stack(0x00000068da700000,0x00000068da800000)]
  0x000001a738d8f000 JavaThread "jar transforms" [_thread_blocked, id=4824, stack(0x00000068da800000,0x00000068da900000)]
  0x000001a738d8b800 JavaThread "jar transforms Thread 2" [_thread_blocked, id=1124, stack(0x00000068da900000,0x00000068daa00000)]
  0x000001a738d8d800 JavaThread "Cache worker for file content cache (C:\Users\cc\.gradle\caches\7.3.3\fileContent)" [_thread_blocked, id=9336, stack(0x00000068daa00000,0x00000068dab00000)]
  0x000001a738d93000 JavaThread "Cache worker for dependencies-accessors (C:\Users\cc\Projects\MyTrainApp\.gradle\7.3.3\dependencies-accessors)" [_thread_blocked, id=6324, stack(0x00000068dab00000,0x00000068dac00000)]
  0x000001a738d8e000 JavaThread "jar transforms Thread 3" [_thread_blocked, id=3836, stack(0x00000068dac00000,0x00000068dad00000)]
  0x000001a738d92000 JavaThread "Cache worker for Build Output Cleanup Cache (C:\Users\cc\Projects\MyTrainApp\.gradle\buildOutputCleanup)" [_thread_blocked, id=2168, stack(0x00000068dad00000,0x00000068dae00000)]
  0x000001a738d98800 JavaThread "Unconstrained build operations" [_thread_blocked, id=4308, stack(0x00000068dae00000,0x00000068daf00000)]
  0x000001a738d99800 JavaThread "Unconstrained build operations Thread 2" [_thread_blocked, id=14596, stack(0x00000068daf00000,0x00000068db000000)]
  0x000001a738d94000 JavaThread "Unconstrained build operations Thread 3" [_thread_blocked, id=13268, stack(0x00000068db000000,0x00000068db100000)]
  0x000001a738d94800 JavaThread "Unconstrained build operations Thread 4" [_thread_blocked, id=9436, stack(0x00000068db100000,0x00000068db200000)]
  0x000001a738d97000 JavaThread "Unconstrained build operations Thread 5" [_thread_blocked, id=8356, stack(0x00000068db200000,0x00000068db300000)]
  0x000001a738d98000 JavaThread "Unconstrained build operations Thread 6" [_thread_blocked, id=8620, stack(0x00000068db300000,0x00000068db400000)]
  0x000001a738d9a800 JavaThread "Unconstrained build operations Thread 7" [_thread_blocked, id=12220, stack(0x00000068db400000,0x00000068db500000)]
  0x000001a738d95800 JavaThread "Unconstrained build operations Thread 8" [_thread_blocked, id=16052, stack(0x00000068db500000,0x00000068db600000)]
  0x000001a738d96800 JavaThread "Unconstrained build operations Thread 9" [_thread_blocked, id=10720, stack(0x00000068db600000,0x00000068db700000)]
  0x000001a739ae5000 JavaThread "Unconstrained build operations Thread 10" [_thread_blocked, id=14936, stack(0x00000068db700000,0x00000068db800000)]
  0x000001a739ae4800 JavaThread "Unconstrained build operations Thread 11" [_thread_blocked, id=8596, stack(0x00000068db800000,0x00000068db900000)]
  0x000001a739ae2000 JavaThread "Unconstrained build operations Thread 12" [_thread_blocked, id=15572, stack(0x00000068db900000,0x00000068dba00000)]
  0x000001a739ae6000 JavaThread "Unconstrained build operations Thread 13" [_thread_blocked, id=11180, stack(0x00000068dba00000,0x00000068dbb00000)]
  0x000001a739ae3800 JavaThread "Unconstrained build operations Thread 14" [_thread_blocked, id=11176, stack(0x00000068dbb00000,0x00000068dbc00000)]
  0x000001a739ae2800 JavaThread "Unconstrained build operations Thread 15" [_thread_blocked, id=15680, stack(0x00000068dbc00000,0x00000068dbd00000)]
  0x000001a739ae0000 JavaThread "Unconstrained build operations Thread 16" [_thread_blocked, id=7172, stack(0x00000068dbd00000,0x00000068dbe00000)]
  0x000001a739ae1000 JavaThread "Unconstrained build operations Thread 17" [_thread_blocked, id=11132, stack(0x00000068dbe00000,0x00000068dbf00000)]
  0x000001a739aec800 JavaThread "Unconstrained build operations Thread 18" [_thread_blocked, id=3208, stack(0x00000068dbf00000,0x00000068dc000000)]
  0x000001a739aeb000 JavaThread "Unconstrained build operations Thread 19" [_thread_blocked, id=14524, stack(0x00000068dc000000,0x00000068dc100000)]
  0x000001a739ae9000 JavaThread "Unconstrained build operations Thread 20" [_thread_blocked, id=8560, stack(0x00000068dc100000,0x00000068dc200000)]
  0x000001a739ae8800 JavaThread "Unconstrained build operations Thread 21" [_thread_blocked, id=11984, stack(0x00000068dc200000,0x00000068dc300000)]
  0x000001a739aeb800 JavaThread "Unconstrained build operations Thread 22" [_thread_blocked, id=14852, stack(0x00000068dc300000,0x00000068dc400000)]
  0x000001a739aea000 JavaThread "Unconstrained build operations Thread 23" [_thread_blocked, id=12692, stack(0x00000068dc400000,0x00000068dc500000)]
  0x000001a739ae6800 JavaThread "Unconstrained build operations Thread 24" [_thread_blocked, id=15428, stack(0x00000068dc500000,0x00000068dc600000)]
  0x000001a739aed800 JavaThread "Unconstrained build operations Thread 25" [_thread_blocked, id=5108, stack(0x00000068dc600000,0x00000068dc700000)]
  0x000001a739ae7800 JavaThread "Unconstrained build operations Thread 26" [_thread_blocked, id=13060, stack(0x00000068dc700000,0x00000068dc800000)]
  0x000001a739aee000 JavaThread "Unconstrained build operations Thread 27" [_thread_blocked, id=16360, stack(0x00000068dc800000,0x00000068dc900000)]
  0x000001a739aef000 JavaThread "Unconstrained build operations Thread 28" [_thread_blocked, id=15760, stack(0x00000068dc900000,0x00000068dca00000)]
  0x000001a73970f800 JavaThread "Unconstrained build operations Thread 29" [_thread_blocked, id=15636, stack(0x00000068dca00000,0x00000068dcb00000)]
  0x000001a739710800 JavaThread "Unconstrained build operations Thread 30" [_thread_blocked, id=9908, stack(0x00000068dcb00000,0x00000068dcc00000)]
  0x000001a73970a800 JavaThread "Unconstrained build operations Thread 31" [_thread_blocked, id=7216, stack(0x00000068dcc00000,0x00000068dcd00000)]
  0x000001a73970e800 JavaThread "Unconstrained build operations Thread 32" [_thread_blocked, id=11368, stack(0x00000068dcd00000,0x00000068dce00000)]
  0x000001a739711000 JavaThread "Unconstrained build operations Thread 33" [_thread_blocked, id=4976, stack(0x00000068dce00000,0x00000068dcf00000)]
  0x000001a73970b800 JavaThread "Unconstrained build operations Thread 34" [_thread_blocked, id=3152, stack(0x00000068dcf00000,0x00000068dd000000)]
  0x000001a739712000 JavaThread "Unconstrained build operations Thread 35" [_thread_blocked, id=11720, stack(0x00000068dd000000,0x00000068dd100000)]
  0x000001a73970c000 JavaThread "Unconstrained build operations Thread 36" [_thread_blocked, id=6256, stack(0x00000068dd100000,0x00000068dd200000)]
  0x000001a739712800 JavaThread "Unconstrained build operations Thread 37" [_thread_blocked, id=7476, stack(0x00000068dd200000,0x00000068dd300000)]
  0x000001a73970e000 JavaThread "Unconstrained build operations Thread 38" [_thread_blocked, id=15828, stack(0x00000068dd300000,0x00000068dd400000)]
  0x000001a73970d000 JavaThread "Unconstrained build operations Thread 39" [_thread_blocked, id=9120, stack(0x00000068dd400000,0x00000068dd500000)]
  0x000001a739713800 JavaThread "Unconstrained build operations Thread 40" [_thread_blocked, id=12992, stack(0x00000068dd500000,0x00000068dd600000)]
  0x000001a739717800 JavaThread "Unconstrained build operations Thread 41" [_thread_blocked, id=1460, stack(0x00000068dd600000,0x00000068dd700000)]
  0x000001a739718800 JavaThread "Unconstrained build operations Thread 42" [_thread_blocked, id=9724, stack(0x00000068dd700000,0x00000068dd800000)]
  0x000001a739714800 JavaThread "Unconstrained build operations Thread 43" [_thread_blocked, id=2820, stack(0x00000068dd800000,0x00000068dd900000)]
  0x000001a739719800 JavaThread "Unconstrained build operations Thread 44" [_thread_blocked, id=1912, stack(0x00000068dd900000,0x00000068dda00000)]
  0x000001a739715000 JavaThread "Unconstrained build operations Thread 45" [_thread_blocked, id=15216, stack(0x00000068dda00000,0x00000068ddb00000)]
  0x000001a739716000 JavaThread "Unconstrained build operations Thread 46" [_thread_blocked, id=9568, stack(0x00000068ddb00000,0x00000068ddc00000)]
  0x000001a739717000 JavaThread "Unconstrained build operations Thread 47" [_thread_blocked, id=16032, stack(0x00000068ddc00000,0x00000068ddd00000)]
  0x000001a7396c5000 JavaThread "Unconstrained build operations Thread 48" [_thread_blocked, id=6980, stack(0x00000068ddd00000,0x00000068dde00000)]
  0x000001a7396c4000 JavaThread "Unconstrained build operations Thread 49" [_thread_blocked, id=12184, stack(0x00000068dde00000,0x00000068ddf00000)]
  0x000001a7396cb000 JavaThread "Unconstrained build operations Thread 50" [_thread_blocked, id=7336, stack(0x00000068ddf00000,0x00000068de000000)]
  0x000001a7396ca000 JavaThread "Unconstrained build operations Thread 51" [_thread_blocked, id=13400, stack(0x00000068de000000,0x00000068de100000)]
  0x000001a7396c8800 JavaThread "Unconstrained build operations Thread 52" [_thread_blocked, id=15920, stack(0x00000068de100000,0x00000068de200000)]
  0x000001a7396cb800 JavaThread "Unconstrained build operations Thread 53" [_thread_blocked, id=6988, stack(0x00000068de200000,0x00000068de300000)]
  0x000001a7396c6000 JavaThread "Unconstrained build operations Thread 54" [_thread_blocked, id=10980, stack(0x00000068de300000,0x00000068de400000)]
  0x000001a7396cc800 JavaThread "Unconstrained build operations Thread 55" [_thread_blocked, id=6720, stack(0x00000068de400000,0x00000068de500000)]
  0x000001a7396c6800 JavaThread "Unconstrained build operations Thread 56" [_thread_blocked, id=14780, stack(0x00000068de500000,0x00000068de600000)]
  0x000001a7396cd000 JavaThread "Unconstrained build operations Thread 57" [_thread_blocked, id=7196, stack(0x00000068de600000,0x00000068de700000)]
  0x000001a7396c7800 JavaThread "Unconstrained build operations Thread 58" [_thread_blocked, id=11124, stack(0x00000068de700000,0x00000068de800000)]
  0x000001a7396ce000 JavaThread "Unconstrained build operations Thread 59" [_thread_blocked, id=1924, stack(0x00000068de800000,0x00000068de900000)]
  0x000001a7396c9000 JavaThread "Unconstrained build operations Thread 60" [_thread_blocked, id=6380, stack(0x00000068de900000,0x00000068dea00000)]
  0x000001a7396d1800 JavaThread "Unconstrained build operations Thread 61" [_thread_blocked, id=7300, stack(0x00000068dea00000,0x00000068deb00000)]
  0x000001a7396d0800 JavaThread "Unconstrained build operations Thread 62" [_thread_blocked, id=9880, stack(0x00000068deb00000,0x00000068dec00000)]
  0x000001a7396d2000 JavaThread "Unconstrained build operations Thread 63" [_thread_blocked, id=16084, stack(0x00000068dec00000,0x00000068ded00000)]
  0x000001a7396d3000 JavaThread "Unconstrained build operations Thread 64" [_thread_blocked, id=4892, stack(0x00000068ded00000,0x00000068dee00000)]
  0x000001a7396cf800 JavaThread "Unconstrained build operations Thread 65" [_thread_blocked, id=9536, stack(0x00000068dee00000,0x00000068def00000)]
  0x000001a7396cf000 JavaThread "Unconstrained build operations Thread 66" [_thread_blocked, id=15336, stack(0x00000068def00000,0x00000068df000000)]
  0x000001a739553800 JavaThread "Unconstrained build operations Thread 67" [_thread_blocked, id=4204, stack(0x00000068df000000,0x00000068df100000)]
  0x000001a739552000 JavaThread "Unconstrained build operations Thread 68" [_thread_blocked, id=6836, stack(0x00000068df100000,0x00000068df200000)]
  0x000001a739550800 JavaThread "Unconstrained build operations Thread 69" [_thread_blocked, id=14092, stack(0x00000068df200000,0x00000068df300000)]
  0x000001a739553000 JavaThread "Unconstrained build operations Thread 70" [_thread_blocked, id=8748, stack(0x00000068df300000,0x00000068df400000)]
  0x000001a739551800 JavaThread "Unconstrained build operations Thread 71" [_thread_blocked, id=5644, stack(0x00000068df400000,0x00000068df500000)]
  0x000001a73954e000 JavaThread "Unconstrained build operations Thread 72" [_thread_blocked, id=15280, stack(0x00000068df500000,0x00000068df600000)]
  0x000001a739554800 JavaThread "Unconstrained build operations Thread 73" [_thread_blocked, id=7992, stack(0x00000068df600000,0x00000068df700000)]
  0x000001a73954f000 JavaThread "Unconstrained build operations Thread 74" [_thread_blocked, id=8908, stack(0x00000068df700000,0x00000068df800000)]
  0x000001a739555800 JavaThread "Unconstrained build operations Thread 75" [_thread_blocked, id=4252, stack(0x00000068df800000,0x00000068df900000)]
  0x000001a73954f800 JavaThread "Unconstrained build operations Thread 76" [_thread_blocked, id=2044, stack(0x00000068df900000,0x00000068dfa00000)]
  0x000001a739559800 JavaThread "Unconstrained build operations Thread 77" [_thread_blocked, id=10028, stack(0x00000068dfa00000,0x00000068dfb00000)]
  0x000001a739556000 JavaThread "Unconstrained build operations Thread 78" [_thread_blocked, id=16060, stack(0x00000068dfb00000,0x00000068dfc00000)]
  0x000001a73955b000 JavaThread "Unconstrained build operations Thread 79" [_thread_blocked, id=15064, stack(0x00000068dfc00000,0x00000068dfd00000)]
  0x000001a73955c000 JavaThread "Unconstrained build operations Thread 80" [_thread_blocked, id=12700, stack(0x00000068dfd00000,0x00000068dfe00000)]
  0x000001a73955a800 JavaThread "jar transforms Thread 4" [_thread_blocked, id=11912, stack(0x00000068dfe00000,0x00000068dff00000)]
  0x000001a73955c800 JavaThread "jar transforms Thread 5" [_thread_blocked, id=11348, stack(0x00000068dff00000,0x00000068e0000000)]
  0x000001a739557000 JavaThread "jar transforms Thread 6" [_thread_blocked, id=10052, stack(0x00000068e0000000,0x00000068e0100000)]
  0x000001a739558000 JavaThread "jar transforms Thread 7" [_thread_blocked, id=13536, stack(0x00000068e0100000,0x00000068e0200000)]
  0x000001a739558800 JavaThread "jar transforms Thread 8" [_thread_blocked, id=10608, stack(0x00000068e0200000,0x00000068e0300000)]
  0x000001a737d29800 JavaThread "Memory manager" [_thread_blocked, id=11276, stack(0x00000068e0500000,0x00000068e0600000)]
  0x000001a737d27000 JavaThread "build event listener" [_thread_blocked, id=8544, stack(0x00000068e0600000,0x00000068e0700000)]
  0x000001a737d2a800 JavaThread "pool-3-thread-1" [_thread_blocked, id=15844, stack(0x00000068d7700000,0x00000068d7800000)]
  0x000001a737d24800 JavaThread "build event listener" [_thread_blocked, id=11484, stack(0x00000068d7800000,0x00000068d7900000)]
  0x000001a737d2b000 JavaThread "Execution worker for ':'" [_thread_blocked, id=16296, stack(0x00000068d7900000,0x00000068d7a00000)]
  0x000001a737d2c000 JavaThread "Execution worker for ':' Thread 2" [_thread_blocked, id=10780, stack(0x00000068e0700000,0x00000068e0800000)]
  0x000001a737d26800 JavaThread "Execution worker for ':' Thread 3" [_thread_in_native, id=7460, stack(0x00000068e0800000,0x00000068e0900000)]
  0x000001a737d28000 JavaThread "Execution worker for ':' Thread 4" [_thread_blocked, id=8240, stack(0x00000068e0900000,0x00000068e0a00000)]
  0x000001a737d2d000 JavaThread "Execution worker for ':' Thread 5" [_thread_blocked, id=1708, stack(0x00000068e0a00000,0x00000068e0b00000)]
  0x000001a737d2d800 JavaThread "Execution worker for ':' Thread 6" [_thread_blocked, id=3520, stack(0x00000068e0b00000,0x00000068e0c00000)]
  0x000001a737d29000 JavaThread "Execution worker for ':' Thread 7" [_thread_blocked, id=10480, stack(0x00000068e0c00000,0x00000068e0d00000)]
  0x000001a737d31000 JavaThread "Cache worker for execution history cache (C:\Users\cc\Projects\MyTrainApp\.gradle\7.3.3\executionHistory)" [_thread_blocked, id=11744, stack(0x00000068e0d00000,0x00000068e0e00000)]

Other Threads:
  0x000001a73472d000 VMThread "VM Thread" [stack: 0x00000068d8000000,0x00000068d8100000] [id=14512]
  0x000001a73521d800 WatcherThread [stack: 0x00000068d8a00000,0x00000068d8b00000] [id=4524]
  0x000001a71a2b4800 GCTaskThread "GC Thread#0" [stack: 0x00000068d7b00000,0x00000068d7c00000] [id=2728]
  0x000001a735ce7800 GCTaskThread "GC Thread#1" [stack: 0x00000068d8b00000,0x00000068d8c00000] [id=13356]
  0x000001a735f71800 GCTaskThread "GC Thread#2" [stack: 0x00000068d8c00000,0x00000068d8d00000] [id=14132]
  0x000001a736117000 GCTaskThread "GC Thread#3" [stack: 0x00000068d9600000,0x00000068d9700000] [id=14384]
  0x000001a7353f9800 GCTaskThread "GC Thread#4" [stack: 0x00000068d9700000,0x00000068d9800000] [id=1396]
  0x000001a7353fa000 GCTaskThread "GC Thread#5" [stack: 0x00000068d9800000,0x00000068d9900000] [id=5076]
  0x000001a73617c800 GCTaskThread "GC Thread#6" [stack: 0x00000068d9900000,0x00000068d9a00000] [id=5512]
  0x000001a73617d800 GCTaskThread "GC Thread#7" [stack: 0x00000068d9a00000,0x00000068d9b00000] [id=8940]
  0x000001a71a2e7800 ConcurrentGCThread "G1 Main Marker" [stack: 0x00000068d7c00000,0x00000068d7d00000] [id=11280]
  0x000001a71a2ea000 ConcurrentGCThread "G1 Conc#0" [stack: 0x00000068d7d00000,0x00000068d7e00000] [id=15144]
  0x000001a735c54800 ConcurrentGCThread "G1 Conc#1" [stack: 0x00000068da000000,0x00000068da100000] [id=16340]
  0x000001a734580800 ConcurrentGCThread "G1 Refine#0" [stack: 0x00000068d7e00000,0x00000068d7f00000] [id=15652]
  0x000001a735c55800 ConcurrentGCThread "G1 Refine#1" [stack: 0x00000068d9b00000,0x00000068d9c00000] [id=9476]
  0x000001a734581800 ConcurrentGCThread "G1 Young RemSet Sampling" [stack: 0x00000068d7f00000,0x00000068d8000000] [id=15712]

Threads with active compile tasks:
C2 CompilerThread0 135378 10364   !   4       org.gradle.internal.instantiation.generator.DependencyInjectingInstantiator::doCreate (64 bytes)
C1 CompilerThread0 135378 10395   !   3       java.nio.DirectByteBuffer::get (151 bytes)

VM state:not at safepoint (normal execution)

VM Mutex/Monitor currently owned by a thread: None

Heap address: 0x0000000080000000, size: 2048 MB, Compressed Oops mode: 32-bit
Narrow klass base: 0x0000000000000000, Narrow klass shift: 3
Compressed class space size: 1073741824 Address: 0x0000000100000000

Heap:
 garbage-first heap   total 129024K, used 96664K [0x0000000080000000, 0x0000000100000000)
  region size 1024K, 16 young (16384K), 4 survivors (4096K)
 Metaspace       used 89471K, capacity 91600K, committed 91776K, reserved 1128448K
  class space    used 11535K, capacity 12299K, committed 12416K, reserved 1048576K
Heap Regions: E=young(eden), S=young(survivor), O=old, HS=humongous(starts), HC=humongous(continues), CS=collection set, F=free, A=archive, TAMS=top-at-mark-start (previous, next)
|   0|0x0000000080000000, 0x0000000080100000, 0x0000000080100000|100%| O|  |TAMS 0x0000000080100000, 0x0000000080000000| Untracked 
|   1|0x0000000080100000, 0x0000000080200000, 0x0000000080200000|100%| O|  |TAMS 0x0000000080200000, 0x0000000080100000| Untracked 
|   2|0x0000000080200000, 0x0000000080300000, 0x0000000080300000|100%| O|  |TAMS 0x0000000080300000, 0x0000000080200000| Untracked 
|   3|0x0000000080300000, 0x0000000080400000, 0x0000000080400000|100%|HS|  |TAMS 0x0000000080400000, 0x0000000080300000| Complete 
|   4|0x0000000080400000, 0x0000000080500000, 0x0000000080500000|100%|HC|  |TAMS 0x0000000080500000, 0x0000000080400000| Complete 
|   5|0x0000000080500000, 0x0000000080600000, 0x0000000080600000|100%|HC|  |TAMS 0x0000000080600000, 0x0000000080500000| Complete 
|   6|0x0000000080600000, 0x0000000080700000, 0x0000000080700000|100%| O|  |TAMS 0x0000000080700000, 0x0000000080600000| Untracked 
|   7|0x0000000080700000, 0x0000000080800000, 0x0000000080800000|100%| O|  |TAMS 0x0000000080800000, 0x0000000080700000| Untracked 
|   8|0x0000000080800000, 0x0000000080900000, 0x0000000080900000|100%| O|  |TAMS 0x0000000080900000, 0x0000000080800000| Untracked 
|   9|0x0000000080900000, 0x0000000080a00000, 0x0000000080a00000|100%| O|  |TAMS 0x0000000080a00000, 0x0000000080900000| Untracked 
|  10|0x0000000080a00000, 0x0000000080b00000, 0x0000000080b00000|100%| O|  |TAMS 0x0000000080b00000, 0x0000000080a00000| Untracked 
|  11|0x0000000080b00000, 0x0000000080c00000, 0x0000000080c00000|100%| O|  |TAMS 0x0000000080c00000, 0x0000000080b00000| Untracked 
|  12|0x0000000080c00000, 0x0000000080d00000, 0x0000000080d00000|100%| O|  |TAMS 0x0000000080d00000, 0x0000000080c00000| Untracked 
|  13|0x0000000080d00000, 0x0000000080e00000, 0x0000000080e00000|100%| O|  |TAMS 0x0000000080e00000, 0x0000000080d00000| Untracked 
|  14|0x0000000080e00000, 0x0000000080f00000, 0x0000000080f00000|100%| O|  |TAMS 0x0000000080f00000, 0x0000000080e00000| Untracked 
|  15|0x0000000080f00000, 0x0000000081000000, 0x0000000081000000|100%| O|  |TAMS 0x0000000081000000, 0x0000000080f00000| Untracked 
|  16|0x0000000081000000, 0x0000000081100000, 0x0000000081100000|100%| O|  |TAMS 0x0000000081100000, 0x0000000081000000| Untracked 
|  17|0x0000000081100000, 0x0000000081200000, 0x0000000081200000|100%| O|  |TAMS 0x0000000081200000, 0x0000000081100000| Untracked 
|  18|0x0000000081200000, 0x0000000081300000, 0x0000000081300000|100%| O|  |TAMS 0x0000000081300000, 0x0000000081200000| Untracked 
|  19|0x0000000081300000, 0x0000000081400000, 0x0000000081400000|100%|HS|  |TAMS 0x0000000081400000, 0x0000000081300000| Complete 
|  20|0x0000000081400000, 0x0000000081500000, 0x0000000081500000|100%| O|  |TAMS 0x0000000081500000, 0x0000000081400000| Untracked 
|  21|0x0000000081500000, 0x0000000081600000, 0x0000000081600000|100%| O|  |TAMS 0x0000000081600000, 0x0000000081500000| Untracked 
|  22|0x0000000081600000, 0x0000000081700000, 0x0000000081700000|100%| O|  |TAMS 0x0000000081700000, 0x0000000081600000| Untracked 
|  23|0x0000000081700000, 0x0000000081800000, 0x0000000081800000|100%| O|  |TAMS 0x0000000081800000, 0x0000000081700000| Untracked 
|  24|0x0000000081800000, 0x0000000081900000, 0x0000000081900000|100%| O|  |TAMS 0x0000000081900000, 0x0000000081800000| Untracked 
|  25|0x0000000081900000, 0x0000000081a00000, 0x0000000081a00000|100%| O|  |TAMS 0x0000000081a00000, 0x0000000081900000| Untracked 
|  26|0x0000000081a00000, 0x0000000081b00000, 0x0000000081b00000|100%| O|  |TAMS 0x0000000081b00000, 0x0000000081a00000| Untracked 
|  27|0x0000000081b00000, 0x0000000081c00000, 0x0000000081c00000|100%| O|  |TAMS 0x0000000081c00000, 0x0000000081b00000| Untracked 
|  28|0x0000000081c00000, 0x0000000081d00000, 0x0000000081d00000|100%|HS|  |TAMS 0x0000000081d00000, 0x0000000081c00000| Complete 
|  29|0x0000000081d00000, 0x0000000081e00000, 0x0000000081e00000|100%|HS|  |TAMS 0x0000000081e00000, 0x0000000081d00000| Complete 
|  30|0x0000000081e00000, 0x0000000081f00000, 0x0000000081f00000|100%|HS|  |TAMS 0x0000000081f00000, 0x0000000081e00000| Complete 
|  31|0x0000000081f00000, 0x0000000082000000, 0x0000000082000000|100%|HC|  |TAMS 0x0000000082000000, 0x0000000081f00000| Complete 
|  32|0x0000000082000000, 0x0000000082100000, 0x0000000082100000|100%|HC|  |TAMS 0x0000000082100000, 0x0000000082000000| Complete 
|  33|0x0000000082100000, 0x0000000082200000, 0x0000000082200000|100%|HS|  |TAMS 0x0000000082200000, 0x0000000082100000| Complete 
|  34|0x0000000082200000, 0x0000000082300000, 0x0000000082300000|100%|HC|  |TAMS 0x0000000082300000, 0x0000000082200000| Complete 
|  35|0x0000000082300000, 0x0000000082400000, 0x0000000082400000|100%| O|  |TAMS 0x0000000082400000, 0x0000000082300000| Untracked 
|  36|0x0000000082400000, 0x0000000082500000, 0x0000000082500000|100%| O|  |TAMS 0x0000000082500000, 0x0000000082400000| Untracked 
|  37|0x0000000082500000, 0x0000000082600000, 0x0000000082600000|100%| O|  |TAMS 0x0000000082600000, 0x0000000082500000| Untracked 
|  38|0x0000000082600000, 0x0000000082700000, 0x0000000082700000|100%| O|  |TAMS 0x0000000082700000, 0x0000000082600000| Untracked 
|  39|0x0000000082700000, 0x0000000082800000, 0x0000000082800000|100%| O|  |TAMS 0x0000000082800000, 0x0000000082700000| Untracked 
|  40|0x0000000082800000, 0x0000000082900000, 0x0000000082900000|100%| O|  |TAMS 0x0000000082900000, 0x0000000082800000| Untracked 
|  41|0x0000000082900000, 0x0000000082a00000, 0x0000000082a00000|100%| O|  |TAMS 0x0000000082a00000, 0x0000000082900000| Untracked 
|  42|0x0000000082a00000, 0x0000000082b00000, 0x0000000082b00000|100%| O|  |TAMS 0x0000000082b00000, 0x0000000082a00000| Untracked 
|  43|0x0000000082b00000, 0x0000000082c00000, 0x0000000082c00000|100%| O|  |TAMS 0x0000000082c00000, 0x0000000082b00000| Untracked 
|  44|0x0000000082c00000, 0x0000000082d00000, 0x0000000082d00000|100%| O|  |TAMS 0x0000000082d00000, 0x0000000082c00000| Untracked 
|  45|0x0000000082d00000, 0x0000000082e00000, 0x0000000082e00000|100%| O|  |TAMS 0x0000000082e00000, 0x0000000082d00000| Untracked 
|  46|0x0000000082e00000, 0x0000000082f00000, 0x0000000082f00000|100%| O|  |TAMS 0x0000000082f00000, 0x0000000082e00000| Untracked 
|  47|0x0000000082f00000, 0x0000000083000000, 0x0000000083000000|100%| O|  |TAMS 0x0000000083000000, 0x0000000082f00000| Untracked 
|  48|0x0000000083000000, 0x0000000083100000, 0x0000000083100000|100%| O|  |TAMS 0x0000000083100000, 0x0000000083000000| Untracked 
|  49|0x0000000083100000, 0x0000000083200000, 0x0000000083200000|100%| O|  |TAMS 0x0000000083200000, 0x0000000083100000| Untracked 
|  50|0x0000000083200000, 0x0000000083300000, 0x0000000083300000|100%| O|  |TAMS 0x0000000083300000, 0x0000000083200000| Untracked 
|  51|0x0000000083300000, 0x0000000083400000, 0x0000000083400000|100%| O|  |TAMS 0x0000000083400000, 0x0000000083300000| Untracked 
|  52|0x0000000083400000, 0x0000000083500000, 0x0000000083500000|100%| O|  |TAMS 0x0000000083500000, 0x0000000083400000| Untracked 
|  53|0x0000000083500000, 0x0000000083600000, 0x0000000083600000|100%| O|  |TAMS 0x0000000083600000, 0x0000000083500000| Untracked 
|  54|0x0000000083600000, 0x0000000083700000, 0x0000000083700000|100%| O|  |TAMS 0x0000000083700000, 0x0000000083600000| Untracked 
|  55|0x0000000083700000, 0x0000000083800000, 0x0000000083800000|100%| O|  |TAMS 0x0000000083800000, 0x0000000083700000| Untracked 
|  56|0x0000000083800000, 0x0000000083900000, 0x0000000083900000|100%| O|  |TAMS 0x0000000083900000, 0x0000000083800000| Untracked 
|  57|0x0000000083900000, 0x0000000083a00000, 0x0000000083a00000|100%| O|  |TAMS 0x0000000083a00000, 0x0000000083900000| Untracked 
|  58|0x0000000083a00000, 0x0000000083b00000, 0x0000000083b00000|100%| O|  |TAMS 0x0000000083b00000, 0x0000000083a00000| Untracked 
|  59|0x0000000083b00000, 0x0000000083c00000, 0x0000000083c00000|100%| O|  |TAMS 0x0000000083c00000, 0x0000000083b00000| Untracked 
|  60|0x0000000083c00000, 0x0000000083d00000, 0x0000000083d00000|100%| O|  |TAMS 0x0000000083d00000, 0x0000000083c00000| Untracked 
|  61|0x0000000083d00000, 0x0000000083e00000, 0x0000000083e00000|100%| O|  |TAMS 0x0000000083e00000, 0x0000000083d00000| Untracked 
|  62|0x0000000083e00000, 0x0000000083f00000, 0x0000000083f00000|100%| O|  |TAMS 0x0000000083f00000, 0x0000000083e00000| Untracked 
|  63|0x0000000083f00000, 0x0000000084000000, 0x0000000084000000|100%| O|  |TAMS 0x0000000084000000, 0x0000000083f00000| Untracked 
|  64|0x0000000084000000, 0x0000000084100000, 0x0000000084100000|100%| O|  |TAMS 0x0000000084100000, 0x0000000084000000| Untracked 
|  65|0x0000000084100000, 0x0000000084200000, 0x0000000084200000|100%| O|  |TAMS 0x0000000084200000, 0x0000000084100000| Untracked 
|  66|0x0000000084200000, 0x0000000084300000, 0x0000000084300000|100%| O|  |TAMS 0x0000000084300000, 0x0000000084200000| Untracked 
|  67|0x0000000084300000, 0x0000000084400000, 0x0000000084400000|100%| O|  |TAMS 0x0000000084400000, 0x0000000084300000| Untracked 
|  68|0x0000000084400000, 0x0000000084500000, 0x0000000084500000|100%| O|  |TAMS 0x0000000084500000, 0x0000000084400000| Untracked 
|  69|0x0000000084500000, 0x0000000084600000, 0x0000000084600000|100%| O|  |TAMS 0x0000000084600000, 0x0000000084500000| Untracked 
|  70|0x0000000084600000, 0x0000000084700000, 0x0000000084700000|100%| O|  |TAMS 0x0000000084700000, 0x0000000084600000| Untracked 
|  71|0x0000000084700000, 0x0000000084800000, 0x0000000084800000|100%| O|  |TAMS 0x0000000084800000, 0x0000000084700000| Untracked 
|  72|0x0000000084800000, 0x0000000084900000, 0x0000000084900000|100%| O|  |TAMS 0x0000000084900000, 0x0000000084800000| Untracked 
|  73|0x0000000084900000, 0x0000000084a00000, 0x0000000084a00000|100%| O|  |TAMS 0x0000000084a00000, 0x0000000084900000| Untracked 
|  74|0x0000000084a00000, 0x0000000084b00000, 0x0000000084b00000|100%| O|  |TAMS 0x0000000084b00000, 0x0000000084a00000| Untracked 
|  75|0x0000000084b00000, 0x0000000084c00000, 0x0000000084c00000|100%| O|  |TAMS 0x0000000084c00000, 0x0000000084b00000| Untracked 
|  76|0x0000000084c00000, 0x0000000084d00000, 0x0000000084d00000|100%| O|  |TAMS 0x0000000084d00000, 0x0000000084c00000| Untracked 
|  77|0x0000000084d00000, 0x0000000084e00000, 0x0000000084e00000|100%| O|  |TAMS 0x0000000084e00000, 0x0000000084d00000| Untracked 
|  78|0x0000000084e00000, 0x0000000084f00000, 0x0000000084f00000|100%| O|  |TAMS 0x0000000084f00000, 0x0000000084e00000| Untracked 
|  79|0x0000000084f00000, 0x0000000085000000, 0x0000000085000000|100%| O|  |TAMS 0x0000000085000000, 0x0000000084f00000| Untracked 
|  80|0x0000000085000000, 0x000000008505a800, 0x0000000085100000| 35%| O|  |TAMS 0x000000008505a800, 0x0000000085000000| Untracked 
|  81|0x0000000085100000, 0x0000000085100000, 0x0000000085200000|  0%| F|  |TAMS 0x0000000085100000, 0x0000000085100000| Untracked 
|  82|0x0000000085200000, 0x0000000085200000, 0x0000000085300000|  0%| F|  |TAMS 0x0000000085200000, 0x0000000085200000| Untracked 
|  83|0x0000000085300000, 0x0000000085300000, 0x0000000085400000|  0%| F|  |TAMS 0x0000000085300000, 0x0000000085300000| Untracked 
|  84|0x0000000085400000, 0x0000000085400000, 0x0000000085500000|  0%| F|  |TAMS 0x0000000085400000, 0x0000000085400000| Untracked 
|  85|0x0000000085500000, 0x0000000085500000, 0x0000000085600000|  0%| F|  |TAMS 0x0000000085500000, 0x0000000085500000| Untracked 
|  86|0x0000000085600000, 0x0000000085600000, 0x0000000085700000|  0%| F|  |TAMS 0x0000000085600000, 0x0000000085600000| Untracked 
|  87|0x0000000085700000, 0x0000000085700000, 0x0000000085800000|  0%| F|  |TAMS 0x0000000085700000, 0x0000000085700000| Untracked 
|  88|0x0000000085800000, 0x0000000085800000, 0x0000000085900000|  0%| F|  |TAMS 0x0000000085800000, 0x0000000085800000| Untracked 
|  89|0x0000000085900000, 0x0000000085900000, 0x0000000085a00000|  0%| F|  |TAMS 0x0000000085900000, 0x0000000085900000| Untracked 
|  90|0x0000000085a00000, 0x0000000085a00000, 0x0000000085b00000|  0%| F|  |TAMS 0x0000000085a00000, 0x0000000085a00000| Untracked 
|  91|0x0000000085b00000, 0x0000000085b00000, 0x0000000085c00000|  0%| F|  |TAMS 0x0000000085b00000, 0x0000000085b00000| Untracked 
|  92|0x0000000085c00000, 0x0000000085c00000, 0x0000000085d00000|  0%| F|  |TAMS 0x0000000085c00000, 0x0000000085c00000| Untracked 
|  93|0x0000000085d00000, 0x0000000085d00000, 0x0000000085e00000|  0%| F|  |TAMS 0x0000000085d00000, 0x0000000085d00000| Untracked 
|  94|0x0000000085e00000, 0x0000000085e00000, 0x0000000085f00000|  0%| F|  |TAMS 0x0000000085e00000, 0x0000000085e00000| Untracked 
|  95|0x0000000085f00000, 0x0000000085f00000, 0x0000000086000000|  0%| F|  |TAMS 0x0000000085f00000, 0x0000000085f00000| Untracked 
|  96|0x0000000086000000, 0x0000000086000000, 0x0000000086100000|  0%| F|  |TAMS 0x0000000086000000, 0x0000000086000000| Untracked 
|  97|0x0000000086100000, 0x000000008610b880, 0x0000000086200000|  4%| S|CS|TAMS 0x0000000086100000, 0x0000000086100000| Complete 
|  98|0x0000000086200000, 0x0000000086300000, 0x0000000086300000|100%| S|CS|TAMS 0x0000000086200000, 0x0000000086200000| Complete 
|  99|0x0000000086300000, 0x0000000086400000, 0x0000000086400000|100%| S|CS|TAMS 0x0000000086300000, 0x0000000086300000| Complete 
| 100|0x0000000086400000, 0x0000000086400000, 0x0000000086500000|  0%| F|  |TAMS 0x0000000086400000, 0x0000000086400000| Untracked 
| 101|0x0000000086500000, 0x0000000086600000, 0x0000000086600000|100%| S|CS|TAMS 0x0000000086500000, 0x0000000086500000| Complete 
| 102|0x0000000086600000, 0x0000000086600000, 0x0000000086700000|  0%| F|  |TAMS 0x0000000086600000, 0x0000000086600000| Untracked 
| 103|0x0000000086700000, 0x0000000086700000, 0x0000000086800000|  0%| F|  |TAMS 0x0000000086700000, 0x0000000086700000| Untracked 
| 104|0x0000000086800000, 0x0000000086800000, 0x0000000086900000|  0%| F|  |TAMS 0x0000000086800000, 0x0000000086800000| Untracked 
| 105|0x0000000086900000, 0x0000000086900000, 0x0000000086a00000|  0%| F|  |TAMS 0x0000000086900000, 0x0000000086900000| Untracked 
| 106|0x0000000086a00000, 0x0000000086a00000, 0x0000000086b00000|  0%| F|  |TAMS 0x0000000086a00000, 0x0000000086a00000| Untracked 
| 107|0x0000000086b00000, 0x0000000086b00000, 0x0000000086c00000|  0%| F|  |TAMS 0x0000000086b00000, 0x0000000086b00000| Untracked 
| 108|0x0000000086c00000, 0x0000000086c00000, 0x0000000086d00000|  0%| F|  |TAMS 0x0000000086c00000, 0x0000000086c00000| Untracked 
| 109|0x0000000086d00000, 0x0000000086d00000, 0x0000000086e00000|  0%| F|  |TAMS 0x0000000086d00000, 0x0000000086d00000| Untracked 
| 110|0x0000000086e00000, 0x0000000086e00000, 0x0000000086f00000|  0%| F|  |TAMS 0x0000000086e00000, 0x0000000086e00000| Untracked 
| 111|0x0000000086f00000, 0x0000000086f00000, 0x0000000087000000|  0%| F|  |TAMS 0x0000000086f00000, 0x0000000086f00000| Untracked 
| 112|0x0000000087000000, 0x0000000087000000, 0x0000000087100000|  0%| F|  |TAMS 0x0000000087000000, 0x0000000087000000| Untracked 
| 113|0x0000000087100000, 0x0000000087100000, 0x0000000087200000|  0%| F|  |TAMS 0x0000000087100000, 0x0000000087100000| Untracked 
| 114|0x0000000087200000, 0x00000000872ddc98, 0x0000000087300000| 86%| E|  |TAMS 0x0000000087200000, 0x0000000087200000| Complete 
| 115|0x0000000087300000, 0x0000000087400000, 0x0000000087400000|100%| E|CS|TAMS 0x0000000087300000, 0x0000000087300000| Complete 
| 116|0x0000000087400000, 0x0000000087500000, 0x0000000087500000|100%| E|CS|TAMS 0x0000000087400000, 0x0000000087400000| Complete 
| 117|0x0000000087500000, 0x0000000087600000, 0x0000000087600000|100%| E|CS|TAMS 0x0000000087500000, 0x0000000087500000| Complete 
| 118|0x0000000087600000, 0x0000000087700000, 0x0000000087700000|100%| E|CS|TAMS 0x0000000087600000, 0x0000000087600000| Complete 
| 119|0x0000000087700000, 0x0000000087800000, 0x0000000087800000|100%| E|CS|TAMS 0x0000000087700000, 0x0000000087700000| Complete 
| 120|0x0000000087800000, 0x0000000087900000, 0x0000000087900000|100%| E|CS|TAMS 0x0000000087800000, 0x0000000087800000| Complete 
| 121|0x0000000087900000, 0x0000000087a00000, 0x0000000087a00000|100%| E|CS|TAMS 0x0000000087900000, 0x0000000087900000| Complete 
| 122|0x0000000087a00000, 0x0000000087b00000, 0x0000000087b00000|100%| E|CS|TAMS 0x0000000087a00000, 0x0000000087a00000| Complete 
| 123|0x0000000087b00000, 0x0000000087c00000, 0x0000000087c00000|100%| E|CS|TAMS 0x0000000087b00000, 0x0000000087b00000| Complete 
| 124|0x0000000087c00000, 0x0000000087d00000, 0x0000000087d00000|100%| E|CS|TAMS 0x0000000087c00000, 0x0000000087c00000| Complete 
| 125|0x0000000087d00000, 0x0000000087e00000, 0x0000000087e00000|100%| E|CS|TAMS 0x0000000087d00000, 0x0000000087d00000| Complete 

Card table byte_map: [0x000001a72d4f0000,0x000001a72d8f0000] _byte_map_base: 0x000001a72d0f0000

Marking Bits (Prev, Next): (CMBitMap*) 0x000001a71a2dee18, (CMBitMap*) 0x000001a71a2dee50
 Prev Bits: [0x000001a72dcf0000, 0x000001a72fcf0000)
 Next Bits: [0x000001a72fcf0000, 0x000001a731cf0000)

Polling page: 0x000001a718210000

Metaspace:

Usage:
  Non-class:     77.44 MB capacity,    76.11 MB ( 98%) used,     1.09 MB (  1%) free+waste,   245.75 KB ( <1%) overhead. 
      Class:     12.01 MB capacity,    11.26 MB ( 94%) used,   652.62 KB (  5%) free+waste,   111.13 KB ( <1%) overhead. 
       Both:     89.45 MB capacity,    87.37 MB ( 98%) used,     1.73 MB (  2%) free+waste,   356.88 KB ( <1%) overhead. 

Virtual space:
  Non-class space:       78.00 MB reserved,      77.50 MB (>99%) committed 
      Class space:        1.00 GB reserved,      12.13 MB (  1%) committed 
             Both:        1.08 GB reserved,      89.63 MB (  8%) committed 

Chunk freelists:
   Non-Class:  0 bytes
       Class:  0 bytes
        Both:  0 bytes

MaxMetaspaceSize: 17179869184.00 GB
CompressedClassSpaceSize: 1.00 GB
Initial GC threshold: 20.80 MB
Current GC threshold: 148.96 MB
CDS: off

CodeHeap 'non-profiled nmethods': size=120000Kb used=6428Kb max_used=6428Kb free=113571Kb
 bounds [0x000001a725880000, 0x000001a725ed0000, 0x000001a72cdb0000]
CodeHeap 'profiled nmethods': size=120000Kb used=22629Kb max_used=22629Kb free=97370Kb
 bounds [0x000001a71e350000, 0x000001a71f970000, 0x000001a725880000]
CodeHeap 'non-nmethods': size=5760Kb used=2379Kb max_used=2430Kb free=3380Kb
 bounds [0x000001a71ddb0000, 0x000001a71e020000, 0x000001a71e350000]
 total_blobs=11192 nmethods=10310 adapters=794
 compilation: enabled
              stopped_count=0, restarted_count=0
 full_count=0

Compilation events (20 events):
Event: 130.961 Thread 0x000001a73475d000 10380       3       org.gradle.api.internal.artifacts.transform.TransformationStep$$Lambda$929/0x0000000100bdd440::apply (12 bytes)
Event: 130.961 Thread 0x000001a73475d000 nmethod 10380 0x000001a71f964410 code [0x000001a71f964600, 0x000001a71f964af8]
Event: 130.961 Thread 0x000001a73475d000 10381       3       org.gradle.api.internal.artifacts.transform.TransformationSubject::createSubjectFromResult (10 bytes)
Event: 130.961 Thread 0x000001a73475d000 nmethod 10381 0x000001a71f964c90 code [0x000001a71f964e60, 0x000001a71f965198]
Event: 130.961 Thread 0x000001a73475d000 10382       3       org.gradle.api.internal.artifacts.transform.TransformationSubject$SubsequentTransformationSubject::<init> (15 bytes)
Event: 130.962 Thread 0x000001a73475d000 nmethod 10382 0x000001a71f965310 code [0x000001a71f9654e0, 0x000001a71f965758]
Event: 130.962 Thread 0x000001a73475d000 10383       3       org.gradle.api.internal.artifacts.transform.TransformationStep::isolateParametersIfNotAlready (10 bytes)
Event: 130.962 Thread 0x000001a73475d000 nmethod 10383 0x000001a71f965890 code [0x000001a71f965a40, 0x000001a71f965c08]
Event: 130.962 Thread 0x000001a73475d000 10384       3       org.gradle.api.internal.artifacts.transform.DefaultTransformer::isolateParametersIfNotAlready (8 bytes)
Event: 130.962 Thread 0x000001a73475d000 nmethod 10384 0x000001a71f965d10 code [0x000001a71f965ee0, 0x000001a71f966148]
Event: 130.962 Thread 0x000001a73475d000 10385       3       org.gradle.api.internal.artifacts.transform.DefaultTransformUpstreamDependenciesResolver$2::finalizeIfNotAlready (1 bytes)
Event: 130.962 Thread 0x000001a73475d000 nmethod 10385 0x000001a71f966290 code [0x000001a71f966440, 0x000001a71f966538]
Event: 130.962 Thread 0x000001a73475d000 10386       1       org.gradle.api.internal.artifacts.transform.TransformingAsyncArtifactListener::access$000 (5 bytes)
Event: 130.962 Thread 0x000001a73475d000 nmethod 10386 0x000001a725ec5c90 code [0x000001a725ec5e40, 0x000001a725ec5ed8]
Event: 130.962 Thread 0x000001a73475d000 10387       1       org.gradle.api.internal.artifacts.transform.TransformingAsyncArtifactListener::access$100 (5 bytes)
Event: 130.962 Thread 0x000001a73475d000 nmethod 10387 0x000001a725ec5f90 code [0x000001a725ec6140, 0x000001a725ec61d8]
Event: 130.962 Thread 0x000001a73475d000 10388       1       org.gradle.api.internal.artifacts.transform.TransformingAsyncArtifactListener::access$200 (5 bytes)
Event: 130.962 Thread 0x000001a73475d000 nmethod 10388 0x000001a725ec6290 code [0x000001a725ec6440, 0x000001a725ec64d8]
Event: 130.962 Thread 0x000001a73475d000 10389       1       org.gradle.api.internal.artifacts.transform.TransformingAsyncArtifactListener::access$300 (5 bytes)
Event: 130.962 Thread 0x000001a73475d000 nmethod 10389 0x000001a725ec6590 code [0x000001a725ec6740, 0x000001a725ec67d8]

GC Heap History (20 events):
Event: 45.826 GC heap before
{Heap before GC invocations=17 (full 0):
 garbage-first heap   total 129024K, used 99509K [0x0000000080000000, 0x0000000100000000)
  region size 1024K, 41 young (41984K), 3 survivors (3072K)
 Metaspace       used 69844K, capacity 71549K, committed 71680K, reserved 1112064K
  class space    used 8837K, capacity 9470K, committed 9472K, reserved 1048576K
}
Event: 45.834 GC heap after
{Heap after GC invocations=18 (full 0):
 garbage-first heap   total 129024K, used 63456K [0x0000000080000000, 0x0000000100000000)
  region size 1024K, 6 young (6144K), 6 survivors (6144K)
 Metaspace       used 69844K, capacity 71549K, committed 71680K, reserved 1112064K
  class space    used 8837K, capacity 9470K, committed 9472K, reserved 1048576K
}
Event: 48.420 GC heap before
{Heap before GC invocations=19 (full 0):
 garbage-first heap   total 129024K, used 101344K [0x0000000080000000, 0x0000000100000000)
  region size 1024K, 43 young (44032K), 6 survivors (6144K)
 Metaspace       used 74529K, capacity 76168K, committed 76288K, reserved 1116160K
  class space    used 9621K, capacity 10240K, committed 10240K, reserved 1048576K
}
Event: 48.429 GC heap after
{Heap after GC invocations=20 (full 0):
 garbage-first heap   total 129024K, used 65656K [0x0000000080000000, 0x0000000100000000)
  region size 1024K, 6 young (6144K), 6 survivors (6144K)
 Metaspace       used 74529K, capacity 76168K, committed 76288K, reserved 1116160K
  class space    used 9621K, capacity 10240K, committed 10240K, reserved 1048576K
}
Event: 50.666 GC heap before
{Heap before GC invocations=20 (full 0):
 garbage-first heap   total 129024K, used 103544K [0x0000000080000000, 0x0000000100000000)
  region size 1024K, 43 young (44032K), 6 survivors (6144K)
 Metaspace       used 76368K, capacity 78066K, committed 78336K, reserved 1118208K
  class space    used 9865K, capacity 10480K, committed 10496K, reserved 1048576K
}
Event: 50.673 GC heap after
{Heap after GC invocations=21 (full 0):
 garbage-first heap   total 129024K, used 68373K [0x0000000080000000, 0x0000000100000000)
  region size 1024K, 5 young (5120K), 5 survivors (5120K)
 Metaspace       used 76368K, capacity 78066K, committed 78336K, reserved 1118208K
  class space    used 9865K, capacity 10480K, committed 10496K, reserved 1048576K
}
Event: 53.740 GC heap before
{Heap before GC invocations=22 (full 0):
 garbage-first heap   total 129024K, used 105237K [0x0000000080000000, 0x0000000100000000)
  region size 1024K, 41 young (41984K), 5 survivors (5120K)
 Metaspace       used 78174K, capacity 79922K, committed 80000K, reserved 1118208K
  class space    used 10135K, capacity 10808K, committed 10880K, reserved 1048576K
}
Event: 53.747 GC heap after
{Heap after GC invocations=23 (full 0):
 garbage-first heap   total 129024K, used 71071K [0x0000000080000000, 0x0000000100000000)
  region size 1024K, 6 young (6144K), 6 survivors (6144K)
 Metaspace       used 78174K, capacity 79922K, committed 80000K, reserved 1118208K
  class space    used 10135K, capacity 10808K, committed 10880K, reserved 1048576K
}
Event: 56.250 GC heap before
{Heap before GC invocations=23 (full 0):
 garbage-first heap   total 129024K, used 105887K [0x0000000080000000, 0x0000000100000000)
  region size 1024K, 40 young (40960K), 6 survivors (6144K)
 Metaspace       used 81334K, capacity 83144K, committed 83328K, reserved 1122304K
  class space    used 10599K, capacity 11281K, committed 11392K, reserved 1048576K
}
Event: 56.262 GC heap after
{Heap after GC invocations=24 (full 0):
 garbage-first heap   total 129024K, used 72938K [0x0000000080000000, 0x0000000100000000)
  region size 1024K, 3 young (3072K), 3 survivors (3072K)
 Metaspace       used 81334K, capacity 83144K, committed 83328K, reserved 1122304K
  class space    used 10599K, capacity 11281K, committed 11392K, reserved 1048576K
}
Event: 59.050 GC heap before
{Heap before GC invocations=25 (full 0):
 garbage-first heap   total 129024K, used 106730K [0x0000000080000000, 0x0000000100000000)
  region size 1024K, 36 young (36864K), 3 survivors (3072K)
 Metaspace       used 84686K, capacity 86567K, committed 86784K, reserved 1124352K
  class space    used 11001K, capacity 11701K, committed 11776K, reserved 1048576K
}
Event: 59.058 GC heap after
{Heap after GC invocations=26 (full 0):
 garbage-first heap   total 129024K, used 75434K [0x0000000080000000, 0x0000000100000000)
  region size 1024K, 5 young (5120K), 5 survivors (5120K)
 Metaspace       used 84686K, capacity 86567K, committed 86784K, reserved 1124352K
  class space    used 11001K, capacity 11701K, committed 11776K, reserved 1048576K
}
Event: 65.262 GC heap before
{Heap before GC invocations=26 (full 0):
 garbage-first heap   total 129024K, used 106154K [0x0000000080000000, 0x0000000100000000)
  region size 1024K, 36 young (36864K), 5 survivors (5120K)
 Metaspace       used 87774K, capacity 89763K, committed 89984K, reserved 1126400K
  class space    used 11375K, capacity 12127K, committed 12160K, reserved 1048576K
}
Event: 65.279 GC heap after
{Heap after GC invocations=27 (full 0):
 garbage-first heap   total 129024K, used 80090K [0x0000000080000000, 0x0000000100000000)
  region size 1024K, 5 young (5120K), 5 survivors (5120K)
 Metaspace       used 87774K, capacity 89763K, committed 89984K, reserved 1126400K
  class space    used 11375K, capacity 12127K, committed 12160K, reserved 1048576K
}
Event: 119.130 GC heap before
{Heap before GC invocations=28 (full 0):
 garbage-first heap   total 129024K, used 106714K [0x0000000080000000, 0x0000000100000000)
  region size 1024K, 31 young (31744K), 5 survivors (5120K)
 Metaspace       used 88895K, capacity 91021K, committed 91136K, reserved 1128448K
  class space    used 11509K, capacity 12277K, committed 12288K, reserved 1048576K
}
Event: 119.142 GC heap after
{Heap after GC invocations=29 (full 0):
 garbage-first heap   total 129024K, used 82315K [0x0000000080000000, 0x0000000100000000)
  region size 1024K, 3 young (3072K), 3 survivors (3072K)
 Metaspace       used 88895K, capacity 91021K, committed 91136K, reserved 1128448K
  class space    used 11509K, capacity 12277K, committed 12288K, reserved 1048576K
}
Event: 125.403 GC heap before
{Heap before GC invocations=29 (full 0):
 garbage-first heap   total 129024K, used 106891K [0x0000000080000000, 0x0000000100000000)
  region size 1024K, 28 young (28672K), 3 survivors (3072K)
 Metaspace       used 89087K, capacity 91202K, committed 91520K, reserved 1128448K
  class space    used 11517K, capacity 12291K, committed 12416K, reserved 1048576K
}
Event: 125.408 GC heap after
{Heap after GC invocations=30 (full 0):
 garbage-first heap   total 129024K, used 84240K [0x0000000080000000, 0x0000000100000000)
  region size 1024K, 2 young (2048K), 2 survivors (2048K)
 Metaspace       used 89087K, capacity 91202K, committed 91520K, reserved 1128448K
  class space    used 11517K, capacity 12291K, committed 12416K, reserved 1048576K
}
Event: 130.660 GC heap before
{Heap before GC invocations=31 (full 0):
 garbage-first heap   total 129024K, used 107792K [0x0000000080000000, 0x0000000100000000)
  region size 1024K, 26 young (26624K), 2 survivors (2048K)
 Metaspace       used 89292K, capacity 91448K, committed 91776K, reserved 1128448K
  class space    used 11512K, capacity 12281K, committed 12416K, reserved 1048576K
}
Event: 130.667 GC heap after
{Heap after GC invocations=32 (full 0):
 garbage-first heap   total 129024K, used 85400K [0x0000000080000000, 0x0000000100000000)
  region size 1024K, 4 young (4096K), 4 survivors (4096K)
 Metaspace       used 89292K, capacity 91448K, committed 91776K, reserved 1128448K
  class space    used 11512K, capacity 12281K, committed 12416K, reserved 1048576K
}

Deoptimization events (20 events):
Event: 122.706 Thread 0x000001a7396cb000 Uncommon trap: trap_request=0xffffffd6 fr.pc=0x000001a725e748b8 relative=0x00000000000006f8
Event: 122.706 Thread 0x000001a7396cb000 Uncommon trap: reason=array_check action=maybe_recompile pc=0x000001a725e748b8 method=java.util.TimSort.binarySort([Ljava/lang/Object;IIILjava/util/Comparator;)V @ 215 c2
Event: 122.706 Thread 0x000001a7396cb000 DEOPT PACKING pc=0x000001a725e748b8 sp=0x00000068ddffddd0
Event: 122.706 Thread 0x000001a7396cb000 DEOPT UNPACKING pc=0x000001a71ddb85af sp=0x00000068ddffdd78 mode 2
Event: 122.706 Thread 0x000001a738d97000 Uncommon trap: trap_request=0xffffffd6 fr.pc=0x000001a725e748b8 relative=0x00000000000006f8
Event: 122.706 Thread 0x000001a738d97000 Uncommon trap: reason=array_check action=maybe_recompile pc=0x000001a725e748b8 method=java.util.TimSort.binarySort([Ljava/lang/Object;IIILjava/util/Comparator;)V @ 215 c2
Event: 122.706 Thread 0x000001a738d97000 DEOPT PACKING pc=0x000001a725e748b8 sp=0x00000068db2fd920
Event: 122.706 Thread 0x000001a738d97000 DEOPT UNPACKING pc=0x000001a71ddb85af sp=0x00000068db2fd8c8 mode 2
Event: 123.356 Thread 0x000001a739715000 DEOPT PACKING pc=0x000001a71f452ec4 sp=0x00000068ddafcc20
Event: 123.356 Thread 0x000001a739715000 DEOPT UNPACKING pc=0x000001a71ddf9d0e sp=0x00000068ddafc1c0 mode 0
Event: 124.228 Thread 0x000001a739552000 DEOPT PACKING pc=0x000001a71f452ec4 sp=0x00000068df1fd020
Event: 124.228 Thread 0x000001a739552000 DEOPT UNPACKING pc=0x000001a71ddf9d0e sp=0x00000068df1fc5c0 mode 0
Event: 124.239 Thread 0x000001a7396cb000 Uncommon trap: trap_request=0xffffff4d fr.pc=0x000001a725cd14c0 relative=0x0000000000000360
Event: 124.239 Thread 0x000001a7396cb000 Uncommon trap: reason=unstable_if action=reinterpret pc=0x000001a725cd14c0 method=java.util.concurrent.ConcurrentHashMap.addCount(JI)V @ 97 c2
Event: 124.239 Thread 0x000001a7396cb000 DEOPT PACKING pc=0x000001a725cd14c0 sp=0x00000068ddffe4a0
Event: 124.239 Thread 0x000001a7396cb000 DEOPT UNPACKING pc=0x000001a71ddb85af sp=0x00000068ddffe3e0 mode 2
Event: 126.285 Thread 0x000001a738d99800 DEOPT PACKING pc=0x000001a71f452ec4 sp=0x00000068daffbb70
Event: 126.286 Thread 0x000001a738d99800 DEOPT UNPACKING pc=0x000001a71ddf9d0e sp=0x00000068daffb110 mode 0
Event: 126.993 Thread 0x000001a739552000 DEOPT PACKING pc=0x000001a71f452ec4 sp=0x00000068df1fba60
Event: 126.993 Thread 0x000001a739552000 DEOPT UNPACKING pc=0x000001a71ddf9d0e sp=0x00000068df1fb000 mode 0

Classes redefined (0 events):
No events

Internal exceptions (20 events):
Event: 62.186 Thread 0x000001a73541d000 Exception <a 'java/lang/NoSuchMethodError'{0x0000000086a1ad20}: <clinit>> (0x0000000086a1ad20) thrown at [./src/hotspot/share/prims/jni.cpp, line 1365]
Event: 62.186 Thread 0x000001a73541d000 Exception <a 'java/lang/NoSuchMethodError'{0x0000000086a1c498}: <clinit>> (0x0000000086a1c498) thrown at [./src/hotspot/share/prims/jni.cpp, line 1365]
Event: 62.445 Thread 0x000001a737d26800 Exception <a 'java/lang/IncompatibleClassChangeError'{0x0000000086990318}: Found class java.lang.Object, but interface was expected> (0x0000000086990318) thrown at [./src/hotspot/share/interpreter/linkResolver.cpp, line 839]
Event: 62.467 Thread 0x000001a737d27000 Exception <a 'java/lang/NoSuchMethodError'{0x00000000867193d8}: <clinit>> (0x00000000867193d8) thrown at [./src/hotspot/share/prims/jni.cpp, line 1365]
Event: 62.470 Thread 0x000001a737d27000 Exception <a 'java/lang/NoSuchMethodError'{0x000000008672e970}: <clinit>> (0x000000008672e970) thrown at [./src/hotspot/share/prims/jni.cpp, line 1365]
Event: 62.475 Thread 0x000001a737d27000 Exception <a 'java/lang/NoSuchMethodError'{0x0000000086751148}: <clinit>> (0x0000000086751148) thrown at [./src/hotspot/share/prims/jni.cpp, line 1365]
Event: 62.552 Thread 0x000001a73541d000 Exception <a 'java/lang/NoSuchMethodError'{0x000000008665b328}: <clinit>> (0x000000008665b328) thrown at [./src/hotspot/share/prims/jni.cpp, line 1365]
Event: 62.552 Thread 0x000001a737d26800 Exception <a 'java/lang/NoSuchMethodError'{0x000000008662e838}: 'java.lang.Object java.lang.invoke.DirectMethodHandle$Holder.invokeInterface(java.lang.Object, java.lang.Object, int)'> (0x000000008662e838) thrown at [./src/hotspot/share/interpreter/linkResolver.cpp, line 773]
Event: 62.556 Thread 0x000001a737d26800 Exception <a 'java/lang/NoSuchMethodError'{0x0000000086667460}: 'void java.lang.invoke.DirectMethodHandle$Holder.invokeStatic(java.lang.Object, java.lang.Object, java.lang.Object, int)'> (0x0000000086667460) thrown at [./src/hotspot/share/interpreter/linkResolver.cpp, line 773]
Event: 62.660 Thread 0x000001a737d26800 Implicit null exception at 0x000001a725af7d77 to 0x000001a725af7f10
Event: 63.075 Thread 0x000001a737d26800 Exception <a 'java/lang/IncompatibleClassChangeError'{0x0000000086452fd0}: Found class java.lang.Object, but interface was expected> (0x0000000086452fd0) thrown at [./src/hotspot/share/interpreter/linkResolver.cpp, line 839]
Event: 105.231 Thread 0x000001a737d26800 Exception <a 'java/lang/NoSuchMethodError'{0x00000000871ec9b8}: 'void java.lang.invoke.DirectMethodHandle$Holder.invokeStatic(java.lang.Object, java.lang.Object, java.lang.Object, java.lang.Object, int, java.lang.Object, java.lang.Object)'> (0x00000000871ec9b8) thrown at [./src/hotspot/share/interpreter/linkResolver.cpp, line 773]
Event: 105.987 Thread 0x000001a737d26800 Exception <a 'java/lang/NoSuchMethodError'{0x0000000086fd7a68}: 'java.lang.Object java.lang.invoke.DirectMethodHandle$Holder.invokeSpecialIFC(java.lang.Object, java.lang.Object, java.lang.Object)'> (0x0000000086fd7a68) thrown at [./src/hotspot/share/interpreter/linkResolver.cpp, line 773]
Event: 117.576 Thread 0x000001a73954e000 Exception <a 'java/lang/NoSuchMethodError'{0x00000000869976c0}: 'int java.lang.invoke.DirectMethodHandle$Holder.invokeStaticInit(java.lang.Object, java.lang.Object, java.lang.Object, java.lang.Object, java.lang.Object)'> (0x00000000869976c0) thrown at [./src/hotspot/share/interpreter/linkResolver.cpp, line 773]
Event: 121.004 Thread 0x000001a73954e000 Implicit null exception at 0x000001a725e67383 to 0x000001a725e67d03
Event: 121.004 Thread 0x000001a739715000 Implicit null exception at 0x000001a725e67383 to 0x000001a725e67d03
Event: 121.007 Thread 0x000001a73954e000 Exception <a 'java/lang/NoSuchMethodError'{0x0000000087662c38}: 'void java.lang.invoke.DirectMethodHandle$Holder.invokeVirtual(java.lang.Object, java.lang.Object)'> (0x0000000087662c38) thrown at [./src/hotspot/share/interpreter/linkResolver.cpp, line 773]
Event: 121.007 Thread 0x000001a738d98800 Exception <a 'java/lang/NoSuchMethodError'{0x0000000087791000}: 'void java.lang.invoke.DirectMethodHandle$Holder.invokeVirtual(java.lang.Object, java.lang.Object)'> (0x0000000087791000) thrown at [./src/hotspot/share/interpreter/linkResolver.cpp, line 773]
Event: 121.007 Thread 0x000001a7396cb000 Exception <a 'java/lang/NoSuchMethodError'{0x0000000087796950}: 'void java.lang.invoke.DirectMethodHandle$Holder.invokeVirtual(java.lang.Object, java.lang.Object)'> (0x0000000087796950) thrown at [./src/hotspot/share/interpreter/linkResolver.cpp, line 773]
Event: 122.641 Thread 0x000001a739552000 Implicit null exception at 0x000001a725e725c1 to 0x000001a725e72ddc

Events (20 events):
Event: 130.254 Executing VM operation: RevokeBias
Event: 130.255 Executing VM operation: RevokeBias done
Event: 130.660 Executing VM operation: G1CollectForAllocation
Event: 130.667 Executing VM operation: G1CollectForAllocation done
Event: 130.941 loading class org/gradle/api/internal/artifacts/ivyservice/resolveengine/artifact/ArtifactVisitor
Event: 130.941 loading class org/gradle/api/internal/artifacts/ivyservice/resolveengine/artifact/ArtifactVisitor done
Event: 130.941 loading class org/gradle/api/internal/artifacts/transform/TransformationSubject
Event: 130.941 loading class org/gradle/api/internal/artifacts/transform/TransformationSubject done
Event: 130.941 loading class org/gradle/api/internal/artifacts/transform/TransformingAsyncArtifactListener$TransformedArtifact
Event: 130.941 loading class org/gradle/api/internal/artifacts/transform/TransformingAsyncArtifactListener$TransformedArtifact done
Event: 130.941 loading class org/gradle/api/internal/artifacts/ivyservice/resolveengine/artifact/ArtifactVisitor
Event: 130.941 loading class org/gradle/api/internal/artifacts/ivyservice/resolveengine/artifact/ArtifactVisitor done
Event: 130.941 loading class org/gradle/api/internal/artifacts/transform/TransformingAsyncArtifactListener$TransformedArtifact
Event: 130.941 loading class org/gradle/api/internal/artifacts/transform/TransformingAsyncArtifactListener$TransformedArtifact done
Event: 130.942 Executing VM operation: RevokeBias
Event: 130.942 Executing VM operation: RevokeBias done
Event: 130.942 Executing VM operation: RevokeBias
Event: 130.943 Executing VM operation: RevokeBias done
Event: 130.943 Executing VM operation: BulkRevokeBias
Event: 130.946 Executing VM operation: BulkRevokeBias done


Dynamic libraries:
0x00007ff7a65f0000 - 0x00007ff7a65fa000 	C:\Users\cc\Desktop\New folder\jre\bin\java.exe
0x00007ffc3aeb0000 - 0x00007ffc3b0a8000 	C:\Windows\SYSTEM32\ntdll.dll
0x00007ffc3a9b0000 - 0x00007ffc3aa6d000 	C:\Windows\System32\KERNEL32.DLL
0x00007ffc38c10000 - 0x00007ffc38ede000 	C:\Windows\System32\KERNELBASE.dll
0x00007ffc38940000 - 0x00007ffc38a40000 	C:\Windows\System32\ucrtbase.dll
0x00007ffc299d0000 - 0x00007ffc299e9000 	C:\Users\cc\Desktop\New folder\jre\bin\jli.dll
0x00007ffc313f0000 - 0x00007ffc31407000 	C:\Users\cc\Desktop\New folder\jre\bin\VCRUNTIME140.dll
0x00007ffc3a0b0000 - 0x00007ffc3a250000 	C:\Windows\System32\USER32.dll
0x00007ffc20bb0000 - 0x00007ffc20e4a000 	C:\Windows\WinSxS\amd64_microsoft.windows.common-controls_6595b64144ccf1df_6.0.19041.1110_none_60b5254171f9507e\COMCTL32.dll
0x00007ffc38ee0000 - 0x00007ffc38f02000 	C:\Windows\System32\win32u.dll
0x00007ffc3aa70000 - 0x00007ffc3aa9a000 	C:\Windows\System32\GDI32.dll
0x00007ffc38a40000 - 0x00007ffc38b4b000 	C:\Windows\System32\gdi32full.dll
0x00007ffc385d0000 - 0x00007ffc3866d000 	C:\Windows\System32\msvcp_win.dll
0x00007ffc392d0000 - 0x00007ffc3936e000 	C:\Windows\System32\msvcrt.dll
0x00007ffc39040000 - 0x00007ffc39070000 	C:\Windows\System32\IMM32.DLL
0x00007ffbfe090000 - 0x00007ffbfe12d000 	C:\Users\cc\Desktop\New folder\jre\bin\msvcp140.dll
0x00007ffbef860000 - 0x00007ffbf0345000 	C:\Users\cc\Desktop\New folder\jre\bin\server\jvm.dll
0x00007ffc39190000 - 0x00007ffc3923e000 	C:\Windows\System32\ADVAPI32.dll
0x00007ffc3ad50000 - 0x00007ffc3adec000 	C:\Windows\System32\sechost.dll
0x00007ffc3aaa0000 - 0x00007ffc3abc5000 	C:\Windows\System32\RPCRT4.dll
0x00007ffc39030000 - 0x00007ffc39038000 	C:\Windows\System32\PSAPI.DLL
0x00007ffc32d00000 - 0x00007ffc32d09000 	C:\Windows\SYSTEM32\WSOCK32.dll
0x00007ffc21420000 - 0x00007ffc21447000 	C:\Windows\SYSTEM32\WINMM.dll
0x00007ffc31d00000 - 0x00007ffc31d0a000 	C:\Windows\SYSTEM32\VERSION.dll
0x00007ffc3ace0000 - 0x00007ffc3ad4b000 	C:\Windows\System32\WS2_32.dll
0x00007ffc36e10000 - 0x00007ffc36e22000 	C:\Windows\SYSTEM32\kernel.appcore.dll
0x00007ffc2d080000 - 0x00007ffc2d091000 	C:\Users\cc\Desktop\New folder\jre\bin\verify.dll
0x00007ffc36370000 - 0x00007ffc36554000 	C:\Windows\SYSTEM32\DBGHELP.DLL
0x00007ffc34440000 - 0x00007ffc3446c000 	C:\Windows\SYSTEM32\dbgcore.DLL
0x00007ffc38b80000 - 0x00007ffc38c02000 	C:\Windows\System32\bcryptPrimitives.dll
0x00007ffc2d050000 - 0x00007ffc2d079000 	C:\Users\cc\Desktop\New folder\jre\bin\java.dll
0x00007ffc30990000 - 0x00007ffc3099b000 	C:\Users\cc\Desktop\New folder\jre\bin\jimage.dll
0x00007ffc2d010000 - 0x00007ffc2d028000 	C:\Users\cc\Desktop\New folder\jre\bin\zip.dll
0x00007ffc39370000 - 0x00007ffc39ab4000 	C:\Windows\System32\SHELL32.dll
0x00007ffc36670000 - 0x00007ffc36e04000 	C:\Windows\SYSTEM32\windows.storage.dll
0x00007ffc39b20000 - 0x00007ffc39e74000 	C:\Windows\System32\combase.dll
0x00007ffc37e80000 - 0x00007ffc37eb0000 	C:\Windows\SYSTEM32\Wldp.dll
0x00007ffc39070000 - 0x00007ffc3911d000 	C:\Windows\System32\SHCORE.dll
0x00007ffc3a250000 - 0x00007ffc3a2a5000 	C:\Windows\System32\shlwapi.dll
0x00007ffc38510000 - 0x00007ffc3852f000 	C:\Windows\SYSTEM32\profapi.dll
0x00007ffc2cff0000 - 0x00007ffc2d00a000 	C:\Users\cc\Desktop\New folder\jre\bin\net.dll
0x00007ffc31fa0000 - 0x00007ffc320aa000 	C:\Windows\SYSTEM32\WINHTTP.dll
0x00007ffc37c60000 - 0x00007ffc37cca000 	C:\Windows\system32\mswsock.dll
0x00007ffc2cfd0000 - 0x00007ffc2cfe4000 	C:\Users\cc\Desktop\New folder\jre\bin\nio.dll
0x00007ffc100c0000 - 0x00007ffc100e7000 	C:\Users\cc\.gradle\native\e1d6ef7f7dcc3fd88c89a11ec53ec762bb8ba0a96d01ffa2cd45eb1d1d8dd5c5\windows-amd64\native-platform.dll
0x00007ffbfecd0000 - 0x00007ffbfee14000 	C:\Users\cc\.gradle\native\5664cfc778a61ccfe75a443a1ab52a65af34e5dc3c78e0209fed803814484fcb\windows-amd64\native-platform-file-events.dll
0x00007ffc30950000 - 0x00007ffc3095a000 	C:\Users\cc\Desktop\New folder\jre\bin\management.dll
0x00007ffc308f0000 - 0x00007ffc308fd000 	C:\Users\cc\Desktop\New folder\jre\bin\management_ext.dll
0x00007ffc37f30000 - 0x00007ffc37f48000 	C:\Windows\SYSTEM32\CRYPTSP.dll
0x00007ffc37600000 - 0x00007ffc37634000 	C:\Windows\system32\rsaenh.dll
0x00007ffc38b50000 - 0x00007ffc38b77000 	C:\Windows\System32\bcrypt.dll
0x00007ffc38490000 - 0x00007ffc384be000 	C:\Windows\SYSTEM32\USERENV.dll
0x00007ffc37df0000 - 0x00007ffc37dfc000 	C:\Windows\SYSTEM32\CRYPTBASE.dll
0x00007ffc37970000 - 0x00007ffc379ab000 	C:\Windows\SYSTEM32\IPHLPAPI.DLL
0x00007ffc39180000 - 0x00007ffc39188000 	C:\Windows\System32\NSI.dll
0x00007ffc306e0000 - 0x00007ffc306f7000 	C:\Windows\SYSTEM32\dhcpcsvc6.DLL
0x00007ffc30cc0000 - 0x00007ffc30cdd000 	C:\Windows\SYSTEM32\dhcpcsvc.DLL
0x00007ffc379b0000 - 0x00007ffc37a7b000 	C:\Windows\SYSTEM32\DNSAPI.dll

dbghelp: loaded successfully - version: 4.0.5 - missing functions: none
symbol engine: initialized successfully - sym options: 0x614 - pdb path: .;C:\Users\cc\Desktop\New folder\jre\bin;C:\Windows\SYSTEM32;C:\Windows\WinSxS\amd64_microsoft.windows.common-controls_6595b64144ccf1df_6.0.19041.1110_none_60b5254171f9507e;C:\Users\cc\Desktop\New folder\jre\bin\server;C:\Users\cc\.gradle\native\e1d6ef7f7dcc3fd88c89a11ec53ec762bb8ba0a96d01ffa2cd45eb1d1d8dd5c5\windows-amd64;C:\Users\cc\.gradle\native\5664cfc778a61ccfe75a443a1ab52a65af34e5dc3c78e0209fed803814484fcb\windows-amd64

VM Arguments:
jvm_args: --add-opens=java.base/java.util=ALL-UNNAMED --add-opens=java.base/java.lang=ALL-UNNAMED --add-opens=java.base/java.lang.invoke=ALL-UNNAMED --add-opens=java.base/java.util=ALL-UNNAMED --add-opens=java.prefs/java.util.prefs=ALL-UNNAMED --add-opens=java.prefs/java.util.prefs=ALL-UNNAMED --add-opens=java.base/java.nio.charset=ALL-UNNAMED --add-opens=java.base/java.net=ALL-UNNAMED --add-opens=java.base/java.util.concurrent.atomic=ALL-UNNAMED -Xmx2048m -Dfile.encoding=UTF-8 -Duser.country=GB -Duser.language=en -Duser.variant 
java_command: org.gradle.launcher.daemon.bootstrap.GradleDaemon 7.3.3
java_class_path (initial): C:\Users\cc\.gradle\wrapper\dists\gradle-7.3.3-bin\6a41zxkdtcxs8rphpq6y0069z\gradle-7.3.3\lib\gradle-launcher-7.3.3.jar
Launcher Type: SUN_STANDARD

[Global flags]
     intx CICompilerCount                          = 4                                         {product} {ergonomic}
     uint ConcGCThreads                            = 2                                         {product} {ergonomic}
     uint G1ConcRefinementThreads                  = 8                                         {product} {ergonomic}
   size_t G1HeapRegionSize                         = 1048576                                   {product} {ergonomic}
    uintx GCDrainStackTargetSize                   = 64                                        {product} {ergonomic}
   size_t InitialHeapSize                          = 132120576                                 {product} {ergonomic}
   size_t MarkStackSize                            = 4194304                                   {product} {ergonomic}
   size_t MaxHeapSize                              = 2147483648                                {product} {command line}
   size_t MaxNewSize                               = 1287651328                                {product} {ergonomic}
   size_t MinHeapDeltaBytes                        = 1048576                                   {product} {ergonomic}
    uintx NonNMethodCodeHeapSize                   = 5836300                                {pd product} {ergonomic}
    uintx NonProfiledCodeHeapSize                  = 122910970                              {pd product} {ergonomic}
    uintx ProfiledCodeHeapSize                     = 122910970                              {pd product} {ergonomic}
    uintx ReservedCodeCacheSize                    = 251658240                              {pd product} {ergonomic}
     bool SegmentedCodeCache                       = true                                      {product} {ergonomic}
     bool UseCompressedClassPointers               = true                                 {lp64_product} {ergonomic}
     bool UseCompressedOops                        = true                                 {lp64_product} {ergonomic}
     bool UseG1GC                                  = true                                      {product} {ergonomic}
     bool UseLargePagesIndividualAllocation        = false                                  {pd product} {ergonomic}

Logging:
Log output configuration:
 #0: stdout all=warning uptime,level,tags
 #1: stderr all=off uptime,level,tags

Environment Variables:
PATH=C:\Windows\system32;C:\Windows;C:\Windows\System32\Wbem;C:\Windows\System32\WindowsPowerShell\v1.0\;C:\Windows\System32\OpenSSH\;C:\Program Files (x86)\NVIDIA Corporation\PhysX\Common;C:\Program Files\Git\cmd;C:\Users\cc\AppData\Local\Microsoft\WindowsApps;
USERNAME=cc
OS=Windows_NT
PROCESSOR_IDENTIFIER=Intel64 Family 6 Model 126 Stepping 5, GenuineIntel



---------------  S Y S T E M  ---------------

OS: Windows 10 , 64 bit Build 19041 (10.0.19041.1806)
OS uptime: 3 days 6:48 hours
Hyper-V role detected

CPU:total 8 (initial active 8) (4 cores per cpu, 2 threads per core) family 6 model 126 stepping 5 microcode 0xb0, cmov, cx8, fxsr, mmx, sse, sse2, sse3, ssse3, sse4.1, sse4.2, popcnt, avx, avx2, aes, clmul, erms, 3dnowpref, lzcnt, ht, tsc, tscinvbit, bmi1, bmi2, adx, evex, sha, fma

Memory: 4k page, system-wide physical 7959M (67M free)
TotalPageFile size 9849M (AvailPageFile size 2M)
current process WorkingSet (physical memory assigned to process): 371M, peak: 377M
current process commit charge ("private bytes"): 409M, peak: 415M

vm_info: OpenJDK 64-Bit Server VM (11.0.12+7-b1504.28-7817840) for windows-amd64 JRE (11.0.12+7-b1504.28-7817840), built on Oct 13 2021 22:12:33 by "builder" with MS VC++ 14.0 (VS2015)

END.
