#
# There is insufficient memory for the Java Runtime Environment to continue.
# Native memory allocation (malloc) failed to allocate 1316656 bytes for Chunk::new
# Possible reasons:
#   The system is out of physical RAM or swap space
#   The process is running with CompressedOops enabled, and the Java Heap may be blocking the growth of the native heap
# Possible solutions:
#   Reduce memory load on the system
#   Increase physical memory or swap space
#   Check if swap backing store is full
#   Decrease Java heap size (-Xmx/-Xms)
#   Decrease number of Java threads
#   Decrease Java thread stack sizes (-Xss)
#   Set larger code cache with -XX:ReservedCodeCacheSize=
#   JVM is running with Unscaled Compressed Oops mode in which the Java heap is
#     placed in the first 4GB address space. The Java Heap base address is the
#     maximum limit for the native heap growth. Please use -XX:HeapBaseMinAddress
#     to set the Java Heap base and to place the Java Heap above 4GB virtual address.
# This output file may be truncated or incomplete.
#
#  Out of Memory Error (./src/hotspot/share/memory/arena.cpp:197), pid=2212, tid=10664
#
# JRE version: OpenJDK Runtime Environment (11.0.12+7) (build 11.0.12+7-b1504.28-7817840)
# Java VM: OpenJDK 64-Bit Server VM (11.0.12+7-b1504.28-7817840, mixed mode, tiered, compressed oops, g1 gc, windows-amd64)
# No core dump will be written. Minidumps are not enabled by default on client versions of Windows
#

---------------  S U M M A R Y ------------

Command Line: --add-opens=java.base/java.util=ALL-UNNAMED --add-opens=java.base/java.lang=ALL-UNNAMED --add-opens=java.base/java.lang.invoke=ALL-UNNAMED --add-opens=java.base/java.util=ALL-UNNAMED --add-opens=java.prefs/java.util.prefs=ALL-UNNAMED --add-opens=java.prefs/java.util.prefs=ALL-UNNAMED --add-opens=java.base/java.nio.charset=ALL-UNNAMED --add-opens=java.base/java.net=ALL-UNNAMED --add-opens=java.base/java.util.concurrent.atomic=ALL-UNNAMED -Xmx2048m -Dfile.encoding=UTF-8 -Duser.country=US -Duser.language=en -Duser.variant org.gradle.launcher.daemon.bootstrap.GradleDaemon 7.3.3

Host: Intel(R) Core(TM) i7-6820HQ CPU @ 2.70GHz, 8 cores, 15G,  Windows 10 , 64 bit Build 19041 (10.0.19041.1889)
Time: Wed Aug 17 01:29:52 2022 Egypt Standard Time elapsed time: 15.540915 seconds (0d 0h 0m 15s)

---------------  T H R E A D  ---------------

Current thread (0x000001be5a47c000):  JavaThread "C2 CompilerThread1" daemon [_thread_in_native, id=10664, stack(0x000000ad5c300000,0x000000ad5c400000)]


Current CompileTask:
C2:  15541 11685       4       java.lang.reflect.Constructor::newInstance (76 bytes)

Stack: [0x000000ad5c300000,0x000000ad5c400000]
Native frames: (J=compiled Java code, j=interpreted, Vv=VM code, C=native code)
V  [jvm.dll+0x5fbcea]
V  [jvm.dll+0x731905]
V  [jvm.dll+0x732f1d]
V  [jvm.dll+0x7335d3]
V  [jvm.dll+0x247bf8]
V  [jvm.dll+0xc018c]
V  [jvm.dll+0xc06cc]
V  [jvm.dll+0x35b2db]
V  [jvm.dll+0x19d0bc]
V  [jvm.dll+0x20070e]
V  [jvm.dll+0x1ff794]
V  [jvm.dll+0x18868c]
V  [jvm.dll+0x20e0d7]
V  [jvm.dll+0x20c901]
V  [jvm.dll+0x6f9b7f]
V  [jvm.dll+0x6f26a5]
V  [jvm.dll+0x5fabf6]
C  [ucrtbase.dll+0x21bb2]
C  [KERNEL32.DLL+0x17034]
C  [ntdll.dll+0x52651]


---------------  P R O C E S S  ---------------

Threads class SMR info:
_java_thread_list=0x000001be629da600, length=135, elements={
0x000001be3d43b000, 0x000001be58145800, 0x000001be5814e800, 0x000001be58169800,
0x000001be5816a800, 0x000001be5816b800, 0x000001be5816f800, 0x000001be581b9000,
0x000001be581c2800, 0x000001be58327800, 0x000001be59987000, 0x000001be58430800,
0x000001be59322000, 0x000001be5b2be800, 0x000001be59a41800, 0x000001be59a42800,
0x000001be5a18e800, 0x000001be5a50c800, 0x000001be5a50e000, 0x000001be5a47c000,
0x000001be5a50d000, 0x000001be5a50b800, 0x000001be5a508000, 0x000001be5a50f000,
0x000001be5a50a000, 0x000001be5a509000, 0x000001be5a50a800, 0x000001be5be33800,
0x000001be5be32800, 0x000001be5be2f000, 0x000001be5be34000, 0x000001be5be30000,
0x000001be5be36800, 0x000001be5be31800, 0x000001be5be3b800, 0x000001be5be3c000,
0x000001be5be3a000, 0x000001be5be39000, 0x000001be5be3a800, 0x000001be5be3d000,
0x000001be5be37800, 0x000001be5bd3d000, 0x000001be5bd37800, 0x000001be5bd39000,
0x000001be5bd3e000, 0x000001be5bd3c800, 0x000001be5bd38000, 0x000001be5bd3a800,
0x000001be5bd3f000, 0x000001be5bd3f800, 0x000001be5bd3b800, 0x000001be5bd3a000,
0x000001be5bd41000, 0x000001be5bd46000, 0x000001be5bd43800, 0x000001be5bd40800,
0x000001be5bd45800, 0x000001be5bd42000, 0x000001be5bd44800, 0x000001be5bd43000,
0x000001be5be18800, 0x000001be5be19800, 0x000001be5be1b000, 0x000001be5be1c000,
0x000001be5be16000, 0x000001be5be1a000, 0x000001be5be1c800, 0x000001be5be17000,
0x000001be5be18000, 0x000001be5be22800, 0x000001be5be23000, 0x000001be5be1d800,
0x000001be5be21000, 0x000001be5be1e800, 0x000001be5be24000, 0x000001be5be21800,
0x000001be5be25000, 0x000001be5be20000, 0x000001be5be1f000, 0x000001be5efe8000,
0x000001be5efe6800, 0x000001be5efe4800, 0x000001be5efe4000, 0x000001be5efe7000,
0x000001be5efe5800, 0x000001be5efeb000, 0x000001be5efea800, 0x000001be5efec000,
0x000001be5efe9800, 0x000001be5efed800, 0x000001be5efed000, 0x000001be5efee800,
0x000001be5efe9000, 0x000001be5eff0000, 0x000001be5efef800, 0x000001be5eff2800,
0x000001be5eff1000, 0x000001be5eff2000, 0x000001be5b890800, 0x000001be5b894800,
0x000001be5b895000, 0x000001be5b891000, 0x000001be5b896000, 0x000001be5b897000,
0x000001be5b897800, 0x000001be5b892000, 0x000001be5b898800, 0x000001be5b892800,
0x000001be5b899000, 0x000001be5b893800, 0x000001be5b89a000, 0x000001be5b89b000,
0x000001be5b89d800, 0x000001be5b89f000, 0x000001be5b89e000, 0x000001be5b89b800,
0x000001be5b89c800, 0x000001be5be42800, 0x000001be5be3f000, 0x000001be5be44000,
0x000001be5be41000, 0x000001be5be41800, 0x000001be609cb800, 0x000001be5be3e800,
0x000001be5be45000, 0x000001be5be40000, 0x000001be5af0b000, 0x000001be5af0d800,
0x000001be5af0e000, 0x000001be5af0a000, 0x000001be5af08800, 0x000001be5af0b800,
0x000001be5af0c800, 0x000001be5af09000, 0x000001be5af14800
}

Java Threads: ( => current thread )
  0x000001be3d43b000 JavaThread "main" [_thread_blocked, id=19200, stack(0x000000ad5a400000,0x000000ad5a500000)]
  0x000001be58145800 JavaThread "Reference Handler" daemon [_thread_blocked, id=4404, stack(0x000000ad5ab00000,0x000000ad5ac00000)]
  0x000001be5814e800 JavaThread "Finalizer" daemon [_thread_blocked, id=14468, stack(0x000000ad5ac00000,0x000000ad5ad00000)]
  0x000001be58169800 JavaThread "Signal Dispatcher" daemon [_thread_blocked, id=1744, stack(0x000000ad5ad00000,0x000000ad5ae00000)]
  0x000001be5816a800 JavaThread "Attach Listener" daemon [_thread_blocked, id=8072, stack(0x000000ad5ae00000,0x000000ad5af00000)]
  0x000001be5816b800 JavaThread "Service Thread" daemon [_thread_blocked, id=19192, stack(0x000000ad5af00000,0x000000ad5b000000)]
  0x000001be5816f800 JavaThread "C2 CompilerThread0" daemon [_thread_in_native, id=10264, stack(0x000000ad5b000000,0x000000ad5b100000)]
  0x000001be581b9000 JavaThread "C1 CompilerThread0" daemon [_thread_blocked, id=18612, stack(0x000000ad5b100000,0x000000ad5b200000)]
  0x000001be581c2800 JavaThread "Sweeper thread" daemon [_thread_blocked, id=1088, stack(0x000000ad5b200000,0x000000ad5b300000)]
  0x000001be58327800 JavaThread "Common-Cleaner" daemon [_thread_blocked, id=19236, stack(0x000000ad5b300000,0x000000ad5b400000)]
  0x000001be59987000 JavaThread "Daemon health stats" [_thread_blocked, id=12700, stack(0x000000ad5bc00000,0x000000ad5bd00000)]
  0x000001be58430800 JavaThread "Incoming local TCP Connector on port 9511" [_thread_in_native, id=18604, stack(0x000000ad5b500000,0x000000ad5b600000)]
  0x000001be59322000 JavaThread "Daemon periodic checks" [_thread_blocked, id=17676, stack(0x000000ad5b600000,0x000000ad5b700000)]
  0x000001be5b2be800 JavaThread "Daemon" [_thread_blocked, id=12748, stack(0x000000ad5bd00000,0x000000ad5be00000)]
  0x000001be59a41800 JavaThread "Handler for socket connection from /127.0.0.1:9511 to /127.0.0.1:9512" [_thread_in_native, id=8980, stack(0x000000ad5be00000,0x000000ad5bf00000)]
  0x000001be59a42800 JavaThread "Cancel handler" [_thread_blocked, id=17280, stack(0x000000ad5bf00000,0x000000ad5c000000)]
  0x000001be5a18e800 JavaThread "Daemon worker" [_thread_blocked, id=18168, stack(0x000000ad5c000000,0x000000ad5c100000)]
  0x000001be5a50c800 JavaThread "Asynchronous log dispatcher for DefaultDaemonConnection: socket connection from /127.0.0.1:9511 to /127.0.0.1:9512" [_thread_blocked, id=18656, stack(0x000000ad5c100000,0x000000ad5c200000)]
  0x000001be5a50e000 JavaThread "Stdin handler" [_thread_blocked, id=18016, stack(0x000000ad5c200000,0x000000ad5c300000)]
=>0x000001be5a47c000 JavaThread "C2 CompilerThread1" daemon [_thread_in_native, id=10664, stack(0x000000ad5c300000,0x000000ad5c400000)]
  0x000001be5a50d000 JavaThread "Daemon client event forwarder" [_thread_blocked, id=6532, stack(0x000000ad5c400000,0x000000ad5c500000)]
  0x000001be5a50b800 JavaThread "Cache worker for journal cache (C:\Users\me182\.gradle\caches\journal-1)" [_thread_blocked, id=10564, stack(0x000000ad5c500000,0x000000ad5c600000)]
  0x000001be5a508000 JavaThread "File lock request listener" [_thread_in_native, id=3112, stack(0x000000ad5c600000,0x000000ad5c700000)]
  0x000001be5a50f000 JavaThread "Cache worker for file hash cache (C:\Users\me182\.gradle\caches\7.3.3\fileHashes)" [_thread_blocked, id=18048, stack(0x000000ad5c700000,0x000000ad5c800000)]
  0x000001be5a50a000 JavaThread "Cache worker for file hash cache (C:\Users\me182\AndroidStudioProjects\MyTrainApp\.gradle\7.3.3\fileHashes)" [_thread_blocked, id=4184, stack(0x000000ad5cb00000,0x000000ad5cc00000)]
  0x000001be5a509000 JavaThread "File watcher server" daemon [_thread_in_native, id=2564, stack(0x000000ad5cc00000,0x000000ad5cd00000)]
  0x000001be5a50a800 JavaThread "File watcher consumer" daemon [_thread_blocked, id=12512, stack(0x000000ad5cd00000,0x000000ad5ce00000)]
  0x000001be5be33800 JavaThread "Cache worker for checksums cache (C:\Users\me182\AndroidStudioProjects\MyTrainApp\.gradle\7.3.3\checksums)" [_thread_blocked, id=3932, stack(0x000000ad5ce00000,0x000000ad5cf00000)]
  0x000001be5be32800 JavaThread "Cache worker for cache directory md-supplier (C:\Users\me182\.gradle\caches\7.3.3\md-supplier)" [_thread_blocked, id=7224, stack(0x000000ad5cf00000,0x000000ad5d000000)]
  0x000001be5be2f000 JavaThread "Cache worker for cache directory md-rule (C:\Users\me182\.gradle\caches\7.3.3\md-rule)" [_thread_blocked, id=16388, stack(0x000000ad5d100000,0x000000ad5d200000)]
  0x000001be5be34000 JavaThread "Cache worker for execution history cache (C:\Users\me182\.gradle\caches\7.3.3\executionHistory)" [_thread_in_Java, id=18740, stack(0x000000ad5d200000,0x000000ad5d300000)]
  0x000001be5be30000 JavaThread "jar transforms" [_thread_blocked, id=16140, stack(0x000000ad5d300000,0x000000ad5d400000)]
  0x000001be5be36800 JavaThread "jar transforms Thread 2" [_thread_blocked, id=2020, stack(0x000000ad5d400000,0x000000ad5d500000)]
  0x000001be5be31800 JavaThread "Cache worker for file content cache (C:\Users\me182\.gradle\caches\7.3.3\fileContent)" [_thread_blocked, id=5996, stack(0x000000ad5d500000,0x000000ad5d600000)]
  0x000001be5be3b800 JavaThread "Cache worker for dependencies-accessors (C:\Users\me182\AndroidStudioProjects\MyTrainApp\.gradle\7.3.3\dependencies-accessors)" [_thread_blocked, id=5812, stack(0x000000ad5d600000,0x000000ad5d700000)]
  0x000001be5be3c000 JavaThread "jar transforms Thread 3" [_thread_blocked, id=17028, stack(0x000000ad5d700000,0x000000ad5d800000)]
  0x000001be5be3a000 JavaThread "Cache worker for Build Output Cleanup Cache (C:\Users\me182\AndroidStudioProjects\MyTrainApp\.gradle\buildOutputCleanup)" [_thread_blocked, id=6568, stack(0x000000ad5d800000,0x000000ad5d900000)]
  0x000001be5be39000 JavaThread "Unconstrained build operations" [_thread_blocked, id=11912, stack(0x000000ad5d900000,0x000000ad5da00000)]
  0x000001be5be3a800 JavaThread "Unconstrained build operations Thread 2" [_thread_blocked, id=6668, stack(0x000000ad5da00000,0x000000ad5db00000)]
  0x000001be5be3d000 JavaThread "Unconstrained build operations Thread 3" [_thread_blocked, id=11716, stack(0x000000ad5db00000,0x000000ad5dc00000)]
  0x000001be5be37800 JavaThread "Unconstrained build operations Thread 4" [_thread_blocked, id=18736, stack(0x000000ad5dc00000,0x000000ad5dd00000)]
  0x000001be5bd3d000 JavaThread "Unconstrained build operations Thread 5" [_thread_blocked, id=18784, stack(0x000000ad5dd00000,0x000000ad5de00000)]
  0x000001be5bd37800 JavaThread "Unconstrained build operations Thread 6" [_thread_blocked, id=14828, stack(0x000000ad5de00000,0x000000ad5df00000)]
  0x000001be5bd39000 JavaThread "Unconstrained build operations Thread 7" [_thread_blocked, id=572, stack(0x000000ad5df00000,0x000000ad5e000000)]
  0x000001be5bd3e000 JavaThread "Unconstrained build operations Thread 8" [_thread_blocked, id=18620, stack(0x000000ad5e000000,0x000000ad5e100000)]
  0x000001be5bd3c800 JavaThread "Unconstrained build operations Thread 9" [_thread_blocked, id=5280, stack(0x000000ad5e100000,0x000000ad5e200000)]
  0x000001be5bd38000 JavaThread "Unconstrained build operations Thread 10" [_thread_blocked, id=10144, stack(0x000000ad5e200000,0x000000ad5e300000)]
  0x000001be5bd3a800 JavaThread "Unconstrained build operations Thread 11" [_thread_blocked, id=18616, stack(0x000000ad5e300000,0x000000ad5e400000)]
  0x000001be5bd3f000 JavaThread "Unconstrained build operations Thread 12" [_thread_blocked, id=2592, stack(0x000000ad5e400000,0x000000ad5e500000)]
  0x000001be5bd3f800 JavaThread "Unconstrained build operations Thread 13" [_thread_blocked, id=16228, stack(0x000000ad5e500000,0x000000ad5e600000)]
  0x000001be5bd3b800 JavaThread "Unconstrained build operations Thread 14" [_thread_blocked, id=9652, stack(0x000000ad5e600000,0x000000ad5e700000)]
  0x000001be5bd3a000 JavaThread "Unconstrained build operations Thread 15" [_thread_blocked, id=7048, stack(0x000000ad5e700000,0x000000ad5e800000)]
  0x000001be5bd41000 JavaThread "Unconstrained build operations Thread 16" [_thread_blocked, id=2464, stack(0x000000ad5e800000,0x000000ad5e900000)]
  0x000001be5bd46000 JavaThread "Unconstrained build operations Thread 17" [_thread_blocked, id=16456, stack(0x000000ad5e900000,0x000000ad5ea00000)]
  0x000001be5bd43800 JavaThread "Unconstrained build operations Thread 18" [_thread_blocked, id=16508, stack(0x000000ad5ea00000,0x000000ad5eb00000)]
  0x000001be5bd40800 JavaThread "Unconstrained build operations Thread 19" [_thread_blocked, id=18328, stack(0x000000ad5eb00000,0x000000ad5ec00000)]
  0x000001be5bd45800 JavaThread "Unconstrained build operations Thread 20" [_thread_blocked, id=17640, stack(0x000000ad5ec00000,0x000000ad5ed00000)]
  0x000001be5bd42000 JavaThread "Unconstrained build operations Thread 21" [_thread_blocked, id=18524, stack(0x000000ad5ed00000,0x000000ad5ee00000)]
  0x000001be5bd44800 JavaThread "Unconstrained build operations Thread 22" [_thread_blocked, id=6388, stack(0x000000ad5ee00000,0x000000ad5ef00000)]
  0x000001be5bd43000 JavaThread "Unconstrained build operations Thread 23" [_thread_blocked, id=6916, stack(0x000000ad5ef00000,0x000000ad5f000000)]
  0x000001be5be18800 JavaThread "Unconstrained build operations Thread 24" [_thread_blocked, id=12540, stack(0x000000ad5f000000,0x000000ad5f100000)]
  0x000001be5be19800 JavaThread "Unconstrained build operations Thread 25" [_thread_in_native, id=13156, stack(0x000000ad5f100000,0x000000ad5f200000)]
  0x000001be5be1b000 JavaThread "Unconstrained build operations Thread 26" [_thread_blocked, id=1812, stack(0x000000ad5f200000,0x000000ad5f300000)]
  0x000001be5be1c000 JavaThread "Unconstrained build operations Thread 27" [_thread_blocked, id=19088, stack(0x000000ad5f300000,0x000000ad5f400000)]
  0x000001be5be16000 JavaThread "Unconstrained build operations Thread 28" [_thread_blocked, id=2440, stack(0x000000ad5f400000,0x000000ad5f500000)]
  0x000001be5be1a000 JavaThread "Unconstrained build operations Thread 29" [_thread_blocked, id=9764, stack(0x000000ad5f500000,0x000000ad5f600000)]
  0x000001be5be1c800 JavaThread "Unconstrained build operations Thread 30" [_thread_blocked, id=18012, stack(0x000000ad5f600000,0x000000ad5f700000)]
  0x000001be5be17000 JavaThread "Unconstrained build operations Thread 31" [_thread_blocked, id=14684, stack(0x000000ad5f700000,0x000000ad5f800000)]
  0x000001be5be18000 JavaThread "Unconstrained build operations Thread 32" [_thread_blocked, id=12704, stack(0x000000ad5f800000,0x000000ad5f900000)]
  0x000001be5be22800 JavaThread "Unconstrained build operations Thread 33" [_thread_blocked, id=14280, stack(0x000000ad5f900000,0x000000ad5fa00000)]
  0x000001be5be23000 JavaThread "Unconstrained build operations Thread 34" [_thread_blocked, id=10672, stack(0x000000ad5fa00000,0x000000ad5fb00000)]
  0x000001be5be1d800 JavaThread "Unconstrained build operations Thread 35" [_thread_blocked, id=15904, stack(0x000000ad5fb00000,0x000000ad5fc00000)]
  0x000001be5be21000 JavaThread "Unconstrained build operations Thread 36" [_thread_blocked, id=18880, stack(0x000000ad5fc00000,0x000000ad5fd00000)]
  0x000001be5be1e800 JavaThread "Unconstrained build operations Thread 37" [_thread_blocked, id=16972, stack(0x000000ad5fd00000,0x000000ad5fe00000)]
  0x000001be5be24000 JavaThread "Unconstrained build operations Thread 38" [_thread_blocked, id=18600, stack(0x000000ad5fe00000,0x000000ad5ff00000)]
  0x000001be5be21800 JavaThread "Unconstrained build operations Thread 39" [_thread_blocked, id=6828, stack(0x000000ad5ff00000,0x000000ad60000000)]
  0x000001be5be25000 JavaThread "Unconstrained build operations Thread 40" [_thread_blocked, id=19452, stack(0x000000ad60000000,0x000000ad60100000)]
  0x000001be5be20000 JavaThread "Unconstrained build operations Thread 41" [_thread_blocked, id=18032, stack(0x000000ad60100000,0x000000ad60200000)]
  0x000001be5be1f000 JavaThread "Unconstrained build operations Thread 42" [_thread_blocked, id=10108, stack(0x000000ad60200000,0x000000ad60300000)]
  0x000001be5efe8000 JavaThread "Unconstrained build operations Thread 43" [_thread_blocked, id=8644, stack(0x000000ad60300000,0x000000ad60400000)]
  0x000001be5efe6800 JavaThread "Unconstrained build operations Thread 44" [_thread_blocked, id=15804, stack(0x000000ad60400000,0x000000ad60500000)]
  0x000001be5efe4800 JavaThread "Unconstrained build operations Thread 45" [_thread_blocked, id=6716, stack(0x000000ad60500000,0x000000ad60600000)]
  0x000001be5efe4000 JavaThread "Unconstrained build operations Thread 46" [_thread_blocked, id=19368, stack(0x000000ad60600000,0x000000ad60700000)]
  0x000001be5efe7000 JavaThread "Unconstrained build operations Thread 47" [_thread_blocked, id=18752, stack(0x000000ad60700000,0x000000ad60800000)]
  0x000001be5efe5800 JavaThread "Unconstrained build operations Thread 48" [_thread_blocked, id=17032, stack(0x000000ad60800000,0x000000ad60900000)]
  0x000001be5efeb000 JavaThread "Unconstrained build operations Thread 49" [_thread_in_Java, id=616, stack(0x000000ad60900000,0x000000ad60a00000)]
  0x000001be5efea800 JavaThread "Unconstrained build operations Thread 50" [_thread_blocked, id=9932, stack(0x000000ad60a00000,0x000000ad60b00000)]
  0x000001be5efec000 JavaThread "Unconstrained build operations Thread 51" [_thread_blocked, id=16404, stack(0x000000ad60b00000,0x000000ad60c00000)]
  0x000001be5efe9800 JavaThread "Unconstrained build operations Thread 52" [_thread_blocked, id=6688, stack(0x000000ad60c00000,0x000000ad60d00000)]
  0x000001be5efed800 JavaThread "Unconstrained build operations Thread 53" [_thread_blocked, id=6276, stack(0x000000ad60d00000,0x000000ad60e00000)]
  0x000001be5efed000 JavaThread "Unconstrained build operations Thread 54" [_thread_blocked, id=7788, stack(0x000000ad60e00000,0x000000ad60f00000)]
  0x000001be5efee800 JavaThread "Unconstrained build operations Thread 55" [_thread_blocked, id=9356, stack(0x000000ad60f00000,0x000000ad61000000)]
  0x000001be5efe9000 JavaThread "Unconstrained build operations Thread 56" [_thread_blocked, id=14672, stack(0x000000ad61000000,0x000000ad61100000)]
  0x000001be5eff0000 JavaThread "Unconstrained build operations Thread 57" [_thread_blocked, id=7572, stack(0x000000ad61100000,0x000000ad61200000)]
  0x000001be5efef800 JavaThread "Unconstrained build operations Thread 58" [_thread_in_native, id=10680, stack(0x000000ad61200000,0x000000ad61300000)]
  0x000001be5eff2800 JavaThread "Unconstrained build operations Thread 59" [_thread_blocked, id=7100, stack(0x000000ad61300000,0x000000ad61400000)]
  0x000001be5eff1000 JavaThread "Unconstrained build operations Thread 60" [_thread_blocked, id=18884, stack(0x000000ad61400000,0x000000ad61500000)]
  0x000001be5eff2000 JavaThread "Unconstrained build operations Thread 61" [_thread_blocked, id=11756, stack(0x000000ad61500000,0x000000ad61600000)]
  0x000001be5b890800 JavaThread "Unconstrained build operations Thread 62" [_thread_blocked, id=14568, stack(0x000000ad61600000,0x000000ad61700000)]
  0x000001be5b894800 JavaThread "Unconstrained build operations Thread 63" [_thread_blocked, id=12904, stack(0x000000ad61700000,0x000000ad61800000)]
  0x000001be5b895000 JavaThread "Unconstrained build operations Thread 64" [_thread_blocked, id=6308, stack(0x000000ad61800000,0x000000ad61900000)]
  0x000001be5b891000 JavaThread "Unconstrained build operations Thread 65" [_thread_blocked, id=4800, stack(0x000000ad61900000,0x000000ad61a00000)]
  0x000001be5b896000 JavaThread "Unconstrained build operations Thread 66" [_thread_blocked, id=19140, stack(0x000000ad61a00000,0x000000ad61b00000)]
  0x000001be5b897000 JavaThread "Unconstrained build operations Thread 67" [_thread_blocked, id=9404, stack(0x000000ad61b00000,0x000000ad61c00000)]
  0x000001be5b897800 JavaThread "Unconstrained build operations Thread 68" [_thread_blocked, id=440, stack(0x000000ad61c00000,0x000000ad61d00000)]
  0x000001be5b892000 JavaThread "Unconstrained build operations Thread 69" [_thread_blocked, id=18532, stack(0x000000ad61d00000,0x000000ad61e00000)]
  0x000001be5b898800 JavaThread "Unconstrained build operations Thread 70" [_thread_in_native, id=18072, stack(0x000000ad61e00000,0x000000ad61f00000)]
  0x000001be5b892800 JavaThread "Unconstrained build operations Thread 71" [_thread_blocked, id=9604, stack(0x000000ad61f00000,0x000000ad62000000)]
  0x000001be5b899000 JavaThread "Unconstrained build operations Thread 72" [_thread_blocked, id=19256, stack(0x000000ad62000000,0x000000ad62100000)]
  0x000001be5b893800 JavaThread "Unconstrained build operations Thread 73" [_thread_blocked, id=132, stack(0x000000ad62100000,0x000000ad62200000)]
  0x000001be5b89a000 JavaThread "Unconstrained build operations Thread 74" [_thread_blocked, id=17368, stack(0x000000ad62200000,0x000000ad62300000)]
  0x000001be5b89b000 JavaThread "Unconstrained build operations Thread 75" [_thread_blocked, id=15856, stack(0x000000ad62300000,0x000000ad62400000)]
  0x000001be5b89d800 JavaThread "Unconstrained build operations Thread 76" [_thread_blocked, id=12520, stack(0x000000ad62400000,0x000000ad62500000)]
  0x000001be5b89f000 JavaThread "Unconstrained build operations Thread 77" [_thread_blocked, id=17872, stack(0x000000ad62500000,0x000000ad62600000)]
  0x000001be5b89e000 JavaThread "Unconstrained build operations Thread 78" [_thread_blocked, id=12672, stack(0x000000ad62600000,0x000000ad62700000)]
  0x000001be5b89b800 JavaThread "Unconstrained build operations Thread 79" [_thread_blocked, id=12568, stack(0x000000ad62700000,0x000000ad62800000)]
  0x000001be5b89c800 JavaThread "Unconstrained build operations Thread 80" [_thread_blocked, id=17340, stack(0x000000ad62800000,0x000000ad62900000)]
  0x000001be5be42800 JavaThread "jar transforms Thread 4" [_thread_blocked, id=1456, stack(0x000000ad62900000,0x000000ad62a00000)]
  0x000001be5be3f000 JavaThread "jar transforms Thread 5" [_thread_blocked, id=3896, stack(0x000000ad62a00000,0x000000ad62b00000)]
  0x000001be5be44000 JavaThread "jar transforms Thread 6" [_thread_blocked, id=8376, stack(0x000000ad62b00000,0x000000ad62c00000)]
  0x000001be5be41000 JavaThread "jar transforms Thread 7" [_thread_blocked, id=14880, stack(0x000000ad62c00000,0x000000ad62d00000)]
  0x000001be5be41800 JavaThread "jar transforms Thread 8" [_thread_blocked, id=10180, stack(0x000000ad62d00000,0x000000ad62e00000)]
  0x000001be609cb800 JavaThread "C2 CompilerThread2" daemon [_thread_in_native, id=5396, stack(0x000000ad62f00000,0x000000ad63000000)]
  0x000001be5be3e800 JavaThread "Memory manager" [_thread_blocked, id=9260, stack(0x000000ad63000000,0x000000ad63100000)]
  0x000001be5be45000 JavaThread "build event listener" [_thread_blocked, id=18572, stack(0x000000ad63100000,0x000000ad63200000)]
  0x000001be5be40000 JavaThread "Execution worker for ':'" [_thread_blocked, id=10448, stack(0x000000ad63200000,0x000000ad63300000)]
  0x000001be5af0b000 JavaThread "Execution worker for ':' Thread 2" [_thread_blocked, id=9596, stack(0x000000ad63300000,0x000000ad63400000)]
  0x000001be5af0d800 JavaThread "Execution worker for ':' Thread 3" [_thread_blocked, id=19316, stack(0x000000ad63400000,0x000000ad63500000)]
  0x000001be5af0e000 JavaThread "Execution worker for ':' Thread 4" [_thread_blocked, id=4816, stack(0x000000ad63500000,0x000000ad63600000)]
  0x000001be5af0a000 JavaThread "Execution worker for ':' Thread 5" [_thread_blocked, id=8708, stack(0x000000ad63600000,0x000000ad63700000)]
  0x000001be5af08800 JavaThread "Execution worker for ':' Thread 6" [_thread_blocked, id=7828, stack(0x000000ad63700000,0x000000ad63800000)]
  0x000001be5af0b800 JavaThread "Execution worker for ':' Thread 7" [_thread_blocked, id=1636, stack(0x000000ad63800000,0x000000ad63900000)]
  0x000001be5af0c800 JavaThread "Cache worker for execution history cache (C:\Users\me182\AndroidStudioProjects\MyTrainApp\.gradle\7.3.3\executionHistory)" [_thread_blocked, id=17576, stack(0x000000ad63900000,0x000000ad63a00000)]
  0x000001be5af09000 JavaThread "WorkerExecutor Queue" [_thread_blocked, id=19428, stack(0x000000ad63a00000,0x000000ad63b00000)]
  0x000001be5af14800 JavaThread "Thread-119" [_thread_in_native, id=18008, stack(0x000000ad63b00000,0x000000ad63c00000)]

Other Threads:
  0x000001be5790e800 VMThread "VM Thread" [stack: 0x000000ad5aa00000,0x000000ad5ab00000] [id=19108]
  0x000001be5832d000 WatcherThread [stack: 0x000000ad5b400000,0x000000ad5b500000] [id=11508]
  0x000001be3d453800 GCTaskThread "GC Thread#0" [stack: 0x000000ad5a500000,0x000000ad5a600000] [id=16116]
  0x000001be58901000 GCTaskThread "GC Thread#1" [stack: 0x000000ad5b700000,0x000000ad5b800000] [id=18396]
  0x000001be58a9a800 GCTaskThread "GC Thread#2" [stack: 0x000000ad5b800000,0x000000ad5b900000] [id=14580]
  0x000001be590c3800 GCTaskThread "GC Thread#3" [stack: 0x000000ad5b900000,0x000000ad5ba00000] [id=7060]
  0x000001be592d7800 GCTaskThread "GC Thread#4" [stack: 0x000000ad5ba00000,0x000000ad5bb00000] [id=18760]
  0x000001be59294800 GCTaskThread "GC Thread#5" [stack: 0x000000ad5bb00000,0x000000ad5bc00000] [id=1420]
  0x000001be5b0d2000 GCTaskThread "GC Thread#6" [stack: 0x000000ad5c800000,0x000000ad5c900000] [id=14888]
  0x000001be5aa8b800 GCTaskThread "GC Thread#7" [stack: 0x000000ad5c900000,0x000000ad5ca00000] [id=1316]
  0x000001be3d487800 ConcurrentGCThread "G1 Main Marker" [stack: 0x000000ad5a600000,0x000000ad5a700000] [id=18856]
  0x000001be3d489000 ConcurrentGCThread "G1 Conc#0" [stack: 0x000000ad5a700000,0x000000ad5a800000] [id=13084]
  0x000001be5a745800 ConcurrentGCThread "G1 Conc#1" [stack: 0x000000ad5ca00000,0x000000ad5cb00000] [id=8016]
  0x000001be57788800 ConcurrentGCThread "G1 Refine#0" [stack: 0x000000ad5a800000,0x000000ad5a900000] [id=2408]
  0x000001be5d600800 ConcurrentGCThread "G1 Refine#1" [stack: 0x000000ad5d000000,0x000000ad5d100000] [id=18992]
  0x000001be60706000 ConcurrentGCThread "G1 Refine#2" [stack: 0x000000ad62e00000,0x000000ad62f00000] [id=19052]
  0x000001be57789000 ConcurrentGCThread "G1 Young RemSet Sampling" [stack: 0x000000ad5a900000,0x000000ad5aa00000] [id=19320]

Threads with active compile tasks:
C2 CompilerThread0  15589 11727       4       java.security.MessageDigest$Delegate::engineDigest (8 bytes)
C2 CompilerThread1  15589 11685       4       java.lang.reflect.Constructor::newInstance (76 bytes)
C2 CompilerThread2  15589 11606   !   4       java.nio.file.FileTreeWalker::next (144 bytes)

VM state:not at safepoint (normal execution)

VM Mutex/Monitor currently owned by a thread: None

Heap address: 0x0000000080000000, size: 2048 MB, Compressed Oops mode: 32-bit
Narrow klass base: 0x0000000000000000, Narrow klass shift: 3
Compressed class space size: 1073741824 Address: 0x0000000100000000

Heap:
 garbage-first heap   total 262144K, used 140036K [0x0000000080000000, 0x0000000100000000)
  region size 1024K, 52 young (53248K), 13 survivors (13312K)
 Metaspace       used 95270K, capacity 97885K, committed 98092K, reserved 1134592K
  class space    used 12448K, capacity 13419K, committed 13440K, reserved 1048576K
Heap Regions: E=young(eden), S=young(survivor), O=old, HS=humongous(starts), HC=humongous(continues), CS=collection set, F=free, A=archive, TAMS=top-at-mark-start (previous, next)
|   0|0x0000000080000000, 0x0000000080100000, 0x0000000080100000|100%| O|  |TAMS 0x0000000080100000, 0x0000000080000000| Untracked 
|   1|0x0000000080100000, 0x0000000080200000, 0x0000000080200000|100%| O|  |TAMS 0x0000000080200000, 0x0000000080100000| Untracked 
|   2|0x0000000080200000, 0x0000000080300000, 0x0000000080300000|100%| O|  |TAMS 0x0000000080300000, 0x0000000080200000| Untracked 
|   3|0x0000000080300000, 0x0000000080400000, 0x0000000080400000|100%|HS|  |TAMS 0x0000000080400000, 0x0000000080300000| Complete 
|   4|0x0000000080400000, 0x0000000080500000, 0x0000000080500000|100%|HC|  |TAMS 0x0000000080500000, 0x0000000080400000| Complete 
|   5|0x0000000080500000, 0x0000000080600000, 0x0000000080600000|100%|HC|  |TAMS 0x0000000080600000, 0x0000000080500000| Complete 
|   6|0x0000000080600000, 0x0000000080700000, 0x0000000080700000|100%| O|  |TAMS 0x0000000080700000, 0x0000000080600000| Untracked 
|   7|0x0000000080700000, 0x0000000080800000, 0x0000000080800000|100%| O|  |TAMS 0x0000000080800000, 0x0000000080700000| Untracked 
|   8|0x0000000080800000, 0x0000000080900000, 0x0000000080900000|100%| O|  |TAMS 0x0000000080900000, 0x0000000080800000| Untracked 
|   9|0x0000000080900000, 0x0000000080a00000, 0x0000000080a00000|100%| O|  |TAMS 0x0000000080a00000, 0x0000000080900000| Untracked 
|  10|0x0000000080a00000, 0x0000000080b00000, 0x0000000080b00000|100%| O|  |TAMS 0x0000000080b00000, 0x0000000080a00000| Untracked 
|  11|0x0000000080b00000, 0x0000000080c00000, 0x0000000080c00000|100%| O|  |TAMS 0x0000000080c00000, 0x0000000080b00000| Untracked 
|  12|0x0000000080c00000, 0x0000000080cffff8, 0x0000000080d00000| 99%| O|  |TAMS 0x0000000080cffff8, 0x0000000080c00000| Untracked 
|  13|0x0000000080d00000, 0x0000000080e00000, 0x0000000080e00000|100%| O|  |TAMS 0x0000000080e00000, 0x0000000080d00000| Untracked 
|  14|0x0000000080e00000, 0x0000000080f00000, 0x0000000080f00000|100%| O|  |TAMS 0x0000000080f00000, 0x0000000080e00000| Untracked 
|  15|0x0000000080f00000, 0x0000000081000000, 0x0000000081000000|100%| O|  |TAMS 0x0000000081000000, 0x0000000080f00000| Untracked 
|  16|0x0000000081000000, 0x0000000081100000, 0x0000000081100000|100%| O|  |TAMS 0x0000000081100000, 0x0000000081000000| Untracked 
|  17|0x0000000081100000, 0x0000000081200000, 0x0000000081200000|100%|HS|  |TAMS 0x0000000081200000, 0x0000000081100000| Complete 
|  18|0x0000000081200000, 0x0000000081300000, 0x0000000081300000|100%|HS|  |TAMS 0x0000000081300000, 0x0000000081200000| Complete 
|  19|0x0000000081300000, 0x0000000081400000, 0x0000000081400000|100%|HS|  |TAMS 0x0000000081400000, 0x0000000081300000| Complete 
|  20|0x0000000081400000, 0x0000000081500000, 0x0000000081500000|100%|HS|  |TAMS 0x0000000081500000, 0x0000000081400000| Complete 
|  21|0x0000000081500000, 0x0000000081600000, 0x0000000081600000|100%|HC|  |TAMS 0x0000000081600000, 0x0000000081500000| Complete 
|  22|0x0000000081600000, 0x0000000081700000, 0x0000000081700000|100%|HC|  |TAMS 0x0000000081700000, 0x0000000081600000| Complete 
|  23|0x0000000081700000, 0x0000000081800000, 0x0000000081800000|100%|HS|  |TAMS 0x0000000081800000, 0x0000000081700000| Complete 
|  24|0x0000000081800000, 0x0000000081900000, 0x0000000081900000|100%|HC|  |TAMS 0x0000000081900000, 0x0000000081800000| Complete 
|  25|0x0000000081900000, 0x0000000081a00000, 0x0000000081a00000|100%| O|  |TAMS 0x0000000081a00000, 0x0000000081900000| Untracked 
|  26|0x0000000081a00000, 0x0000000081b00000, 0x0000000081b00000|100%| O|  |TAMS 0x0000000081b00000, 0x0000000081a00000| Untracked 
|  27|0x0000000081b00000, 0x0000000081c00000, 0x0000000081c00000|100%| O|  |TAMS 0x0000000081c00000, 0x0000000081b00000| Untracked 
|  28|0x0000000081c00000, 0x0000000081d00000, 0x0000000081d00000|100%| O|  |TAMS 0x0000000081d00000, 0x0000000081c00000| Untracked 
|  29|0x0000000081d00000, 0x0000000081e00000, 0x0000000081e00000|100%| O|  |TAMS 0x0000000081e00000, 0x0000000081d00000| Untracked 
|  30|0x0000000081e00000, 0x0000000081f00000, 0x0000000081f00000|100%| O|  |TAMS 0x0000000081f00000, 0x0000000081e00000| Untracked 
|  31|0x0000000081f00000, 0x0000000082000000, 0x0000000082000000|100%| O|  |TAMS 0x0000000082000000, 0x0000000081f00000| Untracked 
|  32|0x0000000082000000, 0x0000000082100000, 0x0000000082100000|100%| O|  |TAMS 0x0000000082100000, 0x0000000082000000| Untracked 
|  33|0x0000000082100000, 0x0000000082200000, 0x0000000082200000|100%| O|  |TAMS 0x0000000082200000, 0x0000000082100000| Untracked 
|  34|0x0000000082200000, 0x0000000082300000, 0x0000000082300000|100%| O|  |TAMS 0x0000000082300000, 0x0000000082200000| Untracked 
|  35|0x0000000082300000, 0x0000000082400000, 0x0000000082400000|100%| O|  |TAMS 0x0000000082400000, 0x0000000082300000| Untracked 
|  36|0x0000000082400000, 0x0000000082500000, 0x0000000082500000|100%| O|  |TAMS 0x0000000082500000, 0x0000000082400000| Untracked 
|  37|0x0000000082500000, 0x0000000082600000, 0x0000000082600000|100%| O|  |TAMS 0x0000000082600000, 0x0000000082500000| Untracked 
|  38|0x0000000082600000, 0x0000000082700000, 0x0000000082700000|100%| O|  |TAMS 0x0000000082700000, 0x0000000082600000| Untracked 
|  39|0x0000000082700000, 0x0000000082800000, 0x0000000082800000|100%| O|  |TAMS 0x0000000082800000, 0x0000000082700000| Untracked 
|  40|0x0000000082800000, 0x0000000082900000, 0x0000000082900000|100%| O|  |TAMS 0x0000000082900000, 0x0000000082800000| Untracked 
|  41|0x0000000082900000, 0x0000000082a00000, 0x0000000082a00000|100%| O|  |TAMS 0x0000000082a00000, 0x0000000082900000| Untracked 
|  42|0x0000000082a00000, 0x0000000082b00000, 0x0000000082b00000|100%| O|  |TAMS 0x0000000082b00000, 0x0000000082a00000| Untracked 
|  43|0x0000000082b00000, 0x0000000082c00000, 0x0000000082c00000|100%| O|  |TAMS 0x0000000082c00000, 0x0000000082b00000| Untracked 
|  44|0x0000000082c00000, 0x0000000082d00000, 0x0000000082d00000|100%| O|  |TAMS 0x0000000082d00000, 0x0000000082c00000| Untracked 
|  45|0x0000000082d00000, 0x0000000082e00000, 0x0000000082e00000|100%| O|  |TAMS 0x0000000082e00000, 0x0000000082d00000| Untracked 
|  46|0x0000000082e00000, 0x0000000082f00000, 0x0000000082f00000|100%| O|  |TAMS 0x0000000082f00000, 0x0000000082e00000| Untracked 
|  47|0x0000000082f00000, 0x0000000083000000, 0x0000000083000000|100%| O|  |TAMS 0x0000000083000000, 0x0000000082f00000| Untracked 
|  48|0x0000000083000000, 0x0000000083100000, 0x0000000083100000|100%| O|  |TAMS 0x0000000083100000, 0x0000000083000000| Untracked 
|  49|0x0000000083100000, 0x0000000083200000, 0x0000000083200000|100%| O|  |TAMS 0x0000000083200000, 0x0000000083100000| Untracked 
|  50|0x0000000083200000, 0x0000000083300000, 0x0000000083300000|100%| O|  |TAMS 0x00000000832eee00, 0x0000000083200000| Untracked 
|  51|0x0000000083300000, 0x0000000083400000, 0x0000000083400000|100%| O|  |TAMS 0x0000000083300000, 0x0000000083300000| Untracked 
|  52|0x0000000083400000, 0x0000000083500000, 0x0000000083500000|100%| O|  |TAMS 0x0000000083400000, 0x0000000083400000| Untracked 
|  53|0x0000000083500000, 0x0000000083600000, 0x0000000083600000|100%| O|  |TAMS 0x0000000083500000, 0x0000000083500000| Untracked 
|  54|0x0000000083600000, 0x0000000083700000, 0x0000000083700000|100%| O|  |TAMS 0x0000000083600000, 0x0000000083600000| Untracked 
|  55|0x0000000083700000, 0x0000000083800000, 0x0000000083800000|100%| O|  |TAMS 0x0000000083700000, 0x0000000083700000| Untracked 
|  56|0x0000000083800000, 0x0000000083900000, 0x0000000083900000|100%| O|  |TAMS 0x0000000083800000, 0x0000000083800000| Untracked 
|  57|0x0000000083900000, 0x0000000083a00000, 0x0000000083a00000|100%| O|  |TAMS 0x0000000083900000, 0x0000000083900000| Untracked 
|  58|0x0000000083a00000, 0x0000000083b00000, 0x0000000083b00000|100%| O|  |TAMS 0x0000000083a00000, 0x0000000083a00000| Untracked 
|  59|0x0000000083b00000, 0x0000000083c00000, 0x0000000083c00000|100%| O|  |TAMS 0x0000000083b00000, 0x0000000083b00000| Untracked 
|  60|0x0000000083c00000, 0x0000000083d00000, 0x0000000083d00000|100%| O|  |TAMS 0x0000000083c00000, 0x0000000083c00000| Untracked 
|  61|0x0000000083d00000, 0x0000000083e00000, 0x0000000083e00000|100%| O|  |TAMS 0x0000000083d00000, 0x0000000083d00000| Untracked 
|  62|0x0000000083e00000, 0x0000000083f00000, 0x0000000083f00000|100%| O|  |TAMS 0x0000000083e00000, 0x0000000083e00000| Untracked 
|  63|0x0000000083f00000, 0x0000000084000000, 0x0000000084000000|100%| O|  |TAMS 0x0000000083f00000, 0x0000000083f00000| Untracked 
|  64|0x0000000084000000, 0x0000000084100000, 0x0000000084100000|100%| O|  |TAMS 0x0000000084000000, 0x0000000084000000| Untracked 
|  65|0x0000000084100000, 0x0000000084200000, 0x0000000084200000|100%| O|  |TAMS 0x0000000084100000, 0x0000000084100000| Untracked 
|  66|0x0000000084200000, 0x0000000084300000, 0x0000000084300000|100%| O|  |TAMS 0x0000000084200000, 0x0000000084200000| Untracked 
|  67|0x0000000084300000, 0x0000000084400000, 0x0000000084400000|100%| O|  |TAMS 0x0000000084300000, 0x0000000084300000| Untracked 
|  68|0x0000000084400000, 0x0000000084500000, 0x0000000084500000|100%| O|  |TAMS 0x0000000084400000, 0x0000000084400000| Untracked 
|  69|0x0000000084500000, 0x0000000084600000, 0x0000000084600000|100%| O|  |TAMS 0x0000000084500000, 0x0000000084500000| Untracked 
|  70|0x0000000084600000, 0x0000000084700000, 0x0000000084700000|100%| O|  |TAMS 0x0000000084600000, 0x0000000084600000| Untracked 
|  71|0x0000000084700000, 0x0000000084800000, 0x0000000084800000|100%| O|  |TAMS 0x0000000084700000, 0x0000000084700000| Untracked 
|  72|0x0000000084800000, 0x0000000084900000, 0x0000000084900000|100%| O|  |TAMS 0x0000000084800000, 0x0000000084800000| Untracked 
|  73|0x0000000084900000, 0x0000000084a00000, 0x0000000084a00000|100%| O|  |TAMS 0x0000000084900000, 0x0000000084900000| Untracked 
|  74|0x0000000084a00000, 0x0000000084b00000, 0x0000000084b00000|100%| O|  |TAMS 0x0000000084a00000, 0x0000000084a00000| Untracked 
|  75|0x0000000084b00000, 0x0000000084c00000, 0x0000000084c00000|100%| O|  |TAMS 0x0000000084b00000, 0x0000000084b00000| Untracked 
|  76|0x0000000084c00000, 0x0000000084d00000, 0x0000000084d00000|100%| O|  |TAMS 0x0000000084c00000, 0x0000000084c00000| Untracked 
|  77|0x0000000084d00000, 0x0000000084e00000, 0x0000000084e00000|100%| O|  |TAMS 0x0000000084d00000, 0x0000000084d00000| Untracked 
|  78|0x0000000084e00000, 0x0000000084f00000, 0x0000000084f00000|100%| O|  |TAMS 0x0000000084e00000, 0x0000000084e00000| Untracked 
|  79|0x0000000084f00000, 0x0000000085000000, 0x0000000085000000|100%| O|  |TAMS 0x0000000084f00000, 0x0000000084f00000| Untracked 
|  80|0x0000000085000000, 0x0000000085100000, 0x0000000085100000|100%| O|  |TAMS 0x0000000085000000, 0x0000000085000000| Untracked 
|  81|0x0000000085100000, 0x0000000085200000, 0x0000000085200000|100%| O|  |TAMS 0x0000000085100000, 0x0000000085100000| Untracked 
|  82|0x0000000085200000, 0x0000000085300000, 0x0000000085300000|100%| O|  |TAMS 0x0000000085200000, 0x0000000085200000| Untracked 
|  83|0x0000000085300000, 0x0000000085400000, 0x0000000085400000|100%| O|  |TAMS 0x0000000085300000, 0x0000000085300000| Untracked 
|  84|0x0000000085400000, 0x0000000085500000, 0x0000000085500000|100%| O|  |TAMS 0x0000000085400000, 0x0000000085400000| Untracked 
|  85|0x0000000085500000, 0x0000000085600000, 0x0000000085600000|100%| O|  |TAMS 0x0000000085500000, 0x0000000085500000| Untracked 
|  86|0x0000000085600000, 0x00000000856d6000, 0x0000000085700000| 83%| O|  |TAMS 0x0000000085600000, 0x0000000085600000| Untracked 
|  87|0x0000000085700000, 0x0000000085700000, 0x0000000085800000|  0%| F|  |TAMS 0x0000000085700000, 0x0000000085700000| Untracked 
|  88|0x0000000085800000, 0x0000000085800000, 0x0000000085900000|  0%| F|  |TAMS 0x0000000085800000, 0x0000000085800000| Untracked 
|  89|0x0000000085900000, 0x0000000085900000, 0x0000000085a00000|  0%| F|  |TAMS 0x0000000085900000, 0x0000000085900000| Untracked 
|  90|0x0000000085a00000, 0x0000000085a00000, 0x0000000085b00000|  0%| F|  |TAMS 0x0000000085a00000, 0x0000000085a00000| Untracked 
|  91|0x0000000085b00000, 0x0000000085b00000, 0x0000000085c00000|  0%| F|  |TAMS 0x0000000085b00000, 0x0000000085b00000| Untracked 
|  92|0x0000000085c00000, 0x0000000085c00000, 0x0000000085d00000|  0%| F|  |TAMS 0x0000000085c00000, 0x0000000085c00000| Untracked 
|  93|0x0000000085d00000, 0x0000000085d00000, 0x0000000085e00000|  0%| F|  |TAMS 0x0000000085d00000, 0x0000000085d00000| Untracked 
|  94|0x0000000085e00000, 0x0000000085e00000, 0x0000000085f00000|  0%| F|  |TAMS 0x0000000085e00000, 0x0000000085e00000| Untracked 
|  95|0x0000000085f00000, 0x0000000085f00000, 0x0000000086000000|  0%| F|  |TAMS 0x0000000085f00000, 0x0000000085f00000| Untracked 
|  96|0x0000000086000000, 0x0000000086000000, 0x0000000086100000|  0%| F|  |TAMS 0x0000000086000000, 0x0000000086000000| Untracked 
|  97|0x0000000086100000, 0x0000000086100000, 0x0000000086200000|  0%| F|  |TAMS 0x0000000086100000, 0x0000000086100000| Untracked 
|  98|0x0000000086200000, 0x0000000086200000, 0x0000000086300000|  0%| F|  |TAMS 0x0000000086200000, 0x0000000086200000| Untracked 
|  99|0x0000000086300000, 0x0000000086300000, 0x0000000086400000|  0%| F|  |TAMS 0x0000000086300000, 0x0000000086300000| Untracked 
| 100|0x0000000086400000, 0x0000000086400000, 0x0000000086500000|  0%| F|  |TAMS 0x0000000086400000, 0x0000000086400000| Untracked 
| 101|0x0000000086500000, 0x0000000086500000, 0x0000000086600000|  0%| F|  |TAMS 0x0000000086500000, 0x0000000086500000| Untracked 
| 102|0x0000000086600000, 0x0000000086600000, 0x0000000086700000|  0%| F|  |TAMS 0x0000000086600000, 0x0000000086600000| Untracked 
| 103|0x0000000086700000, 0x0000000086700000, 0x0000000086800000|  0%| F|  |TAMS 0x0000000086700000, 0x0000000086700000| Untracked 
| 104|0x0000000086800000, 0x0000000086800000, 0x0000000086900000|  0%| F|  |TAMS 0x0000000086800000, 0x0000000086800000| Untracked 
| 105|0x0000000086900000, 0x0000000086900000, 0x0000000086a00000|  0%| F|  |TAMS 0x0000000086900000, 0x0000000086900000| Untracked 
| 106|0x0000000086a00000, 0x0000000086a00000, 0x0000000086b00000|  0%| F|  |TAMS 0x0000000086a00000, 0x0000000086a00000| Untracked 
| 107|0x0000000086b00000, 0x0000000086b00000, 0x0000000086c00000|  0%| F|  |TAMS 0x0000000086b00000, 0x0000000086b00000| Untracked 
| 108|0x0000000086c00000, 0x0000000086c00000, 0x0000000086d00000|  0%| F|  |TAMS 0x0000000086c00000, 0x0000000086c00000| Untracked 
| 109|0x0000000086d00000, 0x0000000086d00000, 0x0000000086e00000|  0%| F|  |TAMS 0x0000000086d00000, 0x0000000086d00000| Untracked 
| 110|0x0000000086e00000, 0x0000000086e00000, 0x0000000086f00000|  0%| F|  |TAMS 0x0000000086e00000, 0x0000000086e00000| Untracked 
| 111|0x0000000086f00000, 0x0000000086f00000, 0x0000000087000000|  0%| F|  |TAMS 0x0000000086f00000, 0x0000000086f00000| Untracked 
| 112|0x0000000087000000, 0x0000000087000000, 0x0000000087100000|  0%| F|  |TAMS 0x0000000087000000, 0x0000000087000000| Untracked 
| 113|0x0000000087100000, 0x0000000087100000, 0x0000000087200000|  0%| F|  |TAMS 0x0000000087100000, 0x0000000087100000| Untracked 
| 114|0x0000000087200000, 0x0000000087200000, 0x0000000087300000|  0%| F|  |TAMS 0x0000000087200000, 0x0000000087200000| Untracked 
| 115|0x0000000087300000, 0x0000000087300000, 0x0000000087400000|  0%| F|  |TAMS 0x0000000087300000, 0x0000000087300000| Untracked 
| 116|0x0000000087400000, 0x0000000087400000, 0x0000000087500000|  0%| F|  |TAMS 0x0000000087400000, 0x0000000087400000| Untracked 
| 117|0x0000000087500000, 0x0000000087500000, 0x0000000087600000|  0%| F|  |TAMS 0x0000000087500000, 0x0000000087500000| Untracked 
| 118|0x0000000087600000, 0x0000000087600000, 0x0000000087700000|  0%| F|  |TAMS 0x0000000087600000, 0x0000000087600000| Untracked 
| 119|0x0000000087700000, 0x0000000087700000, 0x0000000087800000|  0%| F|  |TAMS 0x0000000087700000, 0x0000000087700000| Untracked 
| 120|0x0000000087800000, 0x0000000087800000, 0x0000000087900000|  0%| F|  |TAMS 0x0000000087800000, 0x0000000087800000| Untracked 
| 121|0x0000000087900000, 0x0000000087900000, 0x0000000087a00000|  0%| F|  |TAMS 0x0000000087900000, 0x0000000087900000| Untracked 
| 122|0x0000000087a00000, 0x0000000087a00000, 0x0000000087b00000|  0%| F|  |TAMS 0x0000000087a00000, 0x0000000087a00000| Untracked 
| 123|0x0000000087b00000, 0x0000000087b00000, 0x0000000087c00000|  0%| F|  |TAMS 0x0000000087b00000, 0x0000000087b00000| Untracked 
| 124|0x0000000087c00000, 0x0000000087c00000, 0x0000000087d00000|  0%| F|  |TAMS 0x0000000087c00000, 0x0000000087c00000| Untracked 
| 125|0x0000000087d00000, 0x0000000087d00000, 0x0000000087e00000|  0%| F|  |TAMS 0x0000000087d00000, 0x0000000087d00000| Untracked 
| 126|0x0000000087e00000, 0x0000000087e00000, 0x0000000087f00000|  0%| F|  |TAMS 0x0000000087e00000, 0x0000000087e00000| Untracked 
| 127|0x0000000087f00000, 0x0000000087f00000, 0x0000000088000000|  0%| F|  |TAMS 0x0000000087f00000, 0x0000000087f00000| Untracked 
| 128|0x0000000088000000, 0x0000000088000000, 0x0000000088100000|  0%| F|  |TAMS 0x0000000088000000, 0x0000000088000000| Untracked 
| 129|0x0000000088100000, 0x0000000088100000, 0x0000000088200000|  0%| F|  |TAMS 0x0000000088100000, 0x0000000088100000| Untracked 
| 130|0x0000000088200000, 0x0000000088200000, 0x0000000088300000|  0%| F|  |TAMS 0x0000000088200000, 0x0000000088200000| Untracked 
| 131|0x0000000088300000, 0x0000000088300000, 0x0000000088400000|  0%| F|  |TAMS 0x0000000088300000, 0x0000000088300000| Untracked 
| 132|0x0000000088400000, 0x0000000088400000, 0x0000000088500000|  0%| F|  |TAMS 0x0000000088400000, 0x0000000088400000| Untracked 
| 133|0x0000000088500000, 0x0000000088500000, 0x0000000088600000|  0%| F|  |TAMS 0x0000000088500000, 0x0000000088500000| Untracked 
| 134|0x0000000088600000, 0x0000000088600000, 0x0000000088700000|  0%| F|  |TAMS 0x0000000088600000, 0x0000000088600000| Untracked 
| 135|0x0000000088700000, 0x00000000887eb220, 0x0000000088800000| 91%| S|CS|TAMS 0x0000000088700000, 0x0000000088700000| Complete 
| 136|0x0000000088800000, 0x0000000088900000, 0x0000000088900000|100%| S|CS|TAMS 0x0000000088800000, 0x0000000088800000| Complete 
| 137|0x0000000088900000, 0x0000000088a00000, 0x0000000088a00000|100%| S|CS|TAMS 0x0000000088900000, 0x0000000088900000| Complete 
| 138|0x0000000088a00000, 0x0000000088b00000, 0x0000000088b00000|100%| S|CS|TAMS 0x0000000088a00000, 0x0000000088a00000| Complete 
| 139|0x0000000088b00000, 0x0000000088c00000, 0x0000000088c00000|100%| S|CS|TAMS 0x0000000088b00000, 0x0000000088b00000| Complete 
| 140|0x0000000088c00000, 0x0000000088d00000, 0x0000000088d00000|100%| S|CS|TAMS 0x0000000088c00000, 0x0000000088c00000| Complete 
| 141|0x0000000088d00000, 0x0000000088d00000, 0x0000000088e00000|  0%| F|  |TAMS 0x0000000088d00000, 0x0000000088d00000| Untracked 
| 142|0x0000000088e00000, 0x0000000088e00000, 0x0000000088f00000|  0%| F|  |TAMS 0x0000000088e00000, 0x0000000088e00000| Untracked 
| 143|0x0000000088f00000, 0x0000000088f00000, 0x0000000089000000|  0%| F|  |TAMS 0x0000000088f00000, 0x0000000088f00000| Untracked 
| 144|0x0000000089000000, 0x0000000089000000, 0x0000000089100000|  0%| F|  |TAMS 0x0000000089000000, 0x0000000089000000| Untracked 
| 145|0x0000000089100000, 0x0000000089100000, 0x0000000089200000|  0%| F|  |TAMS 0x0000000089100000, 0x0000000089100000| Untracked 
| 146|0x0000000089200000, 0x0000000089200000, 0x0000000089300000|  0%| F|  |TAMS 0x0000000089200000, 0x0000000089200000| Untracked 
| 147|0x0000000089300000, 0x0000000089400000, 0x0000000089400000|100%| S|CS|TAMS 0x0000000089300000, 0x0000000089300000| Complete 
| 148|0x0000000089400000, 0x0000000089500000, 0x0000000089500000|100%| S|CS|TAMS 0x0000000089400000, 0x0000000089400000| Complete 
| 149|0x0000000089500000, 0x0000000089600000, 0x0000000089600000|100%| S|CS|TAMS 0x0000000089500000, 0x0000000089500000| Complete 
| 150|0x0000000089600000, 0x0000000089700000, 0x0000000089700000|100%| S|CS|TAMS 0x0000000089600000, 0x0000000089600000| Complete 
| 151|0x0000000089700000, 0x0000000089800000, 0x0000000089800000|100%| S|CS|TAMS 0x0000000089700000, 0x0000000089700000| Complete 
| 152|0x0000000089800000, 0x0000000089900000, 0x0000000089900000|100%| S|CS|TAMS 0x0000000089800000, 0x0000000089800000| Complete 
| 153|0x0000000089900000, 0x0000000089a00000, 0x0000000089a00000|100%| S|CS|TAMS 0x0000000089900000, 0x0000000089900000| Complete 
| 154|0x0000000089a00000, 0x0000000089a00000, 0x0000000089b00000|  0%| F|  |TAMS 0x0000000089a00000, 0x0000000089a00000| Untracked 
| 155|0x0000000089b00000, 0x0000000089b00000, 0x0000000089c00000|  0%| F|  |TAMS 0x0000000089b00000, 0x0000000089b00000| Untracked 
| 156|0x0000000089c00000, 0x0000000089c00000, 0x0000000089d00000|  0%| F|  |TAMS 0x0000000089c00000, 0x0000000089c00000| Untracked 
| 157|0x0000000089d00000, 0x0000000089d00000, 0x0000000089e00000|  0%| F|  |TAMS 0x0000000089d00000, 0x0000000089d00000| Untracked 
| 158|0x0000000089e00000, 0x0000000089e00000, 0x0000000089f00000|  0%| F|  |TAMS 0x0000000089e00000, 0x0000000089e00000| Untracked 
| 159|0x0000000089f00000, 0x0000000089f00000, 0x000000008a000000|  0%| F|  |TAMS 0x0000000089f00000, 0x0000000089f00000| Untracked 
| 160|0x000000008a000000, 0x000000008a000000, 0x000000008a100000|  0%| F|  |TAMS 0x000000008a000000, 0x000000008a000000| Untracked 
| 161|0x000000008a100000, 0x000000008a100000, 0x000000008a200000|  0%| F|  |TAMS 0x000000008a100000, 0x000000008a100000| Untracked 
| 162|0x000000008a200000, 0x000000008a200000, 0x000000008a300000|  0%| F|  |TAMS 0x000000008a200000, 0x000000008a200000| Untracked 
| 163|0x000000008a300000, 0x000000008a300000, 0x000000008a400000|  0%| F|  |TAMS 0x000000008a300000, 0x000000008a300000| Untracked 
| 164|0x000000008a400000, 0x000000008a400000, 0x000000008a500000|  0%| F|  |TAMS 0x000000008a400000, 0x000000008a400000| Untracked 
| 165|0x000000008a500000, 0x000000008a500000, 0x000000008a600000|  0%| F|  |TAMS 0x000000008a500000, 0x000000008a500000| Untracked 
| 166|0x000000008a600000, 0x000000008a600000, 0x000000008a700000|  0%| F|  |TAMS 0x000000008a600000, 0x000000008a600000| Untracked 
| 167|0x000000008a700000, 0x000000008a700000, 0x000000008a800000|  0%| F|  |TAMS 0x000000008a700000, 0x000000008a700000| Untracked 
| 168|0x000000008a800000, 0x000000008a800000, 0x000000008a900000|  0%| F|  |TAMS 0x000000008a800000, 0x000000008a800000| Untracked 
| 169|0x000000008a900000, 0x000000008a900000, 0x000000008aa00000|  0%| F|  |TAMS 0x000000008a900000, 0x000000008a900000| Untracked 
| 170|0x000000008aa00000, 0x000000008aa00000, 0x000000008ab00000|  0%| F|  |TAMS 0x000000008aa00000, 0x000000008aa00000| Untracked 
| 171|0x000000008ab00000, 0x000000008ab00000, 0x000000008ac00000|  0%| F|  |TAMS 0x000000008ab00000, 0x000000008ab00000| Untracked 
| 172|0x000000008ac00000, 0x000000008ac00000, 0x000000008ad00000|  0%| F|  |TAMS 0x000000008ac00000, 0x000000008ac00000| Untracked 
| 173|0x000000008ad00000, 0x000000008ad00000, 0x000000008ae00000|  0%| F|  |TAMS 0x000000008ad00000, 0x000000008ad00000| Untracked 
| 174|0x000000008ae00000, 0x000000008ae00000, 0x000000008af00000|  0%| F|  |TAMS 0x000000008ae00000, 0x000000008ae00000| Untracked 
| 175|0x000000008af00000, 0x000000008af00000, 0x000000008b000000|  0%| F|  |TAMS 0x000000008af00000, 0x000000008af00000| Untracked 
| 176|0x000000008b000000, 0x000000008b000000, 0x000000008b100000|  0%| F|  |TAMS 0x000000008b000000, 0x000000008b000000| Untracked 
| 177|0x000000008b100000, 0x000000008b100000, 0x000000008b200000|  0%| F|  |TAMS 0x000000008b100000, 0x000000008b100000| Untracked 
| 178|0x000000008b200000, 0x000000008b200000, 0x000000008b300000|  0%| F|  |TAMS 0x000000008b200000, 0x000000008b200000| Untracked 
| 179|0x000000008b300000, 0x000000008b300000, 0x000000008b400000|  0%| F|  |TAMS 0x000000008b300000, 0x000000008b300000| Untracked 
| 180|0x000000008b400000, 0x000000008b400000, 0x000000008b500000|  0%| F|  |TAMS 0x000000008b400000, 0x000000008b400000| Untracked 
| 181|0x000000008b500000, 0x000000008b500000, 0x000000008b600000|  0%| F|  |TAMS 0x000000008b500000, 0x000000008b500000| Untracked 
| 182|0x000000008b600000, 0x000000008b600000, 0x000000008b700000|  0%| F|  |TAMS 0x000000008b600000, 0x000000008b600000| Untracked 
| 183|0x000000008b700000, 0x000000008b700000, 0x000000008b800000|  0%| F|  |TAMS 0x000000008b700000, 0x000000008b700000| Untracked 
| 184|0x000000008b800000, 0x000000008b800000, 0x000000008b900000|  0%| F|  |TAMS 0x000000008b800000, 0x000000008b800000| Untracked 
| 185|0x000000008b900000, 0x000000008b900000, 0x000000008ba00000|  0%| F|  |TAMS 0x000000008b900000, 0x000000008b900000| Untracked 
| 186|0x000000008ba00000, 0x000000008ba00000, 0x000000008bb00000|  0%| F|  |TAMS 0x000000008ba00000, 0x000000008ba00000| Untracked 
| 187|0x000000008bb00000, 0x000000008bb00000, 0x000000008bc00000|  0%| F|  |TAMS 0x000000008bb00000, 0x000000008bb00000| Untracked 
| 188|0x000000008bc00000, 0x000000008bc00000, 0x000000008bd00000|  0%| F|  |TAMS 0x000000008bc00000, 0x000000008bc00000| Untracked 
| 189|0x000000008bd00000, 0x000000008bd00000, 0x000000008be00000|  0%| F|  |TAMS 0x000000008bd00000, 0x000000008bd00000| Untracked 
| 190|0x000000008be00000, 0x000000008be00000, 0x000000008bf00000|  0%| F|  |TAMS 0x000000008be00000, 0x000000008be00000| Untracked 
| 191|0x000000008bf00000, 0x000000008bf00000, 0x000000008c000000|  0%| F|  |TAMS 0x000000008bf00000, 0x000000008bf00000| Untracked 
| 192|0x000000008c000000, 0x000000008c000000, 0x000000008c100000|  0%| F|  |TAMS 0x000000008c000000, 0x000000008c000000| Untracked 
| 193|0x000000008c100000, 0x000000008c100000, 0x000000008c200000|  0%| F|  |TAMS 0x000000008c100000, 0x000000008c100000| Untracked 
| 194|0x000000008c200000, 0x000000008c200000, 0x000000008c300000|  0%| F|  |TAMS 0x000000008c200000, 0x000000008c200000| Untracked 
| 195|0x000000008c300000, 0x000000008c300000, 0x000000008c400000|  0%| F|  |TAMS 0x000000008c300000, 0x000000008c300000| Untracked 
| 196|0x000000008c400000, 0x000000008c400000, 0x000000008c500000|  0%| F|  |TAMS 0x000000008c400000, 0x000000008c400000| Untracked 
| 197|0x000000008c500000, 0x000000008c500000, 0x000000008c600000|  0%| F|  |TAMS 0x000000008c500000, 0x000000008c500000| Untracked 
| 198|0x000000008c600000, 0x000000008c600000, 0x000000008c700000|  0%| F|  |TAMS 0x000000008c600000, 0x000000008c600000| Untracked 
| 199|0x000000008c700000, 0x000000008c700000, 0x000000008c800000|  0%| F|  |TAMS 0x000000008c700000, 0x000000008c700000| Untracked 
| 200|0x000000008c800000, 0x000000008c800000, 0x000000008c900000|  0%| F|  |TAMS 0x000000008c800000, 0x000000008c800000| Untracked 
| 201|0x000000008c900000, 0x000000008c900000, 0x000000008ca00000|  0%| F|  |TAMS 0x000000008c900000, 0x000000008c900000| Untracked 
| 202|0x000000008ca00000, 0x000000008ca00000, 0x000000008cb00000|  0%| F|  |TAMS 0x000000008ca00000, 0x000000008ca00000| Untracked 
| 203|0x000000008cb00000, 0x000000008cb00000, 0x000000008cc00000|  0%| F|  |TAMS 0x000000008cb00000, 0x000000008cb00000| Untracked 
| 204|0x000000008cc00000, 0x000000008cc00000, 0x000000008cd00000|  0%| F|  |TAMS 0x000000008cc00000, 0x000000008cc00000| Untracked 
| 205|0x000000008cd00000, 0x000000008cd00000, 0x000000008ce00000|  0%| F|  |TAMS 0x000000008cd00000, 0x000000008cd00000| Untracked 
| 206|0x000000008ce00000, 0x000000008ce00000, 0x000000008cf00000|  0%| F|  |TAMS 0x000000008ce00000, 0x000000008ce00000| Untracked 
| 207|0x000000008cf00000, 0x000000008cf00000, 0x000000008d000000|  0%| F|  |TAMS 0x000000008cf00000, 0x000000008cf00000| Untracked 
| 208|0x000000008d000000, 0x000000008d000000, 0x000000008d100000|  0%| F|  |TAMS 0x000000008d000000, 0x000000008d000000| Untracked 
| 209|0x000000008d100000, 0x000000008d100000, 0x000000008d200000|  0%| F|  |TAMS 0x000000008d100000, 0x000000008d100000| Untracked 
| 210|0x000000008d200000, 0x000000008d200000, 0x000000008d300000|  0%| F|  |TAMS 0x000000008d200000, 0x000000008d200000| Untracked 
| 211|0x000000008d300000, 0x000000008d300000, 0x000000008d400000|  0%| F|  |TAMS 0x000000008d300000, 0x000000008d300000| Untracked 
| 212|0x000000008d400000, 0x000000008d400000, 0x000000008d500000|  0%| F|  |TAMS 0x000000008d400000, 0x000000008d400000| Untracked 
| 213|0x000000008d500000, 0x000000008d500000, 0x000000008d600000|  0%| F|  |TAMS 0x000000008d500000, 0x000000008d500000| Untracked 
| 214|0x000000008d600000, 0x000000008d600000, 0x000000008d700000|  0%| F|  |TAMS 0x000000008d600000, 0x000000008d600000| Untracked 
| 215|0x000000008d700000, 0x000000008d70c780, 0x000000008d800000|  5%| E|  |TAMS 0x000000008d700000, 0x000000008d700000| Complete 
| 216|0x000000008d800000, 0x000000008d900000, 0x000000008d900000|100%| E|CS|TAMS 0x000000008d800000, 0x000000008d800000| Complete 
| 217|0x000000008d900000, 0x000000008da00000, 0x000000008da00000|100%| E|CS|TAMS 0x000000008d900000, 0x000000008d900000| Complete 
| 218|0x000000008da00000, 0x000000008db00000, 0x000000008db00000|100%| E|CS|TAMS 0x000000008da00000, 0x000000008da00000| Complete 
| 219|0x000000008db00000, 0x000000008dc00000, 0x000000008dc00000|100%| E|CS|TAMS 0x000000008db00000, 0x000000008db00000| Complete 
| 220|0x000000008dc00000, 0x000000008dd00000, 0x000000008dd00000|100%| E|CS|TAMS 0x000000008dc00000, 0x000000008dc00000| Complete 
| 221|0x000000008dd00000, 0x000000008de00000, 0x000000008de00000|100%| E|CS|TAMS 0x000000008dd00000, 0x000000008dd00000| Complete 
| 222|0x000000008de00000, 0x000000008df00000, 0x000000008df00000|100%| E|CS|TAMS 0x000000008de00000, 0x000000008de00000| Complete 
| 223|0x000000008df00000, 0x000000008e000000, 0x000000008e000000|100%| E|CS|TAMS 0x000000008df00000, 0x000000008df00000| Complete 
| 224|0x000000008e000000, 0x000000008e100000, 0x000000008e100000|100%| E|CS|TAMS 0x000000008e000000, 0x000000008e000000| Complete 
| 225|0x000000008e100000, 0x000000008e200000, 0x000000008e200000|100%| E|CS|TAMS 0x000000008e100000, 0x000000008e100000| Complete 
| 226|0x000000008e200000, 0x000000008e300000, 0x000000008e300000|100%| E|CS|TAMS 0x000000008e200000, 0x000000008e200000| Complete 
| 227|0x000000008e300000, 0x000000008e400000, 0x000000008e400000|100%| E|CS|TAMS 0x000000008e300000, 0x000000008e300000| Complete 
| 228|0x000000008e400000, 0x000000008e500000, 0x000000008e500000|100%| E|CS|TAMS 0x000000008e400000, 0x000000008e400000| Complete 
| 229|0x000000008e500000, 0x000000008e600000, 0x000000008e600000|100%| E|CS|TAMS 0x000000008e500000, 0x000000008e500000| Complete 
| 230|0x000000008e600000, 0x000000008e700000, 0x000000008e700000|100%| E|CS|TAMS 0x000000008e600000, 0x000000008e600000| Complete 
| 231|0x000000008e700000, 0x000000008e800000, 0x000000008e800000|100%| E|  |TAMS 0x000000008e700000, 0x000000008e700000| Complete 
| 232|0x000000008e800000, 0x000000008e900000, 0x000000008e900000|100%| E|CS|TAMS 0x000000008e800000, 0x000000008e800000| Complete 
| 233|0x000000008e900000, 0x000000008ea00000, 0x000000008ea00000|100%| E|CS|TAMS 0x000000008e900000, 0x000000008e900000| Complete 
| 234|0x000000008ea00000, 0x000000008eb00000, 0x000000008eb00000|100%| E|CS|TAMS 0x000000008ea00000, 0x000000008ea00000| Complete 
| 235|0x000000008eb00000, 0x000000008ec00000, 0x000000008ec00000|100%| E|CS|TAMS 0x000000008eb00000, 0x000000008eb00000| Complete 
| 236|0x000000008ec00000, 0x000000008ed00000, 0x000000008ed00000|100%| E|CS|TAMS 0x000000008ec00000, 0x000000008ec00000| Complete 
| 237|0x000000008ed00000, 0x000000008ee00000, 0x000000008ee00000|100%| E|CS|TAMS 0x000000008ed00000, 0x000000008ed00000| Complete 
| 238|0x000000008ee00000, 0x000000008ef00000, 0x000000008ef00000|100%| E|CS|TAMS 0x000000008ee00000, 0x000000008ee00000| Complete 
| 239|0x000000008ef00000, 0x000000008f000000, 0x000000008f000000|100%| E|CS|TAMS 0x000000008ef00000, 0x000000008ef00000| Complete 
| 240|0x000000008f000000, 0x000000008f100000, 0x000000008f100000|100%| E|CS|TAMS 0x000000008f000000, 0x000000008f000000| Complete 
| 241|0x000000008f100000, 0x000000008f200000, 0x000000008f200000|100%| E|CS|TAMS 0x000000008f100000, 0x000000008f100000| Complete 
| 242|0x000000008f200000, 0x000000008f300000, 0x000000008f300000|100%| E|CS|TAMS 0x000000008f200000, 0x000000008f200000| Complete 
| 243|0x000000008f300000, 0x000000008f400000, 0x000000008f400000|100%| E|CS|TAMS 0x000000008f300000, 0x000000008f300000| Complete 
| 244|0x000000008f400000, 0x000000008f500000, 0x000000008f500000|100%| E|CS|TAMS 0x000000008f400000, 0x000000008f400000| Complete 
| 245|0x000000008f500000, 0x000000008f600000, 0x000000008f600000|100%| E|CS|TAMS 0x000000008f500000, 0x000000008f500000| Complete 
| 246|0x000000008f600000, 0x000000008f700000, 0x000000008f700000|100%| E|CS|TAMS 0x000000008f600000, 0x000000008f600000| Complete 
| 247|0x000000008f700000, 0x000000008f800000, 0x000000008f800000|100%| E|CS|TAMS 0x000000008f700000, 0x000000008f700000| Complete 
| 248|0x000000008f800000, 0x000000008f900000, 0x000000008f900000|100%| E|CS|TAMS 0x000000008f800000, 0x000000008f800000| Complete 
| 249|0x000000008f900000, 0x000000008fa00000, 0x000000008fa00000|100%| E|CS|TAMS 0x000000008f900000, 0x000000008f900000| Complete 
| 250|0x000000008fa00000, 0x000000008fb00000, 0x000000008fb00000|100%| E|CS|TAMS 0x000000008fa00000, 0x000000008fa00000| Complete 
| 251|0x000000008fb00000, 0x000000008fc00000, 0x000000008fc00000|100%| E|CS|TAMS 0x000000008fb00000, 0x000000008fb00000| Complete 
| 252|0x000000008fc00000, 0x000000008fd00000, 0x000000008fd00000|100%| E|CS|TAMS 0x000000008fc00000, 0x000000008fc00000| Complete 
| 253|0x000000008fd00000, 0x000000008fe00000, 0x000000008fe00000|100%| E|CS|TAMS 0x000000008fd00000, 0x000000008fd00000| Complete 
| 254|0x000000008fe00000, 0x000000008ff00000, 0x000000008ff00000|100%| E|CS|TAMS 0x000000008fe00000, 0x000000008fe00000| Complete 
| 255|0x000000008ff00000, 0x0000000090000000, 0x0000000090000000|100%| E|CS|TAMS 0x000000008ff00000, 0x000000008ff00000| Complete 

Card table byte_map: [0x000001be50680000,0x000001be50a80000] _byte_map_base: 0x000001be50280000

Marking Bits (Prev, Next): (CMBitMap*) 0x000001be3d47ec58, (CMBitMap*) 0x000001be3d47ec90
 Prev Bits: [0x000001be50e80000, 0x000001be52e80000)
 Next Bits: [0x000001be52e80000, 0x000001be54e80000)

Polling page: 0x000001be3cc20000

Metaspace:

Usage:
  Non-class:     82.49 MB capacity,    80.88 MB ( 98%) used,     1.33 MB (  2%) free+waste,   281.69 KB ( <1%) overhead. 
      Class:     13.10 MB capacity,    12.16 MB ( 93%) used,   843.43 KB (  6%) free+waste,   126.81 KB ( <1%) overhead. 
       Both:     95.59 MB capacity,    93.04 MB ( 97%) used,     2.15 MB (  2%) free+waste,   408.50 KB ( <1%) overhead. 

Virtual space:
  Non-class space:       84.00 MB reserved,      82.67 MB ( 98%) committed 
      Class space:        1.00 GB reserved,      13.13 MB (  1%) committed 
             Both:        1.08 GB reserved,      95.79 MB (  9%) committed 

Chunk freelists:
   Non-Class:  58.00 KB
       Class:  21.00 KB
        Both:  79.00 KB

MaxMetaspaceSize: 17179869184.00 GB
CompressedClassSpaceSize: 1.00 GB
Initial GC threshold: 20.80 MB
Current GC threshold: 113.41 MB
CDS: off

CodeHeap 'non-profiled nmethods': size=120000Kb used=7249Kb max_used=7249Kb free=112750Kb
 bounds [0x000001be48a20000, 0x000001be49140000, 0x000001be4ff50000]
CodeHeap 'profiled nmethods': size=120000Kb used=25339Kb max_used=25339Kb free=94660Kb
 bounds [0x000001be414f0000, 0x000001be42db0000, 0x000001be48a20000]
CodeHeap 'non-nmethods': size=5760Kb used=2402Kb max_used=2439Kb free=3358Kb
 bounds [0x000001be40f50000, 0x000001be411c0000, 0x000001be414f0000]
 total_blobs=12640 nmethods=11714 adapters=838
 compilation: enabled
              stopped_count=0, restarted_count=0
 full_count=0

Compilation events (20 events):
Event: 15.517 Thread 0x000001be5816f800 nmethod 11789 0x000001be4912cc10 code [0x000001be4912ce40, 0x000001be4912db58]
Event: 15.517 Thread 0x000001be5816f800 11750       4       org.gradle.internal.Try$Success::map (14 bytes)
Event: 15.520 Thread 0x000001be581b9000 11802       3       com.google.common.collect.TransformedIterator::hasNext (10 bytes)
Event: 15.520 Thread 0x000001be581b9000 nmethod 11802 0x000001be42da5b10 code [0x000001be42da5cc0, 0x000001be42da5e88]
Event: 15.520 Thread 0x000001be5816f800 nmethod 11750 0x000001be4912e290 code [0x000001be4912e440, 0x000001be4912e628]
Event: 15.520 Thread 0x000001be5816f800 11792       4       com.google.common.collect.RegularImmutableSortedSet::size (8 bytes)
Event: 15.521 Thread 0x000001be5816f800 nmethod 11792 0x000001be4912e790 code [0x000001be4912e920, 0x000001be4912e9d8]
Event: 15.522 Thread 0x000001be5816f800 11721       4       com.google.common.collect.ObjectArrays::checkElementNotNull (36 bytes)
Event: 15.522 Thread 0x000001be5816f800 nmethod 11721 0x000001be4912eb10 code [0x000001be4912eca0, 0x000001be4912ecf8]
Event: 15.522 Thread 0x000001be5816f800 11693       4       com.google.common.collect.ImmutableList::listIterator (14 bytes)
Event: 15.525 Thread 0x000001be5816f800 nmethod 11693 0x000001be4912ee10 code [0x000001be4912efc0, 0x000001be4912f1d8]
Event: 15.525 Thread 0x000001be5816f800 11698       4       org.gradle.internal.snapshot.impl.HashCodeSnapshot::equals (6 bytes)
Event: 15.528 Thread 0x000001be5816f800 nmethod 11698 0x000001be4912f390 code [0x000001be4912f540, 0x000001be4912f7b8]
Event: 15.529 Thread 0x000001be5816f800 11777       4       java.util.stream.MatchOps$MatchOp::evaluateSequential (7 bytes)
Event: 15.530 Thread 0x000001be581b9000 11805       3       com.google.common.collect.ForwardingObject::<init> (5 bytes)
Event: 15.530 Thread 0x000001be581b9000 nmethod 11805 0x000001be42da5f90 code [0x000001be42da6140, 0x000001be42da6298]
Event: 15.531 Thread 0x000001be581b9000 11806       3       com.google.common.collect.AbstractIterator::<init> (12 bytes)
Event: 15.532 Thread 0x000001be581b9000 nmethod 11806 0x000001be42da6390 code [0x000001be42da6560, 0x000001be42da6798]
Event: 15.534 Thread 0x000001be581b9000 11807       3       com.google.common.collect.Iterators::filter (20 bytes)
Event: 15.534 Thread 0x000001be581b9000 nmethod 11807 0x000001be42da6890 code [0x000001be42da6aa0, 0x000001be42da7138]

GC Heap History (20 events):
Event: 5.934 GC heap before
{Heap before GC invocations=6 (full 0):
 garbage-first heap   total 262144K, used 150350K [0x0000000080000000, 0x0000000100000000)
  region size 1024K, 128 young (131072K), 6 survivors (6144K)
 Metaspace       used 45328K, capacity 46519K, committed 46720K, reserved 1089536K
  class space    used 5830K, capacity 6232K, committed 6272K, reserved 1048576K
}
Event: 5.946 GC heap after
{Heap after GC invocations=7 (full 0):
 garbage-first heap   total 262144K, used 30266K [0x0000000080000000, 0x0000000100000000)
  region size 1024K, 13 young (13312K), 13 survivors (13312K)
 Metaspace       used 45328K, capacity 46519K, committed 46720K, reserved 1089536K
  class space    used 5830K, capacity 6232K, committed 6272K, reserved 1048576K
}
Event: 7.566 GC heap before
{Heap before GC invocations=7 (full 0):
 garbage-first heap   total 262144K, used 180794K [0x0000000080000000, 0x0000000100000000)
  region size 1024K, 153 young (156672K), 13 survivors (13312K)
 Metaspace       used 54439K, capacity 55903K, committed 55936K, reserved 1097728K
  class space    used 6976K, capacity 7526K, committed 7552K, reserved 1048576K
}
Event: 7.585 GC heap after
{Heap after GC invocations=8 (full 0):
 garbage-first heap   total 262144K, used 52206K [0x0000000080000000, 0x0000000100000000)
  region size 1024K, 20 young (20480K), 20 survivors (20480K)
 Metaspace       used 54439K, capacity 55903K, committed 55936K, reserved 1097728K
  class space    used 6976K, capacity 7526K, committed 7552K, reserved 1048576K
}
Event: 7.940 GC heap before
{Heap before GC invocations=8 (full 0):
 garbage-first heap   total 262144K, used 78830K [0x0000000080000000, 0x0000000100000000)
  region size 1024K, 47 young (48128K), 20 survivors (20480K)
 Metaspace       used 58306K, capacity 59832K, committed 59948K, reserved 1101824K
  class space    used 7444K, capacity 8001K, committed 8064K, reserved 1048576K
}
Event: 7.970 GC heap after
{Heap after GC invocations=9 (full 0):
 garbage-first heap   total 262144K, used 55227K [0x0000000080000000, 0x0000000100000000)
  region size 1024K, 3 young (3072K), 3 survivors (3072K)
 Metaspace       used 58306K, capacity 59832K, committed 59948K, reserved 1101824K
  class space    used 7444K, capacity 8001K, committed 8064K, reserved 1048576K
}
Event: 9.313 GC heap before
{Heap before GC invocations=10 (full 0):
 garbage-first heap   total 262144K, used 152507K [0x0000000080000000, 0x0000000100000000)
  region size 1024K, 98 young (100352K), 3 survivors (3072K)
 Metaspace       used 67604K, capacity 69244K, committed 69420K, reserved 1110016K
  class space    used 8609K, capacity 9223K, committed 9344K, reserved 1048576K
}
Event: 9.321 GC heap after
{Heap after GC invocations=11 (full 0):
 garbage-first heap   total 262144K, used 59855K [0x0000000080000000, 0x0000000100000000)
  region size 1024K, 8 young (8192K), 8 survivors (8192K)
 Metaspace       used 67604K, capacity 69244K, committed 69420K, reserved 1110016K
  class space    used 8609K, capacity 9223K, committed 9344K, reserved 1048576K
}
Event: 10.436 GC heap before
{Heap before GC invocations=12 (full 0):
 garbage-first heap   total 262144K, used 162255K [0x0000000080000000, 0x0000000100000000)
  region size 1024K, 108 young (110592K), 8 survivors (8192K)
 Metaspace       used 74214K, capacity 76028K, committed 76332K, reserved 1116160K
  class space    used 9637K, capacity 10278K, committed 10368K, reserved 1048576K
}
Event: 10.449 GC heap after
{Heap after GC invocations=13 (full 0):
 garbage-first heap   total 262144K, used 67330K [0x0000000080000000, 0x0000000100000000)
  region size 1024K, 14 young (14336K), 14 survivors (14336K)
 Metaspace       used 74214K, capacity 76028K, committed 76332K, reserved 1116160K
  class space    used 9637K, capacity 10278K, committed 10368K, reserved 1048576K
}
Event: 11.613 GC heap before
{Heap before GC invocations=13 (full 0):
 garbage-first heap   total 262144K, used 172802K [0x0000000080000000, 0x0000000100000000)
  region size 1024K, 117 young (119808K), 14 survivors (14336K)
 Metaspace       used 81823K, capacity 83735K, committed 83756K, reserved 1122304K
  class space    used 10714K, capacity 11391K, committed 11392K, reserved 1048576K
}
Event: 11.628 GC heap after
{Heap after GC invocations=14 (full 0):
 garbage-first heap   total 262144K, used 74132K [0x0000000080000000, 0x0000000100000000)
  region size 1024K, 14 young (14336K), 14 survivors (14336K)
 Metaspace       used 81823K, capacity 83735K, committed 83756K, reserved 1122304K
  class space    used 10714K, capacity 11391K, committed 11392K, reserved 1048576K
}
Event: 12.874 GC heap before
{Heap before GC invocations=14 (full 0):
 garbage-first heap   total 262144K, used 179604K [0x0000000080000000, 0x0000000100000000)
  region size 1024K, 118 young (120832K), 14 survivors (14336K)
 Metaspace       used 86319K, capacity 88695K, committed 88748K, reserved 1126400K
  class space    used 11358K, capacity 12238K, committed 12288K, reserved 1048576K
}
Event: 12.896 GC heap after
{Heap after GC invocations=15 (full 0):
 garbage-first heap   total 262144K, used 83703K [0x0000000080000000, 0x0000000100000000)
  region size 1024K, 15 young (15360K), 15 survivors (15360K)
 Metaspace       used 86319K, capacity 88695K, committed 88748K, reserved 1126400K
  class space    used 11358K, capacity 12238K, committed 12288K, reserved 1048576K
}
Event: 13.657 GC heap before
{Heap before GC invocations=15 (full 0):
 garbage-first heap   total 262144K, used 187127K [0x0000000080000000, 0x0000000100000000)
  region size 1024K, 117 young (119808K), 15 survivors (15360K)
 Metaspace       used 87244K, capacity 89661K, committed 89900K, reserved 1126400K
  class space    used 11406K, capacity 12295K, committed 12416K, reserved 1048576K
}
Event: 13.675 GC heap after
{Heap after GC invocations=16 (full 0):
 garbage-first heap   total 262144K, used 91376K [0x0000000080000000, 0x0000000100000000)
  region size 1024K, 10 young (10240K), 10 survivors (10240K)
 Metaspace       used 87244K, capacity 89661K, committed 89900K, reserved 1126400K
  class space    used 11406K, capacity 12295K, committed 12416K, reserved 1048576K
}
Event: 14.326 GC heap before
{Heap before GC invocations=16 (full 0):
 garbage-first heap   total 262144K, used 193776K [0x0000000080000000, 0x0000000100000000)
  region size 1024K, 111 young (113664K), 10 survivors (10240K)
 Metaspace       used 90250K, capacity 92604K, committed 92716K, reserved 1130496K
  class space    used 11812K, capacity 12662K, committed 12672K, reserved 1048576K
}
Event: 14.338 GC heap after
{Heap after GC invocations=17 (full 0):
 garbage-first heap   total 262144K, used 96087K [0x0000000080000000, 0x0000000100000000)
  region size 1024K, 7 young (7168K), 7 survivors (7168K)
 Metaspace       used 90250K, capacity 92604K, committed 92716K, reserved 1130496K
  class space    used 11812K, capacity 12662K, committed 12672K, reserved 1048576K
}
Event: 15.406 GC heap before
{Heap before GC invocations=17 (full 0):
 garbage-first heap   total 262144K, used 198487K [0x0000000080000000, 0x0000000100000000)
  region size 1024K, 108 young (110592K), 7 survivors (7168K)
 Metaspace       used 95233K, capacity 97688K, committed 97836K, reserved 1134592K
  class space    used 12447K, capacity 13418K, committed 13440K, reserved 1048576K
}
Event: 15.420 GC heap after
{Heap after GC invocations=18 (full 0):
 garbage-first heap   total 262144K, used 102148K [0x0000000080000000, 0x0000000100000000)
  region size 1024K, 13 young (13312K), 13 survivors (13312K)
 Metaspace       used 95233K, capacity 97688K, committed 97836K, reserved 1134592K
  class space    used 12447K, capacity 13418K, committed 13440K, reserved 1048576K
}

Deoptimization events (20 events):
Event: 15.361 Thread 0x000001be5af09000 DEOPT PACKING pc=0x000001be42b06f55 sp=0x000000ad63afcb50
Event: 15.362 Thread 0x000001be5af09000 DEOPT UNPACKING pc=0x000001be40f9a95e sp=0x000000ad63afc070 mode 0
Event: 15.362 Thread 0x000001be5b89c800 DEOPT PACKING pc=0x000001be42d4bdc4 sp=0x000000ad628fbff0
Event: 15.362 Thread 0x000001be5b89c800 DEOPT UNPACKING pc=0x000001be40f9a95e sp=0x000000ad628fb590 mode 0
Event: 15.379 Thread 0x000001be5efe4000 DEOPT PACKING pc=0x000001be42d4bdc4 sp=0x000000ad606fc690
Event: 15.379 Thread 0x000001be5efe4000 DEOPT UNPACKING pc=0x000001be40f9a95e sp=0x000000ad606fbc30 mode 0
Event: 15.381 Thread 0x000001be5b892800 DEOPT PACKING pc=0x000001be42d6f78e sp=0x000000ad61ffd160
Event: 15.381 Thread 0x000001be5b892800 DEOPT UNPACKING pc=0x000001be40f9a95e sp=0x000000ad61ffc620 mode 0
Event: 15.421 Thread 0x000001be5bd3d000 DEOPT PACKING pc=0x000001be42d4bdc4 sp=0x000000ad5ddfd690
Event: 15.421 Thread 0x000001be5bd3d000 DEOPT UNPACKING pc=0x000001be40f9a95e sp=0x000000ad5ddfcc30 mode 0
Event: 15.437 Thread 0x000001be5bd39000 DEOPT PACKING pc=0x000001be42d4bdc4 sp=0x000000ad5dffc200
Event: 15.437 Thread 0x000001be5bd39000 DEOPT UNPACKING pc=0x000001be40f9a95e sp=0x000000ad5dffb7a0 mode 0
Event: 15.487 Thread 0x000001be5b895000 DEOPT PACKING pc=0x000001be42d4bdc4 sp=0x000000ad618fd3b0
Event: 15.487 Thread 0x000001be5b895000 DEOPT UNPACKING pc=0x000001be40f9a95e sp=0x000000ad618fc950 mode 0
Event: 15.511 Thread 0x000001be5be1c000 DEOPT PACKING pc=0x000001be42d4bdc4 sp=0x000000ad5f3fc3c0
Event: 15.511 Thread 0x000001be5be1c000 DEOPT UNPACKING pc=0x000001be40f9a95e sp=0x000000ad5f3fb960 mode 0
Event: 15.526 Thread 0x000001be5b89c800 DEOPT PACKING pc=0x000001be42d4bdc4 sp=0x000000ad628fd410
Event: 15.526 Thread 0x000001be5be1c000 DEOPT PACKING pc=0x000001be42d4bdc4 sp=0x000000ad5f3fd850
Event: 15.526 Thread 0x000001be5b89c800 DEOPT UNPACKING pc=0x000001be40f9a95e sp=0x000000ad628fc9b0 mode 0
Event: 15.526 Thread 0x000001be5be1c000 DEOPT UNPACKING pc=0x000001be40f9a95e sp=0x000000ad5f3fcdf0 mode 0

Classes redefined (0 events):
No events

Internal exceptions (20 events):
Event: 12.774 Thread 0x000001be5be3d000 Implicit null exception at 0x000001be48fb587b to 0x000001be48fb6083
Event: 13.357 Thread 0x000001be5eff0000 Implicit null exception at 0x000001be4900af0f to 0x000001be4900b6e0
Event: 13.357 Thread 0x000001be5bd41000 Implicit null exception at 0x000001be4900af0f to 0x000001be4900b6e0
Event: 13.704 Thread 0x000001be5be40000 Exception <a 'java/lang/NoSuchMethodError'{0x000000008fd8b8e0}: <clinit>> (0x000000008fd8b8e0) thrown at [./src/hotspot/share/prims/jni.cpp, line 1365]
Event: 13.704 Thread 0x000001be5be40000 Exception <a 'java/lang/NoSuchMethodError'{0x000000008fd8cee8}: <clinit>> (0x000000008fd8cee8) thrown at [./src/hotspot/share/prims/jni.cpp, line 1365]
Event: 13.705 Thread 0x000001be5be40000 Exception <a 'java/lang/NoSuchMethodError'{0x000000008fd8fad8}: <clinit>> (0x000000008fd8fad8) thrown at [./src/hotspot/share/prims/jni.cpp, line 1365]
Event: 13.707 Thread 0x000001be5be40000 Exception <a 'java/lang/NoSuchMethodError'{0x000000008fda68f0}: <clinit>> (0x000000008fda68f0) thrown at [./src/hotspot/share/prims/jni.cpp, line 1365]
Event: 13.707 Thread 0x000001be5be40000 Exception <a 'java/lang/NoSuchMethodError'{0x000000008fda7b28}: <clinit>> (0x000000008fda7b28) thrown at [./src/hotspot/share/prims/jni.cpp, line 1365]
Event: 14.880 Thread 0x000001be5be40000 Implicit null exception at 0x000001be48ef8fac to 0x000001be48ef8feb
Event: 14.929 Thread 0x000001be5be40000 Exception <a 'java/lang/NoSuchMethodError'{0x000000008d1e3178}: 'int java.lang.invoke.DirectMethodHandle$Holder.invokeSpecial(java.lang.Object, java.lang.Object, java.lang.Object, java.lang.Object, java.lang.Object)'> (0x000000008d1e3178) thrown at [./src/hotspot/share/interpreter/linkResolver.cpp, line 773]
Event: 15.138 Thread 0x000001be5be40000 Implicit null exception at 0x000001be48b39c94 to 0x000001be48b3a1c4
Event: 15.204 Thread 0x000001be5be40000 Exception <a 'java/lang/NoSuchMethodError'{0x000000008c3d6800}: <clinit>> (0x000000008c3d6800) thrown at [./src/hotspot/share/prims/jni.cpp, line 1365]
Event: 15.205 Thread 0x000001be5be40000 Exception <a 'java/lang/NoSuchMethodError'{0x000000008c3f3568}: <clinit>> (0x000000008c3f3568) thrown at [./src/hotspot/share/prims/jni.cpp, line 1365]
Event: 15.205 Thread 0x000001be5be40000 Exception <a 'java/lang/NoSuchMethodError'{0x000000008c3f4de0}: <clinit>> (0x000000008c3f4de0) thrown at [./src/hotspot/share/prims/jni.cpp, line 1365]
Event: 15.210 Thread 0x000001be5be40000 Exception <a 'java/lang/NoSuchMethodError'{0x000000008c24c778}: <clinit>> (0x000000008c24c778) thrown at [./src/hotspot/share/prims/jni.cpp, line 1365]
Event: 15.380 Thread 0x000001be5af09000 Exception <a 'java/lang/NoSuchMethodError'{0x000000008a1937d8}: 'void java.lang.invoke.DirectMethodHandle$Holder.invokeStatic(java.lang.Object, long)'> (0x000000008a1937d8) thrown at [./src/hotspot/share/interpreter/linkResolver.cpp, line 773]
Event: 15.380 Thread 0x000001be5af09000 Exception <a 'java/lang/NoSuchMethodError'{0x0000000089fc6578}: 'java.lang.Object java.lang.invoke.DirectMethodHandle$Holder.invokeStatic(java.lang.Object, long)'> (0x0000000089fc6578) thrown at [./src/hotspot/share/interpreter/linkResolver.cpp, line 773]
Event: 15.382 Thread 0x000001be5af09000 Exception <a 'java/lang/NoSuchMethodError'{0x0000000089e170c0}: 'java.lang.Object java.lang.invoke.DirectMethodHandle$Holder.invokeStaticInit(java.lang.Object, java.lang.Object, long, java.lang.Object)'> (0x0000000089e170c0) thrown at [./src/hotspot/share/interpreter/linkResolver.cpp, line 773]
Event: 15.383 Thread 0x000001be5af09000 Exception <a 'java/lang/NoSuchMethodError'{0x0000000089e83e30}: 'java.lang.Object java.lang.invoke.DirectMethodHandle$Holder.invokeStatic(java.lang.Object, java.lang.Object, long)'> (0x0000000089e83e30) thrown at [./src/hotspot/share/interpreter/linkResolver.cpp, line 773]
Event: 15.383 Thread 0x000001be5af09000 Exception <a 'java/lang/NoSuchMethodError'{0x0000000089e95ec0}: 'java.lang.Object java.lang.invoke.Invokers$Holder.linkToTargetMethod(java.lang.Object, long, java.lang.Object)'> (0x0000000089e95ec0) thrown at [./src/hotspot/share/interpreter/linkResolver.cpp, line 773]

Events (20 events):
Event: 15.388 loading class kotlin/concurrent/ThreadsKt done
Event: 15.388 loading class kotlin/concurrent/ThreadsKt
Event: 15.388 loading class kotlin/concurrent/ThreadsKt done
Event: 15.389 loading class kotlin/concurrent/ThreadsKt$thread$thread$1
Event: 15.389 loading class kotlin/concurrent/ThreadsKt$thread$thread$1 done
Event: 15.389 Thread 0x000001be5af14800 Thread added: 0x000001be5af14800
Event: 15.400 loading class org/jetbrains/kotlin/daemon/client/KotlinCompilerClient$startDaemon$stdoutThread$1$1
Event: 15.400 loading class org/jetbrains/kotlin/daemon/client/KotlinCompilerClient$startDaemon$stdoutThread$1$1 done
Event: 15.401 loading class kotlin/io/LinesSequence
Event: 15.401 loading class kotlin/io/LinesSequence done
Event: 15.401 loading class kotlin/io/LinesSequence$iterator$1
Event: 15.401 loading class kotlin/io/LinesSequence$iterator$1 done
Event: 15.405 Executing VM operation: G1CollectForAllocation
Event: 15.420 Executing VM operation: G1CollectForAllocation done
Event: 15.481 loading class org/gradle/api/internal/file/FileCollectionFactory
Event: 15.481 loading class org/gradle/api/internal/file/FileCollectionFactory done
Event: 15.481 loading class org/gradle/api/file/FileCollection
Event: 15.481 loading class org/gradle/api/file/FileCollection done
Event: 15.481 loading class org/gradle/api/internal/file/FileCollectionFactory
Event: 15.481 loading class org/gradle/api/internal/file/FileCollectionFactory done


Dynamic libraries:
0x00007ff747b00000 - 0x00007ff747b0a000 	C:\Program Files\Android\Android Studio\jre\bin\java.exe
0x00007ffc37dd0000 - 0x00007ffc37fc8000 	C:\Windows\SYSTEM32\ntdll.dll
0x00007ffc37cd0000 - 0x00007ffc37d8d000 	C:\Windows\System32\KERNEL32.DLL
0x00007ffc35800000 - 0x00007ffc35ace000 	C:\Windows\System32\KERNELBASE.dll
0x00007ffc35c30000 - 0x00007ffc35d30000 	C:\Windows\System32\ucrtbase.dll
0x00007ffc29420000 - 0x00007ffc29437000 	C:\Program Files\Android\Android Studio\jre\bin\VCRUNTIME140.dll
0x00007ffc1c770000 - 0x00007ffc1c789000 	C:\Program Files\Android\Android Studio\jre\bin\jli.dll
0x00007ffc36420000 - 0x00007ffc365c0000 	C:\Windows\System32\USER32.dll
0x00007ffc35d30000 - 0x00007ffc35d52000 	C:\Windows\System32\win32u.dll
0x00007ffc18110000 - 0x00007ffc183aa000 	C:\Windows\WinSxS\amd64_microsoft.windows.common-controls_6595b64144ccf1df_6.0.19041.1110_none_60b5254171f9507e\COMCTL32.dll
0x00007ffc37a10000 - 0x00007ffc37a3a000 	C:\Windows\System32\GDI32.dll
0x00007ffc36ff0000 - 0x00007ffc3708e000 	C:\Windows\System32\msvcrt.dll
0x00007ffc35ad0000 - 0x00007ffc35bdb000 	C:\Windows\System32\gdi32full.dll
0x00007ffc35d90000 - 0x00007ffc35e2d000 	C:\Windows\System32\msvcp_win.dll
0x00007ffc37a40000 - 0x00007ffc37a70000 	C:\Windows\System32\IMM32.DLL
0x00007ffc072c0000 - 0x00007ffc0735d000 	C:\Program Files\Android\Android Studio\jre\bin\msvcp140.dll
0x00007ffbd8980000 - 0x00007ffbd9465000 	C:\Program Files\Android\Android Studio\jre\bin\server\jvm.dll
0x00007ffc365c0000 - 0x00007ffc3666e000 	C:\Windows\System32\ADVAPI32.dll
0x00007ffc36800000 - 0x00007ffc3689c000 	C:\Windows\System32\sechost.dll
0x00007ffc360e0000 - 0x00007ffc36205000 	C:\Windows\System32\RPCRT4.dll
0x00007ffc360d0000 - 0x00007ffc360d8000 	C:\Windows\System32\PSAPI.DLL
0x00007ffc183b0000 - 0x00007ffc183d7000 	C:\Windows\SYSTEM32\WINMM.dll
0x00007ffc2c680000 - 0x00007ffc2c68a000 	C:\Windows\SYSTEM32\VERSION.dll
0x00007ffc2c810000 - 0x00007ffc2c819000 	C:\Windows\SYSTEM32\WSOCK32.dll
0x00007ffc36670000 - 0x00007ffc366db000 	C:\Windows\System32\WS2_32.dll
0x00007ffc33db0000 - 0x00007ffc33dc2000 	C:\Windows\SYSTEM32\kernel.appcore.dll
0x00007ffc2c7f0000 - 0x00007ffc2c801000 	C:\Program Files\Android\Android Studio\jre\bin\verify.dll
0x00007ffc2f710000 - 0x00007ffc2f8f4000 	C:\Windows\SYSTEM32\DBGHELP.DLL
0x00007ffc1da30000 - 0x00007ffc1da5c000 	C:\Windows\SYSTEM32\dbgcore.DLL
0x00007ffc356c0000 - 0x00007ffc35742000 	C:\Windows\System32\bcryptPrimitives.dll
0x00007ffc2c250000 - 0x00007ffc2c279000 	C:\Program Files\Android\Android Studio\jre\bin\java.dll
0x00007ffc2da70000 - 0x00007ffc2da7b000 	C:\Program Files\Android\Android Studio\jre\bin\jimage.dll
0x00007ffc2b970000 - 0x00007ffc2b988000 	C:\Program Files\Android\Android Studio\jre\bin\zip.dll
0x00007ffc368a0000 - 0x00007ffc36fe4000 	C:\Windows\System32\SHELL32.dll
0x00007ffc33520000 - 0x00007ffc33cb4000 	C:\Windows\SYSTEM32\windows.storage.dll
0x00007ffc37240000 - 0x00007ffc37594000 	C:\Windows\System32\combase.dll
0x00007ffc34f50000 - 0x00007ffc34f80000 	C:\Windows\SYSTEM32\Wldp.dll
0x00007ffc36750000 - 0x00007ffc367fd000 	C:\Windows\System32\SHCORE.dll
0x00007ffc366e0000 - 0x00007ffc36735000 	C:\Windows\System32\shlwapi.dll
0x00007ffc35430000 - 0x00007ffc3544f000 	C:\Windows\SYSTEM32\profapi.dll
0x00007ffc2b8c0000 - 0x00007ffc2b8da000 	C:\Program Files\Android\Android Studio\jre\bin\net.dll
0x00007ffc21bc0000 - 0x00007ffc21cca000 	C:\Windows\SYSTEM32\WINHTTP.dll
0x00007ffc34cb0000 - 0x00007ffc34d1a000 	C:\Windows\system32\mswsock.dll
0x00007ffc2ac00000 - 0x00007ffc2ac14000 	C:\Program Files\Android\Android Studio\jre\bin\nio.dll
0x00007ffc1c830000 - 0x00007ffc1c857000 	C:\Users\me182\.gradle\native\e1d6ef7f7dcc3fd88c89a11ec53ec762bb8ba0a96d01ffa2cd45eb1d1d8dd5c5\windows-amd64\native-platform.dll
0x00007ffbf37f0000 - 0x00007ffbf3934000 	C:\Users\me182\.gradle\native\5664cfc778a61ccfe75a443a1ab52a65af34e5dc3c78e0209fed803814484fcb\windows-amd64\native-platform-file-events.dll
0x00007ffc2da40000 - 0x00007ffc2da4a000 	C:\Program Files\Android\Android Studio\jre\bin\management.dll
0x00007ffc2c960000 - 0x00007ffc2c96d000 	C:\Program Files\Android\Android Studio\jre\bin\management_ext.dll
0x00007ffc34ea0000 - 0x00007ffc34eb8000 	C:\Windows\SYSTEM32\CRYPTSP.dll
0x00007ffc345c0000 - 0x00007ffc345f4000 	C:\Windows\system32\rsaenh.dll
0x00007ffc35d60000 - 0x00007ffc35d87000 	C:\Windows\System32\bcrypt.dll
0x00007ffc353f0000 - 0x00007ffc3541e000 	C:\Windows\SYSTEM32\USERENV.dll
0x00007ffc34ec0000 - 0x00007ffc34ecc000 	C:\Windows\SYSTEM32\CRYPTBASE.dll
0x00007ffc34950000 - 0x00007ffc3498b000 	C:\Windows\SYSTEM32\IPHLPAPI.DLL
0x00007ffc37ad0000 - 0x00007ffc37ad8000 	C:\Windows\System32\NSI.dll
0x00007ffc29660000 - 0x00007ffc29677000 	C:\Windows\SYSTEM32\dhcpcsvc6.DLL
0x00007ffc2a580000 - 0x00007ffc2a59d000 	C:\Windows\SYSTEM32\dhcpcsvc.DLL
0x00007ffc349a0000 - 0x00007ffc34a6a000 	C:\Windows\SYSTEM32\DNSAPI.dll
0x00007ffc0d850000 - 0x00007ffc0d86e000 	C:\Users\me182\AppData\Local\Temp\native-platform3127869724675921758dir\native-platform.dll

dbghelp: loaded successfully - version: 4.0.5 - missing functions: none
symbol engine: initialized successfully - sym options: 0x614 - pdb path: .;C:\Program Files\Android\Android Studio\jre\bin;C:\Windows\SYSTEM32;C:\Windows\WinSxS\amd64_microsoft.windows.common-controls_6595b64144ccf1df_6.0.19041.1110_none_60b5254171f9507e;C:\Program Files\Android\Android Studio\jre\bin\server;C:\Users\me182\.gradle\native\e1d6ef7f7dcc3fd88c89a11ec53ec762bb8ba0a96d01ffa2cd45eb1d1d8dd5c5\windows-amd64;C:\Users\me182\.gradle\native\5664cfc778a61ccfe75a443a1ab52a65af34e5dc3c78e0209fed803814484fcb\windows-amd64;C:\Users\me182\AppData\Local\Temp\native-platform3127869724675921758dir

VM Arguments:
jvm_args: --add-opens=java.base/java.util=ALL-UNNAMED --add-opens=java.base/java.lang=ALL-UNNAMED --add-opens=java.base/java.lang.invoke=ALL-UNNAMED --add-opens=java.base/java.util=ALL-UNNAMED --add-opens=java.prefs/java.util.prefs=ALL-UNNAMED --add-opens=java.prefs/java.util.prefs=ALL-UNNAMED --add-opens=java.base/java.nio.charset=ALL-UNNAMED --add-opens=java.base/java.net=ALL-UNNAMED --add-opens=java.base/java.util.concurrent.atomic=ALL-UNNAMED -Xmx2048m -Dfile.encoding=UTF-8 -Duser.country=US -Duser.language=en -Duser.variant 
java_command: org.gradle.launcher.daemon.bootstrap.GradleDaemon 7.3.3
java_class_path (initial): C:\Users\me182\.gradle\wrapper\dists\gradle-7.3.3-bin\6a41zxkdtcxs8rphpq6y0069z\gradle-7.3.3\lib\gradle-launcher-7.3.3.jar
Launcher Type: SUN_STANDARD

[Global flags]
     intx CICompilerCount                          = 4                                         {product} {ergonomic}
     uint ConcGCThreads                            = 2                                         {product} {ergonomic}
     uint G1ConcRefinementThreads                  = 8                                         {product} {ergonomic}
   size_t G1HeapRegionSize                         = 1048576                                   {product} {ergonomic}
    uintx GCDrainStackTargetSize                   = 64                                        {product} {ergonomic}
   size_t InitialHeapSize                          = 268435456                                 {product} {ergonomic}
   size_t MarkStackSize                            = 4194304                                   {product} {ergonomic}
   size_t MaxHeapSize                              = 2147483648                                {product} {command line}
   size_t MaxNewSize                               = 1287651328                                {product} {ergonomic}
   size_t MinHeapDeltaBytes                        = 1048576                                   {product} {ergonomic}
    uintx NonNMethodCodeHeapSize                   = 5836300                                {pd product} {ergonomic}
    uintx NonProfiledCodeHeapSize                  = 122910970                              {pd product} {ergonomic}
    uintx ProfiledCodeHeapSize                     = 122910970                              {pd product} {ergonomic}
    uintx ReservedCodeCacheSize                    = 251658240                              {pd product} {ergonomic}
     bool SegmentedCodeCache                       = true                                      {product} {ergonomic}
     bool UseCompressedClassPointers               = true                                 {lp64_product} {ergonomic}
     bool UseCompressedOops                        = true                                 {lp64_product} {ergonomic}
     bool UseG1GC                                  = true                                      {product} {ergonomic}
     bool UseLargePagesIndividualAllocation        = false                                  {pd product} {ergonomic}

Logging:
Log output configuration:
 #0: stdout all=warning uptime,level,tags
 #1: stderr all=off uptime,level,tags

Environment Variables:
JAVA_HOME=C:\Program Files\Java\jre1.8.0_333\bin
PATH=C:\Users\me182\AppData\Local\Programs\Python\Python310\Scripts\;C:\Users\me182\AppData\Local\Programs\Python\Python310\;C:\Program Files\Common Files\Oracle\Java\javapath;C:\Program Files (x86)\Common Files\Oracle\Java\javapath;C:\Windows\system32;C:\Windows;C:\Windows\System32\Wbem;C:\Windows\System32\WindowsPowerShell\v1.0\;C:\Windows\System32\OpenSSH\;C:\Program Files\Git\cmd;D:\flutter\bin;D:\New Folder\runtime\win64;D:\New Folder\bin;C:\Program Files\nodejs\;C:\ProgramData\chocolatey\bin;C:\Program Files\Java\jdk-18.0.1.1\bin;C:\Program Files\Java\jre1.8.0_333\bin;C:\Users\me182\AppData\Local\Android\Sdk;C:\Users\me182\AppData\Local\Microsoft\WindowsApps;C:\Users\me182\AppData\Local\Programs\Microsoft VS Code\bin;C:\Program Files\JetBrains\PyCharm 2021.3\bin;;D:\flutter\bin;C:\Users\me182\AppData\Roaming\npm;C:\Program Files\Java\jdk-18.0.1.1\bin;C:\Program Files\Java\jre1.8.0_333\bin;C:\Users\me182\AppData\Local\Android\Sdk;
USERNAME=me182
OS=Windows_NT
PROCESSOR_IDENTIFIER=Intel64 Family 6 Model 94 Stepping 3, GenuineIntel



---------------  S Y S T E M  ---------------

OS: Windows 10 , 64 bit Build 19041 (10.0.19041.1889)
OS uptime: 0 days 11:38 hours
Hyper-V role detected

CPU:total 8 (initial active 8) (4 cores per cpu, 2 threads per core) family 6 model 94 stepping 3 microcode 0xd4, cmov, cx8, fxsr, mmx, sse, sse2, sse3, ssse3, sse4.1, sse4.2, popcnt, avx, avx2, aes, clmul, erms, rtm, 3dnowpref, lzcnt, ht, tsc, tscinvbit, bmi1, bmi2, adx, fma

Memory: 4k page, system-wide physical 16263M (892M free)
TotalPageFile size 32522M (AvailPageFile size 28M)
current process WorkingSet (physical memory assigned to process): 544M, peak: 559M
current process commit charge ("private bytes"): 593M, peak: 599M

vm_info: OpenJDK 64-Bit Server VM (11.0.12+7-b1504.28-7817840) for windows-amd64 JRE (11.0.12+7-b1504.28-7817840), built on Oct 13 2021 22:12:33 by "builder" with MS VC++ 14.0 (VS2015)

END.
