#
# There is insufficient memory for the Java Runtime Environment to continue.
# Native memory allocation (malloc) failed to allocate 656496 bytes for Chunk::new
# Possible reasons:
#   The system is out of physical RAM or swap space
#   The process is running with CompressedOops enabled, and the Java Heap may be blocking the growth of the native heap
# Possible solutions:
#   Reduce memory load on the system
#   Increase physical memory or swap space
#   Check if swap backing store is full
#   Decrease Java heap size (-Xmx/-Xms)
#   Decrease number of Java threads
#   Decrease Java thread stack sizes (-Xss)
#   Set larger code cache with -XX:ReservedCodeCacheSize=
#   JVM is running with Unscaled Compressed Oops mode in which the Java heap is
#     placed in the first 4GB address space. The Java Heap base address is the
#     maximum limit for the native heap growth. Please use -XX:HeapBaseMinAddress
#     to set the Java Heap base and to place the Java Heap above 4GB virtual address.
# This output file may be truncated or incomplete.
#
#  Out of Memory Error (./src/hotspot/share/memory/arena.cpp:197), pid=17308, tid=21072
#
# JRE version: OpenJDK Runtime Environment (11.0.12+7) (build 11.0.12+7-b1504.28-7817840)
# Java VM: OpenJDK 64-Bit Server VM (11.0.12+7-b1504.28-7817840, mixed mode, tiered, compressed oops, g1 gc, windows-amd64)
# No core dump will be written. Minidumps are not enabled by default on client versions of Windows
#

---------------  S U M M A R Y ------------

Command Line: --add-opens=java.base/java.util=ALL-UNNAMED --add-opens=java.base/java.lang=ALL-UNNAMED --add-opens=java.base/java.lang.invoke=ALL-UNNAMED --add-opens=java.base/java.util=ALL-UNNAMED --add-opens=java.prefs/java.util.prefs=ALL-UNNAMED --add-opens=java.prefs/java.util.prefs=ALL-UNNAMED --add-opens=java.base/java.nio.charset=ALL-UNNAMED --add-opens=java.base/java.net=ALL-UNNAMED --add-opens=java.base/java.util.concurrent.atomic=ALL-UNNAMED -Xmx2048m -Dfile.encoding=UTF-8 -Duser.country=GB -Duser.language=en -Duser.variant org.gradle.launcher.daemon.bootstrap.GradleDaemon 7.3.3

Host: Intel(R) Core(TM) i5-1035G1 CPU @ 1.00GHz, 8 cores, 7G,  Windows 10 , 64 bit Build 19041 (10.0.19041.1806)
Time: Sun Aug  7 20:20:46 2022 Egypt Standard Time elapsed time: 72.667563 seconds (0d 0h 1m 12s)

---------------  T H R E A D  ---------------

Current thread (0x00000175768aa000):  JavaThread "C2 CompilerThread0" daemon [_thread_in_native, id=21072, stack(0x0000000a70a00000,0x0000000a70b00000)]


Current CompileTask:
C2:  72667 5537       4       java.lang.PublicMethods::merge (81 bytes)

Stack: [0x0000000a70a00000,0x0000000a70b00000]
Native frames: (J=compiled Java code, j=interpreted, Vv=VM code, C=native code)
V  [jvm.dll+0x5fbcea]
V  [jvm.dll+0x731905]
V  [jvm.dll+0x732f1d]
V  [jvm.dll+0x7335d3]
V  [jvm.dll+0x247bf8]
V  [jvm.dll+0xc018c]
V  [jvm.dll+0xc06cc]
V  [jvm.dll+0x35b31d]
V  [jvm.dll+0x328803]
V  [jvm.dll+0x327cfa]
V  [jvm.dll+0x200602]
V  [jvm.dll+0x1ff794]
V  [jvm.dll+0x18868c]
V  [jvm.dll+0x20e0d7]
V  [jvm.dll+0x20c901]
V  [jvm.dll+0x6f9b7f]
V  [jvm.dll+0x6f26a5]
V  [jvm.dll+0x5fabf6]
C  [ucrtbase.dll+0x21bb2]
C  [KERNEL32.DLL+0x17034]
C  [ntdll.dll+0x52651]


---------------  P R O C E S S  ---------------

Threads class SMR info:
_java_thread_list=0x000001757bd2a600, length=120, elements={
0x000001755a448000, 0x0000017576883000, 0x0000017576886800, 0x0000017577212800,
0x000001757689e000, 0x000001757689f000, 0x00000175768aa000, 0x00000175768ae000,
0x00000175768b0000, 0x000001757737a000, 0x000001757861f000, 0x0000017578b85000,
0x0000017577f6c000, 0x000001757887e800, 0x000001757887f000, 0x00000175791cb000,
0x00000175784aa800, 0x0000017577266000, 0x00000175772de800, 0x00000175772dc800,
0x00000175772df000, 0x00000175772dd800, 0x00000175772e0000, 0x00000175772e0800,
0x00000175772db000, 0x00000175772e1800, 0x00000175772dc000, 0x000001757b324800,
0x000001757b329000, 0x000001757b323800, 0x000001757b32b000, 0x000001757b325000,
0x000001757b327800, 0x000001757b328800, 0x000001757b32a000, 0x000001757b326000,
0x000001757b32e000, 0x000001757b32f000, 0x000001757b32c800, 0x000001757b331800,
0x000001757b332000, 0x000001757b330800, 0x000001757b32d800, 0x000001757b330000,
0x00000175797bb800, 0x00000175797b8000, 0x00000175797bd000, 0x00000175797ba000,
0x00000175797ba800, 0x00000175797bc800, 0x00000175797b7800, 0x00000175797be000,
0x00000175797bf000, 0x00000175797b9000, 0x00000175797c3000, 0x00000175797c3800,
0x00000175797bf800, 0x00000175797c1000, 0x00000175797c2000, 0x00000175797c5800,
0x00000175797c6000, 0x00000175797c0800, 0x00000175797c4800, 0x0000017577758000,
0x0000017577759000, 0x0000017577759800, 0x0000017577755800, 0x000001757775a800,
0x0000017577757000, 0x0000017577756800, 0x0000017577755000, 0x0000017577760000,
0x000001757775b800, 0x000001757775d000, 0x000001757775e000, 0x0000017577762000,
0x000001757775e800, 0x000001757775c000, 0x0000017577761000, 0x0000017577763800,
0x0000017577762800, 0x000001757775f800, 0x0000017577dda000, 0x0000017577dda800,
0x0000017577ddb800, 0x0000017577ddc800, 0x0000017577ddd000, 0x0000017577dde000,
0x0000017577dd9000, 0x0000017577dd8800, 0x0000017577de0800, 0x0000017577ddf800,
0x0000017577de1800, 0x0000017577de2000, 0x0000017577de3000, 0x0000017577de3800,
0x0000017577de4800, 0x0000017577ddf000, 0x0000017577de5800, 0x0000017577de7000,
0x0000017577de6000, 0x000001757a06f800, 0x000001757a06a800, 0x000001757a06d800,
0x000001757a06e800, 0x000001757a069800, 0x000001757a06c000, 0x000001757a071000,
0x000001757a06d000, 0x000001757a070000, 0x000001757a06b000, 0x000001757a075000,
0x000001757a071800, 0x000001757a072800, 0x000001757a076800, 0x000001757a077800,
0x000001757a078800, 0x000001757a073800, 0x000001757a076000, 0x000001757a074000
}

Java Threads: ( => current thread )
  0x000001755a448000 JavaThread "main" [_thread_blocked, id=9428, stack(0x0000000a6fe00000,0x0000000a6ff00000)]
  0x0000017576883000 JavaThread "Reference Handler" daemon [_thread_blocked, id=9912, stack(0x0000000a70500000,0x0000000a70600000)]
  0x0000017576886800 JavaThread "Finalizer" daemon [_thread_blocked, id=2752, stack(0x0000000a70600000,0x0000000a70700000)]
  0x0000017577212800 JavaThread "Signal Dispatcher" daemon [_thread_blocked, id=8944, stack(0x0000000a70700000,0x0000000a70800000)]
  0x000001757689e000 JavaThread "Attach Listener" daemon [_thread_blocked, id=8656, stack(0x0000000a70800000,0x0000000a70900000)]
  0x000001757689f000 JavaThread "Service Thread" daemon [_thread_blocked, id=5640, stack(0x0000000a70900000,0x0000000a70a00000)]
=>0x00000175768aa000 JavaThread "C2 CompilerThread0" daemon [_thread_in_native, id=21072, stack(0x0000000a70a00000,0x0000000a70b00000)]
  0x00000175768ae000 JavaThread "C1 CompilerThread0" daemon [_thread_blocked, id=18984, stack(0x0000000a70b00000,0x0000000a70c00000)]
  0x00000175768b0000 JavaThread "Sweeper thread" daemon [_thread_blocked, id=7144, stack(0x0000000a70c00000,0x0000000a70d00000)]
  0x000001757737a000 JavaThread "Common-Cleaner" daemon [_thread_blocked, id=22292, stack(0x0000000a70d00000,0x0000000a70e00000)]
  0x000001757861f000 JavaThread "Daemon health stats" [_thread_blocked, id=7716, stack(0x0000000a71100000,0x0000000a71200000)]
  0x0000017578b85000 JavaThread "Incoming local TCP Connector on port 50872" [_thread_in_native, id=11476, stack(0x0000000a71200000,0x0000000a71300000)]
  0x0000017577f6c000 JavaThread "Daemon periodic checks" [_thread_blocked, id=19000, stack(0x0000000a71300000,0x0000000a71400000)]
  0x000001757887e800 JavaThread "Daemon" [_thread_blocked, id=19508, stack(0x0000000a71400000,0x0000000a71500000)]
  0x000001757887f000 JavaThread "Handler for socket connection from /127.0.0.1:50872 to /127.0.0.1:50874" [_thread_in_native, id=14876, stack(0x0000000a71500000,0x0000000a71600000)]
  0x00000175791cb000 JavaThread "Cancel handler" [_thread_blocked, id=20068, stack(0x0000000a71600000,0x0000000a71700000)]
  0x00000175784aa800 JavaThread "Daemon worker" [_thread_blocked, id=17748, stack(0x0000000a71700000,0x0000000a71800000)]
  0x0000017577266000 JavaThread "Asynchronous log dispatcher for DefaultDaemonConnection: socket connection from /127.0.0.1:50872 to /127.0.0.1:50874" [_thread_blocked, id=20776, stack(0x0000000a71800000,0x0000000a71900000)]
  0x00000175772de800 JavaThread "Daemon client event forwarder" [_thread_blocked, id=11816, stack(0x0000000a71a00000,0x0000000a71b00000)]
  0x00000175772dc800 JavaThread "Cache worker for journal cache (C:\Users\cc\.gradle\caches\journal-1)" [_thread_blocked, id=12604, stack(0x0000000a72000000,0x0000000a72100000)]
  0x00000175772df000 JavaThread "File lock request listener" [_thread_in_native, id=21736, stack(0x0000000a72100000,0x0000000a72200000)]
  0x00000175772dd800 JavaThread "Cache worker for file hash cache (C:\Users\cc\.gradle\caches\7.3.3\fileHashes)" [_thread_blocked, id=20736, stack(0x0000000a72200000,0x0000000a72300000)]
  0x00000175772e0000 JavaThread "Cache worker for file hash cache (C:\Users\cc\Projects\MyTrainApp\.gradle\7.3.3\fileHashes)" [_thread_blocked, id=3992, stack(0x0000000a72400000,0x0000000a72500000)]
  0x00000175772e0800 JavaThread "File watcher server" daemon [_thread_in_native, id=18392, stack(0x0000000a72500000,0x0000000a72600000)]
  0x00000175772db000 JavaThread "File watcher consumer" daemon [_thread_blocked, id=15308, stack(0x0000000a72600000,0x0000000a72700000)]
  0x00000175772e1800 JavaThread "Cache worker for checksums cache (C:\Users\cc\Projects\MyTrainApp\.gradle\7.3.3\checksums)" [_thread_blocked, id=3764, stack(0x0000000a72700000,0x0000000a72800000)]
  0x00000175772dc000 JavaThread "Cache worker for cache directory md-supplier (C:\Users\cc\.gradle\caches\7.3.3\md-supplier)" [_thread_blocked, id=4812, stack(0x0000000a72800000,0x0000000a72900000)]
  0x000001757b324800 JavaThread "Cache worker for cache directory md-rule (C:\Users\cc\.gradle\caches\7.3.3\md-rule)" [_thread_blocked, id=21128, stack(0x0000000a72900000,0x0000000a72a00000)]
  0x000001757b329000 JavaThread "Cache worker for execution history cache (C:\Users\cc\.gradle\caches\7.3.3\executionHistory)" [_thread_blocked, id=6504, stack(0x0000000a72a00000,0x0000000a72b00000)]
  0x000001757b323800 JavaThread "jar transforms" [_thread_blocked, id=19248, stack(0x0000000a72b00000,0x0000000a72c00000)]
  0x000001757b32b000 JavaThread "jar transforms Thread 2" [_thread_blocked, id=18644, stack(0x0000000a72c00000,0x0000000a72d00000)]
  0x000001757b325000 JavaThread "Cache worker for file content cache (C:\Users\cc\.gradle\caches\7.3.3\fileContent)" [_thread_blocked, id=21960, stack(0x0000000a72d00000,0x0000000a72e00000)]
  0x000001757b327800 JavaThread "Cache worker for dependencies-accessors (C:\Users\cc\Projects\MyTrainApp\.gradle\7.3.3\dependencies-accessors)" [_thread_blocked, id=16792, stack(0x0000000a72e00000,0x0000000a72f00000)]
  0x000001757b328800 JavaThread "jar transforms Thread 3" [_thread_blocked, id=11344, stack(0x0000000a72f00000,0x0000000a73000000)]
  0x000001757b32a000 JavaThread "Cache worker for Build Output Cleanup Cache (C:\Users\cc\Projects\MyTrainApp\.gradle\buildOutputCleanup)" [_thread_blocked, id=18344, stack(0x0000000a73000000,0x0000000a73100000)]
  0x000001757b326000 JavaThread "Unconstrained build operations" [_thread_blocked, id=9472, stack(0x0000000a73100000,0x0000000a73200000)]
  0x000001757b32e000 JavaThread "Unconstrained build operations Thread 2" [_thread_blocked, id=18652, stack(0x0000000a73200000,0x0000000a73300000)]
  0x000001757b32f000 JavaThread "Unconstrained build operations Thread 3" [_thread_blocked, id=8492, stack(0x0000000a73300000,0x0000000a73400000)]
  0x000001757b32c800 JavaThread "Unconstrained build operations Thread 4" [_thread_blocked, id=18228, stack(0x0000000a73400000,0x0000000a73500000)]
  0x000001757b331800 JavaThread "Unconstrained build operations Thread 5" [_thread_blocked, id=10484, stack(0x0000000a73500000,0x0000000a73600000)]
  0x000001757b332000 JavaThread "Unconstrained build operations Thread 6" [_thread_blocked, id=8344, stack(0x0000000a73600000,0x0000000a73700000)]
  0x000001757b330800 JavaThread "Unconstrained build operations Thread 7" [_thread_blocked, id=8200, stack(0x0000000a73700000,0x0000000a73800000)]
  0x000001757b32d800 JavaThread "Unconstrained build operations Thread 8" [_thread_blocked, id=16756, stack(0x0000000a73800000,0x0000000a73900000)]
  0x000001757b330000 JavaThread "Unconstrained build operations Thread 9" [_thread_blocked, id=13616, stack(0x0000000a73900000,0x0000000a73a00000)]
  0x00000175797bb800 JavaThread "Unconstrained build operations Thread 10" [_thread_blocked, id=22244, stack(0x0000000a73a00000,0x0000000a73b00000)]
  0x00000175797b8000 JavaThread "Unconstrained build operations Thread 11" [_thread_blocked, id=14208, stack(0x0000000a73b00000,0x0000000a73c00000)]
  0x00000175797bd000 JavaThread "Unconstrained build operations Thread 12" [_thread_blocked, id=17176, stack(0x0000000a73c00000,0x0000000a73d00000)]
  0x00000175797ba000 JavaThread "Unconstrained build operations Thread 13" [_thread_blocked, id=7892, stack(0x0000000a73d00000,0x0000000a73e00000)]
  0x00000175797ba800 JavaThread "Unconstrained build operations Thread 14" [_thread_blocked, id=5076, stack(0x0000000a73e00000,0x0000000a73f00000)]
  0x00000175797bc800 JavaThread "Unconstrained build operations Thread 15" [_thread_blocked, id=16680, stack(0x0000000a73f00000,0x0000000a74000000)]
  0x00000175797b7800 JavaThread "Unconstrained build operations Thread 16" [_thread_blocked, id=21952, stack(0x0000000a74000000,0x0000000a74100000)]
  0x00000175797be000 JavaThread "Unconstrained build operations Thread 17" [_thread_blocked, id=8788, stack(0x0000000a74100000,0x0000000a74200000)]
  0x00000175797bf000 JavaThread "Unconstrained build operations Thread 18" [_thread_blocked, id=8984, stack(0x0000000a74200000,0x0000000a74300000)]
  0x00000175797b9000 JavaThread "Unconstrained build operations Thread 19" [_thread_blocked, id=20368, stack(0x0000000a74300000,0x0000000a74400000)]
  0x00000175797c3000 JavaThread "Unconstrained build operations Thread 20" [_thread_blocked, id=12396, stack(0x0000000a74400000,0x0000000a74500000)]
  0x00000175797c3800 JavaThread "Unconstrained build operations Thread 21" [_thread_blocked, id=7616, stack(0x0000000a74500000,0x0000000a74600000)]
  0x00000175797bf800 JavaThread "Unconstrained build operations Thread 22" [_thread_blocked, id=7640, stack(0x0000000a74600000,0x0000000a74700000)]
  0x00000175797c1000 JavaThread "Unconstrained build operations Thread 23" [_thread_blocked, id=12368, stack(0x0000000a74700000,0x0000000a74800000)]
  0x00000175797c2000 JavaThread "Unconstrained build operations Thread 24" [_thread_blocked, id=13940, stack(0x0000000a74800000,0x0000000a74900000)]
  0x00000175797c5800 JavaThread "Unconstrained build operations Thread 25" [_thread_blocked, id=20044, stack(0x0000000a74900000,0x0000000a74a00000)]
  0x00000175797c6000 JavaThread "Unconstrained build operations Thread 26" [_thread_blocked, id=7324, stack(0x0000000a74a00000,0x0000000a74b00000)]
  0x00000175797c0800 JavaThread "Unconstrained build operations Thread 27" [_thread_blocked, id=8272, stack(0x0000000a74b00000,0x0000000a74c00000)]
  0x00000175797c4800 JavaThread "Unconstrained build operations Thread 28" [_thread_blocked, id=14260, stack(0x0000000a74c00000,0x0000000a74d00000)]
  0x0000017577758000 JavaThread "Unconstrained build operations Thread 29" [_thread_blocked, id=17376, stack(0x0000000a74d00000,0x0000000a74e00000)]
  0x0000017577759000 JavaThread "Unconstrained build operations Thread 30" [_thread_blocked, id=20708, stack(0x0000000a74e00000,0x0000000a74f00000)]
  0x0000017577759800 JavaThread "Unconstrained build operations Thread 31" [_thread_blocked, id=17104, stack(0x0000000a74f00000,0x0000000a75000000)]
  0x0000017577755800 JavaThread "Unconstrained build operations Thread 32" [_thread_blocked, id=18888, stack(0x0000000a75000000,0x0000000a75100000)]
  0x000001757775a800 JavaThread "Unconstrained build operations Thread 33" [_thread_blocked, id=15444, stack(0x0000000a75100000,0x0000000a75200000)]
  0x0000017577757000 JavaThread "Unconstrained build operations Thread 34" [_thread_blocked, id=14108, stack(0x0000000a75200000,0x0000000a75300000)]
  0x0000017577756800 JavaThread "Unconstrained build operations Thread 35" [_thread_blocked, id=21984, stack(0x0000000a75300000,0x0000000a75400000)]
  0x0000017577755000 JavaThread "Unconstrained build operations Thread 36" [_thread_blocked, id=17400, stack(0x0000000a75400000,0x0000000a75500000)]
  0x0000017577760000 JavaThread "Unconstrained build operations Thread 37" [_thread_blocked, id=18348, stack(0x0000000a75500000,0x0000000a75600000)]
  0x000001757775b800 JavaThread "Unconstrained build operations Thread 38" [_thread_blocked, id=1048, stack(0x0000000a75600000,0x0000000a75700000)]
  0x000001757775d000 JavaThread "Unconstrained build operations Thread 39" [_thread_blocked, id=11640, stack(0x0000000a75700000,0x0000000a75800000)]
  0x000001757775e000 JavaThread "Unconstrained build operations Thread 40" [_thread_blocked, id=10564, stack(0x0000000a75800000,0x0000000a75900000)]
  0x0000017577762000 JavaThread "Unconstrained build operations Thread 41" [_thread_blocked, id=16364, stack(0x0000000a75900000,0x0000000a75a00000)]
  0x000001757775e800 JavaThread "Unconstrained build operations Thread 42" [_thread_blocked, id=8056, stack(0x0000000a75a00000,0x0000000a75b00000)]
  0x000001757775c000 JavaThread "Unconstrained build operations Thread 43" [_thread_blocked, id=5540, stack(0x0000000a75b00000,0x0000000a75c00000)]
  0x0000017577761000 JavaThread "Unconstrained build operations Thread 44" [_thread_blocked, id=2952, stack(0x0000000a75c00000,0x0000000a75d00000)]
  0x0000017577763800 JavaThread "Unconstrained build operations Thread 45" [_thread_blocked, id=15744, stack(0x0000000a75d00000,0x0000000a75e00000)]
  0x0000017577762800 JavaThread "Unconstrained build operations Thread 46" [_thread_blocked, id=13008, stack(0x0000000a75e00000,0x0000000a75f00000)]
  0x000001757775f800 JavaThread "Unconstrained build operations Thread 47" [_thread_blocked, id=12048, stack(0x0000000a75f00000,0x0000000a76000000)]
  0x0000017577dda000 JavaThread "Unconstrained build operations Thread 48" [_thread_blocked, id=20212, stack(0x0000000a76000000,0x0000000a76100000)]
  0x0000017577dda800 JavaThread "Unconstrained build operations Thread 49" [_thread_blocked, id=16260, stack(0x0000000a76100000,0x0000000a76200000)]
  0x0000017577ddb800 JavaThread "Unconstrained build operations Thread 50" [_thread_blocked, id=20980, stack(0x0000000a76200000,0x0000000a76300000)]
  0x0000017577ddc800 JavaThread "Unconstrained build operations Thread 51" [_thread_blocked, id=9724, stack(0x0000000a76300000,0x0000000a76400000)]
  0x0000017577ddd000 JavaThread "Unconstrained build operations Thread 52" [_thread_blocked, id=13188, stack(0x0000000a76400000,0x0000000a76500000)]
  0x0000017577dde000 JavaThread "Unconstrained build operations Thread 53" [_thread_blocked, id=8816, stack(0x0000000a76500000,0x0000000a76600000)]
  0x0000017577dd9000 JavaThread "Unconstrained build operations Thread 54" [_thread_blocked, id=11560, stack(0x0000000a76600000,0x0000000a76700000)]
  0x0000017577dd8800 JavaThread "Unconstrained build operations Thread 55" [_thread_blocked, id=1028, stack(0x0000000a76700000,0x0000000a76800000)]
  0x0000017577de0800 JavaThread "Unconstrained build operations Thread 56" [_thread_blocked, id=21388, stack(0x0000000a76800000,0x0000000a76900000)]
  0x0000017577ddf800 JavaThread "Unconstrained build operations Thread 57" [_thread_blocked, id=8468, stack(0x0000000a76900000,0x0000000a76a00000)]
  0x0000017577de1800 JavaThread "Unconstrained build operations Thread 58" [_thread_blocked, id=21228, stack(0x0000000a76a00000,0x0000000a76b00000)]
  0x0000017577de2000 JavaThread "Unconstrained build operations Thread 59" [_thread_blocked, id=16576, stack(0x0000000a76b00000,0x0000000a76c00000)]
  0x0000017577de3000 JavaThread "Unconstrained build operations Thread 60" [_thread_blocked, id=12044, stack(0x0000000a76c00000,0x0000000a76d00000)]
  0x0000017577de3800 JavaThread "Unconstrained build operations Thread 61" [_thread_blocked, id=12776, stack(0x0000000a76d00000,0x0000000a76e00000)]
  0x0000017577de4800 JavaThread "Unconstrained build operations Thread 62" [_thread_blocked, id=9528, stack(0x0000000a76e00000,0x0000000a76f00000)]
  0x0000017577ddf000 JavaThread "Unconstrained build operations Thread 63" [_thread_blocked, id=15056, stack(0x0000000a76f00000,0x0000000a77000000)]
  0x0000017577de5800 JavaThread "Unconstrained build operations Thread 64" [_thread_blocked, id=13768, stack(0x0000000a77000000,0x0000000a77100000)]
  0x0000017577de7000 JavaThread "Unconstrained build operations Thread 65" [_thread_blocked, id=2036, stack(0x0000000a77100000,0x0000000a77200000)]
  0x0000017577de6000 JavaThread "Unconstrained build operations Thread 66" [_thread_blocked, id=22272, stack(0x0000000a77200000,0x0000000a77300000)]
  0x000001757a06f800 JavaThread "Unconstrained build operations Thread 67" [_thread_blocked, id=17380, stack(0x0000000a77300000,0x0000000a77400000)]
  0x000001757a06a800 JavaThread "Unconstrained build operations Thread 68" [_thread_blocked, id=15504, stack(0x0000000a77400000,0x0000000a77500000)]
  0x000001757a06d800 JavaThread "Unconstrained build operations Thread 69" [_thread_blocked, id=22412, stack(0x0000000a77500000,0x0000000a77600000)]
  0x000001757a06e800 JavaThread "Unconstrained build operations Thread 70" [_thread_blocked, id=8248, stack(0x0000000a77600000,0x0000000a77700000)]
  0x000001757a069800 JavaThread "Unconstrained build operations Thread 71" [_thread_blocked, id=4104, stack(0x0000000a77700000,0x0000000a77800000)]
  0x000001757a06c000 JavaThread "Unconstrained build operations Thread 72" [_thread_blocked, id=20076, stack(0x0000000a77800000,0x0000000a77900000)]
  0x000001757a071000 JavaThread "Unconstrained build operations Thread 73" [_thread_blocked, id=16696, stack(0x0000000a77900000,0x0000000a77a00000)]
  0x000001757a06d000 JavaThread "Unconstrained build operations Thread 74" [_thread_blocked, id=3480, stack(0x0000000a77a00000,0x0000000a77b00000)]
  0x000001757a070000 JavaThread "Unconstrained build operations Thread 75" [_thread_blocked, id=12188, stack(0x0000000a77b00000,0x0000000a77c00000)]
  0x000001757a06b000 JavaThread "Unconstrained build operations Thread 76" [_thread_blocked, id=9736, stack(0x0000000a77c00000,0x0000000a77d00000)]
  0x000001757a075000 JavaThread "Unconstrained build operations Thread 77" [_thread_blocked, id=21268, stack(0x0000000a77d00000,0x0000000a77e00000)]
  0x000001757a071800 JavaThread "Unconstrained build operations Thread 78" [_thread_blocked, id=6924, stack(0x0000000a77e00000,0x0000000a77f00000)]
  0x000001757a072800 JavaThread "Unconstrained build operations Thread 79" [_thread_blocked, id=20868, stack(0x0000000a77f00000,0x0000000a78000000)]
  0x000001757a076800 JavaThread "Unconstrained build operations Thread 80" [_thread_blocked, id=17788, stack(0x0000000a78000000,0x0000000a78100000)]
  0x000001757a077800 JavaThread "jar transforms Thread 4" [_thread_blocked, id=18112, stack(0x0000000a78300000,0x0000000a78400000)]
  0x000001757a078800 JavaThread "jar transforms Thread 5" [_thread_blocked, id=14712, stack(0x0000000a78400000,0x0000000a78500000)]
  0x000001757a073800 JavaThread "jar transforms Thread 6" [_thread_blocked, id=20996, stack(0x0000000a78500000,0x0000000a78600000)]
  0x000001757a076000 JavaThread "jar transforms Thread 7" [_thread_blocked, id=12716, stack(0x0000000a78600000,0x0000000a78700000)]
  0x000001757a074000 JavaThread "jar transforms Thread 8" [_thread_blocked, id=17556, stack(0x0000000a78700000,0x0000000a78800000)]

Other Threads:
  0x000001757687e000 VMThread "VM Thread" [stack: 0x0000000a70400000,0x0000000a70500000] [id=22364] _threads_hazard_ptr=0x000001757bd2a600
  0x0000017577397000 WatcherThread [stack: 0x0000000a70e00000,0x0000000a70f00000] [id=16700]
  0x000001755a462800 GCTaskThread "GC Thread#0" [stack: 0x0000000a6ff00000,0x0000000a70000000] [id=10108]
  0x00000175776f0800 GCTaskThread "GC Thread#1" [stack: 0x0000000a70f00000,0x0000000a71000000] [id=20544]
  0x0000017577f2d800 GCTaskThread "GC Thread#2" [stack: 0x0000000a71000000,0x0000000a71100000] [id=7232]
  0x0000017577583000 GCTaskThread "GC Thread#3" [stack: 0x0000000a71b00000,0x0000000a71c00000] [id=15592]
  0x0000017578283000 GCTaskThread "GC Thread#4" [stack: 0x0000000a71c00000,0x0000000a71d00000] [id=14796]
  0x00000175780aa800 GCTaskThread "GC Thread#5" [stack: 0x0000000a71d00000,0x0000000a71e00000] [id=8512]
  0x000001757722b000 GCTaskThread "GC Thread#6" [stack: 0x0000000a71e00000,0x0000000a71f00000] [id=20192]
  0x000001757722c000 GCTaskThread "GC Thread#7" [stack: 0x0000000a71f00000,0x0000000a72000000] [id=6696]
  0x000001755a497800 ConcurrentGCThread "G1 Main Marker" [stack: 0x0000000a70000000,0x0000000a70100000] [id=6920]
  0x000001755a499800 ConcurrentGCThread "G1 Conc#0" [stack: 0x0000000a70100000,0x0000000a70200000] [id=8312]
  0x00000175775c7000 ConcurrentGCThread "G1 Conc#1" [stack: 0x0000000a72300000,0x0000000a72400000] [id=22388]
  0x00000175766d0800 ConcurrentGCThread "G1 Refine#0" [stack: 0x0000000a70200000,0x0000000a70300000] [id=19288]
  0x00000175766d1800 ConcurrentGCThread "G1 Young RemSet Sampling" [stack: 0x0000000a70300000,0x0000000a70400000] [id=3652]

Threads with active compile tasks:
C2 CompilerThread0  73888 5537       4       java.lang.PublicMethods::merge (81 bytes)

VM state:at safepoint (normal execution)

VM Mutex/Monitor currently owned by a thread:  ([mutex/lock_event])
[0x000001755a4474a0] Threads_lock - owner thread: 0x000001757687e000

Heap address: 0x0000000080000000, size: 2048 MB, Compressed Oops mode: 32-bit
Narrow klass base: 0x0000000000000000, Narrow klass shift: 3
Compressed class space size: 1073741824 Address: 0x0000000100000000

Heap:
 garbage-first heap   total 129024K, used 55201K [0x0000000080000000, 0x0000000100000000)
  region size 1024K, 17 young (17408K), 9 survivors (9216K)
 Metaspace       used 49069K, capacity 50369K, committed 50560K, reserved 1093632K
  class space    used 6267K, capacity 6752K, committed 6784K, reserved 1048576K
Heap Regions: E=young(eden), S=young(survivor), O=old, HS=humongous(starts), HC=humongous(continues), CS=collection set, F=free, A=archive, TAMS=top-at-mark-start (previous, next)
|   0|0x0000000080000000, 0x0000000080100000, 0x0000000080100000|100%| O|  |TAMS 0x0000000080100000, 0x0000000080000000| Untracked 
|   1|0x0000000080100000, 0x0000000080200000, 0x0000000080200000|100%| O|  |TAMS 0x0000000080200000, 0x0000000080100000| Untracked 
|   2|0x0000000080200000, 0x0000000080300000, 0x0000000080300000|100%| O|  |TAMS 0x0000000080300000, 0x0000000080200000| Untracked 
|   3|0x0000000080300000, 0x0000000080400000, 0x0000000080400000|100%|HS|  |TAMS 0x0000000080400000, 0x0000000080300000| Complete 
|   4|0x0000000080400000, 0x0000000080500000, 0x0000000080500000|100%|HC|  |TAMS 0x0000000080500000, 0x0000000080400000| Complete 
|   5|0x0000000080500000, 0x0000000080600000, 0x0000000080600000|100%|HC|  |TAMS 0x0000000080600000, 0x0000000080500000| Complete 
|   6|0x0000000080600000, 0x0000000080700000, 0x0000000080700000|100%| O|  |TAMS 0x0000000080700000, 0x0000000080600000| Untracked 
|   7|0x0000000080700000, 0x0000000080800000, 0x0000000080800000|100%| O|  |TAMS 0x0000000080800000, 0x0000000080700000| Untracked 
|   8|0x0000000080800000, 0x0000000080900000, 0x0000000080900000|100%| O|  |TAMS 0x0000000080900000, 0x0000000080800000| Untracked 
|   9|0x0000000080900000, 0x0000000080a00000, 0x0000000080a00000|100%| O|  |TAMS 0x0000000080a00000, 0x0000000080900000| Untracked 
|  10|0x0000000080a00000, 0x0000000080b00000, 0x0000000080b00000|100%| O|  |TAMS 0x0000000080b00000, 0x0000000080a00000| Untracked 
|  11|0x0000000080b00000, 0x0000000080c00000, 0x0000000080c00000|100%| O|  |TAMS 0x0000000080c00000, 0x0000000080b00000| Untracked 
|  12|0x0000000080c00000, 0x0000000080d00000, 0x0000000080d00000|100%| O|  |TAMS 0x0000000080d00000, 0x0000000080c00000| Untracked 
|  13|0x0000000080d00000, 0x0000000080e00000, 0x0000000080e00000|100%| O|  |TAMS 0x0000000080e00000, 0x0000000080d00000| Untracked 
|  14|0x0000000080e00000, 0x0000000080f00000, 0x0000000080f00000|100%| O|  |TAMS 0x0000000080f00000, 0x0000000080e00000| Untracked 
|  15|0x0000000080f00000, 0x0000000081000000, 0x0000000081000000|100%| O|  |TAMS 0x0000000080f4a400, 0x0000000080f00000| Untracked 
|  16|0x0000000081000000, 0x0000000081100000, 0x0000000081100000|100%|HS|  |TAMS 0x0000000081000000, 0x0000000081000000| Complete 
|  17|0x0000000081100000, 0x0000000081200000, 0x0000000081200000|100%| O|  |TAMS 0x0000000081100000, 0x0000000081100000| Untracked 
|  18|0x0000000081200000, 0x0000000081300000, 0x0000000081300000|100%| O|  |TAMS 0x0000000081200000, 0x0000000081200000| Untracked 
|  19|0x0000000081300000, 0x0000000081400000, 0x0000000081400000|100%| O|  |TAMS 0x0000000081300000, 0x0000000081300000| Untracked 
|  20|0x0000000081400000, 0x0000000081500000, 0x0000000081500000|100%| O|  |TAMS 0x0000000081400000, 0x0000000081400000| Untracked 
|  21|0x0000000081500000, 0x0000000081600000, 0x0000000081600000|100%| O|  |TAMS 0x0000000081500000, 0x0000000081500000| Untracked 
|  22|0x0000000081600000, 0x0000000081700000, 0x0000000081700000|100%| O|  |TAMS 0x0000000081600000, 0x0000000081600000| Untracked 
|  23|0x0000000081700000, 0x0000000081800000, 0x0000000081800000|100%| O|  |TAMS 0x0000000081700000, 0x0000000081700000| Untracked 
|  24|0x0000000081800000, 0x0000000081900000, 0x0000000081900000|100%| O|  |TAMS 0x0000000081800000, 0x0000000081800000| Untracked 
|  25|0x0000000081900000, 0x0000000081a00000, 0x0000000081a00000|100%| O|  |TAMS 0x0000000081900000, 0x0000000081900000| Untracked 
|  26|0x0000000081a00000, 0x0000000081b00000, 0x0000000081b00000|100%| O|  |TAMS 0x0000000081a00000, 0x0000000081a00000| Untracked 
|  27|0x0000000081b00000, 0x0000000081c00000, 0x0000000081c00000|100%|HS|  |TAMS 0x0000000081b00000, 0x0000000081b00000| Complete 
|  28|0x0000000081c00000, 0x0000000081d00000, 0x0000000081d00000|100%|HS|  |TAMS 0x0000000081c00000, 0x0000000081c00000| Complete 
|  29|0x0000000081d00000, 0x0000000081e00000, 0x0000000081e00000|100%|HS|  |TAMS 0x0000000081d00000, 0x0000000081d00000| Complete 
|  30|0x0000000081e00000, 0x0000000081f00000, 0x0000000081f00000|100%|HC|  |TAMS 0x0000000081e00000, 0x0000000081e00000| Complete 
|  31|0x0000000081f00000, 0x0000000082000000, 0x0000000082000000|100%|HC|  |TAMS 0x0000000081f00000, 0x0000000081f00000| Complete 
|  32|0x0000000082000000, 0x0000000082100000, 0x0000000082100000|100%|HS|  |TAMS 0x0000000082000000, 0x0000000082000000| Complete 
|  33|0x0000000082100000, 0x0000000082200000, 0x0000000082200000|100%|HC|  |TAMS 0x0000000082100000, 0x0000000082100000| Complete 
|  34|0x0000000082200000, 0x0000000082300000, 0x0000000082300000|100%| O|  |TAMS 0x0000000082200000, 0x0000000082200000| Untracked 
|  35|0x0000000082300000, 0x0000000082400000, 0x0000000082400000|100%| O|  |TAMS 0x0000000082300000, 0x0000000082300000| Untracked 
|  36|0x0000000082400000, 0x0000000082500000, 0x0000000082500000|100%| O|  |TAMS 0x0000000082400000, 0x0000000082400000| Untracked 
|  37|0x0000000082500000, 0x00000000825e8400, 0x0000000082600000| 90%| O|  |TAMS 0x0000000082500000, 0x0000000082500000| Untracked 
|  38|0x0000000082600000, 0x0000000082600000, 0x0000000082700000|  0%| F|  |TAMS 0x0000000082600000, 0x0000000082600000| Untracked 
|  39|0x0000000082700000, 0x0000000082700000, 0x0000000082800000|  0%| F|  |TAMS 0x0000000082700000, 0x0000000082700000| Untracked 
|  40|0x0000000082800000, 0x0000000082800000, 0x0000000082900000|  0%| F|  |TAMS 0x0000000082800000, 0x0000000082800000| Untracked 
|  41|0x0000000082900000, 0x0000000082900000, 0x0000000082a00000|  0%| F|  |TAMS 0x0000000082900000, 0x0000000082900000| Untracked 
|  42|0x0000000082a00000, 0x0000000082a00000, 0x0000000082b00000|  0%| F|  |TAMS 0x0000000082a00000, 0x0000000082a00000| Untracked 
|  43|0x0000000082b00000, 0x0000000082b00000, 0x0000000082c00000|  0%| F|  |TAMS 0x0000000082b00000, 0x0000000082b00000| Untracked 
|  44|0x0000000082c00000, 0x0000000082c00000, 0x0000000082d00000|  0%| F|  |TAMS 0x0000000082c00000, 0x0000000082c00000| Untracked 
|  45|0x0000000082d00000, 0x0000000082d00000, 0x0000000082e00000|  0%| F|  |TAMS 0x0000000082d00000, 0x0000000082d00000| Untracked 
|  46|0x0000000082e00000, 0x0000000082e00000, 0x0000000082f00000|  0%| F|  |TAMS 0x0000000082e00000, 0x0000000082e00000| Untracked 
|  47|0x0000000082f00000, 0x0000000082f00000, 0x0000000083000000|  0%| F|  |TAMS 0x0000000082f00000, 0x0000000082f00000| Untracked 
|  48|0x0000000083000000, 0x0000000083100000, 0x0000000083100000|100%| S|CS|TAMS 0x0000000083000000, 0x0000000083000000| Complete 
|  49|0x0000000083100000, 0x0000000083200000, 0x0000000083200000|100%| S|CS|TAMS 0x0000000083100000, 0x0000000083100000| Complete 
|  50|0x0000000083200000, 0x0000000083300000, 0x0000000083300000|100%| S|CS|TAMS 0x0000000083200000, 0x0000000083200000| Complete 
|  51|0x0000000083300000, 0x0000000083400000, 0x0000000083400000|100%| S|CS|TAMS 0x0000000083300000, 0x0000000083300000| Complete 
|  52|0x0000000083400000, 0x0000000083500000, 0x0000000083500000|100%| S|CS|TAMS 0x0000000083400000, 0x0000000083400000| Complete 
|  53|0x0000000083500000, 0x0000000083600000, 0x0000000083600000|100%| S|CS|TAMS 0x0000000083500000, 0x0000000083500000| Complete 
|  54|0x0000000083600000, 0x0000000083700000, 0x0000000083700000|100%| S|CS|TAMS 0x0000000083600000, 0x0000000083600000| Complete 
|  55|0x0000000083700000, 0x0000000083800000, 0x0000000083800000|100%| S|CS|TAMS 0x0000000083700000, 0x0000000083700000| Complete 
|  56|0x0000000083800000, 0x0000000083900000, 0x0000000083900000|100%| S|CS|TAMS 0x0000000083800000, 0x0000000083800000| Complete 
|  57|0x0000000083900000, 0x0000000083900000, 0x0000000083a00000|  0%| F|  |TAMS 0x0000000083900000, 0x0000000083900000| Untracked 
|  58|0x0000000083a00000, 0x0000000083a00000, 0x0000000083b00000|  0%| F|  |TAMS 0x0000000083a00000, 0x0000000083a00000| Untracked 
|  59|0x0000000083b00000, 0x0000000083b00000, 0x0000000083c00000|  0%| F|  |TAMS 0x0000000083b00000, 0x0000000083b00000| Untracked 
|  60|0x0000000083c00000, 0x0000000083c00000, 0x0000000083d00000|  0%| F|  |TAMS 0x0000000083c00000, 0x0000000083c00000| Untracked 
|  61|0x0000000083d00000, 0x0000000083d00000, 0x0000000083e00000|  0%| F|  |TAMS 0x0000000083d00000, 0x0000000083d00000| Untracked 
|  62|0x0000000083e00000, 0x0000000083e00000, 0x0000000083f00000|  0%| F|  |TAMS 0x0000000083e00000, 0x0000000083e00000| Untracked 
|  63|0x0000000083f00000, 0x0000000083f00000, 0x0000000084000000|  0%| F|  |TAMS 0x0000000083f00000, 0x0000000083f00000| Untracked 
|  64|0x0000000084000000, 0x0000000084000000, 0x0000000084100000|  0%| F|  |TAMS 0x0000000084000000, 0x0000000084000000| Untracked 
|  65|0x0000000084100000, 0x0000000084100000, 0x0000000084200000|  0%| F|  |TAMS 0x0000000084100000, 0x0000000084100000| Untracked 
|  66|0x0000000084200000, 0x0000000084200000, 0x0000000084300000|  0%| F|  |TAMS 0x0000000084200000, 0x0000000084200000| Untracked 
|  67|0x0000000084300000, 0x0000000084300000, 0x0000000084400000|  0%| F|  |TAMS 0x0000000084300000, 0x0000000084300000| Untracked 
|  68|0x0000000084400000, 0x0000000084400000, 0x0000000084500000|  0%| F|  |TAMS 0x0000000084400000, 0x0000000084400000| Untracked 
|  69|0x0000000084500000, 0x0000000084500000, 0x0000000084600000|  0%| F|  |TAMS 0x0000000084500000, 0x0000000084500000| Untracked 
|  70|0x0000000084600000, 0x0000000084600000, 0x0000000084700000|  0%| F|  |TAMS 0x0000000084600000, 0x0000000084600000| Untracked 
|  71|0x0000000084700000, 0x0000000084700000, 0x0000000084800000|  0%| F|  |TAMS 0x0000000084700000, 0x0000000084700000| Untracked 
|  72|0x0000000084800000, 0x0000000084800000, 0x0000000084900000|  0%| F|  |TAMS 0x0000000084800000, 0x0000000084800000| Untracked 
|  73|0x0000000084900000, 0x0000000084900000, 0x0000000084a00000|  0%| F|  |TAMS 0x0000000084900000, 0x0000000084900000| Untracked 
|  74|0x0000000084a00000, 0x0000000084a00000, 0x0000000084b00000|  0%| F|  |TAMS 0x0000000084a00000, 0x0000000084a00000| Untracked 
|  75|0x0000000084b00000, 0x0000000084b00000, 0x0000000084c00000|  0%| F|  |TAMS 0x0000000084b00000, 0x0000000084b00000| Untracked 
|  76|0x0000000084c00000, 0x0000000084c00000, 0x0000000084d00000|  0%| F|  |TAMS 0x0000000084c00000, 0x0000000084c00000| Untracked 
|  77|0x0000000084d00000, 0x0000000084d00000, 0x0000000084e00000|  0%| F|  |TAMS 0x0000000084d00000, 0x0000000084d00000| Untracked 
|  78|0x0000000084e00000, 0x0000000084e00000, 0x0000000084f00000|  0%| F|  |TAMS 0x0000000084e00000, 0x0000000084e00000| Untracked 
|  79|0x0000000084f00000, 0x0000000084f00000, 0x0000000085000000|  0%| F|  |TAMS 0x0000000084f00000, 0x0000000084f00000| Untracked 
|  80|0x0000000085000000, 0x0000000085000000, 0x0000000085100000|  0%| F|  |TAMS 0x0000000085000000, 0x0000000085000000| Untracked 
|  81|0x0000000085100000, 0x0000000085100000, 0x0000000085200000|  0%| F|  |TAMS 0x0000000085100000, 0x0000000085100000| Untracked 
|  82|0x0000000085200000, 0x0000000085200000, 0x0000000085300000|  0%| F|  |TAMS 0x0000000085200000, 0x0000000085200000| Untracked 
|  83|0x0000000085300000, 0x0000000085300000, 0x0000000085400000|  0%| F|  |TAMS 0x0000000085300000, 0x0000000085300000| Untracked 
|  84|0x0000000085400000, 0x0000000085400000, 0x0000000085500000|  0%| F|  |TAMS 0x0000000085400000, 0x0000000085400000| Untracked 
|  85|0x0000000085500000, 0x0000000085500000, 0x0000000085600000|  0%| F|  |TAMS 0x0000000085500000, 0x0000000085500000| Untracked 
|  86|0x0000000085600000, 0x0000000085600000, 0x0000000085700000|  0%| F|  |TAMS 0x0000000085600000, 0x0000000085600000| Untracked 
|  87|0x0000000085700000, 0x0000000085700000, 0x0000000085800000|  0%| F|  |TAMS 0x0000000085700000, 0x0000000085700000| Untracked 
|  88|0x0000000085800000, 0x0000000085800000, 0x0000000085900000|  0%| F|  |TAMS 0x0000000085800000, 0x0000000085800000| Untracked 
|  89|0x0000000085900000, 0x0000000085900000, 0x0000000085a00000|  0%| F|  |TAMS 0x0000000085900000, 0x0000000085900000| Untracked 
|  90|0x0000000085a00000, 0x0000000085a00000, 0x0000000085b00000|  0%| F|  |TAMS 0x0000000085a00000, 0x0000000085a00000| Untracked 
|  91|0x0000000085b00000, 0x0000000085b00000, 0x0000000085c00000|  0%| F|  |TAMS 0x0000000085b00000, 0x0000000085b00000| Untracked 
|  92|0x0000000085c00000, 0x0000000085c00000, 0x0000000085d00000|  0%| F|  |TAMS 0x0000000085c00000, 0x0000000085c00000| Untracked 
|  93|0x0000000085d00000, 0x0000000085d00000, 0x0000000085e00000|  0%| F|  |TAMS 0x0000000085d00000, 0x0000000085d00000| Untracked 
|  94|0x0000000085e00000, 0x0000000085e00000, 0x0000000085f00000|  0%| F|  |TAMS 0x0000000085e00000, 0x0000000085e00000| Untracked 
|  95|0x0000000085f00000, 0x0000000085f00000, 0x0000000086000000|  0%| F|  |TAMS 0x0000000085f00000, 0x0000000085f00000| Untracked 
|  96|0x0000000086000000, 0x0000000086000000, 0x0000000086100000|  0%| F|  |TAMS 0x0000000086000000, 0x0000000086000000| Untracked 
|  97|0x0000000086100000, 0x0000000086100000, 0x0000000086200000|  0%| F|  |TAMS 0x0000000086100000, 0x0000000086100000| Untracked 
|  98|0x0000000086200000, 0x0000000086200000, 0x0000000086300000|  0%| F|  |TAMS 0x0000000086200000, 0x0000000086200000| Untracked 
|  99|0x0000000086300000, 0x0000000086300000, 0x0000000086400000|  0%| F|  |TAMS 0x0000000086300000, 0x0000000086300000| Untracked 
| 100|0x0000000086400000, 0x0000000086400000, 0x0000000086500000|  0%| F|  |TAMS 0x0000000086400000, 0x0000000086400000| Untracked 
| 101|0x0000000086500000, 0x0000000086500000, 0x0000000086600000|  0%| F|  |TAMS 0x0000000086500000, 0x0000000086500000| Untracked 
| 102|0x0000000086600000, 0x0000000086600000, 0x0000000086700000|  0%| F|  |TAMS 0x0000000086600000, 0x0000000086600000| Untracked 
| 103|0x0000000086700000, 0x0000000086700000, 0x0000000086800000|  0%| F|  |TAMS 0x0000000086700000, 0x0000000086700000| Untracked 
| 104|0x0000000086800000, 0x0000000086800000, 0x0000000086900000|  0%| F|  |TAMS 0x0000000086800000, 0x0000000086800000| Untracked 
| 105|0x0000000086900000, 0x0000000086900000, 0x0000000086a00000|  0%| F|  |TAMS 0x0000000086900000, 0x0000000086900000| Untracked 
| 106|0x0000000086a00000, 0x0000000086a00000, 0x0000000086b00000|  0%| F|  |TAMS 0x0000000086a00000, 0x0000000086a00000| Untracked 
| 107|0x0000000086b00000, 0x0000000086b00000, 0x0000000086c00000|  0%| F|  |TAMS 0x0000000086b00000, 0x0000000086b00000| Untracked 
| 108|0x0000000086c00000, 0x0000000086c00000, 0x0000000086d00000|  0%| F|  |TAMS 0x0000000086c00000, 0x0000000086c00000| Untracked 
| 109|0x0000000086d00000, 0x0000000086d00000, 0x0000000086e00000|  0%| F|  |TAMS 0x0000000086d00000, 0x0000000086d00000| Untracked 
| 110|0x0000000086e00000, 0x0000000086e00000, 0x0000000086f00000|  0%| F|  |TAMS 0x0000000086e00000, 0x0000000086e00000| Untracked 
| 111|0x0000000086f00000, 0x0000000086f00000, 0x0000000087000000|  0%| F|  |TAMS 0x0000000086f00000, 0x0000000086f00000| Untracked 
| 112|0x0000000087000000, 0x0000000087000000, 0x0000000087100000|  0%| F|  |TAMS 0x0000000087000000, 0x0000000087000000| Untracked 
| 113|0x0000000087100000, 0x0000000087100000, 0x0000000087200000|  0%| F|  |TAMS 0x0000000087100000, 0x0000000087100000| Untracked 
| 114|0x0000000087200000, 0x0000000087200000, 0x0000000087300000|  0%| F|  |TAMS 0x0000000087200000, 0x0000000087200000| Untracked 
| 115|0x0000000087300000, 0x0000000087300000, 0x0000000087400000|  0%| F|  |TAMS 0x0000000087300000, 0x0000000087300000| Untracked 
| 116|0x0000000087400000, 0x0000000087400000, 0x0000000087500000|  0%| F|  |TAMS 0x0000000087400000, 0x0000000087400000| Untracked 
| 117|0x0000000087500000, 0x0000000087500000, 0x0000000087600000|  0%| F|  |TAMS 0x0000000087500000, 0x0000000087500000| Untracked 
| 118|0x0000000087600000, 0x00000000876a9120, 0x0000000087700000| 66%| E|  |TAMS 0x0000000087600000, 0x0000000087600000| Complete 
| 119|0x0000000087700000, 0x0000000087800000, 0x0000000087800000|100%| E|CS|TAMS 0x0000000087700000, 0x0000000087700000| Complete 
| 120|0x0000000087800000, 0x0000000087900000, 0x0000000087900000|100%| E|CS|TAMS 0x0000000087800000, 0x0000000087800000| Complete 
| 121|0x0000000087900000, 0x0000000087a00000, 0x0000000087a00000|100%| E|CS|TAMS 0x0000000087900000, 0x0000000087900000| Complete 
| 122|0x0000000087a00000, 0x0000000087b00000, 0x0000000087b00000|100%| E|CS|TAMS 0x0000000087a00000, 0x0000000087a00000| Complete 
| 123|0x0000000087b00000, 0x0000000087c00000, 0x0000000087c00000|100%| E|CS|TAMS 0x0000000087b00000, 0x0000000087b00000| Complete 
| 124|0x0000000087c00000, 0x0000000087d00000, 0x0000000087d00000|100%| E|CS|TAMS 0x0000000087c00000, 0x0000000087c00000| Complete 
| 125|0x0000000087d00000, 0x0000000087e00000, 0x0000000087e00000|100%| E|CS|TAMS 0x0000000087d00000, 0x0000000087d00000| Complete 

Card table byte_map: [0x000001756f5a0000,0x000001756f9a0000] _byte_map_base: 0x000001756f1a0000

Marking Bits (Prev, Next): (CMBitMap*) 0x000001755a48e7f8, (CMBitMap*) 0x000001755a48e830
 Prev Bits: [0x000001756fda0000, 0x0000017571da0000)
 Next Bits: [0x0000017571da0000, 0x0000017573da0000)

Polling page: 0x000001755bce0000

Metaspace:

Usage:
  Non-class:     42.59 MB capacity,    41.80 MB ( 98%) used,   687.15 KB (  2%) free+waste,   128.63 KB ( <1%) overhead. 
      Class:      6.59 MB capacity,     6.12 MB ( 93%) used,   423.44 KB (  6%) free+waste,    60.69 KB ( <1%) overhead. 
       Both:     49.19 MB capacity,    47.92 MB ( 97%) used,     1.08 MB (  2%) free+waste,   189.31 KB ( <1%) overhead. 

Virtual space:
  Non-class space:       44.00 MB reserved,      42.75 MB ( 97%) committed 
      Class space:        1.00 GB reserved,       6.63 MB ( <1%) committed 
             Both:        1.04 GB reserved,      49.38 MB (  5%) committed 

Chunk freelists:
   Non-Class:  31.00 KB
       Class:  0 bytes
        Both:  31.00 KB

MaxMetaspaceSize: 17179869184.00 GB
CompressedClassSpaceSize: 1.00 GB
Initial GC threshold: 20.80 MB
Current GC threshold: 58.54 MB
CDS: off

CodeHeap 'non-profiled nmethods': size=120000Kb used=2726Kb max_used=2726Kb free=117274Kb
 bounds [0x0000017567200000, 0x00000175674b0000, 0x000001756e730000]
CodeHeap 'profiled nmethods': size=120000Kb used=11269Kb max_used=11269Kb free=108730Kb
 bounds [0x000001755fcd0000, 0x00000175607e0000, 0x0000017567200000]
CodeHeap 'non-nmethods': size=5760Kb used=2303Kb max_used=2330Kb free=3456Kb
 bounds [0x000001755f730000, 0x000001755f9a0000, 0x000001755fcd0000]
 total_blobs=6330 nmethods=5539 adapters=702
 compilation: enabled
              stopped_count=0, restarted_count=0
 full_count=0

Compilation events (20 events):
Event: 72.541 Thread 0x00000175768ae000 5545       3       java.util.TreeMap::rotateRight (96 bytes)
Event: 72.541 Thread 0x00000175768ae000 nmethod 5545 0x00000175607c1090 code [0x00000175607c1280, 0x00000175607c1798]
Event: 72.541 Thread 0x00000175768ae000 5540       1       sun.reflect.generics.tree.ClassSignature::getFormalTypeParameters (5 bytes)
Event: 72.541 Thread 0x00000175768ae000 nmethod 5540 0x00000175674a9210 code [0x00000175674a93c0, 0x00000175674a9478]
Event: 72.541 Thread 0x00000175768ae000 5546       3       java.beans.MethodDescriptor::resolve (32 bytes)
Event: 72.542 Thread 0x00000175768ae000 nmethod 5546 0x00000175607c1910 code [0x00000175607c1b00, 0x00000175607c2038]
Event: 72.542 Thread 0x00000175768ae000 5547       3       sun.reflect.generics.reflectiveObjects.WildcardTypeImpl::toString (159 bytes)
Event: 72.545 Thread 0x00000175768ae000 nmethod 5547 0x00000175607c2210 code [0x00000175607c25a0, 0x00000175607c3e28]
Event: 72.545 Thread 0x00000175768ae000 5549   !   3       java.beans.PropertyDescriptor::findPropertyType (144 bytes)
Event: 72.551 Thread 0x00000175768ae000 nmethod 5549 0x00000175607c4510 code [0x00000175607c4b80, 0x00000175607c8108]
Event: 72.551 Thread 0x00000175768ae000 5548       3       java.util.Collections$SynchronizedCollection::<init> (24 bytes)
Event: 72.551 Thread 0x00000175768ae000 nmethod 5548 0x00000175607c9c90 code [0x00000175607c9ea0, 0x00000175607ca458]
Event: 72.551 Thread 0x00000175768ae000 5550       3       java.beans.FeatureDescriptor::<init> (137 bytes)
Event: 72.552 Thread 0x00000175768ae000 nmethod 5550 0x00000175607ca610 code [0x00000175607ca8c0, 0x00000175607cb6b8]
Event: 72.552 Thread 0x00000175768ae000 5552       3       java.util.Hashtable$Enumerator::<init> (51 bytes)
Event: 72.552 Thread 0x00000175768ae000 nmethod 5552 0x00000175607cba10 code [0x00000175607cbbc0, 0x00000175607cbdf8]
Event: 72.552 Thread 0x00000175768ae000 5553       3       java.util.Hashtable::entrySet (28 bytes)
Event: 72.553 Thread 0x00000175768ae000 nmethod 5553 0x00000175607cbf10 code [0x00000175607cc120, 0x00000175607cc858]
Event: 72.553 Thread 0x00000175768ae000 5554       3       java.util.Hashtable$EntrySet::iterator (9 bytes)
Event: 72.553 Thread 0x00000175768ae000 nmethod 5554 0x00000175607cca90 code [0x00000175607ccc60, 0x00000175607ccf28]

GC Heap History (16 events):
Event: 1.948 GC heap before
{Heap before GC invocations=0 (full 0):
 garbage-first heap   total 129024K, used 29696K [0x0000000080000000, 0x0000000100000000)
  region size 1024K, 24 young (24576K), 0 survivors (0K)
 Metaspace       used 10236K, capacity 10427K, committed 10624K, reserved 1058816K
  class space    used 1071K, capacity 1141K, committed 1152K, reserved 1048576K
}
Event: 1.955 GC heap after
{Heap after GC invocations=1 (full 0):
 garbage-first heap   total 129024K, used 9279K [0x0000000080000000, 0x0000000100000000)
  region size 1024K, 3 young (3072K), 3 survivors (3072K)
 Metaspace       used 10236K, capacity 10427K, committed 10624K, reserved 1058816K
  class space    used 1071K, capacity 1141K, committed 1152K, reserved 1048576K
}
Event: 6.217 GC heap before
{Heap before GC invocations=1 (full 0):
 garbage-first heap   total 129024K, used 83007K [0x0000000080000000, 0x0000000100000000)
  region size 1024K, 75 young (76800K), 3 survivors (3072K)
 Metaspace       used 17635K, capacity 17977K, committed 18176K, reserved 1064960K
  class space    used 2090K, capacity 2211K, committed 2304K, reserved 1048576K
}
Event: 6.227 GC heap after
{Heap after GC invocations=2 (full 0):
 garbage-first heap   total 129024K, used 15891K [0x0000000080000000, 0x0000000100000000)
  region size 1024K, 10 young (10240K), 10 survivors (10240K)
 Metaspace       used 17635K, capacity 17977K, committed 18176K, reserved 1064960K
  class space    used 2090K, capacity 2211K, committed 2304K, reserved 1048576K
}
Event: 7.206 GC heap before
{Heap before GC invocations=2 (full 0):
 garbage-first heap   total 129024K, used 43539K [0x0000000080000000, 0x0000000100000000)
  region size 1024K, 38 young (38912K), 10 survivors (10240K)
 Metaspace       used 20725K, capacity 21144K, committed 21248K, reserved 1067008K
  class space    used 2554K, capacity 2713K, committed 2816K, reserved 1048576K
}
Event: 7.222 GC heap after
{Heap after GC invocations=3 (full 0):
 garbage-first heap   total 129024K, used 16967K [0x0000000080000000, 0x0000000100000000)
  region size 1024K, 2 young (2048K), 2 survivors (2048K)
 Metaspace       used 20725K, capacity 21144K, committed 21248K, reserved 1067008K
  class space    used 2554K, capacity 2713K, committed 2816K, reserved 1048576K
}
Event: 9.649 GC heap before
{Heap before GC invocations=4 (full 0):
 garbage-first heap   total 129024K, used 76359K [0x0000000080000000, 0x0000000100000000)
  region size 1024K, 60 young (61440K), 2 survivors (2048K)
 Metaspace       used 26991K, capacity 27569K, committed 27904K, reserved 1073152K
  class space    used 3531K, capacity 3737K, committed 3840K, reserved 1048576K
}
Event: 9.656 GC heap after
{Heap after GC invocations=5 (full 0):
 garbage-first heap   total 129024K, used 18885K [0x0000000080000000, 0x0000000100000000)
  region size 1024K, 4 young (4096K), 4 survivors (4096K)
 Metaspace       used 26991K, capacity 27569K, committed 27904K, reserved 1073152K
  class space    used 3531K, capacity 3737K, committed 3840K, reserved 1048576K
}
Event: 13.718 GC heap before
{Heap before GC invocations=5 (full 0):
 garbage-first heap   total 129024K, used 70085K [0x0000000080000000, 0x0000000100000000)
  region size 1024K, 55 young (56320K), 4 survivors (4096K)
 Metaspace       used 34940K, capacity 35723K, committed 35840K, reserved 1081344K
  class space    used 4533K, capacity 4839K, committed 4864K, reserved 1048576K
}
Event: 13.742 GC heap after
{Heap after GC invocations=6 (full 0):
 garbage-first heap   total 129024K, used 21864K [0x0000000080000000, 0x0000000100000000)
  region size 1024K, 7 young (7168K), 7 survivors (7168K)
 Metaspace       used 34940K, capacity 35723K, committed 35840K, reserved 1081344K
  class space    used 4533K, capacity 4839K, committed 4864K, reserved 1048576K
}
Event: 18.318 GC heap before
{Heap before GC invocations=7 (full 0):
 garbage-first heap   total 129024K, used 91496K [0x0000000080000000, 0x0000000100000000)
  region size 1024K, 73 young (74752K), 7 survivors (7168K)
 Metaspace       used 40504K, capacity 41500K, committed 41600K, reserved 1085440K
  class space    used 5182K, capacity 5503K, committed 5504K, reserved 1048576K
}
Event: 18.333 GC heap after
{Heap after GC invocations=8 (full 0):
 garbage-first heap   total 129024K, used 27354K [0x0000000080000000, 0x0000000100000000)
  region size 1024K, 9 young (9216K), 9 survivors (9216K)
 Metaspace       used 40504K, capacity 41500K, committed 41600K, reserved 1085440K
  class space    used 5182K, capacity 5503K, committed 5504K, reserved 1048576K
}
Event: 22.800 GC heap before
{Heap before GC invocations=8 (full 0):
 garbage-first heap   total 129024K, used 92890K [0x0000000080000000, 0x0000000100000000)
  region size 1024K, 73 young (74752K), 9 survivors (9216K)
 Metaspace       used 46275K, capacity 47459K, committed 47616K, reserved 1091584K
  class space    used 5971K, capacity 6376K, committed 6400K, reserved 1048576K
}
Event: 22.817 GC heap after
{Heap after GC invocations=9 (full 0):
 garbage-first heap   total 129024K, used 29751K [0x0000000080000000, 0x0000000100000000)
  region size 1024K, 4 young (4096K), 4 survivors (4096K)
 Metaspace       used 46275K, capacity 47459K, committed 47616K, reserved 1091584K
  class space    used 5971K, capacity 6376K, committed 6400K, reserved 1048576K
}
Event: 71.773 GC heap before
{Heap before GC invocations=9 (full 0):
 garbage-first heap   total 129024K, used 103479K [0x0000000080000000, 0x0000000100000000)
  region size 1024K, 69 young (70656K), 4 survivors (4096K)
 Metaspace       used 48492K, capacity 49771K, committed 49920K, reserved 1093632K
  class space    used 6184K, capacity 6642K, committed 6656K, reserved 1048576K
}
Event: 71.785 GC heap after
{Heap after GC invocations=10 (full 0):
 garbage-first heap   total 129024K, used 48033K [0x0000000080000000, 0x0000000100000000)
  region size 1024K, 9 young (9216K), 9 survivors (9216K)
 Metaspace       used 48492K, capacity 49771K, committed 49920K, reserved 1093632K
  class space    used 6184K, capacity 6642K, committed 6656K, reserved 1048576K
}

Deoptimization events (20 events):
Event: 51.237 Thread 0x00000175784aa800 Uncommon trap: trap_request=0xffffffc6 fr.pc=0x0000017567247c6c relative=0x000000000000290c
Event: 51.237 Thread 0x00000175784aa800 Uncommon trap: reason=bimorphic_or_optimized_type_check action=maybe_recompile pc=0x0000017567247c6c method=java.util.HashMap.putVal(ILjava/lang/Object;Ljava/lang/Object;ZZ)Ljava/lang/Object; @ 203 c2
Event: 51.237 Thread 0x00000175784aa800 DEOPT PACKING pc=0x0000017567247c6c sp=0x0000000a717fa090
Event: 51.238 Thread 0x00000175784aa800 DEOPT UNPACKING pc=0x000001755f7385af sp=0x0000000a717f9f68 mode 2
Event: 51.244 Thread 0x00000175772dd800 DEOPT PACKING pc=0x000001755fff04fa sp=0x0000000a722fe450
Event: 51.244 Thread 0x00000175772dd800 DEOPT UNPACKING pc=0x000001755f779d0e sp=0x0000000a722fd888 mode 0
Event: 54.272 Thread 0x00000175772dc800 DEOPT PACKING pc=0x000001756068967d sp=0x0000000a720fdf80
Event: 54.272 Thread 0x00000175772dc800 DEOPT UNPACKING pc=0x000001755f779d0e sp=0x0000000a720fd3b8 mode 0
Event: 54.865 Thread 0x00000175784aa800 DEOPT PACKING pc=0x0000017560772b71 sp=0x0000000a717f9a20
Event: 54.865 Thread 0x00000175784aa800 DEOPT UNPACKING pc=0x000001755f779d0e sp=0x0000000a717f8f18 mode 0
Event: 55.328 Thread 0x00000175784aa800 DEOPT PACKING pc=0x000001755fd9d246 sp=0x0000000a717f1c00
Event: 55.328 Thread 0x00000175784aa800 DEOPT UNPACKING pc=0x000001755f779d0e sp=0x0000000a717f11f0 mode 0
Event: 55.546 Thread 0x00000175784aa800 DEOPT PACKING pc=0x000001755fd9cd03 sp=0x0000000a717f1c00
Event: 55.546 Thread 0x00000175784aa800 DEOPT UNPACKING pc=0x000001755f779d0e sp=0x0000000a717f1178 mode 0
Event: 56.956 Thread 0x00000175784aa800 Uncommon trap: trap_request=0xffffff4d fr.pc=0x0000017567267354 relative=0x00000000000012d4
Event: 56.956 Thread 0x00000175784aa800 Uncommon trap: reason=unstable_if action=reinterpret pc=0x0000017567267354 method=java.util.jar.JarFile.checkForSpecialAttributes()V @ 53 c2
Event: 56.956 Thread 0x00000175784aa800 DEOPT PACKING pc=0x0000017567267354 sp=0x0000000a717f2210
Event: 56.957 Thread 0x00000175784aa800 DEOPT UNPACKING pc=0x000001755f7385af sp=0x0000000a717f21d0 mode 2
Event: 66.631 Thread 0x00000175784aa800 DEOPT PACKING pc=0x000001755fd98fae sp=0x0000000a717f2050
Event: 66.631 Thread 0x00000175784aa800 DEOPT UNPACKING pc=0x000001755f779d0e sp=0x0000000a717f14c0 mode 0

Classes redefined (0 events):
No events

Internal exceptions (20 events):
Event: 60.196 Thread 0x00000175784aa800 Exception <a 'java/security/PrivilegedActionException'{0x00000000844aecc8}> (0x00000000844aecc8) thrown at [./src/hotspot/share/prims/jvm.cpp, line 1306]
Event: 60.196 Thread 0x00000175784aa800 Exception <a 'java/security/PrivilegedActionException'{0x00000000844aff88}> (0x00000000844aff88) thrown at [./src/hotspot/share/prims/jvm.cpp, line 1306]
Event: 60.196 Thread 0x00000175784aa800 Exception <a 'java/security/PrivilegedActionException'{0x00000000844b2bd0}> (0x00000000844b2bd0) thrown at [./src/hotspot/share/prims/jvm.cpp, line 1306]
Event: 60.196 Thread 0x00000175784aa800 Exception <a 'java/security/PrivilegedActionException'{0x00000000844b3e90}> (0x00000000844b3e90) thrown at [./src/hotspot/share/prims/jvm.cpp, line 1306]
Event: 60.196 Thread 0x00000175784aa800 Exception <a 'java/security/PrivilegedActionException'{0x00000000844b6b50}> (0x00000000844b6b50) thrown at [./src/hotspot/share/prims/jvm.cpp, line 1306]
Event: 60.197 Thread 0x00000175784aa800 Exception <a 'java/security/PrivilegedActionException'{0x00000000844b7e10}> (0x00000000844b7e10) thrown at [./src/hotspot/share/prims/jvm.cpp, line 1306]
Event: 71.762 Thread 0x00000175784aa800 Exception <a 'java/lang/ClassNotFoundException'{0x0000000083919258}: org/gradle/api/internal/project/DefaultProject_DecoratedBeanInfo> (0x0000000083919258) thrown at [./src/hotspot/share/classfile/systemDictionary.cpp, line 231]
Event: 71.763 Thread 0x00000175784aa800 Exception <a 'java/lang/ClassNotFoundException'{0x0000000083948230}: org/gradle/api/internal/project/DefaultProjectBeanInfo> (0x0000000083948230) thrown at [./src/hotspot/share/classfile/systemDictionary.cpp, line 231]
Event: 71.764 Thread 0x00000175784aa800 Exception <a 'java/lang/ClassNotFoundException'{0x00000000839770a8}: org/gradle/api/internal/project/DefaultProjectCustomizer> (0x00000000839770a8) thrown at [./src/hotspot/share/classfile/systemDictionary.cpp, line 231]
Event: 71.788 Thread 0x00000175784aa800 Exception <a 'java/lang/ClassNotFoundException'{0x0000000087d41120}: org/gradle/api/internal/project/DefaultProject_DecoratedCustomizer> (0x0000000087d41120) thrown at [./src/hotspot/share/classfile/systemDictionary.cpp, line 231]
Event: 72.533 Thread 0x00000175784aa800 Exception <a 'java/lang/ClassNotFoundException'{0x0000000087acad80}: org/gradle/api/tasks/Delete_DecoratedBeanInfo> (0x0000000087acad80) thrown at [./src/hotspot/share/classfile/systemDictionary.cpp, line 231]
Event: 72.534 Thread 0x00000175784aa800 Exception <a 'java/lang/ClassNotFoundException'{0x0000000087af5f18}: org/gradle/api/tasks/DeleteBeanInfo> (0x0000000087af5f18) thrown at [./src/hotspot/share/classfile/systemDictionary.cpp, line 231]
Event: 72.535 Thread 0x00000175784aa800 Exception <a 'java/lang/ClassNotFoundException'{0x00000000879250a8}: org/gradle/api/internal/ConventionTaskBeanInfo> (0x00000000879250a8) thrown at [./src/hotspot/share/classfile/systemDictionary.cpp, line 231]
Event: 72.535 Thread 0x00000175784aa800 Exception <a 'java/lang/ClassNotFoundException'{0x000000008794f8b0}: org/gradle/api/DefaultTaskBeanInfo> (0x000000008794f8b0) thrown at [./src/hotspot/share/classfile/systemDictionary.cpp, line 231]
Event: 72.536 Thread 0x00000175784aa800 Exception <a 'java/lang/ClassNotFoundException'{0x000000008797e4d8}: org/gradle/api/internal/AbstractTaskBeanInfo> (0x000000008797e4d8) thrown at [./src/hotspot/share/classfile/systemDictionary.cpp, line 231]
Event: 72.537 Thread 0x00000175784aa800 Exception <a 'java/lang/ClassNotFoundException'{0x00000000879ad660}: org/gradle/api/internal/AbstractTaskCustomizer> (0x00000000879ad660) thrown at [./src/hotspot/share/classfile/systemDictionary.cpp, line 231]
Event: 72.540 Thread 0x00000175784aa800 Exception <a 'java/lang/ClassNotFoundException'{0x0000000087823660}: org/gradle/api/DefaultTaskCustomizer> (0x0000000087823660) thrown at [./src/hotspot/share/classfile/systemDictionary.cpp, line 231]
Event: 72.544 Thread 0x00000175784aa800 Exception <a 'java/lang/ClassNotFoundException'{0x00000000878a6e28}: org/gradle/api/internal/ConventionTaskCustomizer> (0x00000000878a6e28) thrown at [./src/hotspot/share/classfile/systemDictionary.cpp, line 231]
Event: 72.546 Thread 0x00000175784aa800 Exception <a 'java/lang/ClassNotFoundException'{0x00000000878e11e0}: org/gradle/api/tasks/DeleteCustomizer> (0x00000000878e11e0) thrown at [./src/hotspot/share/classfile/systemDictionary.cpp, line 231]
Event: 72.548 Thread 0x00000175784aa800 Exception <a 'java/lang/ClassNotFoundException'{0x00000000877226a8}: org/gradle/api/tasks/Delete_DecoratedCustomizer> (0x00000000877226a8) thrown at [./src/hotspot/share/classfile/systemDictionary.cpp, line 231]

Events (20 events):
Event: 72.544 loading class org/gradle/api/internal/ConventionTaskCustomizer
Event: 72.544 loading class org/gradle/api/internal/ConventionTaskCustomizer done
Event: 72.545 loading class org/gradle/api/tasks/DeleteCustomizer
Event: 72.545 loading class org/gradle/api/tasks/DeleteCustomizer done
Event: 72.545 loading class org/gradle/api/tasks/DeleteCustomizer
Event: 72.545 loading class org/gradle/api/tasks/DeleteCustomizer done
Event: 72.545 loading class org/gradle/api/tasks/DeleteCustomizer
Event: 72.545 loading class org/gradle/api/tasks/DeleteCustomizer done
Event: 72.546 loading class org/gradle/api/tasks/DeleteCustomizer
Event: 72.546 loading class org/gradle/api/tasks/DeleteCustomizer done
Event: 72.547 loading class org/gradle/api/tasks/Delete_DecoratedCustomizer
Event: 72.547 loading class org/gradle/api/tasks/Delete_DecoratedCustomizer done
Event: 72.547 loading class org/gradle/api/tasks/Delete_DecoratedCustomizer
Event: 72.547 loading class org/gradle/api/tasks/Delete_DecoratedCustomizer done
Event: 72.547 loading class org/gradle/api/tasks/Delete_DecoratedCustomizer
Event: 72.547 loading class org/gradle/api/tasks/Delete_DecoratedCustomizer done
Event: 72.548 loading class org/gradle/api/tasks/Delete_DecoratedCustomizer
Event: 72.548 loading class org/gradle/api/tasks/Delete_DecoratedCustomizer done
Event: 72.550 loading class org/codehaus/groovy/ast/tools/GeneralUtils
Event: 72.550 loading class org/codehaus/groovy/ast/tools/GeneralUtils done


Dynamic libraries:
0x00007ff6dfe10000 - 0x00007ff6dfe1a000 	C:\Users\cc\Desktop\New folder\jre\bin\java.exe
0x00007ffc3aeb0000 - 0x00007ffc3b0a8000 	C:\Windows\SYSTEM32\ntdll.dll
0x00007ffc3a9b0000 - 0x00007ffc3aa6d000 	C:\Windows\System32\KERNEL32.DLL
0x00007ffc38c10000 - 0x00007ffc38ede000 	C:\Windows\System32\KERNELBASE.dll
0x00007ffc38940000 - 0x00007ffc38a40000 	C:\Windows\System32\ucrtbase.dll
0x00007ffc2bb20000 - 0x00007ffc2bb39000 	C:\Users\cc\Desktop\New folder\jre\bin\jli.dll
0x00007ffc2aff0000 - 0x00007ffc2b007000 	C:\Users\cc\Desktop\New folder\jre\bin\VCRUNTIME140.dll
0x00007ffc3a0b0000 - 0x00007ffc3a250000 	C:\Windows\System32\USER32.dll
0x00007ffc20bb0000 - 0x00007ffc20e4a000 	C:\Windows\WinSxS\amd64_microsoft.windows.common-controls_6595b64144ccf1df_6.0.19041.1110_none_60b5254171f9507e\COMCTL32.dll
0x00007ffc38ee0000 - 0x00007ffc38f02000 	C:\Windows\System32\win32u.dll
0x00007ffc3aa70000 - 0x00007ffc3aa9a000 	C:\Windows\System32\GDI32.dll
0x00007ffc38a40000 - 0x00007ffc38b4b000 	C:\Windows\System32\gdi32full.dll
0x00007ffc385d0000 - 0x00007ffc3866d000 	C:\Windows\System32\msvcp_win.dll
0x00007ffc392d0000 - 0x00007ffc3936e000 	C:\Windows\System32\msvcrt.dll
0x00007ffc39040000 - 0x00007ffc39070000 	C:\Windows\System32\IMM32.DLL
0x00007ffc1fcd0000 - 0x00007ffc1fd6d000 	C:\Users\cc\Desktop\New folder\jre\bin\msvcp140.dll
0x00007ffbe9310000 - 0x00007ffbe9df5000 	C:\Users\cc\Desktop\New folder\jre\bin\server\jvm.dll
0x00007ffc39190000 - 0x00007ffc3923e000 	C:\Windows\System32\ADVAPI32.dll
0x00007ffc3ad50000 - 0x00007ffc3adec000 	C:\Windows\System32\sechost.dll
0x00007ffc3aaa0000 - 0x00007ffc3abc5000 	C:\Windows\System32\RPCRT4.dll
0x00007ffc39030000 - 0x00007ffc39038000 	C:\Windows\System32\PSAPI.DLL
0x00007ffc2f800000 - 0x00007ffc2f809000 	C:\Windows\SYSTEM32\WSOCK32.dll
0x00007ffc21420000 - 0x00007ffc21447000 	C:\Windows\SYSTEM32\WINMM.dll
0x00007ffc31d00000 - 0x00007ffc31d0a000 	C:\Windows\SYSTEM32\VERSION.dll
0x00007ffc3ace0000 - 0x00007ffc3ad4b000 	C:\Windows\System32\WS2_32.dll
0x00007ffc36e10000 - 0x00007ffc36e22000 	C:\Windows\SYSTEM32\kernel.appcore.dll
0x00007ffc2cda0000 - 0x00007ffc2cdb1000 	C:\Users\cc\Desktop\New folder\jre\bin\verify.dll
0x00007ffc36370000 - 0x00007ffc36554000 	C:\Windows\SYSTEM32\DBGHELP.DLL
0x00007ffc34440000 - 0x00007ffc3446c000 	C:\Windows\SYSTEM32\dbgcore.DLL
0x00007ffc38b80000 - 0x00007ffc38c02000 	C:\Windows\System32\bcryptPrimitives.dll
0x00007ffc107a0000 - 0x00007ffc107c9000 	C:\Users\cc\Desktop\New folder\jre\bin\java.dll
0x00007ffc2cd90000 - 0x00007ffc2cd9b000 	C:\Users\cc\Desktop\New folder\jre\bin\jimage.dll
0x00007ffc299d0000 - 0x00007ffc299e8000 	C:\Users\cc\Desktop\New folder\jre\bin\zip.dll
0x00007ffc39370000 - 0x00007ffc39ab4000 	C:\Windows\System32\SHELL32.dll
0x00007ffc36670000 - 0x00007ffc36e04000 	C:\Windows\SYSTEM32\windows.storage.dll
0x00007ffc39b20000 - 0x00007ffc39e74000 	C:\Windows\System32\combase.dll
0x00007ffc37e80000 - 0x00007ffc37eb0000 	C:\Windows\SYSTEM32\Wldp.dll
0x00007ffc39070000 - 0x00007ffc3911d000 	C:\Windows\System32\SHCORE.dll
0x00007ffc3a250000 - 0x00007ffc3a2a5000 	C:\Windows\System32\shlwapi.dll
0x00007ffc38510000 - 0x00007ffc3852f000 	C:\Windows\SYSTEM32\profapi.dll
0x00007ffc22790000 - 0x00007ffc227aa000 	C:\Users\cc\Desktop\New folder\jre\bin\net.dll
0x00007ffc31fa0000 - 0x00007ffc320aa000 	C:\Windows\SYSTEM32\WINHTTP.dll
0x00007ffc37c60000 - 0x00007ffc37cca000 	C:\Windows\system32\mswsock.dll
0x00007ffc16080000 - 0x00007ffc16094000 	C:\Users\cc\Desktop\New folder\jre\bin\nio.dll
0x00007ffc298d0000 - 0x00007ffc298f7000 	C:\Users\cc\.gradle\native\e1d6ef7f7dcc3fd88c89a11ec53ec762bb8ba0a96d01ffa2cd45eb1d1d8dd5c5\windows-amd64\native-platform.dll
0x00007ffbfb1a0000 - 0x00007ffbfb2e4000 	C:\Users\cc\.gradle\native\5664cfc778a61ccfe75a443a1ab52a65af34e5dc3c78e0209fed803814484fcb\windows-amd64\native-platform-file-events.dll
0x00007ffc2cd80000 - 0x00007ffc2cd8a000 	C:\Users\cc\Desktop\New folder\jre\bin\management.dll
0x00007ffc2c850000 - 0x00007ffc2c85d000 	C:\Users\cc\Desktop\New folder\jre\bin\management_ext.dll
0x00007ffc37f30000 - 0x00007ffc37f48000 	C:\Windows\SYSTEM32\CRYPTSP.dll
0x00007ffc37600000 - 0x00007ffc37634000 	C:\Windows\system32\rsaenh.dll
0x00007ffc38b50000 - 0x00007ffc38b77000 	C:\Windows\System32\bcrypt.dll
0x00007ffc38490000 - 0x00007ffc384be000 	C:\Windows\SYSTEM32\USERENV.dll
0x00007ffc37df0000 - 0x00007ffc37dfc000 	C:\Windows\SYSTEM32\CRYPTBASE.dll
0x00007ffc37970000 - 0x00007ffc379ab000 	C:\Windows\SYSTEM32\IPHLPAPI.DLL
0x00007ffc39180000 - 0x00007ffc39188000 	C:\Windows\System32\NSI.dll
0x00007ffc306e0000 - 0x00007ffc306f7000 	C:\Windows\SYSTEM32\dhcpcsvc6.DLL
0x00007ffc30cc0000 - 0x00007ffc30cdd000 	C:\Windows\SYSTEM32\dhcpcsvc.DLL
0x00007ffc379b0000 - 0x00007ffc37a7b000 	C:\Windows\SYSTEM32\DNSAPI.dll

dbghelp: loaded successfully - version: 4.0.5 - missing functions: none
symbol engine: initialized successfully - sym options: 0x614 - pdb path: .;C:\Users\cc\Desktop\New folder\jre\bin;C:\Windows\SYSTEM32;C:\Windows\WinSxS\amd64_microsoft.windows.common-controls_6595b64144ccf1df_6.0.19041.1110_none_60b5254171f9507e;C:\Users\cc\Desktop\New folder\jre\bin\server;C:\Users\cc\.gradle\native\e1d6ef7f7dcc3fd88c89a11ec53ec762bb8ba0a96d01ffa2cd45eb1d1d8dd5c5\windows-amd64;C:\Users\cc\.gradle\native\5664cfc778a61ccfe75a443a1ab52a65af34e5dc3c78e0209fed803814484fcb\windows-amd64

VM Arguments:
jvm_args: --add-opens=java.base/java.util=ALL-UNNAMED --add-opens=java.base/java.lang=ALL-UNNAMED --add-opens=java.base/java.lang.invoke=ALL-UNNAMED --add-opens=java.base/java.util=ALL-UNNAMED --add-opens=java.prefs/java.util.prefs=ALL-UNNAMED --add-opens=java.prefs/java.util.prefs=ALL-UNNAMED --add-opens=java.base/java.nio.charset=ALL-UNNAMED --add-opens=java.base/java.net=ALL-UNNAMED --add-opens=java.base/java.util.concurrent.atomic=ALL-UNNAMED -Xmx2048m -Dfile.encoding=UTF-8 -Duser.country=GB -Duser.language=en -Duser.variant 
java_command: org.gradle.launcher.daemon.bootstrap.GradleDaemon 7.3.3
java_class_path (initial): C:\Users\cc\.gradle\wrapper\dists\gradle-7.3.3-bin\6a41zxkdtcxs8rphpq6y0069z\gradle-7.3.3\lib\gradle-launcher-7.3.3.jar
Launcher Type: SUN_STANDARD

[Global flags]
     intx CICompilerCount                          = 4                                         {product} {ergonomic}
     uint ConcGCThreads                            = 2                                         {product} {ergonomic}
     uint G1ConcRefinementThreads                  = 8                                         {product} {ergonomic}
   size_t G1HeapRegionSize                         = 1048576                                   {product} {ergonomic}
    uintx GCDrainStackTargetSize                   = 64                                        {product} {ergonomic}
   size_t InitialHeapSize                          = 132120576                                 {product} {ergonomic}
   size_t MarkStackSize                            = 4194304                                   {product} {ergonomic}
   size_t MaxHeapSize                              = 2147483648                                {product} {command line}
   size_t MaxNewSize                               = 1287651328                                {product} {ergonomic}
   size_t MinHeapDeltaBytes                        = 1048576                                   {product} {ergonomic}
    uintx NonNMethodCodeHeapSize                   = 5836300                                {pd product} {ergonomic}
    uintx NonProfiledCodeHeapSize                  = 122910970                              {pd product} {ergonomic}
    uintx ProfiledCodeHeapSize                     = 122910970                              {pd product} {ergonomic}
    uintx ReservedCodeCacheSize                    = 251658240                              {pd product} {ergonomic}
     bool SegmentedCodeCache                       = true                                      {product} {ergonomic}
     bool UseCompressedClassPointers               = true                                 {lp64_product} {ergonomic}
     bool UseCompressedOops                        = true                                 {lp64_product} {ergonomic}
     bool UseG1GC                                  = true                                      {product} {ergonomic}
     bool UseLargePagesIndividualAllocation        = false                                  {pd product} {ergonomic}

Logging:
Log output configuration:
 #0: stdout all=warning uptime,level,tags
 #1: stderr all=off uptime,level,tags

Environment Variables:
PATH=C:\Windows\system32;C:\Windows;C:\Windows\System32\Wbem;C:\Windows\System32\WindowsPowerShell\v1.0\;C:\Windows\System32\OpenSSH\;C:\Program Files (x86)\NVIDIA Corporation\PhysX\Common;C:\Program Files\Git\cmd;C:\Users\cc\AppData\Local\Microsoft\WindowsApps;
USERNAME=cc
OS=Windows_NT
PROCESSOR_IDENTIFIER=Intel64 Family 6 Model 126 Stepping 5, GenuineIntel



---------------  S Y S T E M  ---------------

OS: Windows 10 , 64 bit Build 19041 (10.0.19041.1806)
OS uptime: 3 days 23:49 hours
Hyper-V role detected

CPU:total 8 (initial active 8) (4 cores per cpu, 2 threads per core) family 6 model 126 stepping 5 microcode 0xb0, cmov, cx8, fxsr, mmx, sse, sse2, sse3, ssse3, sse4.1, sse4.2, popcnt, avx, avx2, aes, clmul, erms, 3dnowpref, lzcnt, ht, tsc, tscinvbit, bmi1, bmi2, adx, evex, sha, fma

Memory: 4k page, system-wide physical 7959M (115M free)
TotalPageFile size 9849M (AvailPageFile size 2M)
current process WorkingSet (physical memory assigned to process): 273M, peak: 273M
current process commit charge ("private bytes"): 318M, peak: 318M

vm_info: OpenJDK 64-Bit Server VM (11.0.12+7-b1504.28-7817840) for windows-amd64 JRE (11.0.12+7-b1504.28-7817840), built on Oct 13 2021 22:12:33 by "builder" with MS VC++ 14.0 (VS2015)

END.
