#
# There is insufficient memory for the Java Runtime Environment to continue.
# Native memory allocation (mmap) failed to map 102760448 bytes for Failed to commit area from 0x000000008c700000 to 0x0000000092900000 of length 102760448.
# Possible reasons:
#   The system is out of physical RAM or swap space
#   The process is running with CompressedOops enabled, and the Java Heap may be blocking the growth of the native heap
# Possible solutions:
#   Reduce memory load on the system
#   Increase physical memory or swap space
#   Check if swap backing store is full
#   Decrease Java heap size (-Xmx/-Xms)
#   Decrease number of Java threads
#   Decrease Java thread stack sizes (-Xss)
#   Set larger code cache with -XX:ReservedCodeCacheSize=
#   JVM is running with Unscaled Compressed Oops mode in which the Java heap is
#     placed in the first 4GB address space. The Java Heap base address is the
#     maximum limit for the native heap growth. Please use -XX:HeapBaseMinAddress
#     to set the Java Heap base and to place the Java Heap above 4GB virtual address.
# This output file may be truncated or incomplete.
#
#  Out of Memory Error (./src/hotspot/os/windows/os_windows.cpp:3521), pid=1952, tid=13404
#
# JRE version: OpenJDK Runtime Environment (11.0.12+7) (build 11.0.12+7-b1504.28-7817840)
# Java VM: OpenJDK 64-Bit Server VM (11.0.12+7-b1504.28-7817840, mixed mode, tiered, compressed oops, g1 gc, windows-amd64)
# No core dump will be written. Minidumps are not enabled by default on client versions of Windows
#

---------------  S U M M A R Y ------------

Command Line: --add-opens=java.base/java.util=ALL-UNNAMED --add-opens=java.base/java.lang=ALL-UNNAMED --add-opens=java.base/java.lang.invoke=ALL-UNNAMED --add-opens=java.base/java.util=ALL-UNNAMED --add-opens=java.prefs/java.util.prefs=ALL-UNNAMED --add-opens=java.prefs/java.util.prefs=ALL-UNNAMED --add-opens=java.base/java.nio.charset=ALL-UNNAMED --add-opens=java.base/java.net=ALL-UNNAMED --add-opens=java.base/java.util.concurrent.atomic=ALL-UNNAMED -Xmx2048m -Dfile.encoding=UTF-8 -Duser.country=GB -Duser.language=en -Duser.variant org.gradle.launcher.daemon.bootstrap.GradleDaemon 7.3.3

Host: Intel(R) Core(TM) i5-1035G1 CPU @ 1.00GHz, 8 cores, 7G,  Windows 10 , 64 bit Build 19041 (10.0.19041.1806)
Time: Sun Aug  7 20:18:36 2022 Egypt Standard Time elapsed time: 172.787545 seconds (0d 0h 2m 52s)

---------------  T H R E A D  ---------------

Current thread (0x00000239f6ea6800):  VMThread "VM Thread" [stack: 0x00000069ff000000,0x00000069ff100000] [id=13404]

Stack: [0x00000069ff000000,0x00000069ff100000]
[error occurred during error reporting (printing stack bounds), id 0xc0000005, EXCEPTION_ACCESS_VIOLATION (0xc0000005) at pc=0x00000239dfd612e7]

Native frames: (J=compiled Java code, j=interpreted, Vv=VM code, C=native code)
V  [jvm.dll+0x5fbcea]
V  [jvm.dll+0x731905]
V  [jvm.dll+0x732f1d]
V  [jvm.dll+0x733535]
V  [jvm.dll+0x7334eb]
V  [jvm.dll+0x5fb080]
V  [jvm.dll+0x5fb818]
C  [ntdll.dll+0xa229f]
C  [ntdll.dll+0x51454]
C  [ntdll.dll+0xa0dce]
C  0x00000239dfd612e7

VM_Operation (0x00000069807fed20): G1CollectForAllocation, mode: safepoint, requested by thread 0x00000239fa852000


---------------  P R O C E S S  ---------------

Threads class SMR info:
_java_thread_list=0x000002398120bbd0, length=164, elements={
0x00000239daa5a000, 0x00000239f6eab800, 0x00000239f6eb5800, 0x00000239f7826800,
0x00000239f7828800, 0x00000239f782a000, 0x00000239f782e800, 0x00000239f7831800,
0x00000239f7832800, 0x00000239f799f800, 0x00000239f9197800, 0x00000239f9066000,
0x00000239faaf0000, 0x00000239f8de4800, 0x00000239faac1800, 0x00000239fa4db000,
0x00000239fab2d000, 0x00000239f9e6c800, 0x00000239fa852000, 0x00000239fa850800,
0x00000239fa853000, 0x00000239fa851000, 0x00000239fa4e2800, 0x00000239fa4e1800,
0x00000239fa4dc800, 0x00000239fa4e3000, 0x00000239fa4dd800, 0x00000239fa4de800,
0x00000239fa4df000, 0x00000239fa4e0000, 0x00000239fb3b0800, 0x00000239fb3af800,
0x00000239fb3b2000, 0x00000239fb3b3000, 0x00000239fb3b3800, 0x00000239fb3ae000,
0x00000239fb3b4800, 0x00000239fb3af000, 0x00000239fb3b9800, 0x00000239fb3b5800,
0x00000239fb3b8000, 0x00000239fb3ba000, 0x00000239fb3bb000, 0x00000239fb3b6000,
0x00000239fb3bc800, 0x00000239fb3b8800, 0x00000239fb3bc000, 0x00000239fb3b7000,
0x00000239fb71f800, 0x00000239fb721000, 0x00000239fb723000, 0x00000239fb71f000,
0x00000239fb724800, 0x00000239fb722000, 0x00000239fb725800, 0x00000239fb723800,
0x00000239fb726000, 0x00000239fb720800, 0x00000239fb72b000, 0x00000239fb72c800,
0x00000239fb727000, 0x00000239fb729800, 0x00000239fb72a000, 0x00000239fb72c000,
0x00000239fb72d800, 0x00000239fb728000, 0x00000239fb728800, 0x00000239fb733000,
0x00000239fb72f800, 0x00000239fb734800, 0x00000239fb730800, 0x00000239fb731000,
0x00000239fb733800, 0x00000239fb732000, 0x00000239fb72f000, 0x00000239fb738800,
0x00000239fb737000, 0x00000239fb73b000, 0x00000239fb739800, 0x00000239fb736000,
0x00000239fb73a000, 0x00000239fb738000, 0x00000239fb735800, 0x00000239fb73c000,
0x00000239fb73c800, 0x00000239fb73d800, 0x00000239fd11b800, 0x00000239fd11f800,
0x00000239fd11d000, 0x00000239fd11e000, 0x00000239fd11a800, 0x00000239fd120800,
0x00000239fd122000, 0x00000239fd11e800, 0x00000239fd121000, 0x00000239fd11c000,
0x00000239fd127800, 0x00000239fd123800, 0x00000239fd128800, 0x00000239fd126000,
0x00000239fd125000, 0x00000239fd123000, 0x00000239fd127000, 0x00000239fd129800,
0x00000239fd124800, 0x00000239fb623000, 0x00000239fb626800, 0x00000239fb624000,
0x00000239fb628000, 0x00000239fb622800, 0x00000239fb627000, 0x00000239fb629800,
0x00000239fb624800, 0x00000239fb62a800, 0x00000239fb629000, 0x00000239fb62b000,
0x00000239fb625800, 0x00000239fb631000, 0x00000239fb62d000, 0x00000239fb62c000,
0x00000239fb62f800, 0x00000239fb630000, 0x00000239fb62e800, 0x00000239fee4d000,
0x00000239fee4c800, 0x00000239fee4a000, 0x00000239fee4a800, 0x00000239fee47800,
0x00000239fee4e000, 0x00000239fee4b800, 0x00000239fee48000, 0x00000239fee4e800,
0x00000239fee49000, 0x00000239fee50800, 0x00000239fee4f800, 0x00000239fee53800,
0x00000239fee56000, 0x00000239fee54800, 0x00000239fee55000, 0x00000239fa964800,
0x00000239fa969000, 0x00000239fa965800, 0x00000239fa966800, 0x00000239fa964000,
0x00000239fa969800, 0x00000239fa96a800, 0x00000239fa968000, 0x00000239fa96b800,
0x00000239fa96c000, 0x00000239fa967000, 0x00000239fa96d800, 0x00000239fa96e800,
0x00000239fa96f800, 0x00000239fa971000, 0x00000239fa972000, 0x00000239fa970000,
0x00000239fee53000, 0x00000239fee52000, 0x00000239faddc800, 0x00000239faddb800,
0x00000239fadd6800, 0x00000239fadd9000, 0x00000239fadda000, 0x00000239fadda800
}

Java Threads: ( => current thread )
  0x00000239daa5a000 JavaThread "main" [_thread_blocked, id=880, stack(0x00000069fea00000,0x00000069feb00000)]
  0x00000239f6eab800 JavaThread "Reference Handler" daemon [_thread_blocked, id=12728, stack(0x00000069ff100000,0x00000069ff200000)]
  0x00000239f6eb5800 JavaThread "Finalizer" daemon [_thread_blocked, id=6076, stack(0x00000069ff200000,0x00000069ff300000)]
  0x00000239f7826800 JavaThread "Signal Dispatcher" daemon [_thread_blocked, id=5208, stack(0x00000069ff300000,0x00000069ff400000)]
  0x00000239f7828800 JavaThread "Attach Listener" daemon [_thread_blocked, id=6436, stack(0x00000069ff400000,0x00000069ff500000)]
  0x00000239f782a000 JavaThread "Service Thread" daemon [_thread_blocked, id=10036, stack(0x00000069ff500000,0x00000069ff600000)]
  0x00000239f782e800 JavaThread "C2 CompilerThread0" daemon [_thread_blocked, id=20352, stack(0x00000069ff600000,0x00000069ff700000)]
  0x00000239f7831800 JavaThread "C1 CompilerThread0" daemon [_thread_blocked, id=19572, stack(0x00000069ff700000,0x00000069ff800000)]
  0x00000239f7832800 JavaThread "Sweeper thread" daemon [_thread_blocked, id=12180, stack(0x00000069ff800000,0x00000069ff900000)]
  0x00000239f799f800 JavaThread "Common-Cleaner" daemon [_thread_blocked, id=9304, stack(0x00000069ff900000,0x00000069ffa00000)]
  0x00000239f9197800 JavaThread "Daemon health stats" [_thread_blocked, id=7112, stack(0x00000069fff00000,0x0000006a00000000)]
  0x00000239f9066000 JavaThread "Incoming local TCP Connector on port 50621" [_thread_in_native, id=17016, stack(0x00000069ffb00000,0x00000069ffc00000)]
  0x00000239faaf0000 JavaThread "Daemon periodic checks" [_thread_blocked, id=8012, stack(0x00000069ffe00000,0x00000069fff00000)]
  0x00000239f8de4800 JavaThread "Daemon" [_thread_blocked, id=16860, stack(0x0000006980000000,0x0000006980100000)]
  0x00000239faac1800 JavaThread "Handler for socket connection from /127.0.0.1:50621 to /127.0.0.1:50622" [_thread_in_native, id=12116, stack(0x0000006980100000,0x0000006980200000)]
  0x00000239fa4db000 JavaThread "Cancel handler" [_thread_blocked, id=2600, stack(0x0000006980200000,0x0000006980300000)]
  0x00000239fab2d000 JavaThread "Daemon worker" [_thread_blocked, id=8432, stack(0x0000006980300000,0x0000006980400000)]
  0x00000239f9e6c800 JavaThread "Asynchronous log dispatcher for DefaultDaemonConnection: socket connection from /127.0.0.1:50621 to /127.0.0.1:50622" [_thread_blocked, id=3408, stack(0x0000006980500000,0x0000006980600000)]
  0x00000239fa852000 JavaThread "Daemon client event forwarder" [_thread_blocked, id=18184, stack(0x0000006980700000,0x0000006980800000)]
  0x00000239fa850800 JavaThread "Cache worker for journal cache (C:\Users\cc\.gradle\caches\journal-1)" [_thread_blocked, id=16972, stack(0x0000006980400000,0x0000006980500000)]
  0x00000239fa853000 JavaThread "File lock request listener" [_thread_in_native, id=16708, stack(0x0000006980d00000,0x0000006980e00000)]
  0x00000239fa851000 JavaThread "Cache worker for file hash cache (C:\Users\cc\.gradle\caches\7.3.3\fileHashes)" [_thread_blocked, id=16476, stack(0x0000006980e00000,0x0000006980f00000)]
  0x00000239fa4e2800 JavaThread "Cache worker for file hash cache (C:\Users\cc\Projects\MyTrainApp\.gradle\7.3.3\fileHashes)" [_thread_blocked, id=21156, stack(0x0000006981100000,0x0000006981200000)]
  0x00000239fa4e1800 JavaThread "File watcher server" daemon [_thread_blocked, id=10492, stack(0x0000006981200000,0x0000006981300000)]
  0x00000239fa4dc800 JavaThread "File watcher consumer" daemon [_thread_blocked, id=9332, stack(0x0000006981300000,0x0000006981400000)]
  0x00000239fa4e3000 JavaThread "Cache worker for checksums cache (C:\Users\cc\Projects\MyTrainApp\.gradle\7.3.3\checksums)" [_thread_blocked, id=12840, stack(0x0000006981400000,0x0000006981500000)]
  0x00000239fa4dd800 JavaThread "Cache worker for cache directory md-supplier (C:\Users\cc\.gradle\caches\7.3.3\md-supplier)" [_thread_blocked, id=14156, stack(0x0000006981500000,0x0000006981600000)]
  0x00000239fa4de800 JavaThread "Cache worker for cache directory md-rule (C:\Users\cc\.gradle\caches\7.3.3\md-rule)" [_thread_blocked, id=15640, stack(0x0000006981600000,0x0000006981700000)]
  0x00000239fa4df000 JavaThread "Cache worker for execution history cache (C:\Users\cc\.gradle\caches\7.3.3\executionHistory)" [_thread_blocked, id=13964, stack(0x0000006981700000,0x0000006981800000)]
  0x00000239fa4e0000 JavaThread "jar transforms" [_thread_blocked, id=10080, stack(0x0000006981900000,0x0000006981a00000)]
  0x00000239fb3b0800 JavaThread "jar transforms Thread 2" [_thread_blocked, id=14936, stack(0x0000006981a00000,0x0000006981b00000)]
  0x00000239fb3af800 JavaThread "Cache worker for file content cache (C:\Users\cc\.gradle\caches\7.3.3\fileContent)" [_thread_blocked, id=10896, stack(0x0000006981b00000,0x0000006981c00000)]
  0x00000239fb3b2000 JavaThread "Cache worker for dependencies-accessors (C:\Users\cc\Projects\MyTrainApp\.gradle\7.3.3\dependencies-accessors)" [_thread_blocked, id=5840, stack(0x0000006981c00000,0x0000006981d00000)]
  0x00000239fb3b3000 JavaThread "jar transforms Thread 3" [_thread_blocked, id=12796, stack(0x0000006981d00000,0x0000006981e00000)]
  0x00000239fb3b3800 JavaThread "Cache worker for Build Output Cleanup Cache (C:\Users\cc\Projects\MyTrainApp\.gradle\buildOutputCleanup)" [_thread_blocked, id=21364, stack(0x0000006981e00000,0x0000006981f00000)]
  0x00000239fb3ae000 JavaThread "Unconstrained build operations" [_thread_blocked, id=14444, stack(0x0000006981f00000,0x0000006982000000)]
  0x00000239fb3b4800 JavaThread "Unconstrained build operations Thread 2" [_thread_blocked, id=7300, stack(0x0000006982000000,0x0000006982100000)]
  0x00000239fb3af000 JavaThread "Unconstrained build operations Thread 3" [_thread_blocked, id=21400, stack(0x0000006982100000,0x0000006982200000)]
  0x00000239fb3b9800 JavaThread "Unconstrained build operations Thread 4" [_thread_blocked, id=20872, stack(0x0000006982200000,0x0000006982300000)]
  0x00000239fb3b5800 JavaThread "Unconstrained build operations Thread 5" [_thread_blocked, id=1348, stack(0x0000006982300000,0x0000006982400000)]
  0x00000239fb3b8000 JavaThread "Unconstrained build operations Thread 6" [_thread_blocked, id=11128, stack(0x0000006982400000,0x0000006982500000)]
  0x00000239fb3ba000 JavaThread "Unconstrained build operations Thread 7" [_thread_blocked, id=5580, stack(0x0000006982500000,0x0000006982600000)]
  0x00000239fb3bb000 JavaThread "Unconstrained build operations Thread 8" [_thread_blocked, id=15116, stack(0x0000006982600000,0x0000006982700000)]
  0x00000239fb3b6000 JavaThread "Unconstrained build operations Thread 9" [_thread_blocked, id=8620, stack(0x0000006982700000,0x0000006982800000)]
  0x00000239fb3bc800 JavaThread "Unconstrained build operations Thread 10" [_thread_blocked, id=22380, stack(0x0000006982800000,0x0000006982900000)]
  0x00000239fb3b8800 JavaThread "Unconstrained build operations Thread 11" [_thread_blocked, id=13508, stack(0x0000006982900000,0x0000006982a00000)]
  0x00000239fb3bc000 JavaThread "Unconstrained build operations Thread 12" [_thread_blocked, id=9860, stack(0x0000006982a00000,0x0000006982b00000)]
  0x00000239fb3b7000 JavaThread "Unconstrained build operations Thread 13" [_thread_blocked, id=19836, stack(0x0000006982b00000,0x0000006982c00000)]
  0x00000239fb71f800 JavaThread "Unconstrained build operations Thread 14" [_thread_blocked, id=16272, stack(0x0000006982c00000,0x0000006982d00000)]
  0x00000239fb721000 JavaThread "Unconstrained build operations Thread 15" [_thread_blocked, id=13812, stack(0x0000006982d00000,0x0000006982e00000)]
  0x00000239fb723000 JavaThread "Unconstrained build operations Thread 16" [_thread_blocked, id=5196, stack(0x0000006982e00000,0x0000006982f00000)]
  0x00000239fb71f000 JavaThread "Unconstrained build operations Thread 17" [_thread_blocked, id=2380, stack(0x0000006982f00000,0x0000006983000000)]
  0x00000239fb724800 JavaThread "Unconstrained build operations Thread 18" [_thread_blocked, id=17356, stack(0x0000006983000000,0x0000006983100000)]
  0x00000239fb722000 JavaThread "Unconstrained build operations Thread 19" [_thread_blocked, id=16388, stack(0x0000006983100000,0x0000006983200000)]
  0x00000239fb725800 JavaThread "Unconstrained build operations Thread 20" [_thread_blocked, id=15224, stack(0x0000006983200000,0x0000006983300000)]
  0x00000239fb723800 JavaThread "Unconstrained build operations Thread 21" [_thread_blocked, id=3196, stack(0x0000006983300000,0x0000006983400000)]
  0x00000239fb726000 JavaThread "Unconstrained build operations Thread 22" [_thread_blocked, id=18452, stack(0x0000006983400000,0x0000006983500000)]
  0x00000239fb720800 JavaThread "Unconstrained build operations Thread 23" [_thread_blocked, id=15352, stack(0x0000006983500000,0x0000006983600000)]
  0x00000239fb72b000 JavaThread "Unconstrained build operations Thread 24" [_thread_blocked, id=15204, stack(0x0000006983600000,0x0000006983700000)]
  0x00000239fb72c800 JavaThread "Unconstrained build operations Thread 25" [_thread_blocked, id=19728, stack(0x0000006983700000,0x0000006983800000)]
  0x00000239fb727000 JavaThread "Unconstrained build operations Thread 26" [_thread_blocked, id=18496, stack(0x0000006983800000,0x0000006983900000)]
  0x00000239fb729800 JavaThread "Unconstrained build operations Thread 27" [_thread_blocked, id=6348, stack(0x0000006983900000,0x0000006983a00000)]
  0x00000239fb72a000 JavaThread "Unconstrained build operations Thread 28" [_thread_blocked, id=4824, stack(0x0000006983a00000,0x0000006983b00000)]
  0x00000239fb72c000 JavaThread "Unconstrained build operations Thread 29" [_thread_blocked, id=15424, stack(0x0000006983b00000,0x0000006983c00000)]
  0x00000239fb72d800 JavaThread "Unconstrained build operations Thread 30" [_thread_blocked, id=11892, stack(0x0000006983c00000,0x0000006983d00000)]
  0x00000239fb728000 JavaThread "Unconstrained build operations Thread 31" [_thread_blocked, id=20064, stack(0x0000006983d00000,0x0000006983e00000)]
  0x00000239fb728800 JavaThread "Unconstrained build operations Thread 32" [_thread_blocked, id=3876, stack(0x0000006983e00000,0x0000006983f00000)]
  0x00000239fb733000 JavaThread "Unconstrained build operations Thread 33" [_thread_blocked, id=11460, stack(0x0000006983f00000,0x0000006984000000)]
  0x00000239fb72f800 JavaThread "Unconstrained build operations Thread 34" [_thread_blocked, id=16856, stack(0x0000006984000000,0x0000006984100000)]
  0x00000239fb734800 JavaThread "Unconstrained build operations Thread 35" [_thread_blocked, id=9488, stack(0x0000006984100000,0x0000006984200000)]
  0x00000239fb730800 JavaThread "Unconstrained build operations Thread 36" [_thread_blocked, id=20388, stack(0x0000006984200000,0x0000006984300000)]
  0x00000239fb731000 JavaThread "Unconstrained build operations Thread 37" [_thread_blocked, id=17832, stack(0x0000006984300000,0x0000006984400000)]
  0x00000239fb733800 JavaThread "Unconstrained build operations Thread 38" [_thread_blocked, id=15948, stack(0x0000006984400000,0x0000006984500000)]
  0x00000239fb732000 JavaThread "Unconstrained build operations Thread 39" [_thread_blocked, id=10932, stack(0x0000006984500000,0x0000006984600000)]
  0x00000239fb72f000 JavaThread "Unconstrained build operations Thread 40" [_thread_blocked, id=18480, stack(0x0000006984600000,0x0000006984700000)]
  0x00000239fb738800 JavaThread "Unconstrained build operations Thread 41" [_thread_blocked, id=15420, stack(0x0000006984700000,0x0000006984800000)]
  0x00000239fb737000 JavaThread "Unconstrained build operations Thread 42" [_thread_blocked, id=9612, stack(0x0000006984800000,0x0000006984900000)]
  0x00000239fb73b000 JavaThread "Unconstrained build operations Thread 43" [_thread_blocked, id=18832, stack(0x0000006984900000,0x0000006984a00000)]
  0x00000239fb739800 JavaThread "Unconstrained build operations Thread 44" [_thread_blocked, id=18444, stack(0x0000006984a00000,0x0000006984b00000)]
  0x00000239fb736000 JavaThread "Unconstrained build operations Thread 45" [_thread_blocked, id=18028, stack(0x0000006984b00000,0x0000006984c00000)]
  0x00000239fb73a000 JavaThread "Unconstrained build operations Thread 46" [_thread_blocked, id=12036, stack(0x0000006984c00000,0x0000006984d00000)]
  0x00000239fb738000 JavaThread "Unconstrained build operations Thread 47" [_thread_blocked, id=10404, stack(0x0000006984d00000,0x0000006984e00000)]
  0x00000239fb735800 JavaThread "Unconstrained build operations Thread 48" [_thread_blocked, id=19932, stack(0x0000006984e00000,0x0000006984f00000)]
  0x00000239fb73c000 JavaThread "Unconstrained build operations Thread 49" [_thread_blocked, id=14520, stack(0x0000006984f00000,0x0000006985000000)]
  0x00000239fb73c800 JavaThread "Unconstrained build operations Thread 50" [_thread_blocked, id=9828, stack(0x0000006985000000,0x0000006985100000)]
  0x00000239fb73d800 JavaThread "Unconstrained build operations Thread 51" [_thread_blocked, id=14204, stack(0x0000006985100000,0x0000006985200000)]
  0x00000239fd11b800 JavaThread "Unconstrained build operations Thread 52" [_thread_blocked, id=7972, stack(0x0000006985200000,0x0000006985300000)]
  0x00000239fd11f800 JavaThread "Unconstrained build operations Thread 53" [_thread_blocked, id=4604, stack(0x0000006985300000,0x0000006985400000)]
  0x00000239fd11d000 JavaThread "Unconstrained build operations Thread 54" [_thread_blocked, id=7816, stack(0x0000006985400000,0x0000006985500000)]
  0x00000239fd11e000 JavaThread "Unconstrained build operations Thread 55" [_thread_blocked, id=12352, stack(0x0000006985500000,0x0000006985600000)]
  0x00000239fd11a800 JavaThread "Unconstrained build operations Thread 56" [_thread_blocked, id=21812, stack(0x0000006985600000,0x0000006985700000)]
  0x00000239fd120800 JavaThread "Unconstrained build operations Thread 57" [_thread_blocked, id=18136, stack(0x0000006985700000,0x0000006985800000)]
  0x00000239fd122000 JavaThread "Unconstrained build operations Thread 58" [_thread_blocked, id=18668, stack(0x0000006985800000,0x0000006985900000)]
  0x00000239fd11e800 JavaThread "Unconstrained build operations Thread 59" [_thread_blocked, id=19504, stack(0x0000006985900000,0x0000006985a00000)]
  0x00000239fd121000 JavaThread "Unconstrained build operations Thread 60" [_thread_blocked, id=10392, stack(0x0000006985a00000,0x0000006985b00000)]
  0x00000239fd11c000 JavaThread "Unconstrained build operations Thread 61" [_thread_blocked, id=17040, stack(0x0000006985b00000,0x0000006985c00000)]
  0x00000239fd127800 JavaThread "Unconstrained build operations Thread 62" [_thread_blocked, id=15840, stack(0x0000006985c00000,0x0000006985d00000)]
  0x00000239fd123800 JavaThread "Unconstrained build operations Thread 63" [_thread_blocked, id=14888, stack(0x0000006985d00000,0x0000006985e00000)]
  0x00000239fd128800 JavaThread "Unconstrained build operations Thread 64" [_thread_blocked, id=14928, stack(0x0000006985e00000,0x0000006985f00000)]
  0x00000239fd126000 JavaThread "Unconstrained build operations Thread 65" [_thread_blocked, id=20384, stack(0x0000006985f00000,0x0000006986000000)]
  0x00000239fd125000 JavaThread "Unconstrained build operations Thread 66" [_thread_blocked, id=17576, stack(0x0000006986000000,0x0000006986100000)]
  0x00000239fd123000 JavaThread "Unconstrained build operations Thread 67" [_thread_blocked, id=19688, stack(0x0000006986100000,0x0000006986200000)]
  0x00000239fd127000 JavaThread "Unconstrained build operations Thread 68" [_thread_blocked, id=20976, stack(0x0000006986200000,0x0000006986300000)]
  0x00000239fd129800 JavaThread "Unconstrained build operations Thread 69" [_thread_blocked, id=4032, stack(0x0000006986300000,0x0000006986400000)]
  0x00000239fd124800 JavaThread "Unconstrained build operations Thread 70" [_thread_blocked, id=3624, stack(0x0000006986400000,0x0000006986500000)]
  0x00000239fb623000 JavaThread "Unconstrained build operations Thread 71" [_thread_blocked, id=16172, stack(0x0000006986500000,0x0000006986600000)]
  0x00000239fb626800 JavaThread "Unconstrained build operations Thread 72" [_thread_blocked, id=20856, stack(0x0000006986600000,0x0000006986700000)]
  0x00000239fb624000 JavaThread "Unconstrained build operations Thread 73" [_thread_blocked, id=14412, stack(0x0000006986700000,0x0000006986800000)]
  0x00000239fb628000 JavaThread "Unconstrained build operations Thread 74" [_thread_blocked, id=11296, stack(0x0000006986800000,0x0000006986900000)]
  0x00000239fb622800 JavaThread "Unconstrained build operations Thread 75" [_thread_blocked, id=15440, stack(0x0000006986900000,0x0000006986a00000)]
  0x00000239fb627000 JavaThread "Unconstrained build operations Thread 76" [_thread_blocked, id=1540, stack(0x0000006986a00000,0x0000006986b00000)]
  0x00000239fb629800 JavaThread "Unconstrained build operations Thread 77" [_thread_blocked, id=12176, stack(0x0000006986b00000,0x0000006986c00000)]
  0x00000239fb624800 JavaThread "Unconstrained build operations Thread 78" [_thread_blocked, id=19228, stack(0x0000006986c00000,0x0000006986d00000)]
  0x00000239fb62a800 JavaThread "Unconstrained build operations Thread 79" [_thread_blocked, id=20968, stack(0x0000006986d00000,0x0000006986e00000)]
  0x00000239fb629000 JavaThread "Unconstrained build operations Thread 80" [_thread_blocked, id=19708, stack(0x0000006986e00000,0x0000006986f00000)]
  0x00000239fb62b000 JavaThread "jar transforms Thread 4" [_thread_blocked, id=19216, stack(0x0000006986f00000,0x0000006987000000)]
  0x00000239fb625800 JavaThread "jar transforms Thread 5" [_thread_blocked, id=1576, stack(0x0000006987000000,0x0000006987100000)]
  0x00000239fb631000 JavaThread "jar transforms Thread 6" [_thread_blocked, id=8824, stack(0x0000006987100000,0x0000006987200000)]
  0x00000239fb62d000 JavaThread "jar transforms Thread 7" [_thread_blocked, id=16524, stack(0x0000006987200000,0x0000006987300000)]
  0x00000239fb62c000 JavaThread "jar transforms Thread 8" [_thread_blocked, id=3820, stack(0x0000006987300000,0x0000006987400000)]
  0x00000239fb62f800 JavaThread "Memory manager" [_thread_blocked, id=5040, stack(0x0000006981000000,0x0000006981100000)]
  0x00000239fb630000 JavaThread "build event listener" [_thread_blocked, id=6404, stack(0x0000006987500000,0x0000006987600000)]
  0x00000239fb62e800 JavaThread "pool-3-thread-1" [_thread_blocked, id=17980, stack(0x0000006987600000,0x0000006987700000)]
  0x00000239fee4d000 JavaThread "build event listener" [_thread_blocked, id=2064, stack(0x0000006987700000,0x0000006987800000)]
  0x00000239fee4c800 JavaThread "Execution worker for ':'" [_thread_blocked, id=22376, stack(0x0000006987800000,0x0000006987900000)]
  0x00000239fee4a000 JavaThread "Execution worker for ':' Thread 2" [_thread_blocked, id=14088, stack(0x0000006987900000,0x0000006987a00000)]
  0x00000239fee4a800 JavaThread "Execution worker for ':' Thread 3" [_thread_blocked, id=5936, stack(0x0000006987a00000,0x0000006987b00000)]
  0x00000239fee47800 JavaThread "Execution worker for ':' Thread 4" [_thread_blocked, id=12564, stack(0x0000006987b00000,0x0000006987c00000)]
  0x00000239fee4e000 JavaThread "Execution worker for ':' Thread 5" [_thread_blocked, id=14284, stack(0x0000006987c00000,0x0000006987d00000)]
  0x00000239fee4b800 JavaThread "Execution worker for ':' Thread 6" [_thread_blocked, id=4852, stack(0x0000006987d00000,0x0000006987e00000)]
  0x00000239fee48000 JavaThread "Execution worker for ':' Thread 7" [_thread_blocked, id=15548, stack(0x0000006987e00000,0x0000006987f00000)]
  0x00000239fee4e800 JavaThread "Cache worker for execution history cache (C:\Users\cc\Projects\MyTrainApp\.gradle\7.3.3\executionHistory)" [_thread_blocked, id=19152, stack(0x0000006987f00000,0x0000006988000000)]
  0x00000239fee49000 JavaThread "WorkerExecutor Queue" [_thread_blocked, id=17192, stack(0x0000006988100000,0x0000006988200000)]
  0x00000239fee50800 JavaThread "pool-4-thread-1" [_thread_blocked, id=18312, stack(0x0000006988000000,0x0000006988100000)]
  0x00000239fee4f800 JavaThread "stderr" [_thread_in_native, id=3316, stack(0x0000006988200000,0x0000006988300000)]
  0x00000239fee53800 JavaThread "stdout" [_thread_in_native, id=7308, stack(0x0000006988300000,0x0000006988400000)]
  0x00000239fee56000 JavaThread "RMI Scheduler(0)" daemon [_thread_blocked, id=10524, stack(0x0000006980600000,0x0000006980700000)]
  0x00000239fee54800 JavaThread "RMI GC Daemon" daemon [_thread_blocked, id=18892, stack(0x0000006988600000,0x0000006988700000)]
  0x00000239fee55000 JavaThread "RMI TCP Accept-0" daemon [_thread_in_native, id=12784, stack(0x0000006988700000,0x0000006988800000)]
  0x00000239fa964800 JavaThread "RMI Reaper" [_thread_blocked, id=18500, stack(0x0000006988800000,0x0000006988900000)]
  0x00000239fa969000 JavaThread "RMI TCP Connection(idle)" daemon [_thread_blocked, id=13724, stack(0x0000006988900000,0x0000006988a00000)]
  0x00000239fa965800 JavaThread "Cache worker for Java compile cache (C:\Users\cc\.gradle\caches\7.3.3\javaCompile)" [_thread_blocked, id=4712, stack(0x0000006988500000,0x0000006988600000)]
  0x00000239fa966800 JavaThread "Build operations" [_thread_blocked, id=17936, stack(0x0000006988a00000,0x0000006988b00000)]
  0x00000239fa964000 JavaThread "Build operations Thread 2" [_thread_blocked, id=18396, stack(0x0000006988b00000,0x0000006988c00000)]
  0x00000239fa969800 JavaThread "Build operations Thread 3" [_thread_blocked, id=6832, stack(0x0000006988c00000,0x0000006988d00000)]
  0x00000239fa96a800 JavaThread "Build operations Thread 4" [_thread_blocked, id=6372, stack(0x0000006988d00000,0x0000006988e00000)]
  0x00000239fa968000 JavaThread "Build operations Thread 5" [_thread_blocked, id=13276, stack(0x0000006988e00000,0x0000006988f00000)]
  0x00000239fa96b800 JavaThread "Build operations Thread 6" [_thread_blocked, id=10788, stack(0x0000006988f00000,0x0000006989000000)]
  0x00000239fa96c000 JavaThread "Build operations Thread 7" [_thread_blocked, id=17180, stack(0x0000006989000000,0x0000006989100000)]
  0x00000239fa967000 JavaThread "Build operations Thread 8" [_thread_blocked, id=22156, stack(0x0000006989100000,0x0000006989200000)]
  0x00000239fa96d800 JavaThread "WorkerExecutor Queue Thread 3" [_thread_blocked, id=1660, stack(0x0000006981800000,0x0000006981900000)]
  0x00000239fa96e800 JavaThread "WorkerExecutor Queue Thread 4" [_thread_blocked, id=3172, stack(0x0000006987400000,0x0000006987500000)]
  0x00000239fa96f800 JavaThread "WorkerExecutor Queue Thread 5" [_thread_blocked, id=10228, stack(0x0000006989200000,0x0000006989300000)]
  0x00000239fa971000 JavaThread "WorkerExecutor Queue Thread 6" [_thread_blocked, id=19872, stack(0x0000006989300000,0x0000006989400000)]
  0x00000239fa972000 JavaThread "WorkerExecutor Queue Thread 7" [_thread_blocked, id=16188, stack(0x0000006989400000,0x0000006989500000)]
  0x00000239fa970000 JavaThread "WorkerExecutor Queue Thread 8" [_thread_blocked, id=21548, stack(0x0000006989500000,0x0000006989600000)]
  0x00000239fee53000 JavaThread "WorkerExecutor Queue Thread 10" [_thread_blocked, id=11868, stack(0x0000006989600000,0x0000006989700000)]
  0x00000239fee52000 JavaThread "ForkJoinPool.commonPool-worker-3" daemon [_thread_blocked, id=16588, stack(0x0000006988400000,0x0000006988500000)]
  0x00000239faddc800 JavaThread "ForkJoinPool.commonPool-worker-5" daemon [_thread_blocked, id=21712, stack(0x0000006989700000,0x0000006989800000)]
  0x00000239faddb800 JavaThread "ForkJoinPool.commonPool-worker-7" daemon [_thread_blocked, id=21348, stack(0x0000006989800000,0x0000006989900000)]
  0x00000239fadd6800 JavaThread "ForkJoinPool.commonPool-worker-9" daemon [_thread_blocked, id=3588, stack(0x0000006989900000,0x0000006989a00000)]
  0x00000239fadd9000 JavaThread "ForkJoinPool.commonPool-worker-13" daemon [_thread_blocked, id=17256, stack(0x0000006989a00000,0x0000006989b00000)]
  0x00000239fadda000 JavaThread "ForkJoinPool.commonPool-worker-11" daemon [_thread_blocked, id=7752, stack(0x0000006989b00000,0x0000006989c00000)]
  0x00000239fadda800 JavaThread "ForkJoinPool.commonPool-worker-15" daemon [_thread_blocked, id=12428, stack(0x0000006989c00000,0x0000006989d00000)]

Other Threads:
=>0x00000239f6ea6800 VMThread "VM Thread" [stack: 0x00000069ff000000,0x00000069ff100000] [id=13404]
  0x00000239f79e1000 WatcherThread [stack: 0x00000069ffa00000,0x00000069ffb00000] [id=20892]
  0x00000239daa74000 GCTaskThread "GC Thread#0" [stack: 0x00000069feb00000,0x00000069fec00000] [id=7404]
  0x00000239f884b800 GCTaskThread "GC Thread#1" [stack: 0x00000069ffc00000,0x00000069ffd00000] [id=19320]
  0x00000239f84ac800 GCTaskThread "GC Thread#2" [stack: 0x00000069ffd00000,0x00000069ffe00000] [id=19304]
  0x00000239f8ce2000 GCTaskThread "GC Thread#3" [stack: 0x0000006980800000,0x0000006980900000] [id=15400]
  0x00000239f9756800 GCTaskThread "GC Thread#4" [stack: 0x0000006980900000,0x0000006980a00000] [id=14988]
  0x00000239f9786800 GCTaskThread "GC Thread#5" [stack: 0x0000006980a00000,0x0000006980b00000] [id=10464]
  0x00000239fafb7000 GCTaskThread "GC Thread#6" [stack: 0x0000006980b00000,0x0000006980c00000] [id=17720]
  0x00000239f9bcf800 GCTaskThread "GC Thread#7" [stack: 0x0000006980c00000,0x0000006980d00000] [id=16632]
  0x00000239daaae000 ConcurrentGCThread "G1 Main Marker" [stack: 0x00000069fec00000,0x00000069fed00000] [id=20260]
  0x00000239daaaf000 ConcurrentGCThread "G1 Conc#0" [stack: 0x00000069fed00000,0x00000069fee00000] [id=19612]
  0x00000239f9771800 ConcurrentGCThread "G1 Conc#1" [stack: 0x0000006980f00000,0x0000006981000000] [id=15124]
  0x00000239dab3e000 ConcurrentGCThread "G1 Refine#0" [stack: 0x00000069fee00000,0x00000069fef00000] [id=13104]
  0x00000239f6cf0800 ConcurrentGCThread "G1 Young RemSet Sampling" [stack: 0x00000069fef00000,0x00000069ff000000] [id=9124]

Threads with active compile tasks:

VM state:at safepoint (normal execution)

VM Mutex/Monitor currently owned by a thread:  ([mutex/lock_event])
[0x00000239daa57f20] Threads_lock - owner thread: 0x00000239f6ea6800
[0x00000239daa585e0] Heap_lock - owner thread: 0x00000239fa852000

Heap address: 0x0000000080000000, size: 2048 MB, Compressed Oops mode: 32-bit
Narrow klass base: 0x0000000000000000, Narrow klass shift: 3
Compressed class space size: 1073741824 Address: 0x0000000100000000

Heap:
 garbage-first heap   total 304128K, used 144224K [0x0000000080000000, 0x0000000100000000)
  region size 1024K, 4 young (4096K), 4 survivors (4096K)
 Metaspace       used 127782K, capacity 131412K, committed 133888K, reserved 1165312K
  class space    used 16372K, capacity 17716K, committed 18688K, reserved 1048576K
Heap Regions: E=young(eden), S=young(survivor), O=old, HS=humongous(starts), HC=humongous(continues), CS=collection set, F=free, A=archive, TAMS=top-at-mark-start (previous, next)
|   0|0x0000000080000000, 0x0000000080100000, 0x0000000080100000|100%| O|  |TAMS 0x0000000080100000, 0x0000000080000000| Untracked 
|   1|0x0000000080100000, 0x0000000080200000, 0x0000000080200000|100%| O|  |TAMS 0x0000000080200000, 0x0000000080100000| Untracked 
|   2|0x0000000080200000, 0x0000000080300000, 0x0000000080300000|100%| O|  |TAMS 0x0000000080300000, 0x0000000080200000| Untracked 
|   3|0x0000000080300000, 0x0000000080400000, 0x0000000080400000|100%|HS|  |TAMS 0x0000000080400000, 0x0000000080300000| Complete 
|   4|0x0000000080400000, 0x0000000080500000, 0x0000000080500000|100%|HC|  |TAMS 0x0000000080500000, 0x0000000080400000| Complete 
|   5|0x0000000080500000, 0x0000000080600000, 0x0000000080600000|100%|HC|  |TAMS 0x0000000080600000, 0x0000000080500000| Complete 
|   6|0x0000000080600000, 0x0000000080700000, 0x0000000080700000|100%| O|  |TAMS 0x0000000080700000, 0x0000000080600000| Untracked 
|   7|0x0000000080700000, 0x0000000080800000, 0x0000000080800000|100%| O|  |TAMS 0x0000000080800000, 0x0000000080700000| Untracked 
|   8|0x0000000080800000, 0x0000000080900000, 0x0000000080900000|100%| O|  |TAMS 0x0000000080900000, 0x0000000080800000| Untracked 
|   9|0x0000000080900000, 0x0000000080a00000, 0x0000000080a00000|100%| O|  |TAMS 0x0000000080a00000, 0x0000000080900000| Untracked 
|  10|0x0000000080a00000, 0x0000000080b00000, 0x0000000080b00000|100%| O|  |TAMS 0x0000000080b00000, 0x0000000080a00000| Untracked 
|  11|0x0000000080b00000, 0x0000000080c00000, 0x0000000080c00000|100%| O|  |TAMS 0x0000000080c00000, 0x0000000080b00000| Untracked 
|  12|0x0000000080c00000, 0x0000000080d00000, 0x0000000080d00000|100%| O|  |TAMS 0x0000000080d00000, 0x0000000080c00000| Untracked 
|  13|0x0000000080d00000, 0x0000000080e00000, 0x0000000080e00000|100%| O|  |TAMS 0x0000000080e00000, 0x0000000080d00000| Untracked 
|  14|0x0000000080e00000, 0x0000000080f00000, 0x0000000080f00000|100%| O|  |TAMS 0x0000000080f00000, 0x0000000080e00000| Untracked 
|  15|0x0000000080f00000, 0x0000000081000000, 0x0000000081000000|100%| O|  |TAMS 0x0000000081000000, 0x0000000080f00000| Untracked 
|  16|0x0000000081000000, 0x0000000081100000, 0x0000000081100000|100%|HS|  |TAMS 0x0000000081100000, 0x0000000081000000| Complete 
|  17|0x0000000081100000, 0x0000000081200000, 0x0000000081200000|100%| O|  |TAMS 0x0000000081200000, 0x0000000081100000| Untracked 
|  18|0x0000000081200000, 0x0000000081300000, 0x0000000081300000|100%| O|  |TAMS 0x0000000081300000, 0x0000000081200000| Untracked 
|  19|0x0000000081300000, 0x0000000081400000, 0x0000000081400000|100%| O|  |TAMS 0x0000000081400000, 0x0000000081300000| Untracked 
|  20|0x0000000081400000, 0x0000000081500000, 0x0000000081500000|100%| O|  |TAMS 0x0000000081500000, 0x0000000081400000| Untracked 
|  21|0x0000000081500000, 0x0000000081600000, 0x0000000081600000|100%| O|  |TAMS 0x0000000081600000, 0x0000000081500000| Untracked 
|  22|0x0000000081600000, 0x0000000081700000, 0x0000000081700000|100%| O|  |TAMS 0x0000000081700000, 0x0000000081600000| Untracked 
|  23|0x0000000081700000, 0x0000000081800000, 0x0000000081800000|100%| O|  |TAMS 0x0000000081800000, 0x0000000081700000| Untracked 
|  24|0x0000000081800000, 0x0000000081900000, 0x0000000081900000|100%| O|  |TAMS 0x0000000081900000, 0x0000000081800000| Untracked 
|  25|0x0000000081900000, 0x0000000081a00000, 0x0000000081a00000|100%| O|  |TAMS 0x0000000081a00000, 0x0000000081900000| Untracked 
|  26|0x0000000081a00000, 0x0000000081b00000, 0x0000000081b00000|100%| O|  |TAMS 0x0000000081b00000, 0x0000000081a00000| Untracked 
|  27|0x0000000081b00000, 0x0000000081c00000, 0x0000000081c00000|100%| O|  |TAMS 0x0000000081c00000, 0x0000000081b00000| Untracked 
|  28|0x0000000081c00000, 0x0000000081d00000, 0x0000000081d00000|100%|HS|  |TAMS 0x0000000081d00000, 0x0000000081c00000| Complete 
|  29|0x0000000081d00000, 0x0000000081e00000, 0x0000000081e00000|100%|HS|  |TAMS 0x0000000081e00000, 0x0000000081d00000| Complete 
|  30|0x0000000081e00000, 0x0000000081f00000, 0x0000000081f00000|100%|HS|  |TAMS 0x0000000081f00000, 0x0000000081e00000| Complete 
|  31|0x0000000081f00000, 0x0000000082000000, 0x0000000082000000|100%|HC|  |TAMS 0x0000000082000000, 0x0000000081f00000| Complete 
|  32|0x0000000082000000, 0x0000000082100000, 0x0000000082100000|100%|HC|  |TAMS 0x0000000082100000, 0x0000000082000000| Complete 
|  33|0x0000000082100000, 0x0000000082200000, 0x0000000082200000|100%| O|  |TAMS 0x0000000082200000, 0x0000000082100000| Untracked 
|  34|0x0000000082200000, 0x0000000082300000, 0x0000000082300000|100%|HS|  |TAMS 0x0000000082200000, 0x0000000082200000| Complete 
|  35|0x0000000082300000, 0x0000000082400000, 0x0000000082400000|100%|HS|  |TAMS 0x0000000082400000, 0x0000000082300000| Complete 
|  36|0x0000000082400000, 0x0000000082500000, 0x0000000082500000|100%|HC|  |TAMS 0x0000000082500000, 0x0000000082400000| Complete 
|  37|0x0000000082500000, 0x0000000082600000, 0x0000000082600000|100%| O|  |TAMS 0x0000000082600000, 0x0000000082500000| Untracked 
|  38|0x0000000082600000, 0x0000000082700000, 0x0000000082700000|100%| O|  |TAMS 0x0000000082700000, 0x0000000082600000| Untracked 
|  39|0x0000000082700000, 0x0000000082800000, 0x0000000082800000|100%| O|  |TAMS 0x0000000082800000, 0x0000000082700000| Untracked 
|  40|0x0000000082800000, 0x0000000082900000, 0x0000000082900000|100%| O|  |TAMS 0x0000000082900000, 0x0000000082800000| Untracked 
|  41|0x0000000082900000, 0x0000000082a00000, 0x0000000082a00000|100%| O|  |TAMS 0x0000000082a00000, 0x0000000082900000| Untracked 
|  42|0x0000000082a00000, 0x0000000082b00000, 0x0000000082b00000|100%| O|  |TAMS 0x0000000082b00000, 0x0000000082a00000| Untracked 
|  43|0x0000000082b00000, 0x0000000082c00000, 0x0000000082c00000|100%| O|  |TAMS 0x0000000082c00000, 0x0000000082b00000| Untracked 
|  44|0x0000000082c00000, 0x0000000082d00000, 0x0000000082d00000|100%| O|  |TAMS 0x0000000082d00000, 0x0000000082c00000| Untracked 
|  45|0x0000000082d00000, 0x0000000082e00000, 0x0000000082e00000|100%| O|  |TAMS 0x0000000082e00000, 0x0000000082d00000| Untracked 
|  46|0x0000000082e00000, 0x0000000082f00000, 0x0000000082f00000|100%| O|  |TAMS 0x0000000082f00000, 0x0000000082e00000| Untracked 
|  47|0x0000000082f00000, 0x0000000083000000, 0x0000000083000000|100%| O|  |TAMS 0x0000000083000000, 0x0000000082f00000| Untracked 
|  48|0x0000000083000000, 0x0000000083100000, 0x0000000083100000|100%| O|  |TAMS 0x0000000083100000, 0x0000000083000000| Untracked 
|  49|0x0000000083100000, 0x0000000083200000, 0x0000000083200000|100%| O|  |TAMS 0x0000000083200000, 0x0000000083100000| Untracked 
|  50|0x0000000083200000, 0x0000000083300000, 0x0000000083300000|100%| O|  |TAMS 0x0000000083300000, 0x0000000083200000| Untracked 
|  51|0x0000000083300000, 0x0000000083400000, 0x0000000083400000|100%| O|  |TAMS 0x0000000083400000, 0x0000000083300000| Untracked 
|  52|0x0000000083400000, 0x0000000083500000, 0x0000000083500000|100%| O|  |TAMS 0x0000000083500000, 0x0000000083400000| Untracked 
|  53|0x0000000083500000, 0x0000000083600000, 0x0000000083600000|100%| O|  |TAMS 0x0000000083600000, 0x0000000083500000| Untracked 
|  54|0x0000000083600000, 0x0000000083700000, 0x0000000083700000|100%| O|  |TAMS 0x0000000083700000, 0x0000000083600000| Untracked 
|  55|0x0000000083700000, 0x0000000083800000, 0x0000000083800000|100%| O|  |TAMS 0x0000000083800000, 0x0000000083700000| Untracked 
|  56|0x0000000083800000, 0x0000000083900000, 0x0000000083900000|100%| O|  |TAMS 0x0000000083900000, 0x0000000083800000| Untracked 
|  57|0x0000000083900000, 0x0000000083a00000, 0x0000000083a00000|100%| O|  |TAMS 0x0000000083a00000, 0x0000000083900000| Untracked 
|  58|0x0000000083a00000, 0x0000000083b00000, 0x0000000083b00000|100%| O|  |TAMS 0x0000000083b00000, 0x0000000083a00000| Untracked 
|  59|0x0000000083b00000, 0x0000000083c00000, 0x0000000083c00000|100%| O|  |TAMS 0x0000000083c00000, 0x0000000083b00000| Untracked 
|  60|0x0000000083c00000, 0x0000000083d00000, 0x0000000083d00000|100%| O|  |TAMS 0x0000000083d00000, 0x0000000083c00000| Untracked 
|  61|0x0000000083d00000, 0x0000000083e00000, 0x0000000083e00000|100%| O|  |TAMS 0x0000000083e00000, 0x0000000083d00000| Untracked 
|  62|0x0000000083e00000, 0x0000000083f00000, 0x0000000083f00000|100%| O|  |TAMS 0x0000000083f00000, 0x0000000083e00000| Untracked 
|  63|0x0000000083f00000, 0x0000000084000000, 0x0000000084000000|100%| O|  |TAMS 0x0000000084000000, 0x0000000083f00000| Untracked 
|  64|0x0000000084000000, 0x0000000084100000, 0x0000000084100000|100%| O|  |TAMS 0x0000000084100000, 0x0000000084000000| Untracked 
|  65|0x0000000084100000, 0x0000000084200000, 0x0000000084200000|100%| O|  |TAMS 0x0000000084200000, 0x0000000084100000| Untracked 
|  66|0x0000000084200000, 0x0000000084300000, 0x0000000084300000|100%| O|  |TAMS 0x0000000084300000, 0x0000000084200000| Untracked 
|  67|0x0000000084300000, 0x0000000084400000, 0x0000000084400000|100%| O|  |TAMS 0x0000000084400000, 0x0000000084300000| Untracked 
|  68|0x0000000084400000, 0x0000000084500000, 0x0000000084500000|100%| O|  |TAMS 0x0000000084500000, 0x0000000084400000| Untracked 
|  69|0x0000000084500000, 0x0000000084600000, 0x0000000084600000|100%| O|  |TAMS 0x0000000084600000, 0x0000000084500000| Untracked 
|  70|0x0000000084600000, 0x0000000084700000, 0x0000000084700000|100%| O|  |TAMS 0x0000000084700000, 0x0000000084600000| Untracked 
|  71|0x0000000084700000, 0x0000000084800000, 0x0000000084800000|100%| O|  |TAMS 0x0000000084800000, 0x0000000084700000| Untracked 
|  72|0x0000000084800000, 0x0000000084900000, 0x0000000084900000|100%| O|  |TAMS 0x0000000084900000, 0x0000000084800000| Untracked 
|  73|0x0000000084900000, 0x0000000084a00000, 0x0000000084a00000|100%| O|  |TAMS 0x0000000084a00000, 0x0000000084900000| Untracked 
|  74|0x0000000084a00000, 0x0000000084b00000, 0x0000000084b00000|100%| O|  |TAMS 0x0000000084b00000, 0x0000000084a00000| Untracked 
|  75|0x0000000084b00000, 0x0000000084c00000, 0x0000000084c00000|100%| O|  |TAMS 0x0000000084c00000, 0x0000000084b00000| Untracked 
|  76|0x0000000084c00000, 0x0000000084d00000, 0x0000000084d00000|100%| O|  |TAMS 0x0000000084d00000, 0x0000000084c00000| Untracked 
|  77|0x0000000084d00000, 0x0000000084e00000, 0x0000000084e00000|100%| O|  |TAMS 0x0000000084e00000, 0x0000000084d00000| Untracked 
|  78|0x0000000084e00000, 0x0000000084f00000, 0x0000000084f00000|100%| O|  |TAMS 0x0000000084f00000, 0x0000000084e00000| Untracked 
|  79|0x0000000084f00000, 0x0000000085000000, 0x0000000085000000|100%| O|  |TAMS 0x0000000085000000, 0x0000000084f00000| Untracked 
|  80|0x0000000085000000, 0x0000000085100000, 0x0000000085100000|100%| O|  |TAMS 0x0000000085100000, 0x0000000085000000| Untracked 
|  81|0x0000000085100000, 0x0000000085200000, 0x0000000085200000|100%| O|  |TAMS 0x0000000085200000, 0x0000000085100000| Untracked 
|  82|0x0000000085200000, 0x0000000085300000, 0x0000000085300000|100%| O|  |TAMS 0x0000000085300000, 0x0000000085200000| Untracked 
|  83|0x0000000085300000, 0x0000000085400000, 0x0000000085400000|100%| O|  |TAMS 0x0000000085400000, 0x0000000085300000| Untracked 
|  84|0x0000000085400000, 0x0000000085500000, 0x0000000085500000|100%| O|  |TAMS 0x0000000085500000, 0x0000000085400000| Untracked 
|  85|0x0000000085500000, 0x0000000085600000, 0x0000000085600000|100%| O|  |TAMS 0x0000000085600000, 0x0000000085500000| Untracked 
|  86|0x0000000085600000, 0x0000000085700000, 0x0000000085700000|100%| O|  |TAMS 0x0000000085700000, 0x0000000085600000| Untracked 
|  87|0x0000000085700000, 0x0000000085800000, 0x0000000085800000|100%| O|  |TAMS 0x0000000085800000, 0x0000000085700000| Untracked 
|  88|0x0000000085800000, 0x0000000085900000, 0x0000000085900000|100%| O|  |TAMS 0x0000000085900000, 0x0000000085800000| Untracked 
|  89|0x0000000085900000, 0x0000000085a00000, 0x0000000085a00000|100%| O|  |TAMS 0x0000000085a00000, 0x0000000085900000| Untracked 
|  90|0x0000000085a00000, 0x0000000085b00000, 0x0000000085b00000|100%| O|  |TAMS 0x0000000085b00000, 0x0000000085a00000| Untracked 
|  91|0x0000000085b00000, 0x0000000085c00000, 0x0000000085c00000|100%| O|  |TAMS 0x0000000085c00000, 0x0000000085b00000| Untracked 
|  92|0x0000000085c00000, 0x0000000085d00000, 0x0000000085d00000|100%| O|  |TAMS 0x0000000085d00000, 0x0000000085c00000| Untracked 
|  93|0x0000000085d00000, 0x0000000085e00000, 0x0000000085e00000|100%| O|  |TAMS 0x0000000085e00000, 0x0000000085d00000| Untracked 
|  94|0x0000000085e00000, 0x0000000085f00000, 0x0000000085f00000|100%| O|  |TAMS 0x0000000085f00000, 0x0000000085e00000| Untracked 
|  95|0x0000000085f00000, 0x0000000086000000, 0x0000000086000000|100%| O|  |TAMS 0x0000000086000000, 0x0000000085f00000| Untracked 
|  96|0x0000000086000000, 0x0000000086100000, 0x0000000086100000|100%| O|  |TAMS 0x0000000086100000, 0x0000000086000000| Untracked 
|  97|0x0000000086100000, 0x0000000086200000, 0x0000000086200000|100%| O|  |TAMS 0x0000000086200000, 0x0000000086100000| Untracked 
|  98|0x0000000086200000, 0x0000000086300000, 0x0000000086300000|100%| O|  |TAMS 0x0000000086300000, 0x0000000086200000| Untracked 
|  99|0x0000000086300000, 0x0000000086400000, 0x0000000086400000|100%| O|  |TAMS 0x0000000086400000, 0x0000000086300000| Untracked 
| 100|0x0000000086400000, 0x0000000086500000, 0x0000000086500000|100%| O|  |TAMS 0x0000000086500000, 0x0000000086400000| Untracked 
| 101|0x0000000086500000, 0x0000000086600000, 0x0000000086600000|100%| O|  |TAMS 0x0000000086600000, 0x0000000086500000| Untracked 
| 102|0x0000000086600000, 0x0000000086700000, 0x0000000086700000|100%| O|  |TAMS 0x0000000086700000, 0x0000000086600000| Untracked 
| 103|0x0000000086700000, 0x0000000086800000, 0x0000000086800000|100%| O|  |TAMS 0x0000000086800000, 0x0000000086700000| Untracked 
| 104|0x0000000086800000, 0x0000000086900000, 0x0000000086900000|100%| O|  |TAMS 0x0000000086900000, 0x0000000086800000| Untracked 
| 105|0x0000000086900000, 0x0000000086a00000, 0x0000000086a00000|100%| O|  |TAMS 0x0000000086a00000, 0x0000000086900000| Untracked 
| 106|0x0000000086a00000, 0x0000000086b00000, 0x0000000086b00000|100%| O|  |TAMS 0x0000000086b00000, 0x0000000086a00000| Untracked 
| 107|0x0000000086b00000, 0x0000000086c00000, 0x0000000086c00000|100%| O|  |TAMS 0x0000000086c00000, 0x0000000086b00000| Untracked 
| 108|0x0000000086c00000, 0x0000000086d00000, 0x0000000086d00000|100%| O|  |TAMS 0x0000000086d00000, 0x0000000086c00000| Untracked 
| 109|0x0000000086d00000, 0x0000000086e00000, 0x0000000086e00000|100%| O|  |TAMS 0x0000000086e00000, 0x0000000086d00000| Untracked 
| 110|0x0000000086e00000, 0x0000000086f00000, 0x0000000086f00000|100%| O|  |TAMS 0x0000000086f00000, 0x0000000086e00000| Untracked 
| 111|0x0000000086f00000, 0x0000000087000000, 0x0000000087000000|100%| O|  |TAMS 0x0000000087000000, 0x0000000086f00000| Untracked 
| 112|0x0000000087000000, 0x0000000087100000, 0x0000000087100000|100%| O|  |TAMS 0x0000000087100000, 0x0000000087000000| Untracked 
| 113|0x0000000087100000, 0x0000000087200000, 0x0000000087200000|100%| O|  |TAMS 0x0000000087200000, 0x0000000087100000| Untracked 
| 114|0x0000000087200000, 0x0000000087300000, 0x0000000087300000|100%| O|  |TAMS 0x0000000087300000, 0x0000000087200000| Untracked 
| 115|0x0000000087300000, 0x0000000087400000, 0x0000000087400000|100%| O|  |TAMS 0x0000000087400000, 0x0000000087300000| Untracked 
| 116|0x0000000087400000, 0x0000000087500000, 0x0000000087500000|100%| O|  |TAMS 0x0000000087500000, 0x0000000087400000| Untracked 
| 117|0x0000000087500000, 0x0000000087500000, 0x0000000087600000|  0%| F|  |TAMS 0x0000000087500000, 0x0000000087500000| Untracked 
| 118|0x0000000087600000, 0x0000000087600000, 0x0000000087700000|  0%| F|  |TAMS 0x0000000087600000, 0x0000000087600000| Untracked 
| 119|0x0000000087700000, 0x0000000087800000, 0x0000000087800000|100%| O|  |TAMS 0x0000000087700000, 0x0000000087700000| Untracked 
| 120|0x0000000087800000, 0x0000000087900000, 0x0000000087900000|100%| O|  |TAMS 0x0000000087800000, 0x0000000087800000| Untracked 
| 121|0x0000000087900000, 0x0000000087900000, 0x0000000087a00000|  0%| F|  |TAMS 0x0000000087900000, 0x0000000087900000| Untracked 
| 122|0x0000000087a00000, 0x0000000087a00000, 0x0000000087b00000|  0%| F|  |TAMS 0x0000000087a00000, 0x0000000087a00000| Untracked 
| 123|0x0000000087b00000, 0x0000000087b00000, 0x0000000087c00000|  0%| F|  |TAMS 0x0000000087b00000, 0x0000000087b00000| Untracked 
| 124|0x0000000087c00000, 0x0000000087c00000, 0x0000000087d00000|  0%| F|  |TAMS 0x0000000087c00000, 0x0000000087c00000| Untracked 
| 125|0x0000000087d00000, 0x0000000087d00000, 0x0000000087e00000|  0%| F|  |TAMS 0x0000000087d00000, 0x0000000087d00000| Untracked 
| 126|0x0000000087e00000, 0x0000000087f00000, 0x0000000087f00000|100%| O|  |TAMS 0x0000000087f00000, 0x0000000087e00000| Untracked 
| 127|0x0000000087f00000, 0x0000000088000000, 0x0000000088000000|100%| O|  |TAMS 0x0000000088000000, 0x0000000087f00000| Untracked 
| 128|0x0000000088000000, 0x0000000088100000, 0x0000000088100000|100%| O|  |TAMS 0x0000000088100000, 0x0000000088000000| Untracked 
| 129|0x0000000088100000, 0x0000000088200000, 0x0000000088200000|100%| O|  |TAMS 0x0000000088200000, 0x0000000088100000| Untracked 
| 130|0x0000000088200000, 0x0000000088300000, 0x0000000088300000|100%| O|  |TAMS 0x0000000088300000, 0x0000000088200000| Untracked 
| 131|0x0000000088300000, 0x0000000088400000, 0x0000000088400000|100%| O|  |TAMS 0x0000000088400000, 0x0000000088300000| Untracked 
| 132|0x0000000088400000, 0x0000000088500000, 0x0000000088500000|100%| O|  |TAMS 0x0000000088500000, 0x0000000088400000| Untracked 
| 133|0x0000000088500000, 0x0000000088600000, 0x0000000088600000|100%| O|  |TAMS 0x0000000088600000, 0x0000000088500000| Untracked 
| 134|0x0000000088600000, 0x0000000088600000, 0x0000000088700000|  0%| F|  |TAMS 0x0000000088600000, 0x0000000088600000| Untracked 
| 135|0x0000000088700000, 0x0000000088700000, 0x0000000088800000|  0%| F|  |TAMS 0x0000000088700000, 0x0000000088700000| Untracked 
| 136|0x0000000088800000, 0x0000000088800000, 0x0000000088900000|  0%| F|  |TAMS 0x0000000088800000, 0x0000000088800000| Untracked 
| 137|0x0000000088900000, 0x0000000088a00000, 0x0000000088a00000|100%| O|  |TAMS 0x0000000088a00000, 0x0000000088900000| Untracked 
| 138|0x0000000088a00000, 0x0000000088b00000, 0x0000000088b00000|100%| O|  |TAMS 0x0000000088a3d400, 0x0000000088a00000| Untracked 
| 139|0x0000000088b00000, 0x0000000088c00000, 0x0000000088c00000|100%|HS|  |TAMS 0x0000000088b00000, 0x0000000088b00000| Complete 
| 140|0x0000000088c00000, 0x0000000088d00000, 0x0000000088d00000|100%| O|  |TAMS 0x0000000088c00000, 0x0000000088c00000| Untracked 
| 141|0x0000000088d00000, 0x0000000088e00000, 0x0000000088e00000|100%| O|  |TAMS 0x0000000088d00000, 0x0000000088d00000| Untracked 
| 142|0x0000000088e00000, 0x0000000088f00000, 0x0000000088f00000|100%| O|  |TAMS 0x0000000088e00000, 0x0000000088e00000| Untracked 
| 143|0x0000000088f00000, 0x0000000089000000, 0x0000000089000000|100%|HS|  |TAMS 0x0000000089000000, 0x0000000088f00000| Complete 
| 144|0x0000000089000000, 0x0000000089100000, 0x0000000089100000|100%| O|  |TAMS 0x0000000089000000, 0x0000000089000000| Untracked 
| 145|0x0000000089100000, 0x0000000089200000, 0x0000000089200000|100%| O|  |TAMS 0x0000000089100000, 0x0000000089100000| Untracked 
| 146|0x0000000089200000, 0x0000000089300000, 0x0000000089300000|100%| O|  |TAMS 0x0000000089200000, 0x0000000089200000| Untracked 
| 147|0x0000000089300000, 0x00000000893c8000, 0x0000000089400000| 78%| O|  |TAMS 0x0000000089300000, 0x0000000089300000| Untracked 
| 148|0x0000000089400000, 0x0000000089400000, 0x0000000089500000|  0%| F|  |TAMS 0x0000000089400000, 0x0000000089400000| Untracked 
| 149|0x0000000089500000, 0x0000000089500000, 0x0000000089600000|  0%| F|  |TAMS 0x0000000089500000, 0x0000000089500000| Untracked 
| 150|0x0000000089600000, 0x0000000089600000, 0x0000000089700000|  0%| F|  |TAMS 0x0000000089600000, 0x0000000089600000| Untracked 
| 151|0x0000000089700000, 0x0000000089700000, 0x0000000089800000|  0%| F|  |TAMS 0x0000000089700000, 0x0000000089700000| Untracked 
| 152|0x0000000089800000, 0x0000000089800000, 0x0000000089900000|  0%| F|  |TAMS 0x0000000089800000, 0x0000000089800000| Untracked 
| 153|0x0000000089900000, 0x0000000089900000, 0x0000000089a00000|  0%| F|  |TAMS 0x0000000089900000, 0x0000000089900000| Untracked 
| 154|0x0000000089a00000, 0x0000000089a00000, 0x0000000089b00000|  0%| F|  |TAMS 0x0000000089a00000, 0x0000000089a00000| Untracked 
| 155|0x0000000089b00000, 0x0000000089b00000, 0x0000000089c00000|  0%| F|  |TAMS 0x0000000089b00000, 0x0000000089b00000| Untracked 
| 156|0x0000000089c00000, 0x0000000089c00000, 0x0000000089d00000|  0%| F|  |TAMS 0x0000000089c00000, 0x0000000089c00000| Untracked 
| 157|0x0000000089d00000, 0x0000000089d00000, 0x0000000089e00000|  0%| F|  |TAMS 0x0000000089d00000, 0x0000000089d00000| Untracked 
| 158|0x0000000089e00000, 0x0000000089e00000, 0x0000000089f00000|  0%| F|  |TAMS 0x0000000089e00000, 0x0000000089e00000| Untracked 
| 159|0x0000000089f00000, 0x0000000089f00000, 0x000000008a000000|  0%| F|  |TAMS 0x0000000089f00000, 0x0000000089f00000| Untracked 
| 160|0x000000008a000000, 0x000000008a000000, 0x000000008a100000|  0%| F|  |TAMS 0x000000008a000000, 0x000000008a000000| Untracked 
| 161|0x000000008a100000, 0x000000008a100000, 0x000000008a200000|  0%| F|  |TAMS 0x000000008a100000, 0x000000008a100000| Untracked 
| 162|0x000000008a200000, 0x000000008a200000, 0x000000008a300000|  0%| F|  |TAMS 0x000000008a200000, 0x000000008a200000| Untracked 
| 163|0x000000008a300000, 0x000000008a300000, 0x000000008a400000|  0%| F|  |TAMS 0x000000008a300000, 0x000000008a300000| Untracked 
| 164|0x000000008a400000, 0x000000008a400000, 0x000000008a500000|  0%| F|  |TAMS 0x000000008a400000, 0x000000008a400000| Untracked 
| 165|0x000000008a500000, 0x000000008a500000, 0x000000008a600000|  0%| F|  |TAMS 0x000000008a500000, 0x000000008a500000| Untracked 
| 166|0x000000008a600000, 0x000000008a610178, 0x000000008a700000|  6%| S|CS|TAMS 0x000000008a600000, 0x000000008a600000| Complete 
| 167|0x000000008a700000, 0x000000008a800000, 0x000000008a800000|100%| S|CS|TAMS 0x000000008a700000, 0x000000008a700000| Complete 
| 168|0x000000008a800000, 0x000000008a900000, 0x000000008a900000|100%| S|CS|TAMS 0x000000008a800000, 0x000000008a800000| Complete 
| 169|0x000000008a900000, 0x000000008aa00000, 0x000000008aa00000|100%| S|CS|TAMS 0x000000008a900000, 0x000000008a900000| Complete 
| 170|0x000000008aa00000, 0x000000008aa00000, 0x000000008ab00000|  0%| F|  |TAMS 0x000000008aa00000, 0x000000008aa00000| Untracked 
| 171|0x000000008ab00000, 0x000000008ab00000, 0x000000008ac00000|  0%| F|  |TAMS 0x000000008ab00000, 0x000000008ab00000| Untracked 
| 172|0x000000008ac00000, 0x000000008ac00000, 0x000000008ad00000|  0%| F|  |TAMS 0x000000008ac00000, 0x000000008ac00000| Untracked 
| 173|0x000000008ad00000, 0x000000008ad00000, 0x000000008ae00000|  0%| F|  |TAMS 0x000000008ad00000, 0x000000008ad00000| Untracked 
| 174|0x000000008ae00000, 0x000000008ae00000, 0x000000008af00000|  0%| F|  |TAMS 0x000000008ae00000, 0x000000008ae00000| Untracked 
| 175|0x000000008af00000, 0x000000008af00000, 0x000000008b000000|  0%| F|  |TAMS 0x000000008af00000, 0x000000008af00000| Untracked 
| 176|0x000000008b000000, 0x000000008b000000, 0x000000008b100000|  0%| F|  |TAMS 0x000000008b000000, 0x000000008b000000| Untracked 
| 177|0x000000008b100000, 0x000000008b100000, 0x000000008b200000|  0%| F|  |TAMS 0x000000008b100000, 0x000000008b100000| Untracked 
| 178|0x000000008b200000, 0x000000008b200000, 0x000000008b300000|  0%| F|  |TAMS 0x000000008b200000, 0x000000008b200000| Untracked 
| 179|0x000000008b300000, 0x000000008b300000, 0x000000008b400000|  0%| F|  |TAMS 0x000000008b300000, 0x000000008b300000| Untracked 
| 180|0x000000008b400000, 0x000000008b400000, 0x000000008b500000|  0%| F|  |TAMS 0x000000008b400000, 0x000000008b400000| Untracked 
| 181|0x000000008b500000, 0x000000008b500000, 0x000000008b600000|  0%| F|  |TAMS 0x000000008b500000, 0x000000008b500000| Untracked 
| 182|0x000000008b600000, 0x000000008b600000, 0x000000008b700000|  0%| F|  |TAMS 0x000000008b600000, 0x000000008b600000| Untracked 
| 183|0x000000008b700000, 0x000000008b700000, 0x000000008b800000|  0%| F|  |TAMS 0x000000008b700000, 0x000000008b700000| Untracked 
| 184|0x000000008b800000, 0x000000008b800000, 0x000000008b900000|  0%| F|  |TAMS 0x000000008b800000, 0x000000008b800000| Untracked 
| 185|0x000000008b900000, 0x000000008b900000, 0x000000008ba00000|  0%| F|  |TAMS 0x000000008b900000, 0x000000008b900000| Untracked 
| 186|0x000000008ba00000, 0x000000008ba00000, 0x000000008bb00000|  0%| F|  |TAMS 0x000000008ba00000, 0x000000008ba00000| Untracked 
| 187|0x000000008bb00000, 0x000000008bb00000, 0x000000008bc00000|  0%| F|  |TAMS 0x000000008bb00000, 0x000000008bb00000| Untracked 
| 188|0x000000008bc00000, 0x000000008bc00000, 0x000000008bd00000|  0%| F|  |TAMS 0x000000008bc00000, 0x000000008bc00000| Untracked 
| 189|0x000000008bd00000, 0x000000008bd00000, 0x000000008be00000|  0%| F|  |TAMS 0x000000008bd00000, 0x000000008bd00000| Untracked 
| 190|0x000000008be00000, 0x000000008be00000, 0x000000008bf00000|  0%| F|  |TAMS 0x000000008be00000, 0x000000008be00000| Untracked 
| 191|0x000000008bf00000, 0x000000008bf00000, 0x000000008c000000|  0%| F|  |TAMS 0x000000008bf00000, 0x000000008bf00000| Untracked 
| 192|0x000000008c000000, 0x000000008c000000, 0x000000008c100000|  0%| F|  |TAMS 0x000000008c000000, 0x000000008c000000| Untracked 
| 193|0x000000008c100000, 0x000000008c100000, 0x000000008c200000|  0%| F|  |TAMS 0x000000008c100000, 0x000000008c100000| Untracked 
| 194|0x000000008c200000, 0x000000008c200000, 0x000000008c300000|  0%| F|  |TAMS 0x000000008c200000, 0x000000008c200000| Untracked 
| 195|0x000000008c300000, 0x000000008c300000, 0x000000008c400000|  0%| F|  |TAMS 0x000000008c300000, 0x000000008c300000| Untracked 
| 196|0x000000008c400000, 0x000000008c400000, 0x000000008c500000|  0%| F|  |TAMS 0x000000008c400000, 0x000000008c400000| Untracked 
| 197|0x000000008c500000, 0x000000008c500000, 0x000000008c600000|  0%| F|  |TAMS 0x000000008c500000, 0x000000008c500000| Untracked 
| 198|0x000000008c600000, 0x000000008c600000, 0x000000008c700000|  0%| F|  |TAMS 0x000000008c600000, 0x000000008c600000| Untracked 

Card table byte_map: [0x00000239efbd0000,0x00000239effd0000] _byte_map_base: 0x00000239ef7d0000

Marking Bits (Prev, Next): (CMBitMap*) 0x00000239daaa5478, (CMBitMap*) 0x00000239daaa54b0
 Prev Bits: [0x00000239f03d0000, 0x00000239f23d0000)
 Next Bits: [0x00000239f23d0000, 0x00000239f43d0000)

Polling page: 0x00000239dab40000

Metaspace:

Usage:
  Non-class:    111.03 MB capacity,   108.80 MB ( 98%) used,     1.80 MB (  2%) free+waste,   440.19 KB ( <1%) overhead. 
      Class:     17.30 MB capacity,    15.99 MB ( 92%) used,     1.12 MB (  6%) free+waste,   197.56 KB (  1%) overhead. 
       Both:    128.33 MB capacity,   124.79 MB ( 97%) used,     2.92 MB (  2%) free+waste,   637.75 KB ( <1%) overhead. 

Virtual space:
  Non-class space:      114.00 MB reserved,     112.50 MB ( 99%) committed 
      Class space:        1.00 GB reserved,      18.25 MB (  2%) committed 
             Both:        1.11 GB reserved,     130.75 MB ( 11%) committed 

Chunk freelists:
   Non-Class:  1.28 MB
       Class:  940.00 KB
        Both:  2.20 MB

MaxMetaspaceSize: 17179869184.00 GB
CompressedClassSpaceSize: 1.00 GB
Initial GC threshold: 20.80 MB
Current GC threshold: 214.17 MB
CDS: off

CodeHeap 'non-profiled nmethods': size=120000Kb used=12191Kb max_used=12191Kb free=107808Kb
 bounds [0x00000239e7830000, 0x00000239e8420000, 0x00000239eed60000]
CodeHeap 'profiled nmethods': size=120000Kb used=40357Kb max_used=40357Kb free=79642Kb
 bounds [0x00000239e0300000, 0x00000239e2a70000, 0x00000239e7830000]
CodeHeap 'non-nmethods': size=5760Kb used=2491Kb max_used=2544Kb free=3268Kb
 bounds [0x00000239dfd60000, 0x00000239dfff0000, 0x00000239e0300000]
 total_blobs=19315 nmethods=18294 adapters=932
 compilation: enabled
              stopped_count=0, restarted_count=0
 full_count=0

Compilation events (20 events):
Event: 171.320 Thread 0x00000239f7831800 nmethod 19485 0x00000239e2a55390 code [0x00000239e2a555c0, 0x00000239e2a55b68]
Event: 171.320 Thread 0x00000239f7831800 19487       3       jdk.internal.reflect.AccessorGenerator::emitCommonConstantPoolEntries (573 bytes)
Event: 171.330 Thread 0x00000239f782e800 nmethod 19488 0x00000239e8417110 code [0x00000239e8417320, 0x00000239e84178a0]
Event: 171.331 Thread 0x00000239f7831800 nmethod 19487 0x00000239e2a55e10 code [0x00000239e2a56e20, 0x00000239e2a5f4d8]
Event: 171.331 Thread 0x00000239f7831800 19490       3       com.android.zipflinger.ZipWriter::position (14 bytes)
Event: 171.331 Thread 0x00000239f7831800 nmethod 19490 0x00000239e2a62f10 code [0x00000239e2a630e0, 0x00000239e2a632d8]
Event: 171.331 Thread 0x00000239f7831800 19489       3       com.android.zipflinger.ZipWriter::position (12 bytes)
Event: 171.331 Thread 0x00000239f7831800 nmethod 19489 0x00000239e2a63410 code [0x00000239e2a635e0, 0x00000239e2a637d8]
Event: 171.331 Thread 0x00000239f7831800 19491       3       com.android.zipflinger.ZipArchive::writeSource (177 bytes)
Event: 171.333 Thread 0x00000239f7831800 nmethod 19491 0x00000239e2a63910 code [0x00000239e2a63c20, 0x00000239e2a64d98]
Event: 171.333 Thread 0x00000239f7831800 19492       3       com.android.zipflinger.ZipArchive::validateName (110 bytes)
Event: 171.334 Thread 0x00000239f7831800 nmethod 19492 0x00000239e2a65610 code [0x00000239e2a65a00, 0x00000239e2a676a8]
Event: 171.334 Thread 0x00000239f7831800 19493       3       com.android.zipflinger.CentralDirectory::contains (32 bytes)
Event: 171.335 Thread 0x00000239f7831800 nmethod 19493 0x00000239e2a68010 code [0x00000239e2a681e0, 0x00000239e2a684f8]
Event: 171.335 Thread 0x00000239f7831800 19494       3       com.android.zipflinger.LocalFileHeader::<init> (81 bytes)
Event: 171.335 Thread 0x00000239f7831800 nmethod 19494 0x00000239e2a68610 code [0x00000239e2a687e0, 0x00000239e2a68d58]
Event: 171.335 Thread 0x00000239f7831800 19495       3       com.android.zipflinger.LocalFileHeader::getSize (27 bytes)
Event: 171.336 Thread 0x00000239f7831800 nmethod 19495 0x00000239e2a68e90 code [0x00000239e2a69040, 0x00000239e2a691b8]
Event: 171.336 Thread 0x00000239f7831800 19496       3       com.android.zipflinger.Source::isAligned (15 bytes)
Event: 171.336 Thread 0x00000239f7831800 nmethod 19496 0x00000239e2a69290 code [0x00000239e2a69440, 0x00000239e2a695b8]

GC Heap History (20 events):
Event: 150.706 GC heap after
{Heap after GC invocations=114 (full 0):
 garbage-first heap   total 203776K, used 137105K [0x0000000080000000, 0x0000000100000000)
  region size 1024K, 5 young (5120K), 5 survivors (5120K)
 Metaspace       used 116633K, capacity 119729K, committed 120064K, reserved 1153024K
  class space    used 14877K, capacity 16005K, committed 16128K, reserved 1048576K
}
Event: 151.433 GC heap before
{Heap before GC invocations=114 (full 0):
 garbage-first heap   total 203776K, used 161681K [0x0000000080000000, 0x0000000100000000)
  region size 1024K, 30 young (30720K), 5 survivors (5120K)
 Metaspace       used 120131K, capacity 123760K, committed 124032K, reserved 1157120K
  class space    used 15542K, capacity 16955K, committed 17024K, reserved 1048576K
}
Event: 151.443 GC heap after
{Heap after GC invocations=115 (full 0):
 garbage-first heap   total 203776K, used 140392K [0x0000000080000000, 0x0000000100000000)
  region size 1024K, 3 young (3072K), 3 survivors (3072K)
 Metaspace       used 120131K, capacity 123760K, committed 124032K, reserved 1157120K
  class space    used 15542K, capacity 16955K, committed 17024K, reserved 1048576K
}
Event: 152.035 GC heap before
{Heap before GC invocations=115 (full 0):
 garbage-first heap   total 203776K, used 163944K [0x0000000080000000, 0x0000000100000000)
  region size 1024K, 27 young (27648K), 3 survivors (3072K)
 Metaspace       used 123126K, capacity 127077K, committed 127360K, reserved 1159168K
  class space    used 16082K, capacity 17672K, committed 17792K, reserved 1048576K
}
Event: 152.039 GC heap after
{Heap after GC invocations=116 (full 0):
 garbage-first heap   total 203776K, used 141590K [0x0000000080000000, 0x0000000100000000)
  region size 1024K, 2 young (2048K), 2 survivors (2048K)
 Metaspace       used 123126K, capacity 127077K, committed 127360K, reserved 1159168K
  class space    used 16082K, capacity 17672K, committed 17792K, reserved 1048576K
}
Event: 152.222 GC heap before
{Heap before GC invocations=116 (full 0):
 garbage-first heap   total 203776K, used 167190K [0x0000000080000000, 0x0000000100000000)
  region size 1024K, 27 young (27648K), 2 survivors (2048K)
 Metaspace       used 124123K, capacity 128085K, committed 128256K, reserved 1159168K
  class space    used 16196K, capacity 17793K, committed 17920K, reserved 1048576K
}
Event: 152.226 GC heap after
{Heap after GC invocations=117 (full 0):
 garbage-first heap   total 203776K, used 141503K [0x0000000080000000, 0x0000000100000000)
  region size 1024K, 2 young (2048K), 2 survivors (2048K)
 Metaspace       used 124123K, capacity 128085K, committed 128256K, reserved 1159168K
  class space    used 16196K, capacity 17793K, committed 17920K, reserved 1048576K
}
Event: 152.350 GC heap before
{Heap before GC invocations=117 (full 0):
 garbage-first heap   total 203776K, used 168127K [0x0000000080000000, 0x0000000100000000)
  region size 1024K, 28 young (28672K), 2 survivors (2048K)
 Metaspace       used 124832K, capacity 128922K, committed 129152K, reserved 1161216K
  class space    used 16273K, capacity 17922K, committed 18048K, reserved 1048576K
}
Event: 152.355 GC heap after
{Heap after GC invocations=118 (full 0):
 garbage-first heap   total 203776K, used 142778K [0x0000000080000000, 0x0000000100000000)
  region size 1024K, 3 young (3072K), 3 survivors (3072K)
 Metaspace       used 124832K, capacity 128922K, committed 129152K, reserved 1161216K
  class space    used 16273K, capacity 17922K, committed 18048K, reserved 1048576K
}
Event: 152.536 GC heap before
{Heap before GC invocations=118 (full 0):
 garbage-first heap   total 203776K, used 169402K [0x0000000080000000, 0x0000000100000000)
  region size 1024K, 30 young (30720K), 3 survivors (3072K)
 Metaspace       used 125544K, capacity 129761K, committed 130048K, reserved 1161216K
  class space    used 16389K, capacity 18098K, committed 18176K, reserved 1048576K
}
Event: 152.540 GC heap after
{Heap after GC invocations=119 (full 0):
 garbage-first heap   total 203776K, used 144307K [0x0000000080000000, 0x0000000100000000)
  region size 1024K, 4 young (4096K), 4 survivors (4096K)
 Metaspace       used 125544K, capacity 129761K, committed 130048K, reserved 1161216K
  class space    used 16389K, capacity 18098K, committed 18176K, reserved 1048576K
}
Event: 152.787 GC heap before
{Heap before GC invocations=119 (full 0):
 garbage-first heap   total 203776K, used 169907K [0x0000000080000000, 0x0000000100000000)
  region size 1024K, 30 young (30720K), 4 survivors (4096K)
 Metaspace       used 125971K, capacity 130235K, committed 130432K, reserved 1161216K
  class space    used 16449K, capacity 18190K, committed 18304K, reserved 1048576K
}
Event: 152.790 GC heap after
{Heap after GC invocations=120 (full 0):
 garbage-first heap   total 203776K, used 141965K [0x0000000080000000, 0x0000000100000000)
  region size 1024K, 1 young (1024K), 1 survivors (1024K)
 Metaspace       used 125971K, capacity 130235K, committed 130432K, reserved 1161216K
  class space    used 16449K, capacity 18190K, committed 18304K, reserved 1048576K
}
Event: 161.878 GC heap before
{Heap before GC invocations=120 (full 0):
 garbage-first heap   total 203776K, used 170637K [0x0000000080000000, 0x0000000100000000)
  region size 1024K, 25 young (25600K), 1 survivors (1024K)
 Metaspace       used 126826K, capacity 131239K, committed 131456K, reserved 1163264K
  class space    used 16544K, capacity 18288K, committed 18304K, reserved 1048576K
}
Event: 161.883 GC heap after
{Heap after GC invocations=121 (full 0):
 garbage-first heap   total 203776K, used 146809K [0x0000000080000000, 0x0000000100000000)
  region size 1024K, 4 young (4096K), 4 survivors (4096K)
 Metaspace       used 126826K, capacity 131239K, committed 131456K, reserved 1163264K
  class space    used 16544K, capacity 18288K, committed 18304K, reserved 1048576K
}
Event: 162.284 GC heap before
{Heap before GC invocations=122 (full 0):
 garbage-first heap   total 203776K, used 170361K [0x0000000080000000, 0x0000000100000000)
  region size 1024K, 29 young (29696K), 4 survivors (4096K)
 Metaspace       used 125938K, capacity 129478K, committed 132224K, reserved 1163264K
  class space    used 16162K, capacity 17490K, committed 18560K, reserved 1048576K
}
Event: 162.591 GC heap after
{Heap after GC invocations=123 (full 0):
 garbage-first heap   total 203776K, used 149479K [0x0000000080000000, 0x0000000100000000)
  region size 1024K, 4 young (4096K), 4 survivors (4096K)
 Metaspace       used 125938K, capacity 129478K, committed 132224K, reserved 1163264K
  class space    used 16162K, capacity 17490K, committed 18560K, reserved 1048576K
}
Event: 162.674 GC heap before
{Heap before GC invocations=123 (full 0):
 garbage-first heap   total 203776K, used 154599K [0x0000000080000000, 0x0000000100000000)
  region size 1024K, 9 young (9216K), 4 survivors (4096K)
 Metaspace       used 125996K, capacity 129544K, committed 132224K, reserved 1163264K
  class space    used 16162K, capacity 17490K, committed 18560K, reserved 1048576K
}
Event: 162.887 GC heap after
{Heap after GC invocations=124 (full 0):
 garbage-first heap   total 203776K, used 142010K [0x0000000080000000, 0x0000000100000000)
  region size 1024K, 2 young (2048K), 2 survivors (2048K)
 Metaspace       used 125996K, capacity 129544K, committed 132224K, reserved 1163264K
  class space    used 16162K, capacity 17490K, committed 18560K, reserved 1048576K
}
Event: 172.397 GC heap before
{Heap before GC invocations=124 (full 0):
 garbage-first heap   total 203776K, used 173754K [0x0000000080000000, 0x0000000100000000)
  region size 1024K, 29 young (29696K), 2 survivors (2048K)
 Metaspace       used 127782K, capacity 131412K, committed 133888K, reserved 1165312K
  class space    used 16372K, capacity 17716K, committed 18688K, reserved 1048576K
}

Deoptimization events (20 events):
Event: 167.669 Thread 0x00000239fa96d800 Uncommon trap: trap_request=0xffffff4d fr.pc=0x00000239e7ccc414 relative=0x00000000000009d4
Event: 167.669 Thread 0x00000239fa96d800 Uncommon trap: reason=unstable_if action=reinterpret pc=0x00000239e7ccc414 method=sun.net.util.IPAddressUtil.scan(Ljava/lang/String;JJ[C)I @ 14 c2
Event: 167.669 Thread 0x00000239fa96d800 DEOPT PACKING pc=0x00000239e7ccc414 sp=0x00000069818fc960
Event: 167.669 Thread 0x00000239fa96d800 DEOPT UNPACKING pc=0x00000239dfd685af sp=0x00000069818fc7e0 mode 2
Event: 168.498 Thread 0x00000239fa96d800 Uncommon trap: trap_request=0xffffffde fr.pc=0x00000239e8093dfc relative=0x000000000000087c
Event: 168.498 Thread 0x00000239fa96d800 Uncommon trap: reason=class_check action=maybe_recompile pc=0x00000239e8093dfc method=com.google.common.collect.Iterables.castOrCopyToCollection(Ljava/lang/Iterable;)Ljava/util/Collection; @ 1 c2
Event: 168.498 Thread 0x00000239fa96d800 DEOPT PACKING pc=0x00000239e8093dfc sp=0x00000069818fde80
Event: 168.498 Thread 0x00000239fa96d800 DEOPT UNPACKING pc=0x00000239dfd685af sp=0x00000069818fdd80 mode 2
Event: 168.499 Thread 0x00000239fa96d800 Uncommon trap: trap_request=0xffffffde fr.pc=0x00000239e8093dfc relative=0x000000000000087c
Event: 168.499 Thread 0x00000239fa96d800 Uncommon trap: reason=class_check action=maybe_recompile pc=0x00000239e8093dfc method=com.google.common.collect.Iterables.castOrCopyToCollection(Ljava/lang/Iterable;)Ljava/util/Collection; @ 1 c2
Event: 168.499 Thread 0x00000239fa96d800 DEOPT PACKING pc=0x00000239e8093dfc sp=0x00000069818fde80
Event: 168.499 Thread 0x00000239fa96d800 DEOPT UNPACKING pc=0x00000239dfd685af sp=0x00000069818fdd80 mode 2
Event: 168.499 Thread 0x00000239fa96d800 Uncommon trap: trap_request=0xffffffde fr.pc=0x00000239e8093dfc relative=0x000000000000087c
Event: 168.499 Thread 0x00000239fa96d800 Uncommon trap: reason=class_check action=maybe_recompile pc=0x00000239e8093dfc method=com.google.common.collect.Iterables.castOrCopyToCollection(Ljava/lang/Iterable;)Ljava/util/Collection; @ 1 c2
Event: 168.499 Thread 0x00000239fa96d800 DEOPT PACKING pc=0x00000239e8093dfc sp=0x00000069818fde80
Event: 168.499 Thread 0x00000239fa96d800 DEOPT UNPACKING pc=0x00000239dfd685af sp=0x00000069818fdd80 mode 2
Event: 168.499 Thread 0x00000239fa96d800 Uncommon trap: trap_request=0xffffffde fr.pc=0x00000239e8093dfc relative=0x000000000000087c
Event: 168.499 Thread 0x00000239fa96d800 Uncommon trap: reason=class_check action=maybe_recompile pc=0x00000239e8093dfc method=com.google.common.collect.Iterables.castOrCopyToCollection(Ljava/lang/Iterable;)Ljava/util/Collection; @ 1 c2
Event: 168.499 Thread 0x00000239fa96d800 DEOPT PACKING pc=0x00000239e8093dfc sp=0x00000069818fde80
Event: 168.499 Thread 0x00000239fa96d800 DEOPT UNPACKING pc=0x00000239dfd685af sp=0x00000069818fdd80 mode 2

Classes redefined (0 events):
No events

Internal exceptions (20 events):
Event: 161.424 Thread 0x00000239fee53000 Exception <a 'sun/nio/fs/WindowsException'{0x000000008b465a88}> (0x000000008b465a88) thrown at [./src/hotspot/share/prims/jni.cpp, line 615]
Event: 161.424 Thread 0x00000239fa96e800 Exception <a 'sun/nio/fs/WindowsException'{0x000000008b41e4e8}> (0x000000008b41e4e8) thrown at [./src/hotspot/share/prims/jni.cpp, line 615]
Event: 161.424 Thread 0x00000239fa970000 Exception <a 'sun/nio/fs/WindowsException'{0x000000008b470d08}> (0x000000008b470d08) thrown at [./src/hotspot/share/prims/jni.cpp, line 615]
Event: 161.827 Thread 0x00000239fee49000 Exception <a 'sun/nio/fs/WindowsException'{0x000000008b1583e0}> (0x000000008b1583e0) thrown at [./src/hotspot/share/prims/jni.cpp, line 615]
Event: 162.202 Thread 0x00000239fee52000 Exception <a 'sun/nio/fs/WindowsException'{0x000000008b7d4cf8}> (0x000000008b7d4cf8) thrown at [./src/hotspot/share/prims/jni.cpp, line 615]
Event: 162.205 Thread 0x00000239fa96d800 Exception <a 'sun/nio/fs/WindowsException'{0x000000008b7b8fd8}> (0x000000008b7b8fd8) thrown at [./src/hotspot/share/prims/jni.cpp, line 615]
Event: 162.217 Thread 0x00000239fa972000 Exception <a 'sun/nio/fs/WindowsException'{0x000000008b561510}> (0x000000008b561510) thrown at [./src/hotspot/share/prims/jni.cpp, line 615]
Event: 162.231 Thread 0x00000239fee53000 Exception <a 'sun/nio/fs/WindowsException'{0x000000008b3c6b28}> (0x000000008b3c6b28) thrown at [./src/hotspot/share/prims/jni.cpp, line 615]
Event: 162.232 Thread 0x00000239fa970000 Exception <a 'sun/nio/fs/WindowsException'{0x000000008b3895a0}> (0x000000008b3895a0) thrown at [./src/hotspot/share/prims/jni.cpp, line 615]
Event: 162.246 Thread 0x00000239fa96e800 Exception <a 'sun/nio/fs/WindowsException'{0x000000008b14d490}> (0x000000008b14d490) thrown at [./src/hotspot/share/prims/jni.cpp, line 615]
Event: 162.596 Thread 0x00000239fee49000 Exception <a 'sun/nio/fs/WindowsException'{0x000000008c64e058}> (0x000000008c64e058) thrown at [./src/hotspot/share/prims/jni.cpp, line 615]
Event: 163.233 Thread 0x00000239fa96f800 Exception <a 'sun/nio/fs/WindowsException'{0x000000008bbf3af8}> (0x000000008bbf3af8) thrown at [./src/hotspot/share/prims/jni.cpp, line 615]
Event: 167.505 Thread 0x00000239fa96d800 Exception <a 'sun/nio/fs/WindowsException'{0x000000008b5fbba0}> (0x000000008b5fbba0) thrown at [./src/hotspot/share/prims/jni.cpp, line 615]
Event: 167.621 Thread 0x00000239fa96d800 Implicit null exception at 0x00000239e7fe5274 to 0x00000239e7fe7a5c
Event: 167.975 Thread 0x00000239fa96d800 Exception <a 'java/lang/NoSuchMethodError'{0x000000008b4aebd0}: 'java.lang.Object java.lang.invoke.DirectMethodHandle$Holder.invokeStatic(java.lang.Object, java.lang.Object, java.lang.Object, java.lang.Object, java.lang.Object, int, java.lang.Object)'> (0x000000008b4aebd0) thrown at [./src/hotspot/share/interpreter/linkResolver.cpp, line 773]
Event: 167.975 Thread 0x00000239fa96d800 Exception <a 'java/lang/NoSuchMethodError'{0x000000008b4b5dd0}: 'java.lang.Object java.lang.invoke.Invokers$Holder.linkToTargetMethod(java.lang.Object, java.lang.Object, java.lang.Object, java.lang.Object, int, java.lang.Object, java.lang.Object)'> (0x000000008b4b5dd0) thrown at [./src/hotspot/share/interpreter/linkResolver.cpp, line 773]
Event: 168.080 Thread 0x00000239fa96d800 Exception <a 'java/lang/NoSuchMethodError'{0x000000008b098800}: 'java.lang.Object java.lang.invoke.DirectMethodHandle$Holder.invokeSpecial(java.lang.Object, java.lang.Object, java.lang.Object, java.lang.Object, java.lang.Object, java.lang.Object, java.lang.Object, int, java.lang.Object)'> (0x000000008b098800) thrown at [./src/hotspot/share/interpreter/linkResolver.cpp, line 773]
Event: 168.081 Thread 0x00000239fa96d800 Exception <a 'java/lang/NoSuchMethodError'{0x000000008b0a1d40}: 'java.lang.Object java.lang.invoke.DirectMethodHandle$Holder.invokeStatic(java.lang.Object, java.lang.Object, java.lang.Object, java.lang.Object, java.lang.Object, java.lang.Object, java.lang.Object, int)'> (0x000000008b0a1d40) thrown at [./src/hotspot/share/interpreter/linkResolver.cpp, line 773]
Event: 168.081 Thread 0x00000239fa96d800 Exception <a 'java/lang/NoSuchMethodError'{0x000000008b0a5d60}: 'java.lang.Object java.lang.invoke.DirectMethodHandle$Holder.invokeSpecial(java.lang.Object, java.lang.Object, java.lang.Object, java.lang.Object, java.lang.Object, java.lang.Object, java.lang.Object, java.lang.Object, int)'> (0x000000008b0a5d60) thrown at [./src/hotspot/share/interpreter/linkResolver.cpp, line 773]
Event: 168.082 Thread 0x00000239fa96d800 Exception <a 'java/lang/NoSuchMethodError'{0x000000008b0a93f8}: 'java.lang.Object java.lang.invoke.Invokers$Holder.linkToTargetMethod(java.lang.Object, java.lang.Object, java.lang.Object, java.lang.Object, java.lang.Object, java.lang.Object, int, java.lang.Object)'> (0x000000008b0a93f8) thrown at [./src/hotspot/share/interpreter/linkResolver.cpp, line 773]

Events (20 events):
Event: 171.313 loading class java/nio/channels/FileChannel$MapMode done
Event: 171.314 loading class sun/nio/ch/FileChannelImpl$Unmapper
Event: 171.315 loading class sun/nio/ch/FileChannelImpl$Unmapper done
Event: 171.315 loading class sun/nio/ch/Util$4
Event: 171.315 loading class sun/nio/ch/Util$4 done
Event: 171.608 loading class com/google/common/collect/Maps$IteratorBasedAbstractMap$1
Event: 171.608 loading class com/google/common/collect/Maps$IteratorBasedAbstractMap$1 done
Event: 171.646 loading class com/google/common/collect/Maps$EntrySet
Event: 171.646 loading class com/google/common/collect/Maps$EntrySet done
Event: 171.647 loading class com/google/common/collect/HashBiMap$1
Event: 171.647 loading class com/google/common/collect/HashBiMap$1 done
Event: 171.662 loading class com/google/common/collect/HashBiMap$Itr
Event: 171.662 loading class com/google/common/collect/HashBiMap$Itr done
Event: 171.697 loading class com/google/common/collect/HashBiMap$1$MapEntry
Event: 171.697 loading class com/google/common/collect/HashBiMap$1$MapEntry done
Event: 171.702 Executing VM operation: Deoptimize
Event: 171.705 Executing VM operation: Deoptimize done
Event: 171.853 Executing VM operation: RevokeBias
Event: 171.853 Executing VM operation: RevokeBias done
Event: 172.397 Executing VM operation: G1CollectForAllocation


Dynamic libraries:
0x00007ff6dfe10000 - 0x00007ff6dfe1a000 	C:\Users\cc\Desktop\New folder\jre\bin\java.exe
0x00007ffc3aeb0000 - 0x00007ffc3b0a8000 	C:\Windows\SYSTEM32\ntdll.dll
0x00007ffc3a9b0000 - 0x00007ffc3aa6d000 	C:\Windows\System32\KERNEL32.DLL
0x00007ffc38c10000 - 0x00007ffc38ede000 	C:\Windows\System32\KERNELBASE.dll
0x00007ffc38940000 - 0x00007ffc38a40000 	C:\Windows\System32\ucrtbase.dll
0x00007ffc2bb20000 - 0x00007ffc2bb39000 	C:\Users\cc\Desktop\New folder\jre\bin\jli.dll
0x00007ffc2aff0000 - 0x00007ffc2b007000 	C:\Users\cc\Desktop\New folder\jre\bin\VCRUNTIME140.dll
0x00007ffc3a0b0000 - 0x00007ffc3a250000 	C:\Windows\System32\USER32.dll
0x00007ffc38ee0000 - 0x00007ffc38f02000 	C:\Windows\System32\win32u.dll
0x00007ffc20bb0000 - 0x00007ffc20e4a000 	C:\Windows\WinSxS\amd64_microsoft.windows.common-controls_6595b64144ccf1df_6.0.19041.1110_none_60b5254171f9507e\COMCTL32.dll
0x00007ffc3aa70000 - 0x00007ffc3aa9a000 	C:\Windows\System32\GDI32.dll
0x00007ffc392d0000 - 0x00007ffc3936e000 	C:\Windows\System32\msvcrt.dll
0x00007ffc38a40000 - 0x00007ffc38b4b000 	C:\Windows\System32\gdi32full.dll
0x00007ffc385d0000 - 0x00007ffc3866d000 	C:\Windows\System32\msvcp_win.dll
0x00007ffc39040000 - 0x00007ffc39070000 	C:\Windows\System32\IMM32.DLL
0x00007ffc1fcd0000 - 0x00007ffc1fd6d000 	C:\Users\cc\Desktop\New folder\jre\bin\msvcp140.dll
0x00007ffbe9310000 - 0x00007ffbe9df5000 	C:\Users\cc\Desktop\New folder\jre\bin\server\jvm.dll
0x00007ffc39190000 - 0x00007ffc3923e000 	C:\Windows\System32\ADVAPI32.dll
0x00007ffc3ad50000 - 0x00007ffc3adec000 	C:\Windows\System32\sechost.dll
0x00007ffc3aaa0000 - 0x00007ffc3abc5000 	C:\Windows\System32\RPCRT4.dll
0x00007ffc39030000 - 0x00007ffc39038000 	C:\Windows\System32\PSAPI.DLL
0x00007ffc21420000 - 0x00007ffc21447000 	C:\Windows\SYSTEM32\WINMM.dll
0x00007ffc2f800000 - 0x00007ffc2f809000 	C:\Windows\SYSTEM32\WSOCK32.dll
0x00007ffc31d00000 - 0x00007ffc31d0a000 	C:\Windows\SYSTEM32\VERSION.dll
0x00007ffc3ace0000 - 0x00007ffc3ad4b000 	C:\Windows\System32\WS2_32.dll
0x00007ffc36e10000 - 0x00007ffc36e22000 	C:\Windows\SYSTEM32\kernel.appcore.dll
0x00007ffc2cda0000 - 0x00007ffc2cdb1000 	C:\Users\cc\Desktop\New folder\jre\bin\verify.dll
0x00007ffc36370000 - 0x00007ffc36554000 	C:\Windows\SYSTEM32\DBGHELP.DLL
0x00007ffc34440000 - 0x00007ffc3446c000 	C:\Windows\SYSTEM32\dbgcore.DLL
0x00007ffc38b80000 - 0x00007ffc38c02000 	C:\Windows\System32\bcryptPrimitives.dll
0x00007ffc107a0000 - 0x00007ffc107c9000 	C:\Users\cc\Desktop\New folder\jre\bin\java.dll
0x00007ffc2cd90000 - 0x00007ffc2cd9b000 	C:\Users\cc\Desktop\New folder\jre\bin\jimage.dll
0x00007ffc299d0000 - 0x00007ffc299e8000 	C:\Users\cc\Desktop\New folder\jre\bin\zip.dll
0x00007ffc39370000 - 0x00007ffc39ab4000 	C:\Windows\System32\SHELL32.dll
0x00007ffc36670000 - 0x00007ffc36e04000 	C:\Windows\SYSTEM32\windows.storage.dll
0x00007ffc39b20000 - 0x00007ffc39e74000 	C:\Windows\System32\combase.dll
0x00007ffc37e80000 - 0x00007ffc37eb0000 	C:\Windows\SYSTEM32\Wldp.dll
0x00007ffc39070000 - 0x00007ffc3911d000 	C:\Windows\System32\SHCORE.dll
0x00007ffc3a250000 - 0x00007ffc3a2a5000 	C:\Windows\System32\shlwapi.dll
0x00007ffc38510000 - 0x00007ffc3852f000 	C:\Windows\SYSTEM32\profapi.dll
0x00007ffc22790000 - 0x00007ffc227aa000 	C:\Users\cc\Desktop\New folder\jre\bin\net.dll
0x00007ffc31fa0000 - 0x00007ffc320aa000 	C:\Windows\SYSTEM32\WINHTTP.dll
0x00007ffc37c60000 - 0x00007ffc37cca000 	C:\Windows\system32\mswsock.dll
0x00007ffc16080000 - 0x00007ffc16094000 	C:\Users\cc\Desktop\New folder\jre\bin\nio.dll
0x00007ffc298d0000 - 0x00007ffc298f7000 	C:\Users\cc\.gradle\native\e1d6ef7f7dcc3fd88c89a11ec53ec762bb8ba0a96d01ffa2cd45eb1d1d8dd5c5\windows-amd64\native-platform.dll
0x00007ffbf8ab0000 - 0x00007ffbf8bf4000 	C:\Users\cc\.gradle\native\5664cfc778a61ccfe75a443a1ab52a65af34e5dc3c78e0209fed803814484fcb\windows-amd64\native-platform-file-events.dll
0x00007ffc2cd80000 - 0x00007ffc2cd8a000 	C:\Users\cc\Desktop\New folder\jre\bin\management.dll
0x00007ffc2c850000 - 0x00007ffc2c85d000 	C:\Users\cc\Desktop\New folder\jre\bin\management_ext.dll
0x00007ffc37f30000 - 0x00007ffc37f48000 	C:\Windows\SYSTEM32\CRYPTSP.dll
0x00007ffc37600000 - 0x00007ffc37634000 	C:\Windows\system32\rsaenh.dll
0x00007ffc38b50000 - 0x00007ffc38b77000 	C:\Windows\System32\bcrypt.dll
0x00007ffc38490000 - 0x00007ffc384be000 	C:\Windows\SYSTEM32\USERENV.dll
0x00007ffc37df0000 - 0x00007ffc37dfc000 	C:\Windows\SYSTEM32\CRYPTBASE.dll
0x00007ffc37970000 - 0x00007ffc379ab000 	C:\Windows\SYSTEM32\IPHLPAPI.DLL
0x00007ffc39180000 - 0x00007ffc39188000 	C:\Windows\System32\NSI.dll
0x00007ffc306e0000 - 0x00007ffc306f7000 	C:\Windows\SYSTEM32\dhcpcsvc6.DLL
0x00007ffc30cc0000 - 0x00007ffc30cdd000 	C:\Windows\SYSTEM32\dhcpcsvc.DLL
0x00007ffc379b0000 - 0x00007ffc37a7b000 	C:\Windows\SYSTEM32\DNSAPI.dll
0x00007ffc15ee0000 - 0x00007ffc15efe000 	C:\Users\cc\AppData\Local\Temp\native-platform14904330919891627690dir\native-platform.dll
0x00007ffc2cde0000 - 0x00007ffc2cde8000 	C:\Users\cc\Desktop\New folder\jre\bin\rmi.dll
0x00007ffc106d0000 - 0x00007ffc106f7000 	C:\Users\cc\Desktop\New folder\jre\bin\sunec.dll

dbghelp: loaded successfully - version: 4.0.5 - missing functions: none
symbol engine: initialized successfully - sym options: 0x614 - pdb path: .;C:\Users\cc\Desktop\New folder\jre\bin;C:\Windows\SYSTEM32;C:\Windows\WinSxS\amd64_microsoft.windows.common-controls_6595b64144ccf1df_6.0.19041.1110_none_60b5254171f9507e;C:\Users\cc\Desktop\New folder\jre\bin\server;C:\Users\cc\.gradle\native\e1d6ef7f7dcc3fd88c89a11ec53ec762bb8ba0a96d01ffa2cd45eb1d1d8dd5c5\windows-amd64;C:\Users\cc\.gradle\native\5664cfc778a61ccfe75a443a1ab52a65af34e5dc3c78e0209fed803814484fcb\windows-amd64;C:\Users\cc\AppData\Local\Temp\native-platform14904330919891627690dir

VM Arguments:
jvm_args: --add-opens=java.base/java.util=ALL-UNNAMED --add-opens=java.base/java.lang=ALL-UNNAMED --add-opens=java.base/java.lang.invoke=ALL-UNNAMED --add-opens=java.base/java.util=ALL-UNNAMED --add-opens=java.prefs/java.util.prefs=ALL-UNNAMED --add-opens=java.prefs/java.util.prefs=ALL-UNNAMED --add-opens=java.base/java.nio.charset=ALL-UNNAMED --add-opens=java.base/java.net=ALL-UNNAMED --add-opens=java.base/java.util.concurrent.atomic=ALL-UNNAMED -Xmx2048m -Dfile.encoding=UTF-8 -Duser.country=GB -Duser.language=en -Duser.variant 
java_command: org.gradle.launcher.daemon.bootstrap.GradleDaemon 7.3.3
java_class_path (initial): C:\Users\cc\.gradle\wrapper\dists\gradle-7.3.3-bin\6a41zxkdtcxs8rphpq6y0069z\gradle-7.3.3\lib\gradle-launcher-7.3.3.jar
Launcher Type: SUN_STANDARD

[Global flags]
     intx CICompilerCount                          = 4                                         {product} {ergonomic}
     uint ConcGCThreads                            = 2                                         {product} {ergonomic}
     uint G1ConcRefinementThreads                  = 8                                         {product} {ergonomic}
   size_t G1HeapRegionSize                         = 1048576                                   {product} {ergonomic}
    uintx GCDrainStackTargetSize                   = 64                                        {product} {ergonomic}
   size_t InitialHeapSize                          = 132120576                                 {product} {ergonomic}
   size_t MarkStackSize                            = 4194304                                   {product} {ergonomic}
   size_t MaxHeapSize                              = 2147483648                                {product} {command line}
   size_t MaxNewSize                               = 1287651328                                {product} {ergonomic}
   size_t MinHeapDeltaBytes                        = 1048576                                   {product} {ergonomic}
    uintx NonNMethodCodeHeapSize                   = 5836300                                {pd product} {ergonomic}
    uintx NonProfiledCodeHeapSize                  = 122910970                              {pd product} {ergonomic}
    uintx ProfiledCodeHeapSize                     = 122910970                              {pd product} {ergonomic}
    uintx ReservedCodeCacheSize                    = 251658240                              {pd product} {ergonomic}
     bool SegmentedCodeCache                       = true                                      {product} {ergonomic}
     bool UseCompressedClassPointers               = true                                 {lp64_product} {ergonomic}
     bool UseCompressedOops                        = true                                 {lp64_product} {ergonomic}
     bool UseG1GC                                  = true                                      {product} {ergonomic}
     bool UseLargePagesIndividualAllocation        = false                                  {pd product} {ergonomic}

Logging:
Log output configuration:
 #0: stdout all=warning uptime,level,tags
 #1: stderr all=off uptime,level,tags

Environment Variables:
PATH=C:\Windows\system32;C:\Windows;C:\Windows\System32\Wbem;C:\Windows\System32\WindowsPowerShell\v1.0\;C:\Windows\System32\OpenSSH\;C:\Program Files (x86)\NVIDIA Corporation\PhysX\Common;C:\Program Files\Git\cmd;C:\Users\cc\AppData\Local\Microsoft\WindowsApps;
USERNAME=cc
OS=Windows_NT
PROCESSOR_IDENTIFIER=Intel64 Family 6 Model 126 Stepping 5, GenuineIntel



---------------  S Y S T E M  ---------------

OS: Windows 10 , 64 bit Build 19041 (10.0.19041.1806)
OS uptime: 3 days 23:47 hours
Hyper-V role detected

CPU:total 8 (initial active 8) (4 cores per cpu, 2 threads per core) family 6 model 126 stepping 5 microcode 0xb0, cmov, cx8, fxsr, mmx, sse, sse2, sse3, ssse3, sse4.1, sse4.2, popcnt, avx, avx2, aes, clmul, erms, 3dnowpref, lzcnt, ht, tsc, tscinvbit, bmi1, bmi2, adx, evex, sha, fma

Memory: 4k page, system-wide physical 7959M (83M free)
TotalPageFile size 9849M (AvailPageFile size 42M)
current process WorkingSet (physical memory assigned to process): 405M, peak: 464M
current process commit charge ("private bytes"): 588M, peak: 686M

vm_info: OpenJDK 64-Bit Server VM (11.0.12+7-b1504.28-7817840) for windows-amd64 JRE (11.0.12+7-b1504.28-7817840), built on Oct 13 2021 22:12:33 by "builder" with MS VC++ 14.0 (VS2015)

END.
