#
# There is insufficient memory for the Java Runtime Environment to continue.
# Native memory allocation (mmap) failed to map 161480704 bytes for Failed to commit area from 0x0000000089a00000 to 0x0000000093400000 of length 161480704.
# Possible reasons:
#   The system is out of physical RAM or swap space
#   The process is running with CompressedOops enabled, and the Java Heap may be blocking the growth of the native heap
# Possible solutions:
#   Reduce memory load on the system
#   Increase physical memory or swap space
#   Check if swap backing store is full
#   Decrease Java heap size (-Xmx/-Xms)
#   Decrease number of Java threads
#   Decrease Java thread stack sizes (-Xss)
#   Set larger code cache with -XX:ReservedCodeCacheSize=
#   JVM is running with Unscaled Compressed Oops mode in which the Java heap is
#     placed in the first 4GB address space. The Java Heap base address is the
#     maximum limit for the native heap growth. Please use -XX:HeapBaseMinAddress
#     to set the Java Heap base and to place the Java Heap above 4GB virtual address.
# This output file may be truncated or incomplete.
#
#  Out of Memory Error (./src/hotspot/os/windows/os_windows.cpp:3521), pid=17664, tid=12768
#
# JRE version: OpenJDK Runtime Environment (11.0.12+7) (build 11.0.12+7-b1504.28-7817840)
# Java VM: OpenJDK 64-Bit Server VM (11.0.12+7-b1504.28-7817840, mixed mode, tiered, compressed oops, g1 gc, windows-amd64)
# No core dump will be written. Minidumps are not enabled by default on client versions of Windows
#

---------------  S U M M A R Y ------------

Command Line: --add-opens=java.base/java.util=ALL-UNNAMED --add-opens=java.base/java.lang=ALL-UNNAMED --add-opens=java.base/java.lang.invoke=ALL-UNNAMED --add-opens=java.base/java.util=ALL-UNNAMED --add-opens=java.prefs/java.util.prefs=ALL-UNNAMED --add-opens=java.prefs/java.util.prefs=ALL-UNNAMED --add-opens=java.base/java.nio.charset=ALL-UNNAMED --add-opens=java.base/java.net=ALL-UNNAMED --add-opens=java.base/java.util.concurrent.atomic=ALL-UNNAMED -Xmx2048m -Dfile.encoding=UTF-8 -Duser.country=GB -Duser.language=en -Duser.variant org.gradle.launcher.daemon.bootstrap.GradleDaemon 7.3.3

Host: Intel(R) Core(TM) i5-1035G1 CPU @ 1.00GHz, 8 cores, 7G,  Windows 10 , 64 bit Build 19041 (10.0.19041.1806)
Time: Sun Aug  7 21:28:37 2022 Egypt Standard Time elapsed time: 3345.730343 seconds (0d 0h 55m 45s)

---------------  T H R E A D  ---------------

Current thread (0x000002796f669000):  VMThread "VM Thread" [stack: 0x0000009570a00000,0x0000009570b00000] [id=12768]

Stack: [0x0000009570a00000,0x0000009570b00000]
[error occurred during error reporting (printing stack bounds), id 0xc0000005, EXCEPTION_ACCESS_VIOLATION (0xc0000005) at pc=0x00000279584b12e7]

Native frames: (J=compiled Java code, j=interpreted, Vv=VM code, C=native code)
V  [jvm.dll+0x5fbcea]
V  [jvm.dll+0x731905]
V  [jvm.dll+0x732f1d]
V  [jvm.dll+0x733535]
V  [jvm.dll+0x7334eb]
V  [jvm.dll+0x5fb080]
V  [jvm.dll+0x5fb818]
C  [ntdll.dll+0xa229f]
C  [ntdll.dll+0x51454]
C  [ntdll.dll+0xa0dce]
C  0x00000279584b12e7

VM_Operation (0x0000009574afd940): G1CollectForAllocation, mode: safepoint, requested by thread 0x000002797a69d000


---------------  P R O C E S S  ---------------

Threads class SMR info:
_java_thread_list=0x00000279768e4350, length=136, elements={
0x0000027954998000, 0x000002796ee4b000, 0x000002796ee4d800, 0x000002796f6b6800,
0x000002796f6bc000, 0x000002796f6bd000, 0x000002796f6c0000, 0x000002796f6c1000,
0x000002796f6c2000, 0x000002796f82d800, 0x0000027970b96800, 0x00000279721d4000,
0x0000027971170000, 0x0000027971c56000, 0x0000027971c53800, 0x0000027971c51800,
0x0000027971c52800, 0x0000027971c51000, 0x0000027971c3a800, 0x0000027971c36800,
0x0000027971c3e000, 0x0000027971c3d000, 0x0000027971c3b800, 0x00000279722da800,
0x00000279722d6800, 0x00000279722d5000, 0x00000279722da000, 0x00000279722db800,
0x00000279704e3800, 0x00000279704e5800, 0x00000279704eb800, 0x00000279704ee000,
0x00000279704ea800, 0x00000279765f7000, 0x00000279765c3800, 0x000002797abf9800,
0x000002797a694800, 0x0000027971c40800, 0x0000027972af5000, 0x00000279722cd800,
0x0000027971c42000, 0x0000027971c43800, 0x0000027971c54000, 0x0000027971c50000,
0x0000027971c55000, 0x0000027971c56800, 0x00000279765b7000, 0x00000279765b8000,
0x00000279765b9000, 0x00000279765b9800, 0x00000279765b6800, 0x00000279765b4800,
0x00000279765ba800, 0x00000279765bb000, 0x00000279765b5800, 0x00000279765c0000,
0x00000279765c1000, 0x00000279765bd000, 0x00000279765c2000, 0x00000279765bf800,
0x00000279765bc000, 0x00000279765c2800, 0x00000279765bd800, 0x00000279765be800,
0x000002797a68f000, 0x000002797a68f800, 0x000002797a68e000, 0x000002797a695800,
0x000002797a696800, 0x000002797a690800, 0x000002797a694000, 0x000002797a693000,
0x000002797a697000, 0x000002797a691800, 0x000002797a698000, 0x000002797a692000,
0x000002797a698800, 0x000002797a69d000, 0x000002797a69a800, 0x000002797a699800,
0x000002797a69c000, 0x000002797a69b000, 0x00000279765f6800, 0x00000279765fb800,
0x00000279765f5800, 0x00000279765f8000, 0x00000279765fe800, 0x00000279765fc000,
0x00000279765fa800, 0x00000279765fd000, 0x00000279765fe000, 0x00000279765f9800,
0x00000279765f9000, 0x0000027976604800, 0x00000279765ff800, 0x0000027976600000,
0x0000027976601000, 0x0000027976602000, 0x0000027976602800, 0x0000027976603800,
0x0000027972aee800, 0x0000027972af0000, 0x0000027972af0800, 0x0000027972aef000,
0x0000027972af1800, 0x0000027972af2800, 0x0000027972aec800, 0x0000027972af3000,
0x0000027972aed800, 0x0000027972af7000, 0x0000027972af8000, 0x0000027972af5800,
0x0000027972af6800, 0x0000027972af9000, 0x0000027972af4000, 0x0000027972af9800,
0x0000027972afa800, 0x0000027972afb800, 0x000002797abfd000, 0x000002797abfa800,
0x000002797abfb800, 0x000002797abf8000, 0x000002797abfc000, 0x000002797abfe000,
0x000002797abfe800, 0x000002797abf9000, 0x000002797ac01000, 0x000002797ac05000,
0x000002797abff800, 0x000002797ac02800, 0x000002797ac03800, 0x000002797ac06000,
0x000002797ac04800, 0x000002797ac00800, 0x000002797ac07000, 0x00000279722ce800
}

Java Threads: ( => current thread )
  0x0000027954998000 JavaThread "main" [_thread_blocked, id=17232, stack(0x0000009570400000,0x0000009570500000)]
  0x000002796ee4b000 JavaThread "Reference Handler" daemon [_thread_blocked, id=16408, stack(0x0000009570b00000,0x0000009570c00000)]
  0x000002796ee4d800 JavaThread "Finalizer" daemon [_thread_blocked, id=18064, stack(0x0000009570c00000,0x0000009570d00000)]
  0x000002796f6b6800 JavaThread "Signal Dispatcher" daemon [_thread_blocked, id=22260, stack(0x0000009570d00000,0x0000009570e00000)]
  0x000002796f6bc000 JavaThread "Attach Listener" daemon [_thread_blocked, id=11156, stack(0x0000009570e00000,0x0000009570f00000)]
  0x000002796f6bd000 JavaThread "Service Thread" daemon [_thread_blocked, id=11088, stack(0x0000009570f00000,0x0000009571000000)]
  0x000002796f6c0000 JavaThread "C2 CompilerThread0" daemon [_thread_blocked, id=17640, stack(0x0000009571000000,0x0000009571100000)]
  0x000002796f6c1000 JavaThread "C1 CompilerThread0" daemon [_thread_blocked, id=11260, stack(0x0000009571100000,0x0000009571200000)]
  0x000002796f6c2000 JavaThread "Sweeper thread" daemon [_thread_blocked, id=19036, stack(0x0000009571200000,0x0000009571300000)]
  0x000002796f82d800 JavaThread "Common-Cleaner" daemon [_thread_blocked, id=19568, stack(0x0000009571300000,0x0000009571400000)]
  0x0000027970b96800 JavaThread "Daemon health stats" [_thread_blocked, id=17888, stack(0x0000009571900000,0x0000009571a00000)]
  0x00000279721d4000 JavaThread "Incoming local TCP Connector on port 51004" [_thread_in_native, id=16404, stack(0x0000009571500000,0x0000009571600000)]
  0x0000027971170000 JavaThread "Daemon periodic checks" [_thread_blocked, id=9688, stack(0x0000009571800000,0x0000009571900000)]
  0x0000027971c56000 JavaThread "Cache worker for journal cache (C:\Users\cc\.gradle\caches\journal-1)" [_thread_blocked, id=19416, stack(0x0000009572700000,0x0000009572800000)]
  0x0000027971c53800 JavaThread "File lock request listener" [_thread_in_native, id=11712, stack(0x0000009572800000,0x0000009572900000)]
  0x0000027971c51800 JavaThread "Cache worker for file hash cache (C:\Users\cc\.gradle\caches\7.3.3\fileHashes)" [_thread_blocked, id=12996, stack(0x0000009572900000,0x0000009572a00000)]
  0x0000027971c52800 JavaThread "File watcher server" daemon [_thread_blocked, id=10892, stack(0x0000009572d00000,0x0000009572e00000)]
  0x0000027971c51000 JavaThread "File watcher consumer" daemon [_thread_blocked, id=18124, stack(0x0000009572e00000,0x0000009572f00000)]
  0x0000027971c3a800 JavaThread "Cache worker for execution history cache (C:\Users\cc\.gradle\caches\7.3.3\executionHistory)" [_thread_blocked, id=4524, stack(0x0000009573200000,0x0000009573300000)]
  0x0000027971c36800 JavaThread "jar transforms" [_thread_blocked, id=10372, stack(0x0000009573300000,0x0000009573400000)]
  0x0000027971c3e000 JavaThread "jar transforms Thread 2" [_thread_blocked, id=14748, stack(0x0000009573400000,0x0000009573500000)]
  0x0000027971c3d000 JavaThread "Cache worker for file content cache (C:\Users\cc\.gradle\caches\7.3.3\fileContent)" [_thread_blocked, id=15924, stack(0x0000009573500000,0x0000009573600000)]
  0x0000027971c3b800 JavaThread "jar transforms Thread 3" [_thread_blocked, id=9256, stack(0x0000009573700000,0x0000009573800000)]
  0x00000279722da800 JavaThread "jar transforms Thread 4" [_thread_blocked, id=7792, stack(0x0000009578900000,0x0000009578a00000)]
  0x00000279722d6800 JavaThread "jar transforms Thread 5" [_thread_blocked, id=11492, stack(0x0000009578a00000,0x0000009578b00000)]
  0x00000279722d5000 JavaThread "jar transforms Thread 6" [_thread_blocked, id=22052, stack(0x0000009578b00000,0x0000009578c00000)]
  0x00000279722da000 JavaThread "jar transforms Thread 7" [_thread_blocked, id=5948, stack(0x0000009578c00000,0x0000009578d00000)]
  0x00000279722db800 JavaThread "jar transforms Thread 8" [_thread_blocked, id=16136, stack(0x0000009578d00000,0x0000009578e00000)]
  0x00000279704e3800 JavaThread "Memory manager" [_thread_blocked, id=17892, stack(0x0000009578500000,0x0000009578600000)]
  0x00000279704e5800 JavaThread "pool-3-thread-1" [_thread_blocked, id=19240, stack(0x0000009579000000,0x0000009579100000)]
  0x00000279704eb800 JavaThread "RMI Scheduler(0)" daemon [_thread_blocked, id=19676, stack(0x0000009579b00000,0x0000009579c00000)]
  0x00000279704ee000 JavaThread "RMI GC Daemon" daemon [_thread_blocked, id=11356, stack(0x0000009579d00000,0x0000009579e00000)]
  0x00000279704ea800 JavaThread "RMI TCP Accept-0" daemon [_thread_in_native, id=17928, stack(0x0000009579e00000,0x0000009579f00000)]
  0x00000279765f7000 JavaThread "RMI Reaper" [_thread_blocked, id=3420, stack(0x0000009579f00000,0x000000957a000000)]
  0x00000279765c3800 JavaThread "pool-7-thread-1" [_thread_blocked, id=19408, stack(0x0000009578800000,0x0000009578900000)]
  0x000002797abf9800 JavaThread "pool-12-thread-1" [_thread_blocked, id=8816, stack(0x0000009579100000,0x0000009579200000)]
  0x000002797a694800 JavaThread "ForkJoinPool.commonPool-worker-9" daemon [_thread_blocked, id=20476, stack(0x000000957ac00000,0x000000957ad00000)]
  0x0000027971c40800 JavaThread "pool-17-thread-1" [_thread_blocked, id=6504, stack(0x0000009578e00000,0x0000009578f00000)]
  0x0000027972af5000 JavaThread "google-crash-pool-0" daemon [_thread_blocked, id=13276, stack(0x0000009572c00000,0x0000009572d00000)]
  0x00000279722cd800 JavaThread "pool-22-thread-1" [_thread_blocked, id=15052, stack(0x0000009579200000,0x0000009579300000)]
  0x0000027971c42000 JavaThread "ForkJoinPool.commonPool-worker-3" daemon [_thread_blocked, id=10424, stack(0x000000957ae00000,0x000000957af00000)]
  0x0000027971c43800 JavaThread "ForkJoinPool.commonPool-worker-5" daemon [_thread_blocked, id=18812, stack(0x000000957af00000,0x000000957b000000)]
  0x0000027971c54000 JavaThread "ForkJoinPool.commonPool-worker-13" daemon [_thread_blocked, id=17220, stack(0x000000957b200000,0x000000957b300000)]
  0x0000027971c50000 JavaThread "Daemon Thread 5" [_thread_blocked, id=9364, stack(0x0000009570100000,0x0000009570200000)]
  0x0000027971c55000 JavaThread "Handler for socket connection from /127.0.0.1:51004 to /127.0.0.1:51562" [_thread_in_native, id=16672, stack(0x0000009570200000,0x0000009570300000)]
  0x0000027971c56800 JavaThread "Cancel handler" [_thread_blocked, id=12892, stack(0x0000009570300000,0x0000009570400000)]
  0x00000279765b7000 JavaThread "Daemon worker Thread 5" [_thread_blocked, id=15200, stack(0x0000009571a00000,0x0000009571b00000)]
  0x00000279765b8000 JavaThread "Asynchronous log dispatcher for DefaultDaemonConnection: socket connection from /127.0.0.1:51004 to /127.0.0.1:51562" [_thread_blocked, id=14312, stack(0x0000009571b00000,0x0000009571c00000)]
  0x00000279765b9000 JavaThread "Stdin handler" [_thread_blocked, id=8240, stack(0x0000009571c00000,0x0000009571d00000)]
  0x00000279765b9800 JavaThread "Daemon client event forwarder" [_thread_blocked, id=19312, stack(0x0000009571d00000,0x0000009571e00000)]
  0x00000279765b6800 JavaThread "Cache worker for file hash cache (C:\Users\cc\Projects\MyTrainApp\.gradle\7.3.3\fileHashes)" [_thread_blocked, id=20692, stack(0x0000009571e00000,0x0000009571f00000)]
  0x00000279765b4800 JavaThread "Cache worker for checksums cache (C:\Users\cc\Projects\MyTrainApp\.gradle\7.3.3\checksums)" [_thread_blocked, id=5692, stack(0x0000009571f00000,0x0000009572000000)]
  0x00000279765ba800 JavaThread "Cache worker for cache directory md-supplier (C:\Users\cc\.gradle\caches\7.3.3\md-supplier)" [_thread_blocked, id=14920, stack(0x0000009572000000,0x0000009572100000)]
  0x00000279765bb000 JavaThread "Cache worker for cache directory md-rule (C:\Users\cc\.gradle\caches\7.3.3\md-rule)" [_thread_blocked, id=8328, stack(0x0000009572100000,0x0000009572200000)]
  0x00000279765b5800 JavaThread "Cache worker for dependencies-accessors (C:\Users\cc\Projects\MyTrainApp\.gradle\7.3.3\dependencies-accessors)" [_thread_blocked, id=21192, stack(0x0000009572b00000,0x0000009572c00000)]
  0x00000279765c0000 JavaThread "Cache worker for Build Output Cleanup Cache (C:\Users\cc\Projects\MyTrainApp\.gradle\buildOutputCleanup)" [_thread_blocked, id=17584, stack(0x0000009572f00000,0x0000009573000000)]
  0x00000279765c1000 JavaThread "Unconstrained build operations" [_thread_blocked, id=16512, stack(0x0000009573000000,0x0000009573100000)]
  0x00000279765bd000 JavaThread "Unconstrained build operations Thread 2" [_thread_blocked, id=22408, stack(0x0000009573100000,0x0000009573200000)]
  0x00000279765c2000 JavaThread "Unconstrained build operations Thread 3" [_thread_blocked, id=1208, stack(0x0000009573600000,0x0000009573700000)]
  0x00000279765bf800 JavaThread "Unconstrained build operations Thread 4" [_thread_blocked, id=18452, stack(0x0000009573800000,0x0000009573900000)]
  0x00000279765bc000 JavaThread "Unconstrained build operations Thread 5" [_thread_blocked, id=2388, stack(0x0000009573900000,0x0000009573a00000)]
  0x00000279765c2800 JavaThread "Unconstrained build operations Thread 6" [_thread_blocked, id=8940, stack(0x0000009573a00000,0x0000009573b00000)]
  0x00000279765bd800 JavaThread "Unconstrained build operations Thread 7" [_thread_blocked, id=20056, stack(0x0000009573b00000,0x0000009573c00000)]
  0x00000279765be800 JavaThread "Unconstrained build operations Thread 8" [_thread_blocked, id=12688, stack(0x0000009573c00000,0x0000009573d00000)]
  0x000002797a68f000 JavaThread "Unconstrained build operations Thread 9" [_thread_blocked, id=9324, stack(0x0000009573d00000,0x0000009573e00000)]
  0x000002797a68f800 JavaThread "Unconstrained build operations Thread 10" [_thread_blocked, id=1924, stack(0x0000009573e00000,0x0000009573f00000)]
  0x000002797a68e000 JavaThread "Unconstrained build operations Thread 11" [_thread_blocked, id=16552, stack(0x0000009573f00000,0x0000009574000000)]
  0x000002797a695800 JavaThread "Unconstrained build operations Thread 12" [_thread_blocked, id=12804, stack(0x0000009574000000,0x0000009574100000)]
  0x000002797a696800 JavaThread "Unconstrained build operations Thread 13" [_thread_blocked, id=3412, stack(0x0000009574100000,0x0000009574200000)]
  0x000002797a690800 JavaThread "Unconstrained build operations Thread 14" [_thread_blocked, id=2932, stack(0x0000009574200000,0x0000009574300000)]
  0x000002797a694000 JavaThread "Unconstrained build operations Thread 15" [_thread_blocked, id=15576, stack(0x0000009574300000,0x0000009574400000)]
  0x000002797a693000 JavaThread "Unconstrained build operations Thread 16" [_thread_blocked, id=15880, stack(0x0000009574400000,0x0000009574500000)]
  0x000002797a697000 JavaThread "Unconstrained build operations Thread 17" [_thread_blocked, id=7688, stack(0x0000009574500000,0x0000009574600000)]
  0x000002797a691800 JavaThread "Unconstrained build operations Thread 18" [_thread_blocked, id=5056, stack(0x0000009574600000,0x0000009574700000)]
  0x000002797a698000 JavaThread "Unconstrained build operations Thread 19" [_thread_blocked, id=19852, stack(0x0000009574700000,0x0000009574800000)]
  0x000002797a692000 JavaThread "Unconstrained build operations Thread 20" [_thread_blocked, id=14660, stack(0x0000009574800000,0x0000009574900000)]
  0x000002797a698800 JavaThread "Unconstrained build operations Thread 21" [_thread_blocked, id=7880, stack(0x0000009574900000,0x0000009574a00000)]
  0x000002797a69d000 JavaThread "Unconstrained build operations Thread 22" [_thread_blocked, id=8084, stack(0x0000009574a00000,0x0000009574b00000)]
  0x000002797a69a800 JavaThread "Unconstrained build operations Thread 23" [_thread_blocked, id=17464, stack(0x0000009574b00000,0x0000009574c00000)]
  0x000002797a699800 JavaThread "Unconstrained build operations Thread 24" [_thread_blocked, id=7632, stack(0x0000009574c00000,0x0000009574d00000)]
  0x000002797a69c000 JavaThread "Unconstrained build operations Thread 25" [_thread_blocked, id=20892, stack(0x0000009574d00000,0x0000009574e00000)]
  0x000002797a69b000 JavaThread "Unconstrained build operations Thread 26" [_thread_blocked, id=6344, stack(0x0000009574e00000,0x0000009574f00000)]
  0x00000279765f6800 JavaThread "Unconstrained build operations Thread 27" [_thread_blocked, id=3436, stack(0x0000009574f00000,0x0000009575000000)]
  0x00000279765fb800 JavaThread "Unconstrained build operations Thread 28" [_thread_blocked, id=19316, stack(0x0000009575000000,0x0000009575100000)]
  0x00000279765f5800 JavaThread "Unconstrained build operations Thread 29" [_thread_blocked, id=22460, stack(0x0000009575100000,0x0000009575200000)]
  0x00000279765f8000 JavaThread "Unconstrained build operations Thread 30" [_thread_blocked, id=7420, stack(0x0000009575200000,0x0000009575300000)]
  0x00000279765fe800 JavaThread "Unconstrained build operations Thread 31" [_thread_blocked, id=8972, stack(0x0000009575300000,0x0000009575400000)]
  0x00000279765fc000 JavaThread "Unconstrained build operations Thread 32" [_thread_blocked, id=16156, stack(0x0000009575400000,0x0000009575500000)]
  0x00000279765fa800 JavaThread "Unconstrained build operations Thread 33" [_thread_blocked, id=19564, stack(0x0000009575500000,0x0000009575600000)]
  0x00000279765fd000 JavaThread "Unconstrained build operations Thread 34" [_thread_blocked, id=22360, stack(0x0000009575600000,0x0000009575700000)]
  0x00000279765fe000 JavaThread "Unconstrained build operations Thread 35" [_thread_blocked, id=21888, stack(0x0000009575700000,0x0000009575800000)]
  0x00000279765f9800 JavaThread "Unconstrained build operations Thread 36" [_thread_blocked, id=8552, stack(0x0000009575800000,0x0000009575900000)]
  0x00000279765f9000 JavaThread "Unconstrained build operations Thread 37" [_thread_blocked, id=21780, stack(0x0000009575900000,0x0000009575a00000)]
  0x0000027976604800 JavaThread "Unconstrained build operations Thread 38" [_thread_blocked, id=10304, stack(0x0000009575a00000,0x0000009575b00000)]
  0x00000279765ff800 JavaThread "Unconstrained build operations Thread 39" [_thread_blocked, id=18948, stack(0x0000009575b00000,0x0000009575c00000)]
  0x0000027976600000 JavaThread "Unconstrained build operations Thread 40" [_thread_blocked, id=18212, stack(0x0000009575c00000,0x0000009575d00000)]
  0x0000027976601000 JavaThread "Unconstrained build operations Thread 41" [_thread_blocked, id=19756, stack(0x0000009575d00000,0x0000009575e00000)]
  0x0000027976602000 JavaThread "Unconstrained build operations Thread 42" [_thread_blocked, id=21832, stack(0x0000009575e00000,0x0000009575f00000)]
  0x0000027976602800 JavaThread "Unconstrained build operations Thread 43" [_thread_blocked, id=4928, stack(0x0000009575f00000,0x0000009576000000)]
  0x0000027976603800 JavaThread "Unconstrained build operations Thread 44" [_thread_blocked, id=19744, stack(0x0000009576000000,0x0000009576100000)]
  0x0000027972aee800 JavaThread "Unconstrained build operations Thread 45" [_thread_blocked, id=1152, stack(0x0000009576100000,0x0000009576200000)]
  0x0000027972af0000 JavaThread "Unconstrained build operations Thread 46" [_thread_blocked, id=8560, stack(0x0000009576200000,0x0000009576300000)]
  0x0000027972af0800 JavaThread "Unconstrained build operations Thread 47" [_thread_blocked, id=7068, stack(0x0000009576300000,0x0000009576400000)]
  0x0000027972aef000 JavaThread "Unconstrained build operations Thread 48" [_thread_blocked, id=12496, stack(0x0000009576400000,0x0000009576500000)]
  0x0000027972af1800 JavaThread "Unconstrained build operations Thread 49" [_thread_blocked, id=14364, stack(0x0000009576500000,0x0000009576600000)]
  0x0000027972af2800 JavaThread "Unconstrained build operations Thread 50" [_thread_blocked, id=12920, stack(0x0000009576600000,0x0000009576700000)]
  0x0000027972aec800 JavaThread "Unconstrained build operations Thread 51" [_thread_blocked, id=1112, stack(0x0000009576700000,0x0000009576800000)]
  0x0000027972af3000 JavaThread "Unconstrained build operations Thread 52" [_thread_blocked, id=16580, stack(0x0000009576800000,0x0000009576900000)]
  0x0000027972aed800 JavaThread "Unconstrained build operations Thread 53" [_thread_blocked, id=17956, stack(0x0000009576900000,0x0000009576a00000)]
  0x0000027972af7000 JavaThread "Unconstrained build operations Thread 54" [_thread_blocked, id=14524, stack(0x0000009576a00000,0x0000009576b00000)]
  0x0000027972af8000 JavaThread "Unconstrained build operations Thread 55" [_thread_blocked, id=1744, stack(0x0000009576b00000,0x0000009576c00000)]
  0x0000027972af5800 JavaThread "Unconstrained build operations Thread 56" [_thread_blocked, id=7300, stack(0x0000009576c00000,0x0000009576d00000)]
  0x0000027972af6800 JavaThread "Unconstrained build operations Thread 57" [_thread_blocked, id=7924, stack(0x0000009576d00000,0x0000009576e00000)]
  0x0000027972af9000 JavaThread "Unconstrained build operations Thread 58" [_thread_blocked, id=11028, stack(0x0000009576e00000,0x0000009576f00000)]
  0x0000027972af4000 JavaThread "Unconstrained build operations Thread 59" [_thread_blocked, id=7556, stack(0x0000009576f00000,0x0000009577000000)]
  0x0000027972af9800 JavaThread "Unconstrained build operations Thread 60" [_thread_blocked, id=17520, stack(0x0000009577000000,0x0000009577100000)]
  0x0000027972afa800 JavaThread "Unconstrained build operations Thread 61" [_thread_blocked, id=18980, stack(0x0000009577100000,0x0000009577200000)]
  0x0000027972afb800 JavaThread "Unconstrained build operations Thread 62" [_thread_blocked, id=9752, stack(0x0000009577200000,0x0000009577300000)]
  0x000002797abfd000 JavaThread "Unconstrained build operations Thread 63" [_thread_blocked, id=7384, stack(0x0000009577300000,0x0000009577400000)]
  0x000002797abfa800 JavaThread "Unconstrained build operations Thread 64" [_thread_blocked, id=7784, stack(0x0000009577400000,0x0000009577500000)]
  0x000002797abfb800 JavaThread "Unconstrained build operations Thread 65" [_thread_blocked, id=22000, stack(0x0000009577500000,0x0000009577600000)]
  0x000002797abf8000 JavaThread "Unconstrained build operations Thread 66" [_thread_blocked, id=152, stack(0x0000009577600000,0x0000009577700000)]
  0x000002797abfc000 JavaThread "Unconstrained build operations Thread 67" [_thread_blocked, id=11684, stack(0x0000009577700000,0x0000009577800000)]
  0x000002797abfe000 JavaThread "Unconstrained build operations Thread 68" [_thread_blocked, id=12672, stack(0x0000009577800000,0x0000009577900000)]
  0x000002797abfe800 JavaThread "Unconstrained build operations Thread 69" [_thread_blocked, id=19948, stack(0x0000009577900000,0x0000009577a00000)]
  0x000002797abf9000 JavaThread "Unconstrained build operations Thread 70" [_thread_blocked, id=17872, stack(0x0000009577a00000,0x0000009577b00000)]
  0x000002797ac01000 JavaThread "Unconstrained build operations Thread 71" [_thread_blocked, id=22444, stack(0x0000009577b00000,0x0000009577c00000)]
  0x000002797ac05000 JavaThread "Unconstrained build operations Thread 72" [_thread_blocked, id=8184, stack(0x0000009577c00000,0x0000009577d00000)]
  0x000002797abff800 JavaThread "Unconstrained build operations Thread 73" [_thread_blocked, id=10132, stack(0x0000009577d00000,0x0000009577e00000)]
  0x000002797ac02800 JavaThread "Unconstrained build operations Thread 74" [_thread_blocked, id=12340, stack(0x0000009577e00000,0x0000009577f00000)]
  0x000002797ac03800 JavaThread "Unconstrained build operations Thread 75" [_thread_blocked, id=13300, stack(0x0000009577f00000,0x0000009578000000)]
  0x000002797ac06000 JavaThread "Unconstrained build operations Thread 76" [_thread_blocked, id=18612, stack(0x0000009578000000,0x0000009578100000)]
  0x000002797ac04800 JavaThread "Unconstrained build operations Thread 77" [_thread_blocked, id=17612, stack(0x0000009578100000,0x0000009578200000)]
  0x000002797ac00800 JavaThread "Unconstrained build operations Thread 78" [_thread_blocked, id=18420, stack(0x0000009578200000,0x0000009578300000)]
  0x000002797ac07000 JavaThread "Unconstrained build operations Thread 79" [_thread_blocked, id=18148, stack(0x0000009578300000,0x0000009578400000)]
  0x00000279722ce800 JavaThread "Unconstrained build operations Thread 80" [_thread_blocked, id=11604, stack(0x0000009578400000,0x0000009578500000)]

Other Threads:
=>0x000002796f669000 VMThread "VM Thread" [stack: 0x0000009570a00000,0x0000009570b00000] [id=12768]
  0x000002796f83e000 WatcherThread [stack: 0x0000009571400000,0x0000009571500000] [id=19624]
  0x00000279549b2800 GCTaskThread "GC Thread#0" [stack: 0x0000009570500000,0x0000009570600000] [id=14896]
  0x000002797065e800 GCTaskThread "GC Thread#1" [stack: 0x0000009571600000,0x0000009571700000] [id=18408]
  0x0000027970695000 GCTaskThread "GC Thread#2" [stack: 0x0000009571700000,0x0000009571800000] [id=20516]
  0x0000027970f3f000 GCTaskThread "GC Thread#3" [stack: 0x0000009572200000,0x0000009572300000] [id=21188]
  0x0000027971734000 GCTaskThread "GC Thread#4" [stack: 0x0000009572300000,0x0000009572400000] [id=13160]
  0x0000027970ea7800 GCTaskThread "GC Thread#5" [stack: 0x0000009572400000,0x0000009572500000] [id=13124]
  0x0000027970764800 GCTaskThread "GC Thread#6" [stack: 0x0000009572500000,0x0000009572600000] [id=21556]
  0x0000027970765000 GCTaskThread "GC Thread#7" [stack: 0x0000009572600000,0x0000009572700000] [id=20780]
  0x00000279549e6800 ConcurrentGCThread "G1 Main Marker" [stack: 0x0000009570600000,0x0000009570700000] [id=7240]
  0x00000279549e8800 ConcurrentGCThread "G1 Conc#0" [stack: 0x0000009570700000,0x0000009570800000] [id=12472]
  0x0000027971b12000 ConcurrentGCThread "G1 Conc#1" [stack: 0x0000009572a00000,0x0000009572b00000] [id=20696]
  0x000002796ec9b800 ConcurrentGCThread "G1 Refine#0" [stack: 0x0000009570800000,0x0000009570900000] [id=6124]
  0x000002796ec9c800 ConcurrentGCThread "G1 Young RemSet Sampling" [stack: 0x0000009570900000,0x0000009570a00000] [id=11224]

Threads with active compile tasks:

VM state:at safepoint (normal execution)

VM Mutex/Monitor currently owned by a thread:  ([mutex/lock_event])
[0x0000027954995f00] Threads_lock - owner thread: 0x000002796f669000
[0x0000027954997460] Heap_lock - owner thread: 0x000002797a69d000

Heap address: 0x0000000080000000, size: 2048 MB, Compressed Oops mode: 32-bit
Narrow klass base: 0x0000000000000000, Narrow klass shift: 3
Compressed class space size: 1073741824 Address: 0x0000000100000000

Heap:
 garbage-first heap   total 315392K, used 115277K [0x0000000080000000, 0x0000000100000000)
  region size 1024K, 1 young (1024K), 1 survivors (1024K)
 Metaspace       used 129039K, capacity 132524K, committed 132608K, reserved 1165312K
  class space    used 16360K, capacity 17620K, committed 17664K, reserved 1048576K
Heap Regions: E=young(eden), S=young(survivor), O=old, HS=humongous(starts), HC=humongous(continues), CS=collection set, F=free, A=archive, TAMS=top-at-mark-start (previous, next)
|   0|0x0000000080000000, 0x0000000080100000, 0x0000000080100000|100%| O|  |TAMS 0x0000000080100000, 0x0000000080100000| Untracked 
|   1|0x0000000080100000, 0x0000000080200000, 0x0000000080200000|100%| O|  |TAMS 0x0000000080200000, 0x0000000080200000| Untracked 
|   2|0x0000000080200000, 0x0000000080300000, 0x0000000080300000|100%| O|  |TAMS 0x0000000080300000, 0x0000000080300000| Untracked 
|   3|0x0000000080300000, 0x0000000080400000, 0x0000000080400000|100%|HS|  |TAMS 0x0000000080400000, 0x0000000080400000| Complete 
|   4|0x0000000080400000, 0x0000000080500000, 0x0000000080500000|100%|HC|  |TAMS 0x0000000080500000, 0x0000000080500000| Complete 
|   5|0x0000000080500000, 0x0000000080600000, 0x0000000080600000|100%|HC|  |TAMS 0x0000000080600000, 0x0000000080600000| Complete 
|   6|0x0000000080600000, 0x0000000080700000, 0x0000000080700000|100%| O|  |TAMS 0x0000000080700000, 0x0000000080700000| Untracked 
|   7|0x0000000080700000, 0x0000000080800000, 0x0000000080800000|100%| O|  |TAMS 0x0000000080800000, 0x0000000080800000| Untracked 
|   8|0x0000000080800000, 0x0000000080900000, 0x0000000080900000|100%| O|  |TAMS 0x0000000080900000, 0x0000000080900000| Untracked 
|   9|0x0000000080900000, 0x0000000080a00000, 0x0000000080a00000|100%| O|  |TAMS 0x0000000080a00000, 0x0000000080a00000| Untracked 
|  10|0x0000000080a00000, 0x0000000080b00000, 0x0000000080b00000|100%| O|  |TAMS 0x0000000080b00000, 0x0000000080b00000| Untracked 
|  11|0x0000000080b00000, 0x0000000080c00000, 0x0000000080c00000|100%| O|  |TAMS 0x0000000080c00000, 0x0000000080c00000| Untracked 
|  12|0x0000000080c00000, 0x0000000080d00000, 0x0000000080d00000|100%| O|  |TAMS 0x0000000080d00000, 0x0000000080d00000| Untracked 
|  13|0x0000000080d00000, 0x0000000080e00000, 0x0000000080e00000|100%| O|  |TAMS 0x0000000080e00000, 0x0000000080e00000| Untracked 
|  14|0x0000000080e00000, 0x0000000080f00000, 0x0000000080f00000|100%| O|  |TAMS 0x0000000080f00000, 0x0000000080f00000| Untracked 
|  15|0x0000000080f00000, 0x0000000081000000, 0x0000000081000000|100%| O|  |TAMS 0x0000000081000000, 0x0000000081000000| Untracked 
|  16|0x0000000081000000, 0x0000000081100000, 0x0000000081100000|100%|HS|  |TAMS 0x0000000081100000, 0x0000000081100000| Complete 
|  17|0x0000000081100000, 0x0000000081200000, 0x0000000081200000|100%| O|  |TAMS 0x0000000081200000, 0x0000000081200000| Untracked 
|  18|0x0000000081200000, 0x0000000081300000, 0x0000000081300000|100%| O|  |TAMS 0x0000000081300000, 0x0000000081300000| Untracked 
|  19|0x0000000081300000, 0x0000000081400000, 0x0000000081400000|100%| O|  |TAMS 0x0000000081400000, 0x0000000081400000| Untracked 
|  20|0x0000000081400000, 0x0000000081500000, 0x0000000081500000|100%| O|  |TAMS 0x0000000081500000, 0x0000000081500000| Untracked 
|  21|0x0000000081500000, 0x0000000081600000, 0x0000000081600000|100%| O|  |TAMS 0x0000000081600000, 0x0000000081600000| Untracked 
|  22|0x0000000081600000, 0x0000000081700000, 0x0000000081700000|100%| O|  |TAMS 0x0000000081700000, 0x0000000081700000| Untracked 
|  23|0x0000000081700000, 0x0000000081800000, 0x0000000081800000|100%| O|  |TAMS 0x0000000081800000, 0x0000000081800000| Untracked 
|  24|0x0000000081800000, 0x0000000081900000, 0x0000000081900000|100%| O|  |TAMS 0x0000000081900000, 0x0000000081900000| Untracked 
|  25|0x0000000081900000, 0x0000000081a00000, 0x0000000081a00000|100%| O|  |TAMS 0x0000000081a00000, 0x0000000081a00000| Untracked 
|  26|0x0000000081a00000, 0x0000000081b00000, 0x0000000081b00000|100%| O|  |TAMS 0x0000000081b00000, 0x0000000081b00000| Untracked 
|  27|0x0000000081b00000, 0x0000000081c00000, 0x0000000081c00000|100%|HS|  |TAMS 0x0000000081c00000, 0x0000000081c00000| Complete 
|  28|0x0000000081c00000, 0x0000000081d00000, 0x0000000081d00000|100%|HS|  |TAMS 0x0000000081d00000, 0x0000000081d00000| Complete 
|  29|0x0000000081d00000, 0x0000000081e00000, 0x0000000081e00000|100%|HS|  |TAMS 0x0000000081e00000, 0x0000000081e00000| Complete 
|  30|0x0000000081e00000, 0x0000000081f00000, 0x0000000081f00000|100%|HC|  |TAMS 0x0000000081f00000, 0x0000000081f00000| Complete 
|  31|0x0000000081f00000, 0x0000000082000000, 0x0000000082000000|100%|HC|  |TAMS 0x0000000082000000, 0x0000000082000000| Complete 
|  32|0x0000000082000000, 0x0000000082100000, 0x0000000082100000|100%|HS|  |TAMS 0x0000000082100000, 0x0000000082100000| Complete 
|  33|0x0000000082100000, 0x0000000082200000, 0x0000000082200000|100%|HC|  |TAMS 0x0000000082200000, 0x0000000082200000| Complete 
|  34|0x0000000082200000, 0x0000000082300000, 0x0000000082300000|100%| O|  |TAMS 0x0000000082300000, 0x0000000082300000| Untracked 
|  35|0x0000000082300000, 0x0000000082400000, 0x0000000082400000|100%| O|  |TAMS 0x0000000082400000, 0x0000000082400000| Untracked 
|  36|0x0000000082400000, 0x0000000082500000, 0x0000000082500000|100%| O|  |TAMS 0x0000000082500000, 0x0000000082500000| Untracked 
|  37|0x0000000082500000, 0x0000000082600000, 0x0000000082600000|100%| O|  |TAMS 0x0000000082600000, 0x0000000082600000| Untracked 
|  38|0x0000000082600000, 0x00000000826ba600, 0x0000000082700000| 72%| O|  |TAMS 0x0000000082600000, 0x00000000826ba600| Untracked 
|  39|0x0000000082700000, 0x0000000082800000, 0x0000000082800000|100%| O|  |TAMS 0x0000000082800000, 0x0000000082800000| Untracked 
|  40|0x0000000082800000, 0x0000000082900000, 0x0000000082900000|100%| O|  |TAMS 0x0000000082900000, 0x0000000082900000| Untracked 
|  41|0x0000000082900000, 0x0000000082a00000, 0x0000000082a00000|100%| O|  |TAMS 0x0000000082a00000, 0x0000000082a00000| Untracked 
|  42|0x0000000082a00000, 0x0000000082b00000, 0x0000000082b00000|100%| O|  |TAMS 0x0000000082b00000, 0x0000000082b00000| Untracked 
|  43|0x0000000082b00000, 0x0000000082c00000, 0x0000000082c00000|100%| O|  |TAMS 0x0000000082c00000, 0x0000000082c00000| Untracked 
|  44|0x0000000082c00000, 0x0000000082d00000, 0x0000000082d00000|100%| O|  |TAMS 0x0000000082d00000, 0x0000000082d00000| Untracked 
|  45|0x0000000082d00000, 0x0000000082e00000, 0x0000000082e00000|100%| O|  |TAMS 0x0000000082e00000, 0x0000000082e00000| Untracked 
|  46|0x0000000082e00000, 0x0000000082f00000, 0x0000000082f00000|100%| O|  |TAMS 0x0000000082f00000, 0x0000000082f00000| Untracked 
|  47|0x0000000082f00000, 0x0000000083000000, 0x0000000083000000|100%| O|  |TAMS 0x0000000083000000, 0x0000000083000000| Untracked 
|  48|0x0000000083000000, 0x0000000083100000, 0x0000000083100000|100%| O|  |TAMS 0x0000000083100000, 0x0000000083100000| Untracked 
|  49|0x0000000083100000, 0x0000000083200000, 0x0000000083200000|100%| O|  |TAMS 0x0000000083200000, 0x0000000083200000| Untracked 
|  50|0x0000000083200000, 0x0000000083300000, 0x0000000083300000|100%| O|  |TAMS 0x0000000083300000, 0x0000000083300000| Untracked 
|  51|0x0000000083300000, 0x0000000083400000, 0x0000000083400000|100%| O|  |TAMS 0x0000000083400000, 0x0000000083400000| Untracked 
|  52|0x0000000083400000, 0x0000000083500000, 0x0000000083500000|100%| O|  |TAMS 0x0000000083500000, 0x0000000083500000| Untracked 
|  53|0x0000000083500000, 0x0000000083600000, 0x0000000083600000|100%| O|  |TAMS 0x0000000083600000, 0x0000000083600000| Untracked 
|  54|0x0000000083600000, 0x0000000083700000, 0x0000000083700000|100%| O|  |TAMS 0x0000000083700000, 0x0000000083700000| Untracked 
|  55|0x0000000083700000, 0x0000000083800000, 0x0000000083800000|100%| O|  |TAMS 0x0000000083800000, 0x0000000083800000| Untracked 
|  56|0x0000000083800000, 0x0000000083900000, 0x0000000083900000|100%| O|  |TAMS 0x0000000083900000, 0x0000000083900000| Untracked 
|  57|0x0000000083900000, 0x0000000083a00000, 0x0000000083a00000|100%| O|  |TAMS 0x0000000083a00000, 0x0000000083a00000| Untracked 
|  58|0x0000000083a00000, 0x0000000083b00000, 0x0000000083b00000|100%| O|  |TAMS 0x0000000083b00000, 0x0000000083b00000| Untracked 
|  59|0x0000000083b00000, 0x0000000083c00000, 0x0000000083c00000|100%| O|  |TAMS 0x0000000083c00000, 0x0000000083c00000| Untracked 
|  60|0x0000000083c00000, 0x0000000083d00000, 0x0000000083d00000|100%| O|  |TAMS 0x0000000083d00000, 0x0000000083d00000| Untracked 
|  61|0x0000000083d00000, 0x0000000083e00000, 0x0000000083e00000|100%| O|  |TAMS 0x0000000083e00000, 0x0000000083e00000| Untracked 
|  62|0x0000000083e00000, 0x0000000083f00000, 0x0000000083f00000|100%| O|  |TAMS 0x0000000083f00000, 0x0000000083f00000| Untracked 
|  63|0x0000000083f00000, 0x0000000084000000, 0x0000000084000000|100%| O|  |TAMS 0x0000000083feb800, 0x0000000084000000| Untracked 
|  64|0x0000000084000000, 0x0000000084100000, 0x0000000084100000|100%| O|  |TAMS 0x0000000084000000, 0x0000000084100000| Untracked 
|  65|0x0000000084100000, 0x0000000084200000, 0x0000000084200000|100%| O|  |TAMS 0x0000000084200000, 0x0000000084200000| Untracked 
|  66|0x0000000084200000, 0x0000000084300000, 0x0000000084300000|100%| O|  |TAMS 0x0000000084300000, 0x0000000084300000| Untracked 
|  67|0x0000000084300000, 0x0000000084400000, 0x0000000084400000|100%| O|  |TAMS 0x0000000084400000, 0x0000000084400000| Untracked 
|  68|0x0000000084400000, 0x0000000084500000, 0x0000000084500000|100%| O|  |TAMS 0x0000000084400000, 0x0000000084500000| Untracked 
|  69|0x0000000084500000, 0x0000000084600000, 0x0000000084600000|100%| O|  |TAMS 0x0000000084600000, 0x0000000084600000| Untracked 
|  70|0x0000000084600000, 0x0000000084700000, 0x0000000084700000|100%| O|  |TAMS 0x0000000084600000, 0x0000000084700000| Untracked 
|  71|0x0000000084700000, 0x0000000084700000, 0x0000000084800000|  0%| F|  |TAMS 0x0000000084700000, 0x0000000084700000| Untracked 
|  72|0x0000000084800000, 0x0000000084900000, 0x0000000084900000|100%| O|  |TAMS 0x0000000084900000, 0x0000000084900000| Untracked 
|  73|0x0000000084900000, 0x0000000084a00000, 0x0000000084a00000|100%| O|  |TAMS 0x0000000084a00000, 0x0000000084a00000| Untracked 
|  74|0x0000000084a00000, 0x0000000084b00000, 0x0000000084b00000|100%| O|  |TAMS 0x0000000084b00000, 0x0000000084b00000| Untracked 
|  75|0x0000000084b00000, 0x0000000084c00000, 0x0000000084c00000|100%| O|  |TAMS 0x0000000084c00000, 0x0000000084c00000| Untracked 
|  76|0x0000000084c00000, 0x0000000084d00000, 0x0000000084d00000|100%| O|  |TAMS 0x0000000084d00000, 0x0000000084d00000| Untracked 
|  77|0x0000000084d00000, 0x0000000084e00000, 0x0000000084e00000|100%| O|  |TAMS 0x0000000084e00000, 0x0000000084e00000| Untracked 
|  78|0x0000000084e00000, 0x0000000084f00000, 0x0000000084f00000|100%| O|  |TAMS 0x0000000084f00000, 0x0000000084f00000| Untracked 
|  79|0x0000000084f00000, 0x0000000085000000, 0x0000000085000000|100%| O|  |TAMS 0x0000000085000000, 0x0000000085000000| Untracked 
|  80|0x0000000085000000, 0x0000000085000000, 0x0000000085100000|  0%| F|  |TAMS 0x0000000085000000, 0x0000000085000000| Untracked 
|  81|0x0000000085100000, 0x0000000085200000, 0x0000000085200000|100%| O|  |TAMS 0x0000000085200000, 0x0000000085200000| Untracked 
|  82|0x0000000085200000, 0x0000000085300000, 0x0000000085300000|100%| O|  |TAMS 0x0000000085300000, 0x0000000085300000| Untracked 
|  83|0x0000000085300000, 0x0000000085400000, 0x0000000085400000|100%| O|  |TAMS 0x0000000085400000, 0x0000000085400000| Untracked 
|  84|0x0000000085400000, 0x0000000085500000, 0x0000000085500000|100%| O|  |TAMS 0x0000000085500000, 0x0000000085500000| Untracked 
|  85|0x0000000085500000, 0x0000000085600000, 0x0000000085600000|100%| O|  |TAMS 0x0000000085600000, 0x0000000085600000| Untracked 
|  86|0x0000000085600000, 0x0000000085700000, 0x0000000085700000|100%| O|  |TAMS 0x0000000085700000, 0x0000000085700000| Untracked 
|  87|0x0000000085700000, 0x0000000085800000, 0x0000000085800000|100%| O|  |TAMS 0x0000000085800000, 0x0000000085800000| Untracked 
|  88|0x0000000085800000, 0x0000000085900000, 0x0000000085900000|100%| O|  |TAMS 0x0000000085900000, 0x0000000085900000| Untracked 
|  89|0x0000000085900000, 0x0000000085900000, 0x0000000085a00000|  0%| F|  |TAMS 0x0000000085900000, 0x0000000085900000| Untracked 
|  90|0x0000000085a00000, 0x0000000085b00000, 0x0000000085b00000|100%| O|  |TAMS 0x0000000085b00000, 0x0000000085b00000| Untracked 
|  91|0x0000000085b00000, 0x0000000085c00000, 0x0000000085c00000|100%| O|  |TAMS 0x0000000085c00000, 0x0000000085c00000| Untracked 
|  92|0x0000000085c00000, 0x0000000085c00000, 0x0000000085d00000|  0%| F|  |TAMS 0x0000000085c00000, 0x0000000085c00000| Untracked 
|  93|0x0000000085d00000, 0x0000000085e00000, 0x0000000085e00000|100%| O|  |TAMS 0x0000000085e00000, 0x0000000085e00000| Untracked 
|  94|0x0000000085e00000, 0x0000000085e00000, 0x0000000085f00000|  0%| F|  |TAMS 0x0000000085e00000, 0x0000000085e00000| Untracked 
|  95|0x0000000085f00000, 0x0000000085f00000, 0x0000000086000000|  0%| F|  |TAMS 0x0000000085f00000, 0x0000000085f00000| Untracked 
|  96|0x0000000086000000, 0x0000000086000000, 0x0000000086100000|  0%| F|  |TAMS 0x0000000086000000, 0x0000000086000000| Untracked 
|  97|0x0000000086100000, 0x0000000086200000, 0x0000000086200000|100%| O|  |TAMS 0x0000000086200000, 0x0000000086200000| Untracked 
|  98|0x0000000086200000, 0x0000000086300000, 0x0000000086300000|100%| O|  |TAMS 0x0000000086300000, 0x0000000086300000| Untracked 
|  99|0x0000000086300000, 0x0000000086400000, 0x0000000086400000|100%| O|  |TAMS 0x0000000086400000, 0x0000000086400000| Untracked 
| 100|0x0000000086400000, 0x0000000086500000, 0x0000000086500000|100%| O|  |TAMS 0x0000000086500000, 0x0000000086500000| Untracked 
| 101|0x0000000086500000, 0x0000000086600000, 0x0000000086600000|100%| O|  |TAMS 0x0000000086600000, 0x0000000086600000| Untracked 
| 102|0x0000000086600000, 0x0000000086600000, 0x0000000086700000|  0%| F|  |TAMS 0x0000000086600000, 0x0000000086600000| Untracked 
| 103|0x0000000086700000, 0x0000000086700000, 0x0000000086800000|  0%| F|  |TAMS 0x0000000086700000, 0x0000000086700000| Untracked 
| 104|0x0000000086800000, 0x0000000086900000, 0x0000000086900000|100%| O|  |TAMS 0x0000000086900000, 0x0000000086900000| Untracked 
| 105|0x0000000086900000, 0x0000000086a00000, 0x0000000086a00000|100%| O|  |TAMS 0x0000000086a00000, 0x0000000086a00000| Untracked 
| 106|0x0000000086a00000, 0x0000000086b00000, 0x0000000086b00000|100%| O|  |TAMS 0x0000000086b00000, 0x0000000086b00000| Untracked 
| 107|0x0000000086b00000, 0x0000000086b00000, 0x0000000086c00000|  0%| F|  |TAMS 0x0000000086b00000, 0x0000000086b00000| Untracked 
| 108|0x0000000086c00000, 0x0000000086d00000, 0x0000000086d00000|100%| O|  |TAMS 0x0000000086d00000, 0x0000000086d00000| Untracked 
| 109|0x0000000086d00000, 0x0000000086e00000, 0x0000000086e00000|100%| O|  |TAMS 0x0000000086e00000, 0x0000000086e00000| Untracked 
| 110|0x0000000086e00000, 0x0000000086e00000, 0x0000000086f00000|  0%| F|  |TAMS 0x0000000086e00000, 0x0000000086e00000| Untracked 
| 111|0x0000000086f00000, 0x0000000087000000, 0x0000000087000000|100%| O|  |TAMS 0x0000000087000000, 0x0000000087000000| Untracked 
| 112|0x0000000087000000, 0x0000000087100000, 0x0000000087100000|100%| O|  |TAMS 0x0000000087100000, 0x0000000087100000| Untracked 
| 113|0x0000000087100000, 0x0000000087200000, 0x0000000087200000|100%| O|  |TAMS 0x0000000087200000, 0x0000000087200000| Untracked 
| 114|0x0000000087200000, 0x0000000087300000, 0x0000000087300000|100%| O|  |TAMS 0x0000000087300000, 0x0000000087300000| Untracked 
| 115|0x0000000087300000, 0x0000000087400000, 0x0000000087400000|100%| O|  |TAMS 0x0000000087400000, 0x0000000087400000| Untracked 
| 116|0x0000000087400000, 0x0000000087400000, 0x0000000087500000|  0%| F|  |TAMS 0x0000000087400000, 0x0000000087400000| Untracked 
| 117|0x0000000087500000, 0x0000000087600000, 0x0000000087600000|100%| O|  |TAMS 0x0000000087600000, 0x0000000087600000| Untracked 
| 118|0x0000000087600000, 0x0000000087700000, 0x0000000087700000|100%| O|  |TAMS 0x0000000087700000, 0x0000000087700000| Untracked 
| 119|0x0000000087700000, 0x0000000087800000, 0x0000000087800000|100%| O|  |TAMS 0x0000000087800000, 0x0000000087800000| Untracked 
| 120|0x0000000087800000, 0x0000000087900000, 0x0000000087900000|100%| O|  |TAMS 0x0000000087900000, 0x0000000087900000| Untracked 
| 121|0x0000000087900000, 0x0000000087a00000, 0x0000000087a00000|100%| O|  |TAMS 0x0000000087a00000, 0x0000000087a00000| Untracked 
| 122|0x0000000087a00000, 0x0000000087b00000, 0x0000000087b00000|100%| O|  |TAMS 0x0000000087b00000, 0x0000000087b00000| Untracked 
| 123|0x0000000087b00000, 0x0000000087c00000, 0x0000000087c00000|100%| O|  |TAMS 0x0000000087c00000, 0x0000000087c00000| Untracked 
| 124|0x0000000087c00000, 0x0000000087c00000, 0x0000000087d00000|  0%| F|  |TAMS 0x0000000087c00000, 0x0000000087c00000| Untracked 
| 125|0x0000000087d00000, 0x0000000087d00000, 0x0000000087e00000|  0%| F|  |TAMS 0x0000000087d00000, 0x0000000087d00000| Untracked 
| 126|0x0000000087e00000, 0x0000000087e00000, 0x0000000087f00000|  0%| F|  |TAMS 0x0000000087e00000, 0x0000000087e00000| Untracked 
| 127|0x0000000087f00000, 0x0000000087f00000, 0x0000000088000000|  0%| F|  |TAMS 0x0000000087f00000, 0x0000000087f00000| Untracked 
| 128|0x0000000088000000, 0x0000000088000000, 0x0000000088100000|  0%| F|  |TAMS 0x0000000088000000, 0x0000000088000000| Untracked 
| 129|0x0000000088100000, 0x0000000088100000, 0x0000000088200000|  0%| F|  |TAMS 0x0000000088100000, 0x0000000088100000| Untracked 
| 130|0x0000000088200000, 0x0000000088200000, 0x0000000088300000|  0%| F|  |TAMS 0x0000000088200000, 0x0000000088200000| Untracked 
| 131|0x0000000088300000, 0x0000000088300000, 0x0000000088400000|  0%| F|  |TAMS 0x0000000088300000, 0x0000000088300000| Untracked 
| 132|0x0000000088400000, 0x0000000088400000, 0x0000000088500000|  0%| F|  |TAMS 0x0000000088400000, 0x0000000088400000| Untracked 
| 133|0x0000000088500000, 0x0000000088500000, 0x0000000088600000|  0%| F|  |TAMS 0x0000000088500000, 0x0000000088500000| Untracked 
| 134|0x0000000088600000, 0x0000000088600000, 0x0000000088700000|  0%| F|  |TAMS 0x0000000088600000, 0x0000000088600000| Untracked 
| 135|0x0000000088700000, 0x0000000088700000, 0x0000000088800000|  0%| F|  |TAMS 0x0000000088700000, 0x0000000088700000| Untracked 
| 136|0x0000000088800000, 0x0000000088800000, 0x0000000088900000|  0%| F|  |TAMS 0x0000000088800000, 0x0000000088800000| Untracked 
| 137|0x0000000088900000, 0x0000000088900000, 0x0000000088a00000|  0%| F|  |TAMS 0x0000000088900000, 0x0000000088900000| Untracked 
| 138|0x0000000088a00000, 0x0000000088a00000, 0x0000000088b00000|  0%| F|  |TAMS 0x0000000088a00000, 0x0000000088a00000| Untracked 
| 139|0x0000000088b00000, 0x0000000088b00000, 0x0000000088c00000|  0%| F|  |TAMS 0x0000000088b00000, 0x0000000088b00000| Untracked 
| 140|0x0000000088c00000, 0x0000000088c00000, 0x0000000088d00000|  0%| F|  |TAMS 0x0000000088c00000, 0x0000000088c00000| Untracked 
| 141|0x0000000088d00000, 0x0000000088d00000, 0x0000000088e00000|  0%| F|  |TAMS 0x0000000088d00000, 0x0000000088d00000| Untracked 
| 142|0x0000000088e00000, 0x0000000088e00000, 0x0000000088f00000|  0%| F|  |TAMS 0x0000000088e00000, 0x0000000088e00000| Untracked 
| 143|0x0000000088f00000, 0x0000000088f00000, 0x0000000089000000|  0%| F|  |TAMS 0x0000000088f00000, 0x0000000088f00000| Untracked 
| 144|0x0000000089000000, 0x0000000089000000, 0x0000000089100000|  0%| F|  |TAMS 0x0000000089000000, 0x0000000089000000| Untracked 
| 145|0x0000000089100000, 0x0000000089100000, 0x0000000089200000|  0%| F|  |TAMS 0x0000000089100000, 0x0000000089100000| Untracked 
| 146|0x0000000089200000, 0x0000000089200000, 0x0000000089300000|  0%| F|  |TAMS 0x0000000089200000, 0x0000000089200000| Untracked 
| 147|0x0000000089300000, 0x00000000893d9160, 0x0000000089400000| 84%| S|CS|TAMS 0x0000000089300000, 0x0000000089300000| Complete 
| 148|0x0000000089400000, 0x0000000089400000, 0x0000000089500000|  0%| F|  |TAMS 0x0000000089400000, 0x0000000089400000| Untracked 
| 149|0x0000000089500000, 0x0000000089500000, 0x0000000089600000|  0%| F|  |TAMS 0x0000000089500000, 0x0000000089500000| Untracked 
| 150|0x0000000089600000, 0x0000000089600000, 0x0000000089700000|  0%| F|  |TAMS 0x0000000089600000, 0x0000000089600000| Untracked 
| 151|0x0000000089700000, 0x0000000089700000, 0x0000000089800000|  0%| F|  |TAMS 0x0000000089700000, 0x0000000089700000| Untracked 
| 152|0x0000000089800000, 0x0000000089800000, 0x0000000089900000|  0%| F|  |TAMS 0x0000000089800000, 0x0000000089800000| Untracked 
| 153|0x0000000089900000, 0x0000000089900000, 0x0000000089a00000|  0%| F|  |TAMS 0x0000000089900000, 0x0000000089900000| Untracked 

Card table byte_map: [0x0000027967be0000,0x0000027967fe0000] _byte_map_base: 0x00000279677e0000

Marking Bits (Prev, Next): (CMBitMap*) 0x00000279549dd9c8, (CMBitMap*) 0x00000279549dda00
 Prev Bits: [0x00000279683e0000, 0x000002796a3e0000)
 Next Bits: [0x000002796a3e0000, 0x000002796c3e0000)

Polling page: 0x0000027952b50000

Metaspace:

Usage:
  Non-class:    112.21 MB capacity,   110.04 MB ( 98%) used,     1.76 MB (  2%) free+waste,   421.56 KB ( <1%) overhead. 
      Class:     17.21 MB capacity,    15.98 MB ( 93%) used,     1.05 MB (  6%) free+waste,   187.94 KB (  1%) overhead. 
       Both:    129.42 MB capacity,   126.02 MB ( 97%) used,     2.81 MB (  2%) free+waste,   609.50 KB ( <1%) overhead. 

Virtual space:
  Non-class space:      114.00 MB reserved,     112.25 MB ( 98%) committed 
      Class space:        1.00 GB reserved,      17.25 MB (  2%) committed 
             Both:        1.11 GB reserved,     129.50 MB ( 11%) committed 

Chunk freelists:
   Non-Class:  40.00 KB
       Class:  0 bytes
        Both:  40.00 KB

MaxMetaspaceSize: 17179869184.00 GB
CompressedClassSpaceSize: 1.00 GB
Initial GC threshold: 20.80 MB
Current GC threshold: 215.84 MB
CDS: off

CodeHeap 'non-profiled nmethods': size=120000Kb used=15036Kb max_used=15036Kb free=104963Kb
 bounds [0x000002795ff80000, 0x0000027960e30000, 0x00000279674b0000]
CodeHeap 'profiled nmethods': size=120000Kb used=41883Kb max_used=41883Kb free=78116Kb
 bounds [0x0000027958a50000, 0x000002795b340000, 0x000002795ff80000]
CodeHeap 'non-nmethods': size=5760Kb used=2510Kb max_used=2554Kb free=3249Kb
 bounds [0x00000279584b0000, 0x0000027958740000, 0x0000027958a50000]
 total_blobs=20361 nmethods=19319 adapters=951
 compilation: enabled
              stopped_count=0, restarted_count=0
 full_count=0

Compilation events (20 events):
Event: 3336.841 Thread 0x000002796f6c0000 20871       4       org.gradle.api.internal.artifacts.ivyservice.resolveengine.graph.builder.EdgeState::attachToTargetConfigurations (123 bytes)
Event: 3336.868 Thread 0x000002796f6c1000 20875       2       java.util.ArrayDeque::toArray (7 bytes)
Event: 3336.869 Thread 0x000002796f6c1000 nmethod 20875 0x000002795b332b10 code [0x000002795b332cc0, 0x000002795b332de8]
Event: 3336.869 Thread 0x000002796f6c1000 20877       3       org.gradle.api.internal.artifacts.ivyservice.resolveengine.result.ComponentSelectionReasons$DefaultComponentSelectionReason::<init> (56 bytes)
Event: 3336.869 Thread 0x000002796f6c1000 nmethod 20877 0x000002795b332e90 code [0x000002795b3330a0, 0x000002795b333788]
Event: 3336.869 Thread 0x000002796f6c1000 20878       3       org.gradle.api.internal.artifacts.ivyservice.resolveengine.graph.builder.SelectorState::addReasonsForSelector (329 bytes)
Event: 3336.872 Thread 0x000002796f6c1000 nmethod 20878 0x000002795b333a10 code [0x000002795b333f80, 0x000002795b3370a8]
Event: 3336.872 Thread 0x000002796f6c1000 20879       3       org.gradle.api.internal.artifacts.ivyservice.resolveengine.graph.builder.ComponentState::getSelectionReason (122 bytes)
Event: 3336.874 Thread 0x000002796f6c1000 nmethod 20879 0x000002795b337f10 code [0x000002795b338220, 0x000002795b3395d8]
Event: 3336.874 Thread 0x000002796f6c1000 20876       3       org.gradle.api.internal.artifacts.ivyservice.resolveengine.result.ComponentSelectionReasons$DefaultComponentSelectionReason::addCause (27 bytes)
Event: 3336.874 Thread 0x000002796f6c1000 nmethod 20876 0x000002795b339b90 code [0x000002795b339d60, 0x000002795b33a138]
Event: 3336.959 Thread 0x000002796f6c0000 nmethod 20871 0x0000027960e27790 code [0x0000027960e279c0, 0x0000027960e28d78]
Event: 3336.959 Thread 0x000002796f6c0000 20873       4       org.gradle.internal.serialize.kryo.StringDeduplicatingKryoBackedEncoder::writeBoolean (9 bytes)
Event: 3336.960 Thread 0x000002796f6c0000 nmethod 20873 0x0000027960e29b10 code [0x0000027960e29ca0, 0x0000027960e29d78]
Event: 3336.960 Thread 0x000002796f6c0000 20880       4       com.google.common.collect.ImmutableSet::asList (23 bytes)
Event: 3336.962 Thread 0x000002796f6c0000 nmethod 20880 0x0000027960e29e90 code [0x0000027960e2a020, 0x0000027960e2a178]
Event: 3337.602 Thread 0x000002796f6c0000 20881       4       org.gradle.internal.operations.DefaultBuildOperationRunner::execute (23 bytes)
Event: 3337.787 Thread 0x000002796f6c0000 nmethod 20881 0x0000027960e2a210 code [0x0000027960e2a560, 0x0000027960e2cbc0]
Event: 3338.453 Thread 0x000002796f6c0000 20882       4       org.gradle.internal.work.DefaultWorkerLeaseService$DefaultWorkerLease::grantLease (34 bytes)
Event: 3338.455 Thread 0x000002796f6c0000 nmethod 20882 0x0000027960e2f010 code [0x0000027960e2f1a0, 0x0000027960e2f258]

GC Heap History (20 events):
Event: 3129.718 GC heap after
{Heap after GC invocations=144 (full 0):
 garbage-first heap   total 155648K, used 113758K [0x0000000080000000, 0x0000000100000000)
  region size 1024K, 3 young (3072K), 3 survivors (3072K)
 Metaspace       used 120160K, capacity 123012K, committed 123392K, reserved 1157120K
  class space    used 14938K, capacity 15964K, committed 16128K, reserved 1048576K
}
Event: 3129.947 GC heap before
{Heap before GC invocations=144 (full 0):
 garbage-first heap   total 155648K, used 129118K [0x0000000080000000, 0x0000000100000000)
  region size 1024K, 19 young (19456K), 3 survivors (3072K)
 Metaspace       used 120170K, capacity 123021K, committed 123392K, reserved 1157120K
  class space    used 14939K, capacity 15967K, committed 16128K, reserved 1048576K
}
Event: 3129.951 GC heap after
{Heap after GC invocations=145 (full 0):
 garbage-first heap   total 155648K, used 112356K [0x0000000080000000, 0x0000000100000000)
  region size 1024K, 1 young (1024K), 1 survivors (1024K)
 Metaspace       used 120170K, capacity 123021K, committed 123392K, reserved 1157120K
  class space    used 14939K, capacity 15967K, committed 16128K, reserved 1048576K
}
Event: 3130.567 GC heap before
{Heap before GC invocations=146 (full 0):
 garbage-first heap   total 155648K, used 128740K [0x0000000080000000, 0x0000000100000000)
  region size 1024K, 18 young (18432K), 1 survivors (1024K)
 Metaspace       used 120831K, capacity 123705K, committed 123904K, reserved 1157120K
  class space    used 15040K, capacity 16082K, committed 16128K, reserved 1048576K
}
Event: 3130.571 GC heap after
{Heap after GC invocations=147 (full 0):
 garbage-first heap   total 155648K, used 113091K [0x0000000080000000, 0x0000000100000000)
  region size 1024K, 2 young (2048K), 2 survivors (2048K)
 Metaspace       used 120831K, capacity 123705K, committed 123904K, reserved 1157120K
  class space    used 15040K, capacity 16082K, committed 16128K, reserved 1048576K
}
Event: 3130.775 GC heap before
{Heap before GC invocations=147 (full 0):
 garbage-first heap   total 155648K, used 117187K [0x0000000080000000, 0x0000000100000000)
  region size 1024K, 7 young (7168K), 2 survivors (2048K)
 Metaspace       used 122300K, capacity 125245K, committed 125440K, reserved 1159168K
  class space    used 15237K, capacity 16298K, committed 16384K, reserved 1048576K
}
Event: 3130.780 GC heap after
{Heap after GC invocations=148 (full 0):
 garbage-first heap   total 155648K, used 112806K [0x0000000080000000, 0x0000000100000000)
  region size 1024K, 1 young (1024K), 1 survivors (1024K)
 Metaspace       used 122300K, capacity 125245K, committed 125440K, reserved 1159168K
  class space    used 15237K, capacity 16298K, committed 16384K, reserved 1048576K
}
Event: 3131.682 GC heap before
{Heap before GC invocations=148 (full 0):
 garbage-first heap   total 155648K, used 130214K [0x0000000080000000, 0x0000000100000000)
  region size 1024K, 18 young (18432K), 1 survivors (1024K)
 Metaspace       used 126539K, capacity 129806K, committed 130048K, reserved 1163264K
  class space    used 15945K, capacity 17143K, committed 17152K, reserved 1048576K
}
Event: 3131.687 GC heap after
{Heap after GC invocations=149 (full 0):
 garbage-first heap   total 155648K, used 113347K [0x0000000080000000, 0x0000000100000000)
  region size 1024K, 1 young (1024K), 1 survivors (1024K)
 Metaspace       used 126539K, capacity 129806K, committed 130048K, reserved 1163264K
  class space    used 15945K, capacity 17143K, committed 17152K, reserved 1048576K
}
Event: 3133.381 GC heap before
{Heap before GC invocations=150 (full 0):
 garbage-first heap   total 155648K, used 130755K [0x0000000080000000, 0x0000000100000000)
  region size 1024K, 19 young (19456K), 1 survivors (1024K)
 Metaspace       used 128955K, capacity 132380K, committed 132608K, reserved 1165312K
  class space    used 16356K, capacity 17616K, committed 17664K, reserved 1048576K
}
Event: 3133.388 GC heap after
{Heap after GC invocations=151 (full 0):
 garbage-first heap   total 155648K, used 114221K [0x0000000080000000, 0x0000000100000000)
  region size 1024K, 2 young (2048K), 2 survivors (2048K)
 Metaspace       used 128955K, capacity 132380K, committed 132608K, reserved 1165312K
  class space    used 16356K, capacity 17616K, committed 17664K, reserved 1048576K
}
Event: 3133.483 GC heap before
{Heap before GC invocations=151 (full 0):
 garbage-first heap   total 155648K, used 119341K [0x0000000080000000, 0x0000000100000000)
  region size 1024K, 7 young (7168K), 2 survivors (2048K)
 Metaspace       used 128956K, capacity 132380K, committed 132608K, reserved 1165312K
  class space    used 16356K, capacity 17616K, committed 17664K, reserved 1048576K
}
Event: 3133.497 GC heap after
{Heap after GC invocations=152 (full 0):
 garbage-first heap   total 155648K, used 112720K [0x0000000080000000, 0x0000000100000000)
  region size 1024K, 1 young (1024K), 1 survivors (1024K)
 Metaspace       used 128956K, capacity 132380K, committed 132608K, reserved 1165312K
  class space    used 16356K, capacity 17616K, committed 17664K, reserved 1048576K
}
Event: 3133.861 GC heap before
{Heap before GC invocations=152 (full 0):
 garbage-first heap   total 155648K, used 114768K [0x0000000080000000, 0x0000000100000000)
  region size 1024K, 5 young (5120K), 1 survivors (1024K)
 Metaspace       used 128958K, capacity 132380K, committed 132608K, reserved 1165312K
  class space    used 16356K, capacity 17616K, committed 17664K, reserved 1048576K
}
Event: 3133.870 GC heap after
{Heap after GC invocations=153 (full 0):
 garbage-first heap   total 155648K, used 113141K [0x0000000080000000, 0x0000000100000000)
  region size 1024K, 1 young (1024K), 1 survivors (1024K)
 Metaspace       used 128958K, capacity 132380K, committed 132608K, reserved 1165312K
  class space    used 16356K, capacity 17616K, committed 17664K, reserved 1048576K
}
Event: 3324.304 GC heap before
{Heap before GC invocations=154 (full 0):
 garbage-first heap   total 155648K, used 155125K [0x0000000080000000, 0x0000000100000000)
  region size 1024K, 19 young (19456K), 1 survivors (1024K)
 Metaspace       used 129037K, capacity 132524K, committed 132608K, reserved 1165312K
  class space    used 16359K, capacity 17620K, committed 17664K, reserved 1048576K
}
Event: 3328.711 GC heap after
{Heap after GC invocations=155 (full 0):
 garbage-first heap   total 157696K, used 113922K [0x0000000080000000, 0x0000000100000000)
  region size 1024K, 2 young (2048K), 2 survivors (2048K)
 Metaspace       used 129037K, capacity 132524K, committed 132608K, reserved 1165312K
  class space    used 16359K, capacity 17620K, committed 17664K, reserved 1048576K
}
Event: 3332.328 GC heap before
{Heap before GC invocations=155 (full 0):
 garbage-first heap   total 157696K, used 119042K [0x0000000080000000, 0x0000000100000000)
  region size 1024K, 7 young (7168K), 2 survivors (2048K)
 Metaspace       used 129039K, capacity 132524K, committed 132608K, reserved 1165312K
  class space    used 16360K, capacity 17620K, committed 17664K, reserved 1048576K
}
Event: 3335.930 GC heap after
{Heap after GC invocations=156 (full 0):
 garbage-first heap   total 157696K, used 114214K [0x0000000080000000, 0x0000000100000000)
  region size 1024K, 1 young (1024K), 1 survivors (1024K)
 Metaspace       used 129039K, capacity 132524K, committed 132608K, reserved 1165312K
  class space    used 16360K, capacity 17620K, committed 17664K, reserved 1048576K
}
Event: 3338.571 GC heap before
{Heap before GC invocations=156 (full 0):
 garbage-first heap   total 157696K, used 120358K [0x0000000080000000, 0x0000000100000000)
  region size 1024K, 7 young (7168K), 1 survivors (1024K)
 Metaspace       used 129039K, capacity 132524K, committed 132608K, reserved 1165312K
  class space    used 16360K, capacity 17620K, committed 17664K, reserved 1048576K
}

Deoptimization events (20 events):
Event: 3132.966 Thread 0x00000279704ef800 DEOPT PACKING pc=0x0000027960da9c18 sp=0x000000957a6fd570
Event: 3132.966 Thread 0x00000279704ef800 DEOPT UNPACKING pc=0x00000279584b85af sp=0x000000957a6fd500 mode 2
Event: 3132.969 Thread 0x00000279704ef800 Uncommon trap: trap_request=0xffffff4d fr.pc=0x0000027960a1e7a0 relative=0x0000000000000340
Event: 3132.969 Thread 0x00000279704ef800 Uncommon trap: reason=unstable_if action=reinterpret pc=0x0000027960a1e7a0 method=java.lang.Long.parseLong(Ljava/lang/String;I)J @ 120 c2
Event: 3132.969 Thread 0x00000279704ef800 DEOPT PACKING pc=0x0000027960a1e7a0 sp=0x000000957a6fd3b0
Event: 3132.969 Thread 0x00000279704ef800 DEOPT UNPACKING pc=0x00000279584b85af sp=0x000000957a6fd320 mode 2
Event: 3133.304 Thread 0x00000279704e7800 Uncommon trap: trap_request=0xffffffc6 fr.pc=0x000002796065ce44 relative=0x00000000000002e4
Event: 3133.304 Thread 0x00000279704e7800 Uncommon trap: reason=bimorphic_or_optimized_type_check action=maybe_recompile pc=0x000002796065ce44 method=org.gradle.internal.snapshot.ChildMapFactory.childMapFromSorted(Ljava/util/List;)Lorg/gradle/internal/snapshot/ChildMap; @ 1 c2
Event: 3133.304 Thread 0x00000279704e7800 DEOPT PACKING pc=0x000002796065ce44 sp=0x0000009579afe120
Event: 3133.304 Thread 0x00000279704e7800 DEOPT UNPACKING pc=0x00000279584b85af sp=0x0000009579afe0e8 mode 2
Event: 3133.393 Thread 0x00000279704e8000 DEOPT PACKING pc=0x000002795a49b303 sp=0x000000957a0fd2e0
Event: 3133.394 Thread 0x00000279704e8000 DEOPT UNPACKING pc=0x00000279584f9d0e sp=0x000000957a0fc7a0 mode 0
Event: 3133.590 Thread 0x00000279704e8000 Uncommon trap: trap_request=0xffffffde fr.pc=0x0000027960ba83a8 relative=0x0000000000000a68
Event: 3133.590 Thread 0x00000279704e8000 Uncommon trap: reason=class_check action=maybe_recompile pc=0x0000027960ba83a8 method=com.google.common.collect.ImmutableMap.copyOf(Ljava/lang/Iterable;)Lcom/google/common/collect/ImmutableMap; @ 49 c2
Event: 3133.590 Thread 0x00000279704e8000 DEOPT PACKING pc=0x0000027960ba83a8 sp=0x000000957a0fdcd0
Event: 3133.590 Thread 0x00000279704e8000 DEOPT UNPACKING pc=0x00000279584b85af sp=0x000000957a0fdc38 mode 2
Event: 3134.015 Thread 0x00000279704e8000 DEOPT PACKING pc=0x00000279596b5fa9 sp=0x000000957a0fcc90
Event: 3134.015 Thread 0x00000279704e8000 DEOPT UNPACKING pc=0x00000279584f9d0e sp=0x000000957a0fc110 mode 0
Event: 3134.016 Thread 0x00000279704e8000 DEOPT PACKING pc=0x00000279596b5fa9 sp=0x000000957a0fcc90
Event: 3134.016 Thread 0x00000279704e8000 DEOPT UNPACKING pc=0x00000279584f9d0e sp=0x000000957a0fc110 mode 0

Classes redefined (0 events):
No events

Internal exceptions (20 events):
Event: 3131.208 Thread 0x00000279704ed000 Exception <a 'java/lang/NoSuchMethodError'{0x00000000891c28b0}: 'void java.lang.invoke.DirectMethodHandle$Holder.invokeSpecial(java.lang.Object, java.lang.Object, int, java.lang.Object)'> (0x00000000891c28b0) thrown at [./src/hotspot/share/interpreter/linkResolver.cpp, line 773]
Event: 3131.282 Thread 0x00000279704ed000 Exception <a 'java/lang/NoSuchMethodError'{0x0000000088e1b130}: 'java.lang.Object java.lang.invoke.DirectMethodHandle$Holder.newInvokeSpecial(java.lang.Object, int)'> (0x0000000088e1b130) thrown at [./src/hotspot/share/interpreter/linkResolver.cpp, line 773]
Event: 3131.300 Thread 0x00000279704ed000 Exception <a 'java/lang/NoSuchMethodError'{0x0000000088ebff00}: 'java.lang.Object java.lang.invoke.DirectMethodHandle$Holder.invokeSpecial(java.lang.Object, java.lang.Object, java.lang.Object, java.lang.Object, java.lang.Object, java.lang.Object, java.lang.Object, java.lang.Object, java.lang.Object, java.lang.Object, java.lang.Object)'> (0x0000000088ebff00) thrown at [./src/hotspot/share/interpreter/linkResolver.cpp, line 773]
Event: 3131.300 Thread 0x00000279704ed000 Exception <a 'java/lang/NoSuchMethodError'{0x0000000088ecb0a8}: 'java.lang.Object java.lang.invoke.Invokers$Holder.linkToTargetMethod(java.lang.Object, java.lang.Object, java.lang.Object, java.lang.Object, java.lang.Object, java.lang.Object, java.lang.Object, java.lang.Object, java.lang.Object, java.lang.Object)'> (0x0000000088ecb0a8) thrown at [./src/hotspot/share/interpreter/linkResolver.cpp, line 773]
Event: 3131.308 Thread 0x00000279704ed000 Exception <a 'java/lang/IncompatibleClassChangeError'{0x0000000088d237b8}: Found class java.lang.Object, but interface was expected> (0x0000000088d237b8) thrown at [./src/hotspot/share/interpreter/linkResolver.cpp, line 839]
Event: 3131.560 Thread 0x00000279704ed000 Exception <a 'java/lang/NoSuchMethodError'{0x000000008899a0e0}: 'long java.lang.invoke.DirectMethodHandle$Holder.invokeStatic(java.lang.Object, java.lang.Object)'> (0x000000008899a0e0) thrown at [./src/hotspot/share/interpreter/linkResolver.cpp, line 773]
Event: 3131.658 Thread 0x00000279704ed000 Exception <a 'java/lang/NoSuchMethodError'{0x000000008861b610}: 'java.lang.Object java.lang.invoke.Invokers$Holder.linkToTargetMethod(java.lang.Object, int, java.lang.Object, java.lang.Object, java.lang.Object, java.lang.Object)'> (0x000000008861b610) thrown at [./src/hotspot/share/interpreter/linkResolver.cpp, line 773]
Event: 3131.659 Thread 0x00000279704ed000 Exception <a 'java/lang/NoSuchMethodError'{0x0000000088628090}: 'java.lang.Object java.lang.invoke.DirectMethodHandle$Holder.invokeStatic(java.lang.Object, java.lang.Object, java.lang.Object, java.lang.Object, int, java.lang.Object, java.lang.Object)'> (0x0000000088628090) thrown at [./src/hotspot/share/interpreter/linkResolver.cpp, line 773]
Event: 3131.659 Thread 0x00000279704ed000 Exception <a 'java/lang/NoSuchMethodError'{0x000000008862bae8}: 'java.lang.Object java.lang.invoke.Invokers$Holder.linkToTargetMethod(java.lang.Object, java.lang.Object, java.lang.Object, int, java.lang.Object, java.lang.Object, java.lang.Object)'> (0x000000008862bae8) thrown at [./src/hotspot/share/interpreter/linkResolver.cpp, line 773]
Event: 3131.680 Thread 0x00000279704ed000 Exception <a 'java/lang/NoSuchMethodError'{0x00000000886e9e38}: 'void java.lang.invoke.DirectMethodHandle$Holder.invokeStatic(java.lang.Object, java.lang.Object, java.lang.Object, java.lang.Object, java.lang.Object, java.lang.Object, java.lang.Object, java.lang.Object)'> (0x00000000886e9e38) thrown at [./src/hotspot/share/interpreter/linkResolver.cpp, line 773]
Event: 3131.815 Thread 0x00000279704ed000 Exception <a 'java/lang/IncompatibleClassChangeError'{0x000000008968fcc8}: Found class java.lang.Object, but interface was expected> (0x000000008968fcc8) thrown at [./src/hotspot/share/interpreter/linkResolver.cpp, line 839]
Event: 3131.907 Thread 0x00000279704ed000 Exception <a 'java/lang/NoSuchMethodError'{0x00000000895dcba0}: 'void java.lang.invoke.DirectMethodHandle$Holder.invokeSpecial(java.lang.Object, java.lang.Object, int)'> (0x00000000895dcba0) thrown at [./src/hotspot/share/interpreter/linkResolver.cpp, line 773]
Event: 3131.939 Thread 0x00000279704ed000 Exception <a 'sun/nio/fs/WindowsException'{0x000000008946a470}> (0x000000008946a470) thrown at [./src/hotspot/share/prims/jni.cpp, line 615]
Event: 3132.045 Thread 0x00000279704e7800 Exception <a 'java/lang/NoSuchMethodError'{0x00000000893eb370}: <clinit>> (0x00000000893eb370) thrown at [./src/hotspot/share/prims/jni.cpp, line 1365]
Event: 3132.849 Thread 0x00000279704ef800 Exception <a 'sun/nio/fs/WindowsException'{0x0000000088f368d0}> (0x0000000088f368d0) thrown at [./src/hotspot/share/prims/jni.cpp, line 615]
Event: 3133.145 Thread 0x00000279704ef800 Exception <a 'sun/nio/fs/WindowsException'{0x00000000887d8aa0}> (0x00000000887d8aa0) thrown at [./src/hotspot/share/prims/jni.cpp, line 615]
Event: 3134.213 Thread 0x0000027971c50000 Exception <a 'sun/nio/fs/WindowsException'{0x000000008962d778}> (0x000000008962d778) thrown at [./src/hotspot/share/prims/jni.cpp, line 615]
Event: 3134.231 Thread 0x000002797a690800 Exception <a 'sun/nio/fs/WindowsException'{0x000000008963c108}> (0x000000008963c108) thrown at [./src/hotspot/share/prims/jni.cpp, line 615]
Event: 3134.231 Thread 0x000002797a690800 Exception <a 'sun/nio/fs/WindowsException'{0x000000008963c188}> (0x000000008963c188) thrown at [./src/hotspot/share/prims/jni.cpp, line 615]
Event: 3134.232 Thread 0x000002797a690800 Exception <a 'sun/nio/fs/WindowsException'{0x00000000896488d8}> (0x00000000896488d8) thrown at [./src/hotspot/share/prims/jni.cpp, line 615]

Events (20 events):
Event: 3337.069 Thread 0x0000027972afb800 Thread added: 0x0000027972afb800
Event: 3337.069 Thread 0x000002797abfd000 Thread added: 0x000002797abfd000
Event: 3337.069 Thread 0x000002797abfa800 Thread added: 0x000002797abfa800
Event: 3337.070 Thread 0x000002797abfb800 Thread added: 0x000002797abfb800
Event: 3337.070 Thread 0x000002797abf8000 Thread added: 0x000002797abf8000
Event: 3337.070 Thread 0x000002797abfc000 Thread added: 0x000002797abfc000
Event: 3337.070 Thread 0x000002797abfe000 Thread added: 0x000002797abfe000
Event: 3337.070 Thread 0x000002797abfe800 Thread added: 0x000002797abfe800
Event: 3337.071 Thread 0x000002797abf9000 Thread added: 0x000002797abf9000
Event: 3337.071 Thread 0x000002797ac01000 Thread added: 0x000002797ac01000
Event: 3337.071 Thread 0x000002797ac05000 Thread added: 0x000002797ac05000
Event: 3337.071 Thread 0x000002797abff800 Thread added: 0x000002797abff800
Event: 3337.071 Thread 0x000002797ac02800 Thread added: 0x000002797ac02800
Event: 3337.071 Thread 0x000002797ac03800 Thread added: 0x000002797ac03800
Event: 3337.072 Thread 0x000002797ac06000 Thread added: 0x000002797ac06000
Event: 3337.072 Thread 0x000002797ac04800 Thread added: 0x000002797ac04800
Event: 3337.072 Thread 0x000002797ac00800 Thread added: 0x000002797ac00800
Event: 3337.074 Thread 0x000002797ac07000 Thread added: 0x000002797ac07000
Event: 3337.074 Thread 0x00000279722ce800 Thread added: 0x00000279722ce800
Event: 3338.512 Executing VM operation: G1CollectForAllocation


Dynamic libraries:
0x00007ff6dfe10000 - 0x00007ff6dfe1a000 	C:\Users\cc\Desktop\New folder\jre\bin\java.exe
0x00007ffc3aeb0000 - 0x00007ffc3b0a8000 	C:\Windows\SYSTEM32\ntdll.dll
0x00007ffc3a9b0000 - 0x00007ffc3aa6d000 	C:\Windows\System32\KERNEL32.DLL
0x00007ffc38c10000 - 0x00007ffc38ede000 	C:\Windows\System32\KERNELBASE.dll
0x00007ffc38940000 - 0x00007ffc38a40000 	C:\Windows\System32\ucrtbase.dll
0x00007ffc34ca0000 - 0x00007ffc34cb9000 	C:\Users\cc\Desktop\New folder\jre\bin\jli.dll
0x00007ffc34bb0000 - 0x00007ffc34bc7000 	C:\Users\cc\Desktop\New folder\jre\bin\VCRUNTIME140.dll
0x00007ffc3a0b0000 - 0x00007ffc3a250000 	C:\Windows\System32\USER32.dll
0x00007ffc38ee0000 - 0x00007ffc38f02000 	C:\Windows\System32\win32u.dll
0x00007ffc20bb0000 - 0x00007ffc20e4a000 	C:\Windows\WinSxS\amd64_microsoft.windows.common-controls_6595b64144ccf1df_6.0.19041.1110_none_60b5254171f9507e\COMCTL32.dll
0x00007ffc3aa70000 - 0x00007ffc3aa9a000 	C:\Windows\System32\GDI32.dll
0x00007ffc38a40000 - 0x00007ffc38b4b000 	C:\Windows\System32\gdi32full.dll
0x00007ffc385d0000 - 0x00007ffc3866d000 	C:\Windows\System32\msvcp_win.dll
0x00007ffc392d0000 - 0x00007ffc3936e000 	C:\Windows\System32\msvcrt.dll
0x00007ffc39040000 - 0x00007ffc39070000 	C:\Windows\System32\IMM32.DLL
0x00007ffc1fcd0000 - 0x00007ffc1fd6d000 	C:\Users\cc\Desktop\New folder\jre\bin\msvcp140.dll
0x00007ffbe9310000 - 0x00007ffbe9df5000 	C:\Users\cc\Desktop\New folder\jre\bin\server\jvm.dll
0x00007ffc39190000 - 0x00007ffc3923e000 	C:\Windows\System32\ADVAPI32.dll
0x00007ffc3ad50000 - 0x00007ffc3adec000 	C:\Windows\System32\sechost.dll
0x00007ffc3aaa0000 - 0x00007ffc3abc5000 	C:\Windows\System32\RPCRT4.dll
0x00007ffc39030000 - 0x00007ffc39038000 	C:\Windows\System32\PSAPI.DLL
0x00007ffc21420000 - 0x00007ffc21447000 	C:\Windows\SYSTEM32\WINMM.dll
0x00007ffc2f800000 - 0x00007ffc2f809000 	C:\Windows\SYSTEM32\WSOCK32.dll
0x00007ffc31d00000 - 0x00007ffc31d0a000 	C:\Windows\SYSTEM32\VERSION.dll
0x00007ffc3ace0000 - 0x00007ffc3ad4b000 	C:\Windows\System32\WS2_32.dll
0x00007ffc36e10000 - 0x00007ffc36e22000 	C:\Windows\SYSTEM32\kernel.appcore.dll
0x00007ffc2cda0000 - 0x00007ffc2cdb1000 	C:\Users\cc\Desktop\New folder\jre\bin\verify.dll
0x00007ffc36370000 - 0x00007ffc36554000 	C:\Windows\SYSTEM32\DBGHELP.DLL
0x00007ffc34440000 - 0x00007ffc3446c000 	C:\Windows\SYSTEM32\dbgcore.DLL
0x00007ffc38b80000 - 0x00007ffc38c02000 	C:\Windows\System32\bcryptPrimitives.dll
0x00007ffc107a0000 - 0x00007ffc107c9000 	C:\Users\cc\Desktop\New folder\jre\bin\java.dll
0x00007ffc2cd90000 - 0x00007ffc2cd9b000 	C:\Users\cc\Desktop\New folder\jre\bin\jimage.dll
0x00007ffc299d0000 - 0x00007ffc299e8000 	C:\Users\cc\Desktop\New folder\jre\bin\zip.dll
0x00007ffc39370000 - 0x00007ffc39ab4000 	C:\Windows\System32\SHELL32.dll
0x00007ffc36670000 - 0x00007ffc36e04000 	C:\Windows\SYSTEM32\windows.storage.dll
0x00007ffc39b20000 - 0x00007ffc39e74000 	C:\Windows\System32\combase.dll
0x00007ffc37e80000 - 0x00007ffc37eb0000 	C:\Windows\SYSTEM32\Wldp.dll
0x00007ffc39070000 - 0x00007ffc3911d000 	C:\Windows\System32\SHCORE.dll
0x00007ffc3a250000 - 0x00007ffc3a2a5000 	C:\Windows\System32\shlwapi.dll
0x00007ffc38510000 - 0x00007ffc3852f000 	C:\Windows\SYSTEM32\profapi.dll
0x00007ffc22790000 - 0x00007ffc227aa000 	C:\Users\cc\Desktop\New folder\jre\bin\net.dll
0x00007ffc31fa0000 - 0x00007ffc320aa000 	C:\Windows\SYSTEM32\WINHTTP.dll
0x00007ffc37c60000 - 0x00007ffc37cca000 	C:\Windows\system32\mswsock.dll
0x00007ffc16080000 - 0x00007ffc16094000 	C:\Users\cc\Desktop\New folder\jre\bin\nio.dll
0x00007ffc298d0000 - 0x00007ffc298f7000 	C:\Users\cc\.gradle\native\e1d6ef7f7dcc3fd88c89a11ec53ec762bb8ba0a96d01ffa2cd45eb1d1d8dd5c5\windows-amd64\native-platform.dll
0x00007ffbfae50000 - 0x00007ffbfaf94000 	C:\Users\cc\.gradle\native\5664cfc778a61ccfe75a443a1ab52a65af34e5dc3c78e0209fed803814484fcb\windows-amd64\native-platform-file-events.dll
0x00007ffc2cd80000 - 0x00007ffc2cd8a000 	C:\Users\cc\Desktop\New folder\jre\bin\management.dll
0x00007ffc2c850000 - 0x00007ffc2c85d000 	C:\Users\cc\Desktop\New folder\jre\bin\management_ext.dll
0x00007ffc37f30000 - 0x00007ffc37f48000 	C:\Windows\SYSTEM32\CRYPTSP.dll
0x00007ffc37600000 - 0x00007ffc37634000 	C:\Windows\system32\rsaenh.dll
0x00007ffc38b50000 - 0x00007ffc38b77000 	C:\Windows\System32\bcrypt.dll
0x00007ffc38490000 - 0x00007ffc384be000 	C:\Windows\SYSTEM32\USERENV.dll
0x00007ffc37df0000 - 0x00007ffc37dfc000 	C:\Windows\SYSTEM32\CRYPTBASE.dll
0x00007ffc37970000 - 0x00007ffc379ab000 	C:\Windows\SYSTEM32\IPHLPAPI.DLL
0x00007ffc39180000 - 0x00007ffc39188000 	C:\Windows\System32\NSI.dll
0x00007ffc306e0000 - 0x00007ffc306f7000 	C:\Windows\SYSTEM32\dhcpcsvc6.DLL
0x00007ffc30cc0000 - 0x00007ffc30cdd000 	C:\Windows\SYSTEM32\dhcpcsvc.DLL
0x00007ffc379b0000 - 0x00007ffc37a7b000 	C:\Windows\SYSTEM32\DNSAPI.dll
0x00007ffc342e0000 - 0x00007ffc342fe000 	C:\Users\cc\AppData\Local\Temp\native-platform16271954357244228103dir\native-platform.dll
0x00007ffc354e0000 - 0x00007ffc354e8000 	C:\Users\cc\Desktop\New folder\jre\bin\rmi.dll
0x00007ffc106d0000 - 0x00007ffc106f7000 	C:\Users\cc\Desktop\New folder\jre\bin\sunec.dll
0x00007ffc21480000 - 0x00007ffc2148a000 	C:\Windows\System32\rasadhlp.dll
0x00007ffc21850000 - 0x00007ffc218d0000 	C:\Windows\System32\fwpuclnt.dll

dbghelp: loaded successfully - version: 4.0.5 - missing functions: none
symbol engine: initialized successfully - sym options: 0x614 - pdb path: .;C:\Users\cc\Desktop\New folder\jre\bin;C:\Windows\SYSTEM32;C:\Windows\WinSxS\amd64_microsoft.windows.common-controls_6595b64144ccf1df_6.0.19041.1110_none_60b5254171f9507e;C:\Users\cc\Desktop\New folder\jre\bin\server;C:\Users\cc\.gradle\native\e1d6ef7f7dcc3fd88c89a11ec53ec762bb8ba0a96d01ffa2cd45eb1d1d8dd5c5\windows-amd64;C:\Users\cc\.gradle\native\5664cfc778a61ccfe75a443a1ab52a65af34e5dc3c78e0209fed803814484fcb\windows-amd64;C:\Users\cc\AppData\Local\Temp\native-platform16271954357244228103dir

VM Arguments:
jvm_args: --add-opens=java.base/java.util=ALL-UNNAMED --add-opens=java.base/java.lang=ALL-UNNAMED --add-opens=java.base/java.lang.invoke=ALL-UNNAMED --add-opens=java.base/java.util=ALL-UNNAMED --add-opens=java.prefs/java.util.prefs=ALL-UNNAMED --add-opens=java.prefs/java.util.prefs=ALL-UNNAMED --add-opens=java.base/java.nio.charset=ALL-UNNAMED --add-opens=java.base/java.net=ALL-UNNAMED --add-opens=java.base/java.util.concurrent.atomic=ALL-UNNAMED -Xmx2048m -Dfile.encoding=UTF-8 -Duser.country=GB -Duser.language=en -Duser.variant 
java_command: org.gradle.launcher.daemon.bootstrap.GradleDaemon 7.3.3
java_class_path (initial): C:\Users\cc\.gradle\wrapper\dists\gradle-7.3.3-bin\6a41zxkdtcxs8rphpq6y0069z\gradle-7.3.3\lib\gradle-launcher-7.3.3.jar
Launcher Type: SUN_STANDARD

[Global flags]
     intx CICompilerCount                          = 4                                         {product} {ergonomic}
     uint ConcGCThreads                            = 2                                         {product} {ergonomic}
     uint G1ConcRefinementThreads                  = 8                                         {product} {ergonomic}
   size_t G1HeapRegionSize                         = 1048576                                   {product} {ergonomic}
    uintx GCDrainStackTargetSize                   = 64                                        {product} {ergonomic}
   size_t InitialHeapSize                          = 132120576                                 {product} {ergonomic}
   size_t MarkStackSize                            = 4194304                                   {product} {ergonomic}
   size_t MaxHeapSize                              = 2147483648                                {product} {command line}
   size_t MaxNewSize                               = 1287651328                                {product} {ergonomic}
   size_t MinHeapDeltaBytes                        = 1048576                                   {product} {ergonomic}
    uintx NonNMethodCodeHeapSize                   = 5836300                                {pd product} {ergonomic}
    uintx NonProfiledCodeHeapSize                  = 122910970                              {pd product} {ergonomic}
    uintx ProfiledCodeHeapSize                     = 122910970                              {pd product} {ergonomic}
    uintx ReservedCodeCacheSize                    = 251658240                              {pd product} {ergonomic}
     bool SegmentedCodeCache                       = true                                      {product} {ergonomic}
     bool UseCompressedClassPointers               = true                                 {lp64_product} {ergonomic}
     bool UseCompressedOops                        = true                                 {lp64_product} {ergonomic}
     bool UseG1GC                                  = true                                      {product} {ergonomic}
     bool UseLargePagesIndividualAllocation        = false                                  {pd product} {ergonomic}

Logging:
Log output configuration:
 #0: stdout all=warning uptime,level,tags
 #1: stderr all=off uptime,level,tags

Environment Variables:
PATH=C:\Windows\system32;C:\Windows;C:\Windows\System32\Wbem;C:\Windows\System32\WindowsPowerShell\v1.0\;C:\Windows\System32\OpenSSH\;C:\Program Files (x86)\NVIDIA Corporation\PhysX\Common;C:\Program Files\Git\cmd;C:\Users\cc\AppData\Local\Microsoft\WindowsApps;
USERNAME=cc
OS=Windows_NT
PROCESSOR_IDENTIFIER=Intel64 Family 6 Model 126 Stepping 5, GenuineIntel



---------------  S Y S T E M  ---------------

OS: Windows 10 , 64 bit Build 19041 (10.0.19041.1806)
OS uptime: 4 days 0:57 hours
Hyper-V role detected

CPU:total 8 (initial active 8) (4 cores per cpu, 2 threads per core) family 6 model 126 stepping 5 microcode 0xb0, cmov, cx8, fxsr, mmx, sse, sse2, sse3, ssse3, sse4.1, sse4.2, popcnt, avx, avx2, aes, clmul, erms, 3dnowpref, lzcnt, ht, tsc, tscinvbit, bmi1, bmi2, adx, evex, sha, fma

Memory: 4k page, system-wide physical 7959M (111M free)
TotalPageFile size 9849M (AvailPageFile size 65M)
current process WorkingSet (physical memory assigned to process): 397M, peak: 510M
current process commit charge ("private bytes"): 544M, peak: 698M

vm_info: OpenJDK 64-Bit Server VM (11.0.12+7-b1504.28-7817840) for windows-amd64 JRE (11.0.12+7-b1504.28-7817840), built on Oct 13 2021 22:12:33 by "builder" with MS VC++ 14.0 (VS2015)

END.
