#
# There is insufficient memory for the Java Runtime Environment to continue.
# Native memory allocation (malloc) failed to allocate 1048576 bytes for AllocateHeap
# Possible reasons:
#   The system is out of physical RAM or swap space
#   The process is running with CompressedOops enabled, and the Java Heap may be blocking the growth of the native heap
# Possible solutions:
#   Reduce memory load on the system
#   Increase physical memory or swap space
#   Check if swap backing store is full
#   Decrease Java heap size (-Xmx/-Xms)
#   Decrease number of Java threads
#   Decrease Java thread stack sizes (-Xss)
#   Set larger code cache with -XX:ReservedCodeCacheSize=
# This output file may be truncated or incomplete.
#
#  Out of Memory Error (./src/hotspot/share/memory/allocation.cpp:46), pid=10660, tid=12804
#
# JRE version:  (11.0.12+7) (build )
# Java VM: OpenJDK 64-Bit Server VM (11.0.12+7-b1504.28-7817840, mixed mode, sharing, tiered, compressed oops, g1 gc, windows-amd64)
# No core dump will be written. Minidumps are not enabled by default on client versions of Windows
#

---------------  S U M M A R Y ------------

Command Line: git4idea.http.GitAskPassApp Username for 'https://github.com': 

Host: Intel(R) Core(TM) i5-1035G1 CPU @ 1.00GHz, 8 cores, 7G,  Windows 10 , 64 bit Build 19041 (10.0.19041.1806)
Time: Sun Aug  7 04:41:53 2022 Egypt Standard Time elapsed time: 0.163739 seconds (0d 0h 0m 0s)

---------------  T H R E A D  ---------------

Current thread (0x0000028be7cea800):  JavaThread "Unknown thread" [_thread_in_vm, id=12804, stack(0x000000f5c2000000,0x000000f5c2100000)]

Stack: [0x000000f5c2000000,0x000000f5c2100000]
Native frames: (J=compiled Java code, j=interpreted, Vv=VM code, C=native code)
V  [jvm.dll+0x5fbcea]
V  [jvm.dll+0x731905]
V  [jvm.dll+0x732f1d]
V  [jvm.dll+0x7335d3]
V  [jvm.dll+0x247bf8]
V  [jvm.dll+0xb7684]
V  [jvm.dll+0x2e8677]
V  [jvm.dll+0x2e17ea]
V  [jvm.dll+0x710037]
V  [jvm.dll+0x71182c]
V  [jvm.dll+0x360da9]
V  [jvm.dll+0x6f390e]
V  [jvm.dll+0x3c9723]
V  [jvm.dll+0x3cb9b1]
C  [jli.dll+0x536b]
C  [ucrtbase.dll+0x21bb2]
C  [KERNEL32.DLL+0x17034]
C  [ntdll.dll+0x52651]


---------------  P R O C E S S  ---------------

Threads class SMR info:
_java_thread_list=0x0000028be5a3de10, length=0, elements={
}

Java Threads: ( => current thread )

Other Threads:
  0x0000028be7d03800 GCTaskThread "GC Thread#0" [stack: 0x000000f5c2100000,0x000000f5c2200000] [id=18068]

[error occurred during error reporting (printing all threads), id 0xc0000005, EXCEPTION_ACCESS_VIOLATION (0xc0000005) at pc=0x00007ffbefb4d9b0]

VM state:not at safepoint (not fully initialized)

VM Mutex/Monitor currently owned by a thread:  ([mutex/lock_event])
[0x0000028be7ce7c00] Heap_lock - owner thread: 0x0000028be7cea800

Heap address: 0x0000000083a00000, size: 1990 MB, Compressed Oops mode: Non-zero based: 0x0000000083a00000
Narrow klass base: 0x0000000000000000, Narrow klass shift: 0

GC Heap History (0 events):
No events

Deoptimization events (0 events):
No events

Classes redefined (0 events):
No events

Internal exceptions (0 events):
No events

Events (1 events):
Event: 0.118 Loaded shared library C:\Users\cc\Desktop\New folder\jre\bin\zip.dll


Dynamic libraries:
0x00007ff7a65f0000 - 0x00007ff7a65fa000 	C:\Users\cc\Desktop\New folder\jre\bin\java.exe
0x00007ffc3aeb0000 - 0x00007ffc3b0a8000 	C:\Windows\SYSTEM32\ntdll.dll
0x00007ffc3a9b0000 - 0x00007ffc3aa6d000 	C:\Windows\System32\KERNEL32.DLL
0x00007ffc38c10000 - 0x00007ffc38ede000 	C:\Windows\System32\KERNELBASE.dll
0x00007ffc38940000 - 0x00007ffc38a40000 	C:\Windows\System32\ucrtbase.dll
0x00007ffc299d0000 - 0x00007ffc299e9000 	C:\Users\cc\Desktop\New folder\jre\bin\jli.dll
0x00007ffc313f0000 - 0x00007ffc31407000 	C:\Users\cc\Desktop\New folder\jre\bin\VCRUNTIME140.dll
0x00007ffc3a0b0000 - 0x00007ffc3a250000 	C:\Windows\System32\USER32.dll
0x00007ffc38ee0000 - 0x00007ffc38f02000 	C:\Windows\System32\win32u.dll
0x00007ffc20bb0000 - 0x00007ffc20e4a000 	C:\Windows\WinSxS\amd64_microsoft.windows.common-controls_6595b64144ccf1df_6.0.19041.1110_none_60b5254171f9507e\COMCTL32.dll
0x00007ffc3aa70000 - 0x00007ffc3aa9a000 	C:\Windows\System32\GDI32.dll
0x00007ffc38a40000 - 0x00007ffc38b4b000 	C:\Windows\System32\gdi32full.dll
0x00007ffc385d0000 - 0x00007ffc3866d000 	C:\Windows\System32\msvcp_win.dll
0x00007ffc392d0000 - 0x00007ffc3936e000 	C:\Windows\System32\msvcrt.dll
0x00007ffc39040000 - 0x00007ffc39070000 	C:\Windows\System32\IMM32.DLL
0x00007ffbfe090000 - 0x00007ffbfe12d000 	C:\Users\cc\Desktop\New folder\jre\bin\msvcp140.dll
0x00007ffbef860000 - 0x00007ffbf0345000 	C:\Users\cc\Desktop\New folder\jre\bin\server\jvm.dll
0x00007ffc39190000 - 0x00007ffc3923e000 	C:\Windows\System32\ADVAPI32.dll
0x00007ffc3ad50000 - 0x00007ffc3adec000 	C:\Windows\System32\sechost.dll
0x00007ffc3aaa0000 - 0x00007ffc3abc5000 	C:\Windows\System32\RPCRT4.dll
0x00007ffc39030000 - 0x00007ffc39038000 	C:\Windows\System32\PSAPI.DLL
0x00007ffc32d00000 - 0x00007ffc32d09000 	C:\Windows\SYSTEM32\WSOCK32.dll
0x00007ffc31d00000 - 0x00007ffc31d0a000 	C:\Windows\SYSTEM32\VERSION.dll
0x00007ffc21420000 - 0x00007ffc21447000 	C:\Windows\SYSTEM32\WINMM.dll
0x00007ffc3ace0000 - 0x00007ffc3ad4b000 	C:\Windows\System32\WS2_32.dll
0x00007ffc36e10000 - 0x00007ffc36e22000 	C:\Windows\SYSTEM32\kernel.appcore.dll
0x00007ffc2d080000 - 0x00007ffc2d091000 	C:\Users\cc\Desktop\New folder\jre\bin\verify.dll
0x00007ffc36370000 - 0x00007ffc36554000 	C:\Windows\SYSTEM32\DBGHELP.DLL
0x00007ffc34440000 - 0x00007ffc3446c000 	C:\Windows\SYSTEM32\dbgcore.DLL
0x00007ffc38b80000 - 0x00007ffc38c02000 	C:\Windows\System32\bcryptPrimitives.dll
0x00007ffc2d050000 - 0x00007ffc2d079000 	C:\Users\cc\Desktop\New folder\jre\bin\java.dll
0x00007ffc30990000 - 0x00007ffc3099b000 	C:\Users\cc\Desktop\New folder\jre\bin\jimage.dll
0x00007ffc2d010000 - 0x00007ffc2d028000 	C:\Users\cc\Desktop\New folder\jre\bin\zip.dll

dbghelp: loaded successfully - version: 4.0.5 - missing functions: none
symbol engine: initialized successfully - sym options: 0x614 - pdb path: .;C:\Users\cc\Desktop\New folder\jre\bin;C:\Windows\SYSTEM32;C:\Windows\WinSxS\amd64_microsoft.windows.common-controls_6595b64144ccf1df_6.0.19041.1110_none_60b5254171f9507e;C:\Users\cc\Desktop\New folder\jre\bin\server

VM Arguments:
java_command: git4idea.http.GitAskPassApp Username for 'https://github.com': 
java_class_path (initial): C:/Users/cc/Desktop/New folder/plugins/git4idea/lib/git4idea-rt.jar;C:/Users/cc/Desktop/New folder/lib/xmlrpc-2.0.1.jar;C:/Users/cc/Desktop/New folder/lib/commons-codec-1.15.jar
Launcher Type: SUN_STANDARD

[Global flags]
     intx CICompilerCount                          = 4                                         {product} {ergonomic}
     uint ConcGCThreads                            = 2                                         {product} {ergonomic}
     uint G1ConcRefinementThreads                  = 8                                         {product} {ergonomic}
   size_t G1HeapRegionSize                         = 1048576                                   {product} {ergonomic}
    uintx GCDrainStackTargetSize                   = 64                                        {product} {ergonomic}
   size_t InitialHeapSize                          = 132120576                                 {product} {ergonomic}
   size_t MarkStackSize                            = 4194304                                   {product} {ergonomic}
   size_t MaxHeapSize                              = 2086666240                                {product} {ergonomic}
   size_t MinHeapDeltaBytes                        = 1048576                                   {product} {ergonomic}
    uintx NonNMethodCodeHeapSize                   = 5836300                                {pd product} {ergonomic}
    uintx NonProfiledCodeHeapSize                  = 122910970                              {pd product} {ergonomic}
    uintx ProfiledCodeHeapSize                     = 122910970                              {pd product} {ergonomic}
    uintx ReservedCodeCacheSize                    = 251658240                              {pd product} {ergonomic}
     bool SegmentedCodeCache                       = true                                      {product} {ergonomic}
     bool UseCompressedClassPointers               = true                                 {lp64_product} {ergonomic}
     bool UseCompressedOops                        = true                                 {lp64_product} {ergonomic}
     bool UseG1GC                                  = true                                      {product} {ergonomic}
     bool UseLargePagesIndividualAllocation        = false                                  {pd product} {ergonomic}

Logging:
Log output configuration:
 #0: stdout all=warning uptime,level,tags
 #1: stderr all=off uptime,level,tags

Environment Variables:
PATH=C:\Program Files\Git\mingw64\libexec\git-core;C:\Program Files\Git\mingw64\libexec\git-core;C:\Program Files\Git\mingw64\bin;C:\Program Files\Git\usr\bin;C:\Users\cc\bin;C:\Windows\system32;C:\Windows;C:\Windows\System32\Wbem;C:\Windows\System32\WindowsPowerShell\v1.0;C:\Windows\System32\OpenSSH;C:\Program Files (x86)\NVIDIA Corporation\PhysX\Common;C:\Program Files\Git\cmd;C:\Users\cc\AppData\Local\Microsoft\WindowsApps
USERNAME=cc
DISPLAY=:0.0
LC_ALL=en_US.UTF-8
OS=Windows_NT
PROCESSOR_IDENTIFIER=Intel64 Family 6 Model 126 Stepping 5, GenuineIntel



---------------  S Y S T E M  ---------------

OS: Windows 10 , 64 bit Build 19041 (10.0.19041.1806)
OS uptime: 3 days 8:10 hours
Hyper-V role detected

CPU:total 8 (initial active 8) (4 cores per cpu, 2 threads per core) family 6 model 126 stepping 5 microcode 0xb0, cmov, cx8, fxsr, mmx, sse, sse2, sse3, ssse3, sse4.1, sse4.2, popcnt, avx, avx2, aes, clmul, erms, 3dnowpref, lzcnt, ht, tsc, tscinvbit, bmi1, bmi2, adx, evex, sha, fma

Memory: 4k page, system-wide physical 7959M (451M free)
TotalPageFile size 9849M (AvailPageFile size 5M)
current process WorkingSet (physical memory assigned to process): 9M, peak: 9M
current process commit charge ("private bytes"): 51M, peak: 52M

vm_info: OpenJDK 64-Bit Server VM (11.0.12+7-b1504.28-7817840) for windows-amd64 JRE (11.0.12+7-b1504.28-7817840), built on Oct 13 2021 22:12:33 by "builder" with MS VC++ 14.0 (VS2015)

END.
