#
# There is insufficient memory for the Java Runtime Environment to continue.
# Native memory allocation (mmap) failed to map 268435456 bytes for Failed to commit area from 0x0000000701e00000 to 0x0000000711e00000 of length 268435456.
# Possible reasons:
#   The system is out of physical RAM or swap space
#   The process is running with CompressedOops enabled, and the Java Heap may be blocking the growth of the native heap
# Possible solutions:
#   Reduce memory load on the system
#   Increase physical memory or swap space
#   Check if swap backing store is full
#   Decrease Java heap size (-Xmx/-Xms)
#   Decrease number of Java threads
#   Decrease Java thread stack sizes (-Xss)
#   Set larger code cache with -XX:ReservedCodeCacheSize=
# This output file may be truncated or incomplete.
#
#  Out of Memory Error (./src/hotspot/os/windows/os_windows.cpp:3521), pid=17204, tid=19356
#
# JRE version:  (11.0.12+7) (build )
# Java VM: OpenJDK 64-Bit Server VM (11.0.12+7-b1504.28-7817840, mixed mode, sharing, tiered, compressed oops, g1 gc, windows-amd64)
# No core dump will be written. Minidumps are not enabled by default on client versions of Windows
#

---------------  S U M M A R Y ------------

Command Line: org.jetbrains.kotlin.cli.jvm.K2JVMCompiler @C:\Users\me182\AndroidStudioProjects\MyTrainApp\app\build\20220817_105528694099915452.compiler.options

Host: Intel(R) Core(TM) i7-6820HQ CPU @ 2.70GHz, 8 cores, 15G,  Windows 10 , 64 bit Build 19041 (10.0.19041.1889)
Time: Wed Aug 17 01:30:30 2022 Egypt Standard Time elapsed time: 0.025547 seconds (0d 0h 0m 0s)

---------------  T H R E A D  ---------------

Current thread (0x0000028bbc7f9800):  JavaThread "Unknown thread" [_thread_in_vm, id=19356, stack(0x000000cd3bd00000,0x000000cd3be00000)]

Stack: [0x000000cd3bd00000,0x000000cd3be00000]
Native frames: (J=compiled Java code, j=interpreted, Vv=VM code, C=native code)
V  [jvm.dll+0x5fbcea]
V  [jvm.dll+0x731905]
V  [jvm.dll+0x732f1d]
V  [jvm.dll+0x7335d3]
V  [jvm.dll+0x247bf8]
V  [jvm.dll+0x5f90b4]
V  [jvm.dll+0x5edc85]
V  [jvm.dll+0x305aeb]
V  [jvm.dll+0x305a5a]
V  [jvm.dll+0x305932]
V  [jvm.dll+0x30a896]
V  [jvm.dll+0x353803]
V  [jvm.dll+0x353f06]
V  [jvm.dll+0x353903]
V  [jvm.dll+0x2e0678]
V  [jvm.dll+0x2e1827]
V  [jvm.dll+0x710037]
V  [jvm.dll+0x71182c]
V  [jvm.dll+0x360da9]
V  [jvm.dll+0x6f390e]
V  [jvm.dll+0x3c9723]
V  [jvm.dll+0x3cb9b1]
C  [jli.dll+0x536b]
C  [ucrtbase.dll+0x21bb2]
C  [KERNEL32.DLL+0x17034]
C  [ntdll.dll+0x52651]


---------------  P R O C E S S  ---------------

Threads class SMR info:
_java_thread_list=0x0000028bbc615410, length=0, elements={
}

Java Threads: ( => current thread )

Other Threads:
  0x0000028bbc811000 GCTaskThread "GC Thread#0" [stack: 0x000000cd3be00000,0x000000cd3bf00000] [id=11276]
  0x0000028bbc86c000 ConcurrentGCThread "G1 Main Marker" [stack: 0x000000cd3bf00000,0x000000cd3c000000] [id=19060]
  0x0000028bbc86e800 ConcurrentGCThread "G1 Conc#0" [stack: 0x000000cd3c000000,0x000000cd3c100000] [id=3848]

[error occurred during error reporting (printing all threads), id 0xc0000005, EXCEPTION_ACCESS_VIOLATION (0xc0000005) at pc=0x00007ffbd8c70be7]

VM state:not at safepoint (not fully initialized)

VM Mutex/Monitor currently owned by a thread:  ([mutex/lock_event])
[0x0000028bbc7f63b0] Heap_lock - owner thread: 0x0000028bbc7f9800

Heap address: 0x0000000701e00000, size: 4066 MB, Compressed Oops mode: Non-zero based: 0x0000000701e00000
Narrow klass base: 0x0000000000000000, Narrow klass shift: 0

GC Heap History (0 events):
No events

Deoptimization events (0 events):
No events

Classes redefined (0 events):
No events

Internal exceptions (0 events):
No events

Events (1 events):
Event: 0.017 Loaded shared library C:\Program Files\Android\Android Studio\jre\bin\zip.dll


Dynamic libraries:
0x00007ff747b00000 - 0x00007ff747b0a000 	C:\Program Files\Android\Android Studio\jre\bin\java.exe
0x00007ffc37dd0000 - 0x00007ffc37fc8000 	C:\Windows\SYSTEM32\ntdll.dll
0x00007ffc37cd0000 - 0x00007ffc37d8d000 	C:\Windows\System32\KERNEL32.DLL
0x00007ffc35800000 - 0x00007ffc35ace000 	C:\Windows\System32\KERNELBASE.dll
0x00007ffc35c30000 - 0x00007ffc35d30000 	C:\Windows\System32\ucrtbase.dll
0x00007ffc29420000 - 0x00007ffc29439000 	C:\Program Files\Android\Android Studio\jre\bin\jli.dll
0x00007ffc1c770000 - 0x00007ffc1c787000 	C:\Program Files\Android\Android Studio\jre\bin\VCRUNTIME140.dll
0x00007ffc36420000 - 0x00007ffc365c0000 	C:\Windows\System32\USER32.dll
0x00007ffc35d30000 - 0x00007ffc35d52000 	C:\Windows\System32\win32u.dll
0x00007ffc18110000 - 0x00007ffc183aa000 	C:\Windows\WinSxS\amd64_microsoft.windows.common-controls_6595b64144ccf1df_6.0.19041.1110_none_60b5254171f9507e\COMCTL32.dll
0x00007ffc37a10000 - 0x00007ffc37a3a000 	C:\Windows\System32\GDI32.dll
0x00007ffc36ff0000 - 0x00007ffc3708e000 	C:\Windows\System32\msvcrt.dll
0x00007ffc35ad0000 - 0x00007ffc35bdb000 	C:\Windows\System32\gdi32full.dll
0x00007ffc35d90000 - 0x00007ffc35e2d000 	C:\Windows\System32\msvcp_win.dll
0x00007ffc37a40000 - 0x00007ffc37a70000 	C:\Windows\System32\IMM32.DLL
0x00007ffc0b5c0000 - 0x00007ffc0b65d000 	C:\Program Files\Android\Android Studio\jre\bin\msvcp140.dll
0x00007ffbd8980000 - 0x00007ffbd9465000 	C:\Program Files\Android\Android Studio\jre\bin\server\jvm.dll
0x00007ffc365c0000 - 0x00007ffc3666e000 	C:\Windows\System32\ADVAPI32.dll
0x00007ffc36800000 - 0x00007ffc3689c000 	C:\Windows\System32\sechost.dll
0x00007ffc360e0000 - 0x00007ffc36205000 	C:\Windows\System32\RPCRT4.dll
0x00007ffc360d0000 - 0x00007ffc360d8000 	C:\Windows\System32\PSAPI.DLL
0x00007ffc2c810000 - 0x00007ffc2c819000 	C:\Windows\SYSTEM32\WSOCK32.dll
0x00007ffc36670000 - 0x00007ffc366db000 	C:\Windows\System32\WS2_32.dll
0x00007ffc183b0000 - 0x00007ffc183d7000 	C:\Windows\SYSTEM32\WINMM.dll
0x00007ffc2c680000 - 0x00007ffc2c68a000 	C:\Windows\SYSTEM32\VERSION.dll
0x00007ffc33db0000 - 0x00007ffc33dc2000 	C:\Windows\SYSTEM32\kernel.appcore.dll
0x00007ffc2c7f0000 - 0x00007ffc2c801000 	C:\Program Files\Android\Android Studio\jre\bin\verify.dll
0x00007ffc2f710000 - 0x00007ffc2f8f4000 	C:\Windows\SYSTEM32\DBGHELP.DLL
0x00007ffc1da30000 - 0x00007ffc1da5c000 	C:\Windows\SYSTEM32\dbgcore.DLL
0x00007ffc356c0000 - 0x00007ffc35742000 	C:\Windows\System32\bcryptPrimitives.dll
0x00007ffc2c250000 - 0x00007ffc2c279000 	C:\Program Files\Android\Android Studio\jre\bin\java.dll
0x00007ffc2da70000 - 0x00007ffc2da7b000 	C:\Program Files\Android\Android Studio\jre\bin\jimage.dll
0x00007ffc2b970000 - 0x00007ffc2b988000 	C:\Program Files\Android\Android Studio\jre\bin\zip.dll

dbghelp: loaded successfully - version: 4.0.5 - missing functions: none
symbol engine: initialized successfully - sym options: 0x614 - pdb path: .;C:\Program Files\Android\Android Studio\jre\bin;C:\Windows\SYSTEM32;C:\Windows\WinSxS\amd64_microsoft.windows.common-controls_6595b64144ccf1df_6.0.19041.1110_none_60b5254171f9507e;C:\Program Files\Android\Android Studio\jre\bin\server

VM Arguments:
java_command: org.jetbrains.kotlin.cli.jvm.K2JVMCompiler @C:\Users\me182\AndroidStudioProjects\MyTrainApp\app\build\20220817_105528694099915452.compiler.options
java_class_path (initial): C:\Users\me182\.gradle\caches\modules-2\files-2.1\org.jetbrains.kotlin\kotlin-compiler-embeddable\1.7.10\909803167c98606fcf22b4c848647c68e351d48d\kotlin-compiler-embeddable-1.7.10.jar;C:\Users\me182\.gradle\caches\modules-2\files-2.1\org.jetbrains.kotlin\kotlin-reflect\1.7.10\165e600dfea6185cf5efa700756294cc4904dbeb\kotlin-reflect-1.7.10.jar;C:\Users\me182\.gradle\caches\modules-2\files-2.1\org.jetbrains.kotlin\kotlin-stdlib\1.7.10\d2abf9e77736acc4450dc4a3f707fa2c10f5099d\kotlin-stdlib-1.7.10.jar;C:\Users\me182\.gradle\caches\modules-2\files-2.1\org.jetbrains.kotlin\kotlin-script-runtime\1.7.10\c99c87a6988d8fd8d5142e9ed5c9f34a7cf561ee\kotlin-script-runtime-1.7.10.jar;C:\Users\me182\.gradle\caches\modules-2\files-2.1\org.jetbrains.kotlin\kotlin-daemon-embeddable\1.7.10\3a9f7aef7080d3ae63126cbba4f827ed664f32fa\kotlin-daemon-embeddable-1.7.10.jar;C:\Users\me182\.gradle\caches\modules-2\files-2.1\org.jetbrains.intellij.deps\trove4j\1.0.20200330\3afb14d5f9ceb459d724e907a21145e8ff394f02\trove4j-1.0.20200330.jar;C:\Users\me182\.gradle\caches\modules-2\files-2.1\net.java.dev.jna\jna\5.6.0\330f2244e9030119ab3030fc3fededc86713d9cc\jna-5.6.0.jar;C:\Users\me182\.gradle\caches\modules-2\files-2.1\org.jetbrains.kotlin\kotlin-stdlib-common\1.7.10\bac80c520d0a9e3f3673bc2658c6ed02ef45a76a\kotlin-stdlib-common-1.7.10.jar;C:\Users\me182\.gradle\caches\modules-2\files-2.1\org.jetbrains\annotations\13.0\919f0dfe192fb4e063e7dacadee7f8bb9a2672a9\annotations-13.0.jar
Launcher Type: SUN_STANDARD

[Global flags]
     intx CICompilerCount                          = 4                                         {product} {ergonomic}
     uint ConcGCThreads                            = 2                                         {product} {ergonomic}
     uint G1ConcRefinementThreads                  = 8                                         {product} {ergonomic}
   size_t G1HeapRegionSize                         = 1048576                                   {product} {ergonomic}
    uintx GCDrainStackTargetSize                   = 64                                        {product} {ergonomic}
   size_t InitialHeapSize                          = 268435456                                 {product} {ergonomic}
   size_t MarkStackSize                            = 4194304                                   {product} {ergonomic}
   size_t MaxHeapSize                              = 4263510016                                {product} {ergonomic}
   size_t MinHeapDeltaBytes                        = 1048576                                   {product} {ergonomic}
    uintx NonNMethodCodeHeapSize                   = 5836300                                {pd product} {ergonomic}
    uintx NonProfiledCodeHeapSize                  = 122910970                              {pd product} {ergonomic}
    uintx ProfiledCodeHeapSize                     = 122910970                              {pd product} {ergonomic}
    uintx ReservedCodeCacheSize                    = 251658240                              {pd product} {ergonomic}
     bool SegmentedCodeCache                       = true                                      {product} {ergonomic}
     bool UseCompressedClassPointers               = true                                 {lp64_product} {ergonomic}
     bool UseCompressedOops                        = true                                 {lp64_product} {ergonomic}
     bool UseG1GC                                  = true                                      {product} {ergonomic}
     bool UseLargePagesIndividualAllocation        = false                                  {pd product} {ergonomic}

Logging:
Log output configuration:
 #0: stdout all=warning uptime,level,tags
 #1: stderr all=off uptime,level,tags

Environment Variables:
JAVA_HOME=C:\Program Files\Java\jre1.8.0_333\bin
PATH=C:\Users\me182\AppData\Local\Programs\Python\Python310\Scripts\;C:\Users\me182\AppData\Local\Programs\Python\Python310\;C:\Program Files\Common Files\Oracle\Java\javapath;C:\Program Files (x86)\Common Files\Oracle\Java\javapath;C:\Windows\system32;C:\Windows;C:\Windows\System32\Wbem;C:\Windows\System32\WindowsPowerShell\v1.0\;C:\Windows\System32\OpenSSH\;C:\Program Files\Git\cmd;D:\flutter\bin;D:\New Folder\runtime\win64;D:\New Folder\bin;C:\Program Files\nodejs\;C:\ProgramData\chocolatey\bin;C:\Program Files\Java\jdk-18.0.1.1\bin;C:\Program Files\Java\jre1.8.0_333\bin;C:\Users\me182\AppData\Local\Android\Sdk;C:\Users\me182\AppData\Local\Microsoft\WindowsApps;C:\Users\me182\AppData\Local\Programs\Microsoft VS Code\bin;C:\Program Files\JetBrains\PyCharm 2021.3\bin;;D:\flutter\bin;C:\Users\me182\AppData\Roaming\npm;C:\Program Files\Java\jdk-18.0.1.1\bin;C:\Program Files\Java\jre1.8.0_333\bin;C:\Users\me182\AppData\Local\Android\Sdk;
USERNAME=me182
OS=Windows_NT
PROCESSOR_IDENTIFIER=Intel64 Family 6 Model 94 Stepping 3, GenuineIntel



---------------  S Y S T E M  ---------------

OS: Windows 10 , 64 bit Build 19041 (10.0.19041.1889)
OS uptime: 0 days 11:38 hours
Hyper-V role detected

CPU:total 8 (initial active 8) (4 cores per cpu, 2 threads per core) family 6 model 94 stepping 3 microcode 0xd4, cmov, cx8, fxsr, mmx, sse, sse2, sse3, ssse3, sse4.1, sse4.2, popcnt, avx, avx2, aes, clmul, erms, rtm, 3dnowpref, lzcnt, ht, tsc, tscinvbit, bmi1, bmi2, adx, fma

Memory: 4k page, system-wide physical 16263M (1117M free)
TotalPageFile size 32522M (AvailPageFile size 80M)
current process WorkingSet (physical memory assigned to process): 10M, peak: 10M
current process commit charge ("private bytes"): 60M, peak: 316M

vm_info: OpenJDK 64-Bit Server VM (11.0.12+7-b1504.28-7817840) for windows-amd64 JRE (11.0.12+7-b1504.28-7817840), built on Oct 13 2021 22:12:33 by "builder" with MS VC++ 14.0 (VS2015)

END.
